running egg_info
writing ../../build/connect4_game/connect4_game.egg-info/PKG-INFO
writing dependency_links to ../../build/connect4_game/connect4_game.egg-info/dependency_links.txt
writing entry points to ../../build/connect4_game/connect4_game.egg-info/entry_points.txt
writing requirements to ../../build/connect4_game/connect4_game.egg-info/requires.txt
writing top-level names to ../../build/connect4_game/connect4_game.egg-info/top_level.txt
reading manifest file '../../build/connect4_game/connect4_game.egg-info/SOURCES.txt'
writing manifest file '../../build/connect4_game/connect4_game.egg-info/SOURCES.txt'
running build
running build_py
running install
running install_lib
running install_data
running install_egg_info
removing '/home/danie/connect4_ros/install/connect4_game/lib/python3.12/site-packages/connect4_game-0.0.0-py3.12.egg-info' (and everything under it)
Copying ../../build/connect4_game/connect4_game.egg-info to /home/danie/connect4_ros/install/connect4_game/lib/python3.12/site-packages/connect4_game-0.0.0-py3.12.egg-info
running install_scripts
Installing demo_driver_node script to /home/danie/connect4_ros/install/connect4_game/lib/connect4_game
Installing referee_node script to /home/danie/connect4_ros/install/connect4_game/lib/connect4_game
writing list of installed files to '/home/danie/connect4_ros/build/connect4_game/install.log'
