[0.382s] DEBUG:colcon:Command line arguments: ['/usr/bin/colcon', 'build']
[0.383s] DEBUG:colcon:Parsed command line arguments: Namespace(log_base=None, log_level=None, verb_name='build', build_base='build', install_base='install', merge_install=False, symlink_install=False, test_result_base=None, continue_on_error=False, executor='parallel', parallel_workers=8, event_handlers=None, ignore_user_meta=False, metas=['./colcon.meta'], base_paths=['.'], packages_ignore=None, packages_ignore_regex=None, paths=None, packages_up_to=None, packages_up_to_regex=None, packages_above=None, packages_above_and_dependencies=None, packages_above_depth=None, packages_select_by_dep=None, packages_skip_by_dep=None, packages_skip_up_to=None, packages_select_build_failed=False, packages_skip_build_finished=False, packages_select_test_failures=False, packages_skip_test_passed=False, packages_select=None, packages_skip=None, packages_select_regex=None, packages_skip_regex=None, packages_start=None, packages_end=None, allow_overriding=[], cmake_args=None, cmake_target=None, cmake_target_skip_unavailable=False, cmake_clean_cache=False, cmake_clean_first=False, cmake_force_configure=False, ament_cmake_args=None, catkin_cmake_args=None, catkin_skip_building_tests=False, mixin_files=None, mixin=None, verb_parser=<colcon_mixin.mixin.mixin_argument.MixinArgumentDecorator object at 0x7f533d4ab770>, verb_extension=<colcon_core.verb.build.BuildVerb object at 0x7f533d4ab4d0>, main=<bound method BuildVerb.main of <colcon_core.verb.build.BuildVerb object at 0x7f533d4ab4d0>>, mixin_verb=('build',))
[0.471s] Level 1:colcon.colcon_core.package_discovery:discover_packages(colcon_meta) check parameters
[0.471s] Level 1:colcon.colcon_core.package_discovery:discover_packages(recursive) check parameters
[0.471s] Level 1:colcon.colcon_core.package_discovery:discover_packages(ignore) check parameters
[0.471s] Level 1:colcon.colcon_core.package_discovery:discover_packages(path) check parameters
[0.471s] Level 1:colcon.colcon_core.package_discovery:discover_packages(colcon_meta) discover
[0.471s] Level 1:colcon.colcon_core.package_discovery:discover_packages(recursive) discover
[0.471s] INFO:colcon.colcon_core.package_discovery:Crawling recursively for packages in '/home/danie/connect4_ros'
[0.472s] Level 1:colcon.colcon_core.package_identification:_identify(.) by extensions ['ignore', 'ignore_ament_install']
[0.472s] Level 1:colcon.colcon_core.package_identification:_identify(.) by extension 'ignore'
[0.472s] Level 1:colcon.colcon_core.package_identification:_identify(.) by extension 'ignore_ament_install'
[0.472s] Level 1:colcon.colcon_core.package_identification:_identify(.) by extensions ['colcon_pkg']
[0.472s] Level 1:colcon.colcon_core.package_identification:_identify(.) by extension 'colcon_pkg'
[0.472s] Level 1:colcon.colcon_core.package_identification:_identify(.) by extensions ['colcon_meta']
[0.472s] Level 1:colcon.colcon_core.package_identification:_identify(.) by extension 'colcon_meta'
[0.472s] Level 1:colcon.colcon_core.package_identification:_identify(.) by extensions ['ros']
[0.472s] Level 1:colcon.colcon_core.package_identification:_identify(.) by extension 'ros'
[0.514s] Level 1:colcon.colcon_core.package_identification:_identify(.) by extensions ['cmake', 'python']
[0.514s] Level 1:colcon.colcon_core.package_identification:_identify(.) by extension 'cmake'
[0.514s] Level 1:colcon.colcon_core.package_identification:_identify(.) by extension 'python'
[0.514s] Level 1:colcon.colcon_core.package_identification:_identify(.) by extensions ['python_setup_py']
[0.514s] Level 1:colcon.colcon_core.package_identification:_identify(.) by extension 'python_setup_py'
[0.515s] Level 1:colcon.colcon_core.package_identification:_identify(build) by extensions ['ignore', 'ignore_ament_install']
[0.515s] Level 1:colcon.colcon_core.package_identification:_identify(build) by extension 'ignore'
[0.515s] Level 1:colcon.colcon_core.package_identification:_identify(build) ignored
[0.516s] Level 1:colcon.colcon_core.package_identification:_identify(install) by extensions ['ignore', 'ignore_ament_install']
[0.516s] Level 1:colcon.colcon_core.package_identification:_identify(install) by extension 'ignore'
[0.516s] Level 1:colcon.colcon_core.package_identification:_identify(install) ignored
[0.516s] Level 1:colcon.colcon_core.package_identification:_identify(log) by extensions ['ignore', 'ignore_ament_install']
[0.516s] Level 1:colcon.colcon_core.package_identification:_identify(log) by extension 'ignore'
[0.516s] Level 1:colcon.colcon_core.package_identification:_identify(log) ignored
[0.516s] Level 1:colcon.colcon_core.package_identification:_identify(src) by extensions ['ignore', 'ignore_ament_install']
[0.516s] Level 1:colcon.colcon_core.package_identification:_identify(src) by extension 'ignore'
[0.516s] Level 1:colcon.colcon_core.package_identification:_identify(src) by extension 'ignore_ament_install'
[0.516s] Level 1:colcon.colcon_core.package_identification:_identify(src) by extensions ['colcon_pkg']
[0.516s] Level 1:colcon.colcon_core.package_identification:_identify(src) by extension 'colcon_pkg'
[0.516s] Level 1:colcon.colcon_core.package_identification:_identify(src) by extensions ['colcon_meta']
[0.516s] Level 1:colcon.colcon_core.package_identification:_identify(src) by extension 'colcon_meta'
[0.516s] Level 1:colcon.colcon_core.package_identification:_identify(src) by extensions ['ros']
[0.516s] Level 1:colcon.colcon_core.package_identification:_identify(src) by extension 'ros'
[0.516s] Level 1:colcon.colcon_core.package_identification:_identify(src) by extensions ['cmake', 'python']
[0.516s] Level 1:colcon.colcon_core.package_identification:_identify(src) by extension 'cmake'
[0.516s] Level 1:colcon.colcon_core.package_identification:_identify(src) by extension 'python'
[0.516s] Level 1:colcon.colcon_core.package_identification:_identify(src) by extensions ['python_setup_py']
[0.516s] Level 1:colcon.colcon_core.package_identification:_identify(src) by extension 'python_setup_py'
[0.516s] Level 1:colcon.colcon_core.package_identification:_identify(src/connect4_game) by extensions ['ignore', 'ignore_ament_install']
[0.516s] Level 1:colcon.colcon_core.package_identification:_identify(src/connect4_game) by extension 'ignore'
[0.516s] Level 1:colcon.colcon_core.package_identification:_identify(src/connect4_game) by extension 'ignore_ament_install'
[0.516s] Level 1:colcon.colcon_core.package_identification:_identify(src/connect4_game) by extensions ['colcon_pkg']
[0.516s] Level 1:colcon.colcon_core.package_identification:_identify(src/connect4_game) by extension 'colcon_pkg'
[0.516s] Level 1:colcon.colcon_core.package_identification:_identify(src/connect4_game) by extensions ['colcon_meta']
[0.516s] Level 1:colcon.colcon_core.package_identification:_identify(src/connect4_game) by extension 'colcon_meta'
[0.516s] Level 1:colcon.colcon_core.package_identification:_identify(src/connect4_game) by extensions ['ros']
[0.516s] Level 1:colcon.colcon_core.package_identification:_identify(src/connect4_game) by extension 'ros'
[0.522s] DEBUG:colcon.colcon_core.package_identification:Package 'src/connect4_game' with type 'ros.ament_python' and name 'connect4_game'
[0.522s] Level 1:colcon.colcon_core.package_identification:_identify(src/connect4_launch) by extensions ['ignore', 'ignore_ament_install']
[0.522s] Level 1:colcon.colcon_core.package_identification:_identify(src/connect4_launch) by extension 'ignore'
[0.522s] Level 1:colcon.colcon_core.package_identification:_identify(src/connect4_launch) by extension 'ignore_ament_install'
[0.523s] Level 1:colcon.colcon_core.package_identification:_identify(src/connect4_launch) by extensions ['colcon_pkg']
[0.523s] Level 1:colcon.colcon_core.package_identification:_identify(src/connect4_launch) by extension 'colcon_pkg'
[0.523s] Level 1:colcon.colcon_core.package_identification:_identify(src/connect4_launch) by extensions ['colcon_meta']
[0.523s] Level 1:colcon.colcon_core.package_identification:_identify(src/connect4_launch) by extension 'colcon_meta'
[0.523s] Level 1:colcon.colcon_core.package_identification:_identify(src/connect4_launch) by extensions ['ros']
[0.523s] Level 1:colcon.colcon_core.package_identification:_identify(src/connect4_launch) by extension 'ros'
[0.523s] DEBUG:colcon.colcon_core.package_identification:Package 'src/connect4_launch' with type 'ros.ament_python' and name 'connect4_launch'
[0.523s] Level 1:colcon.colcon_core.package_identification:_identify(src/connect4_manip) by extensions ['ignore', 'ignore_ament_install']
[0.523s] Level 1:colcon.colcon_core.package_identification:_identify(src/connect4_manip) by extension 'ignore'
[0.523s] Level 1:colcon.colcon_core.package_identification:_identify(src/connect4_manip) by extension 'ignore_ament_install'
[0.523s] Level 1:colcon.colcon_core.package_identification:_identify(src/connect4_manip) by extensions ['colcon_pkg']
[0.523s] Level 1:colcon.colcon_core.package_identification:_identify(src/connect4_manip) by extension 'colcon_pkg'
[0.523s] Level 1:colcon.colcon_core.package_identification:_identify(src/connect4_manip) by extensions ['colcon_meta']
[0.523s] Level 1:colcon.colcon_core.package_identification:_identify(src/connect4_manip) by extension 'colcon_meta'
[0.523s] Level 1:colcon.colcon_core.package_identification:_identify(src/connect4_manip) by extensions ['ros']
[0.523s] Level 1:colcon.colcon_core.package_identification:_identify(src/connect4_manip) by extension 'ros'
[0.524s] DEBUG:colcon.colcon_core.package_identification:Package 'src/connect4_manip' with type 'ros.ament_python' and name 'connect4_manip'
[0.525s] Level 1:colcon.colcon_core.package_identification:_identify(src/connect4_msgs) by extensions ['ignore', 'ignore_ament_install']
[0.525s] Level 1:colcon.colcon_core.package_identification:_identify(src/connect4_msgs) by extension 'ignore'
[0.525s] Level 1:colcon.colcon_core.package_identification:_identify(src/connect4_msgs) by extension 'ignore_ament_install'
[0.525s] Level 1:colcon.colcon_core.package_identification:_identify(src/connect4_msgs) by extensions ['colcon_pkg']
[0.525s] Level 1:colcon.colcon_core.package_identification:_identify(src/connect4_msgs) by extension 'colcon_pkg'
[0.525s] Level 1:colcon.colcon_core.package_identification:_identify(src/connect4_msgs) by extensions ['colcon_meta']
[0.525s] Level 1:colcon.colcon_core.package_identification:_identify(src/connect4_msgs) by extension 'colcon_meta'
[0.526s] Level 1:colcon.colcon_core.package_identification:_identify(src/connect4_msgs) by extensions ['ros']
[0.526s] Level 1:colcon.colcon_core.package_identification:_identify(src/connect4_msgs) by extension 'ros'
[0.527s] DEBUG:colcon.colcon_core.package_identification:Package 'src/connect4_msgs' with type 'ros.ament_cmake' and name 'connect4_msgs'
[0.527s] Level 1:colcon.colcon_core.package_identification:_identify(src/connect4_perception) by extensions ['ignore', 'ignore_ament_install']
[0.527s] Level 1:colcon.colcon_core.package_identification:_identify(src/connect4_perception) by extension 'ignore'
[0.527s] Level 1:colcon.colcon_core.package_identification:_identify(src/connect4_perception) by extension 'ignore_ament_install'
[0.527s] Level 1:colcon.colcon_core.package_identification:_identify(src/connect4_perception) by extensions ['colcon_pkg']
[0.527s] Level 1:colcon.colcon_core.package_identification:_identify(src/connect4_perception) by extension 'colcon_pkg'
[0.527s] Level 1:colcon.colcon_core.package_identification:_identify(src/connect4_perception) by extensions ['colcon_meta']
[0.527s] Level 1:colcon.colcon_core.package_identification:_identify(src/connect4_perception) by extension 'colcon_meta'
[0.527s] Level 1:colcon.colcon_core.package_identification:_identify(src/connect4_perception) by extensions ['ros']
[0.527s] Level 1:colcon.colcon_core.package_identification:_identify(src/connect4_perception) by extension 'ros'
[0.528s] DEBUG:colcon.colcon_core.package_identification:Package 'src/connect4_perception' with type 'ros.ament_python' and name 'connect4_perception'
[0.528s] Level 1:colcon.colcon_core.package_identification:_identify(src/connect4_turtlebotnav) by extensions ['ignore', 'ignore_ament_install']
[0.528s] Level 1:colcon.colcon_core.package_identification:_identify(src/connect4_turtlebotnav) by extension 'ignore'
[0.528s] Level 1:colcon.colcon_core.package_identification:_identify(src/connect4_turtlebotnav) by extension 'ignore_ament_install'
[0.528s] Level 1:colcon.colcon_core.package_identification:_identify(src/connect4_turtlebotnav) by extensions ['colcon_pkg']
[0.528s] Level 1:colcon.colcon_core.package_identification:_identify(src/connect4_turtlebotnav) by extension 'colcon_pkg'
[0.528s] Level 1:colcon.colcon_core.package_identification:_identify(src/connect4_turtlebotnav) by extensions ['colcon_meta']
[0.528s] Level 1:colcon.colcon_core.package_identification:_identify(src/connect4_turtlebotnav) by extension 'colcon_meta'
[0.528s] Level 1:colcon.colcon_core.package_identification:_identify(src/connect4_turtlebotnav) by extensions ['ros']
[0.528s] Level 1:colcon.colcon_core.package_identification:_identify(src/connect4_turtlebotnav) by extension 'ros'
[0.529s] DEBUG:colcon.colcon_core.package_identification:Package 'src/connect4_turtlebotnav' with type 'ros.ament_python' and name 'connect4_turtlebotnav'
[0.529s] Level 1:colcon.colcon_core.package_discovery:discover_packages(recursive) using defaults
[0.529s] Level 1:colcon.colcon_core.package_discovery:discover_packages(ignore) discover
[0.529s] Level 1:colcon.colcon_core.package_discovery:discover_packages(ignore) using defaults
[0.529s] Level 1:colcon.colcon_core.package_discovery:discover_packages(path) discover
[0.529s] Level 1:colcon.colcon_core.package_discovery:discover_packages(path) using defaults
[0.565s] Level 1:colcon.colcon_core.package_discovery:discover_packages(prefix_path) check parameters
[0.566s] Level 1:colcon.colcon_core.package_discovery:discover_packages(prefix_path) discover
[0.576s] DEBUG:colcon.colcon_installed_package_information.package_discovery:Found 1 installed packages in /home/danie/connect4_ros/install
[0.577s] DEBUG:colcon.colcon_installed_package_information.package_discovery:Found 5 installed packages in /home/danie/ros2_ws/install
[0.578s] DEBUG:colcon.colcon_installed_package_information.package_discovery:Found 452 installed packages in /opt/ros/kilted
[0.579s] Level 1:colcon.colcon_core.package_discovery:discover_packages(prefix_path) using defaults
[0.631s] Level 5:colcon.colcon_core.verb:set package 'connect4_msgs' build argument 'cmake_args' from command line to 'None'
[0.631s] Level 5:colcon.colcon_core.verb:set package 'connect4_msgs' build argument 'cmake_target' from command line to 'None'
[0.631s] Level 5:colcon.colcon_core.verb:set package 'connect4_msgs' build argument 'cmake_target_skip_unavailable' from command line to 'False'
[0.631s] Level 5:colcon.colcon_core.verb:set package 'connect4_msgs' build argument 'cmake_clean_cache' from command line to 'False'
[0.631s] Level 5:colcon.colcon_core.verb:set package 'connect4_msgs' build argument 'cmake_clean_first' from command line to 'False'
[0.631s] Level 5:colcon.colcon_core.verb:set package 'connect4_msgs' build argument 'cmake_force_configure' from command line to 'False'
[0.631s] Level 5:colcon.colcon_core.verb:set package 'connect4_msgs' build argument 'ament_cmake_args' from command line to 'None'
[0.631s] Level 5:colcon.colcon_core.verb:set package 'connect4_msgs' build argument 'catkin_cmake_args' from command line to 'None'
[0.631s] Level 5:colcon.colcon_core.verb:set package 'connect4_msgs' build argument 'catkin_skip_building_tests' from command line to 'False'
[0.631s] DEBUG:colcon.colcon_core.verb:Building package 'connect4_msgs' with the following arguments: {'ament_cmake_args': None, 'build_base': '/home/danie/connect4_ros/build/connect4_msgs', 'catkin_cmake_args': None, 'catkin_skip_building_tests': False, 'cmake_args': None, 'cmake_clean_cache': False, 'cmake_clean_first': False, 'cmake_force_configure': False, 'cmake_target': None, 'cmake_target_skip_unavailable': False, 'install_base': '/home/danie/connect4_ros/install/connect4_msgs', 'merge_install': False, 'path': '/home/danie/connect4_ros/src/connect4_msgs', 'symlink_install': False, 'test_result_base': None}
[0.631s] Level 5:colcon.colcon_core.verb:set package 'connect4_game' build argument 'cmake_args' from command line to 'None'
[0.631s] Level 5:colcon.colcon_core.verb:set package 'connect4_game' build argument 'cmake_target' from command line to 'None'
[0.631s] Level 5:colcon.colcon_core.verb:set package 'connect4_game' build argument 'cmake_target_skip_unavailable' from command line to 'False'
[0.631s] Level 5:colcon.colcon_core.verb:set package 'connect4_game' build argument 'cmake_clean_cache' from command line to 'False'
[0.631s] Level 5:colcon.colcon_core.verb:set package 'connect4_game' build argument 'cmake_clean_first' from command line to 'False'
[0.631s] Level 5:colcon.colcon_core.verb:set package 'connect4_game' build argument 'cmake_force_configure' from command line to 'False'
[0.631s] Level 5:colcon.colcon_core.verb:set package 'connect4_game' build argument 'ament_cmake_args' from command line to 'None'
[0.631s] Level 5:colcon.colcon_core.verb:set package 'connect4_game' build argument 'catkin_cmake_args' from command line to 'None'
[0.631s] Level 5:colcon.colcon_core.verb:set package 'connect4_game' build argument 'catkin_skip_building_tests' from command line to 'False'
[0.631s] DEBUG:colcon.colcon_core.verb:Building package 'connect4_game' with the following arguments: {'ament_cmake_args': None, 'build_base': '/home/danie/connect4_ros/build/connect4_game', 'catkin_cmake_args': None, 'catkin_skip_building_tests': False, 'cmake_args': None, 'cmake_clean_cache': False, 'cmake_clean_first': False, 'cmake_force_configure': False, 'cmake_target': None, 'cmake_target_skip_unavailable': False, 'install_base': '/home/danie/connect4_ros/install/connect4_game', 'merge_install': False, 'path': '/home/danie/connect4_ros/src/connect4_game', 'symlink_install': False, 'test_result_base': None}
[0.631s] Level 5:colcon.colcon_core.verb:set package 'connect4_manip' build argument 'cmake_args' from command line to 'None'
[0.631s] Level 5:colcon.colcon_core.verb:set package 'connect4_manip' build argument 'cmake_target' from command line to 'None'
[0.631s] Level 5:colcon.colcon_core.verb:set package 'connect4_manip' build argument 'cmake_target_skip_unavailable' from command line to 'False'
[0.631s] Level 5:colcon.colcon_core.verb:set package 'connect4_manip' build argument 'cmake_clean_cache' from command line to 'False'
[0.631s] Level 5:colcon.colcon_core.verb:set package 'connect4_manip' build argument 'cmake_clean_first' from command line to 'False'
[0.631s] Level 5:colcon.colcon_core.verb:set package 'connect4_manip' build argument 'cmake_force_configure' from command line to 'False'
[0.632s] Level 5:colcon.colcon_core.verb:set package 'connect4_manip' build argument 'ament_cmake_args' from command line to 'None'
[0.632s] Level 5:colcon.colcon_core.verb:set package 'connect4_manip' build argument 'catkin_cmake_args' from command line to 'None'
[0.632s] Level 5:colcon.colcon_core.verb:set package 'connect4_manip' build argument 'catkin_skip_building_tests' from command line to 'False'
[0.632s] DEBUG:colcon.colcon_core.verb:Building package 'connect4_manip' with the following arguments: {'ament_cmake_args': None, 'build_base': '/home/danie/connect4_ros/build/connect4_manip', 'catkin_cmake_args': None, 'catkin_skip_building_tests': False, 'cmake_args': None, 'cmake_clean_cache': False, 'cmake_clean_first': False, 'cmake_force_configure': False, 'cmake_target': None, 'cmake_target_skip_unavailable': False, 'install_base': '/home/danie/connect4_ros/install/connect4_manip', 'merge_install': False, 'path': '/home/danie/connect4_ros/src/connect4_manip', 'symlink_install': False, 'test_result_base': None}
[0.632s] Level 5:colcon.colcon_core.verb:set package 'connect4_perception' build argument 'cmake_args' from command line to 'None'
[0.632s] Level 5:colcon.colcon_core.verb:set package 'connect4_perception' build argument 'cmake_target' from command line to 'None'
[0.632s] Level 5:colcon.colcon_core.verb:set package 'connect4_perception' build argument 'cmake_target_skip_unavailable' from command line to 'False'
[0.632s] Level 5:colcon.colcon_core.verb:set package 'connect4_perception' build argument 'cmake_clean_cache' from command line to 'False'
[0.632s] Level 5:colcon.colcon_core.verb:set package 'connect4_perception' build argument 'cmake_clean_first' from command line to 'False'
[0.632s] Level 5:colcon.colcon_core.verb:set package 'connect4_perception' build argument 'cmake_force_configure' from command line to 'False'
[0.632s] Level 5:colcon.colcon_core.verb:set package 'connect4_perception' build argument 'ament_cmake_args' from command line to 'None'
[0.632s] Level 5:colcon.colcon_core.verb:set package 'connect4_perception' build argument 'catkin_cmake_args' from command line to 'None'
[0.632s] Level 5:colcon.colcon_core.verb:set package 'connect4_perception' build argument 'catkin_skip_building_tests' from command line to 'False'
[0.632s] DEBUG:colcon.colcon_core.verb:Building package 'connect4_perception' with the following arguments: {'ament_cmake_args': None, 'build_base': '/home/danie/connect4_ros/build/connect4_perception', 'catkin_cmake_args': None, 'catkin_skip_building_tests': False, 'cmake_args': None, 'cmake_clean_cache': False, 'cmake_clean_first': False, 'cmake_force_configure': False, 'cmake_target': None, 'cmake_target_skip_unavailable': False, 'install_base': '/home/danie/connect4_ros/install/connect4_perception', 'merge_install': False, 'path': '/home/danie/connect4_ros/src/connect4_perception', 'symlink_install': False, 'test_result_base': None}
[0.632s] Level 5:colcon.colcon_core.verb:set package 'connect4_turtlebotnav' build argument 'cmake_args' from command line to 'None'
[0.632s] Level 5:colcon.colcon_core.verb:set package 'connect4_turtlebotnav' build argument 'cmake_target' from command line to 'None'
[0.632s] Level 5:colcon.colcon_core.verb:set package 'connect4_turtlebotnav' build argument 'cmake_target_skip_unavailable' from command line to 'False'
[0.632s] Level 5:colcon.colcon_core.verb:set package 'connect4_turtlebotnav' build argument 'cmake_clean_cache' from command line to 'False'
[0.632s] Level 5:colcon.colcon_core.verb:set package 'connect4_turtlebotnav' build argument 'cmake_clean_first' from command line to 'False'
[0.632s] Level 5:colcon.colcon_core.verb:set package 'connect4_turtlebotnav' build argument 'cmake_force_configure' from command line to 'False'
[0.632s] Level 5:colcon.colcon_core.verb:set package 'connect4_turtlebotnav' build argument 'ament_cmake_args' from command line to 'None'
[0.632s] Level 5:colcon.colcon_core.verb:set package 'connect4_turtlebotnav' build argument 'catkin_cmake_args' from command line to 'None'
[0.632s] Level 5:colcon.colcon_core.verb:set package 'connect4_turtlebotnav' build argument 'catkin_skip_building_tests' from command line to 'False'
[0.632s] DEBUG:colcon.colcon_core.verb:Building package 'connect4_turtlebotnav' with the following arguments: {'ament_cmake_args': None, 'build_base': '/home/danie/connect4_ros/build/connect4_turtlebotnav', 'catkin_cmake_args': None, 'catkin_skip_building_tests': False, 'cmake_args': None, 'cmake_clean_cache': False, 'cmake_clean_first': False, 'cmake_force_configure': False, 'cmake_target': None, 'cmake_target_skip_unavailable': False, 'install_base': '/home/danie/connect4_ros/install/connect4_turtlebotnav', 'merge_install': False, 'path': '/home/danie/connect4_ros/src/connect4_turtlebotnav', 'symlink_install': False, 'test_result_base': None}
[0.632s] Level 5:colcon.colcon_core.verb:set package 'connect4_launch' build argument 'cmake_args' from command line to 'None'
[0.632s] Level 5:colcon.colcon_core.verb:set package 'connect4_launch' build argument 'cmake_target' from command line to 'None'
[0.632s] Level 5:colcon.colcon_core.verb:set package 'connect4_launch' build argument 'cmake_target_skip_unavailable' from command line to 'False'
[0.632s] Level 5:colcon.colcon_core.verb:set package 'connect4_launch' build argument 'cmake_clean_cache' from command line to 'False'
[0.632s] Level 5:colcon.colcon_core.verb:set package 'connect4_launch' build argument 'cmake_clean_first' from command line to 'False'
[0.632s] Level 5:colcon.colcon_core.verb:set package 'connect4_launch' build argument 'cmake_force_configure' from command line to 'False'
[0.632s] Level 5:colcon.colcon_core.verb:set package 'connect4_launch' build argument 'ament_cmake_args' from command line to 'None'
[0.632s] Level 5:colcon.colcon_core.verb:set package 'connect4_launch' build argument 'catkin_cmake_args' from command line to 'None'
[0.632s] Level 5:colcon.colcon_core.verb:set package 'connect4_launch' build argument 'catkin_skip_building_tests' from command line to 'False'
[0.632s] DEBUG:colcon.colcon_core.verb:Building package 'connect4_launch' with the following arguments: {'ament_cmake_args': None, 'build_base': '/home/danie/connect4_ros/build/connect4_launch', 'catkin_cmake_args': None, 'catkin_skip_building_tests': False, 'cmake_args': None, 'cmake_clean_cache': False, 'cmake_clean_first': False, 'cmake_force_configure': False, 'cmake_target': None, 'cmake_target_skip_unavailable': False, 'install_base': '/home/danie/connect4_ros/install/connect4_launch', 'merge_install': False, 'path': '/home/danie/connect4_ros/src/connect4_launch', 'symlink_install': False, 'test_result_base': None}
[0.632s] INFO:colcon.colcon_core.executor:Executing jobs using 'parallel' executor
[0.633s] DEBUG:colcon.colcon_parallel_executor.executor.parallel:run_until_complete
[0.634s] INFO:colcon.colcon_ros.task.ament_cmake.build:Building ROS package in '/home/danie/connect4_ros/src/connect4_msgs' with build type 'ament_cmake'
[0.634s] INFO:colcon.colcon_cmake.task.cmake.build:Building CMake package in '/home/danie/connect4_ros/src/connect4_msgs'
[0.643s] INFO:colcon.colcon_core.plugin_system:Skipping extension 'colcon_core.shell.bat': Not used on non-Windows systems
[0.643s] INFO:colcon.colcon_core.shell:Skip shell extension 'powershell' for command environment: Not usable outside of PowerShell
[0.643s] DEBUG:colcon.colcon_core.shell:Skip shell extension 'dsv' for command environment
[0.658s] DEBUG:colcon.colcon_core.event_handler.log_command:Invoking command in '/home/danie/connect4_ros/build/connect4_msgs': CMAKE_PREFIX_PATH=${CMAKE_PREFIX_PATH}:/home/danie/ros2_ws/install/py_pubsub:/opt/ros/kilted /usr/bin/cmake --build /home/danie/connect4_ros/build/connect4_msgs -- -j8 -l8
[4.622s] DEBUG:colcon.colcon_core.event_handler.log_command:Invoked command in '/home/danie/connect4_ros/build/connect4_msgs' returned '0': CMAKE_PREFIX_PATH=${CMAKE_PREFIX_PATH}:/home/danie/ros2_ws/install/py_pubsub:/opt/ros/kilted /usr/bin/cmake --build /home/danie/connect4_ros/build/connect4_msgs -- -j8 -l8
[4.634s] DEBUG:colcon.colcon_core.event_handler.log_command:Invoking command in '/home/danie/connect4_ros/build/connect4_msgs': CMAKE_PREFIX_PATH=${CMAKE_PREFIX_PATH}:/home/danie/ros2_ws/install/py_pubsub:/opt/ros/kilted /usr/bin/cmake --install /home/danie/connect4_ros/build/connect4_msgs
[4.736s] Level 1:colcon.colcon_core.environment:create_environment_scripts_only(connect4_msgs)
[4.737s] DEBUG:colcon.colcon_core.event_handler.log_command:Invoked command in '/home/danie/connect4_ros/build/connect4_msgs' returned '0': CMAKE_PREFIX_PATH=${CMAKE_PREFIX_PATH}:/home/danie/ros2_ws/install/py_pubsub:/opt/ros/kilted /usr/bin/cmake --install /home/danie/connect4_ros/build/connect4_msgs
[4.743s] Level 1:colcon.colcon_core.environment:checking '/home/danie/connect4_ros/install/connect4_msgs' for CMake module files
[4.744s] Level 1:colcon.colcon_core.environment:checking '/home/danie/connect4_ros/install/connect4_msgs' for CMake config files
[4.748s] Level 1:colcon.colcon_core.shell:create_environment_hook('connect4_msgs', 'cmake_prefix_path')
[4.749s] INFO:colcon.colcon_core.shell:Creating environment hook '/home/danie/connect4_ros/install/connect4_msgs/share/connect4_msgs/hook/cmake_prefix_path.ps1'
[4.749s] INFO:colcon.colcon_core.shell:Creating environment descriptor '/home/danie/connect4_ros/install/connect4_msgs/share/connect4_msgs/hook/cmake_prefix_path.dsv'
[4.750s] INFO:colcon.colcon_core.shell:Creating environment hook '/home/danie/connect4_ros/install/connect4_msgs/share/connect4_msgs/hook/cmake_prefix_path.sh'
[4.751s] Level 1:colcon.colcon_core.environment:checking '/home/danie/connect4_ros/install/connect4_msgs/lib'
[4.751s] Level 1:colcon.colcon_core.shell:create_environment_hook('connect4_msgs', 'ld_library_path_lib')
[4.751s] INFO:colcon.colcon_core.shell:Creating environment hook '/home/danie/connect4_ros/install/connect4_msgs/share/connect4_msgs/hook/ld_library_path_lib.ps1'
[4.752s] INFO:colcon.colcon_core.shell:Creating environment descriptor '/home/danie/connect4_ros/install/connect4_msgs/share/connect4_msgs/hook/ld_library_path_lib.dsv'
[4.752s] INFO:colcon.colcon_core.shell:Creating environment hook '/home/danie/connect4_ros/install/connect4_msgs/share/connect4_msgs/hook/ld_library_path_lib.sh'
[4.752s] Level 1:colcon.colcon_core.environment:checking '/home/danie/connect4_ros/install/connect4_msgs/bin'
[4.752s] Level 1:colcon.colcon_core.environment:checking '/home/danie/connect4_ros/install/connect4_msgs/lib/pkgconfig/connect4_msgs.pc'
[4.752s] Level 1:colcon.colcon_core.environment:checking '/home/danie/connect4_ros/install/connect4_msgs/lib/python3.12/site-packages'
[4.752s] Level 1:colcon.colcon_core.shell:create_environment_hook('connect4_msgs', 'pythonpath')
[4.753s] INFO:colcon.colcon_core.shell:Creating environment hook '/home/danie/connect4_ros/install/connect4_msgs/share/connect4_msgs/hook/pythonpath.ps1'
[4.753s] INFO:colcon.colcon_core.shell:Creating environment descriptor '/home/danie/connect4_ros/install/connect4_msgs/share/connect4_msgs/hook/pythonpath.dsv'
[4.753s] INFO:colcon.colcon_core.shell:Creating environment hook '/home/danie/connect4_ros/install/connect4_msgs/share/connect4_msgs/hook/pythonpath.sh'
[4.754s] Level 1:colcon.colcon_core.environment:checking '/home/danie/connect4_ros/install/connect4_msgs/bin'
[4.754s] INFO:colcon.colcon_core.shell:Creating package script '/home/danie/connect4_ros/install/connect4_msgs/share/connect4_msgs/package.ps1'
[4.755s] INFO:colcon.colcon_core.shell:Creating package descriptor '/home/danie/connect4_ros/install/connect4_msgs/share/connect4_msgs/package.dsv'
[4.755s] INFO:colcon.colcon_core.shell:Creating package script '/home/danie/connect4_ros/install/connect4_msgs/share/connect4_msgs/package.sh'
[4.756s] INFO:colcon.colcon_core.shell:Creating package script '/home/danie/connect4_ros/install/connect4_msgs/share/connect4_msgs/package.bash'
[4.757s] INFO:colcon.colcon_core.shell:Creating package script '/home/danie/connect4_ros/install/connect4_msgs/share/connect4_msgs/package.zsh'
[4.758s] Level 1:colcon.colcon_core.environment:create_file_with_runtime_dependencies(/home/danie/connect4_ros/install/connect4_msgs/share/colcon-core/packages/connect4_msgs)
[4.758s] Level 1:colcon.colcon_core.environment:create_environment_scripts_only(connect4_msgs)
[4.758s] Level 1:colcon.colcon_core.environment:checking '/home/danie/connect4_ros/install/connect4_msgs' for CMake module files
[4.759s] Level 1:colcon.colcon_core.environment:checking '/home/danie/connect4_ros/install/connect4_msgs' for CMake config files
[4.759s] Level 1:colcon.colcon_core.shell:create_environment_hook('connect4_msgs', 'cmake_prefix_path')
[4.759s] INFO:colcon.colcon_core.shell:Creating environment hook '/home/danie/connect4_ros/install/connect4_msgs/share/connect4_msgs/hook/cmake_prefix_path.ps1'
[4.760s] INFO:colcon.colcon_core.shell:Creating environment descriptor '/home/danie/connect4_ros/install/connect4_msgs/share/connect4_msgs/hook/cmake_prefix_path.dsv'
[4.760s] INFO:colcon.colcon_core.shell:Creating environment hook '/home/danie/connect4_ros/install/connect4_msgs/share/connect4_msgs/hook/cmake_prefix_path.sh'
[4.760s] Level 1:colcon.colcon_core.environment:checking '/home/danie/connect4_ros/install/connect4_msgs/lib'
[4.760s] Level 1:colcon.colcon_core.shell:create_environment_hook('connect4_msgs', 'ld_library_path_lib')
[4.760s] INFO:colcon.colcon_core.shell:Creating environment hook '/home/danie/connect4_ros/install/connect4_msgs/share/connect4_msgs/hook/ld_library_path_lib.ps1'
[4.761s] INFO:colcon.colcon_core.shell:Creating environment descriptor '/home/danie/connect4_ros/install/connect4_msgs/share/connect4_msgs/hook/ld_library_path_lib.dsv'
[4.761s] INFO:colcon.colcon_core.shell:Creating environment hook '/home/danie/connect4_ros/install/connect4_msgs/share/connect4_msgs/hook/ld_library_path_lib.sh'
[4.761s] Level 1:colcon.colcon_core.environment:checking '/home/danie/connect4_ros/install/connect4_msgs/bin'
[4.761s] Level 1:colcon.colcon_core.environment:checking '/home/danie/connect4_ros/install/connect4_msgs/lib/pkgconfig/connect4_msgs.pc'
[4.762s] Level 1:colcon.colcon_core.environment:checking '/home/danie/connect4_ros/install/connect4_msgs/lib/python3.12/site-packages'
[4.762s] Level 1:colcon.colcon_core.shell:create_environment_hook('connect4_msgs', 'pythonpath')
[4.762s] INFO:colcon.colcon_core.shell:Creating environment hook '/home/danie/connect4_ros/install/connect4_msgs/share/connect4_msgs/hook/pythonpath.ps1'
[4.762s] INFO:colcon.colcon_core.shell:Creating environment descriptor '/home/danie/connect4_ros/install/connect4_msgs/share/connect4_msgs/hook/pythonpath.dsv'
[4.762s] INFO:colcon.colcon_core.shell:Creating environment hook '/home/danie/connect4_ros/install/connect4_msgs/share/connect4_msgs/hook/pythonpath.sh'
[4.763s] Level 1:colcon.colcon_core.environment:checking '/home/danie/connect4_ros/install/connect4_msgs/bin'
[4.763s] INFO:colcon.colcon_core.shell:Creating package script '/home/danie/connect4_ros/install/connect4_msgs/share/connect4_msgs/package.ps1'
[4.763s] INFO:colcon.colcon_core.shell:Creating package descriptor '/home/danie/connect4_ros/install/connect4_msgs/share/connect4_msgs/package.dsv'
[4.764s] INFO:colcon.colcon_core.shell:Creating package script '/home/danie/connect4_ros/install/connect4_msgs/share/connect4_msgs/package.sh'
[4.764s] INFO:colcon.colcon_core.shell:Creating package script '/home/danie/connect4_ros/install/connect4_msgs/share/connect4_msgs/package.bash'
[4.764s] INFO:colcon.colcon_core.shell:Creating package script '/home/danie/connect4_ros/install/connect4_msgs/share/connect4_msgs/package.zsh'
[4.764s] Level 1:colcon.colcon_core.environment:create_file_with_runtime_dependencies(/home/danie/connect4_ros/install/connect4_msgs/share/colcon-core/packages/connect4_msgs)
[4.765s] INFO:colcon.colcon_ros.task.ament_python.build:Building ROS package in '/home/danie/connect4_ros/src/connect4_game' with build type 'ament_python'
[4.765s] Level 1:colcon.colcon_core.shell:create_environment_hook('connect4_game', 'ament_prefix_path')
[4.765s] INFO:colcon.colcon_core.shell:Creating environment hook '/home/danie/connect4_ros/install/connect4_game/share/connect4_game/hook/ament_prefix_path.ps1'
[4.767s] INFO:colcon.colcon_core.shell:Creating environment descriptor '/home/danie/connect4_ros/install/connect4_game/share/connect4_game/hook/ament_prefix_path.dsv'
[4.768s] INFO:colcon.colcon_core.shell:Creating environment hook '/home/danie/connect4_ros/install/connect4_game/share/connect4_game/hook/ament_prefix_path.sh'
[4.768s] INFO:colcon.colcon_core.shell:Skip shell extension 'powershell' for command environment: Not usable outside of PowerShell
[4.768s] DEBUG:colcon.colcon_core.shell:Skip shell extension 'dsv' for command environment
[4.772s] INFO:colcon.colcon_ros.task.ament_python.build:Building ROS package in '/home/danie/connect4_ros/src/connect4_manip' with build type 'ament_python'
[4.772s] Level 1:colcon.colcon_core.shell:create_environment_hook('connect4_manip', 'ament_prefix_path')
[4.772s] INFO:colcon.colcon_core.shell:Creating environment hook '/home/danie/connect4_ros/install/connect4_manip/share/connect4_manip/hook/ament_prefix_path.ps1'
[4.773s] INFO:colcon.colcon_core.shell:Creating environment descriptor '/home/danie/connect4_ros/install/connect4_manip/share/connect4_manip/hook/ament_prefix_path.dsv'
[4.773s] INFO:colcon.colcon_core.shell:Creating environment hook '/home/danie/connect4_ros/install/connect4_manip/share/connect4_manip/hook/ament_prefix_path.sh'
[4.774s] INFO:colcon.colcon_core.shell:Skip shell extension 'powershell' for command environment: Not usable outside of PowerShell
[4.774s] DEBUG:colcon.colcon_core.shell:Skip shell extension 'dsv' for command environment
[4.777s] INFO:colcon.colcon_ros.task.ament_python.build:Building ROS package in '/home/danie/connect4_ros/src/connect4_perception' with build type 'ament_python'
[4.777s] Level 1:colcon.colcon_core.shell:create_environment_hook('connect4_perception', 'ament_prefix_path')
[4.777s] INFO:colcon.colcon_core.shell:Creating environment hook '/home/danie/connect4_ros/install/connect4_perception/share/connect4_perception/hook/ament_prefix_path.ps1'
[4.778s] INFO:colcon.colcon_core.shell:Creating environment descriptor '/home/danie/connect4_ros/install/connect4_perception/share/connect4_perception/hook/ament_prefix_path.dsv'
[4.779s] INFO:colcon.colcon_core.shell:Creating environment hook '/home/danie/connect4_ros/install/connect4_perception/share/connect4_perception/hook/ament_prefix_path.sh'
[4.779s] INFO:colcon.colcon_core.shell:Skip shell extension 'powershell' for command environment: Not usable outside of PowerShell
[4.779s] DEBUG:colcon.colcon_core.shell:Skip shell extension 'dsv' for command environment
[4.783s] INFO:colcon.colcon_ros.task.ament_python.build:Building ROS package in '/home/danie/connect4_ros/src/connect4_turtlebotnav' with build type 'ament_python'
[4.783s] Level 1:colcon.colcon_core.shell:create_environment_hook('connect4_turtlebotnav', 'ament_prefix_path')
[4.783s] INFO:colcon.colcon_core.shell:Creating environment hook '/home/danie/connect4_ros/install/connect4_turtlebotnav/share/connect4_turtlebotnav/hook/ament_prefix_path.ps1'
[4.784s] INFO:colcon.colcon_core.shell:Creating environment descriptor '/home/danie/connect4_ros/install/connect4_turtlebotnav/share/connect4_turtlebotnav/hook/ament_prefix_path.dsv'
[4.784s] INFO:colcon.colcon_core.shell:Creating environment hook '/home/danie/connect4_ros/install/connect4_turtlebotnav/share/connect4_turtlebotnav/hook/ament_prefix_path.sh'
[4.785s] INFO:colcon.colcon_core.shell:Skip shell extension 'powershell' for command environment: Not usable outside of PowerShell
[4.785s] DEBUG:colcon.colcon_core.shell:Skip shell extension 'dsv' for command environment
[5.075s] INFO:colcon.colcon_core.task.python.build:Building Python package in '/home/danie/connect4_ros/src/connect4_game'
[5.075s] INFO:colcon.colcon_core.shell:Skip shell extension 'powershell' for command environment: Not usable outside of PowerShell
[5.075s] DEBUG:colcon.colcon_core.shell:Skip shell extension 'dsv' for command environment
[5.286s] INFO:colcon.colcon_core.task.python.build:Building Python package in '/home/danie/connect4_ros/src/connect4_manip'
[5.286s] INFO:colcon.colcon_core.shell:Skip shell extension 'powershell' for command environment: Not usable outside of PowerShell
[5.286s] DEBUG:colcon.colcon_core.shell:Skip shell extension 'dsv' for command environment
[5.491s] INFO:colcon.colcon_core.task.python.build:Building Python package in '/home/danie/connect4_ros/src/connect4_turtlebotnav'
[5.491s] INFO:colcon.colcon_core.shell:Skip shell extension 'powershell' for command environment: Not usable outside of PowerShell
[5.491s] DEBUG:colcon.colcon_core.shell:Skip shell extension 'dsv' for command environment
[5.708s] INFO:colcon.colcon_core.task.python.build:Building Python package in '/home/danie/connect4_ros/src/connect4_perception'
[5.708s] INFO:colcon.colcon_core.shell:Skip shell extension 'powershell' for command environment: Not usable outside of PowerShell
[5.708s] DEBUG:colcon.colcon_core.shell:Skip shell extension 'dsv' for command environment
[7.054s] DEBUG:colcon.colcon_core.event_handler.log_command:Invoking command in '/home/danie/connect4_ros/src/connect4_perception': PYTHONPATH=/home/danie/connect4_ros/build/connect4_perception/prefix_override:/usr/lib/python3/dist-packages/colcon_core/task/python/colcon_distutils_commands:/home/danie/connect4_ros/install/connect4_perception/lib/python3.12/site-packages:${PYTHONPATH} /usr/bin/python3 -W ignore:setup.py install is deprecated -W ignore:easy_install command is deprecated setup.py egg_info --egg-base ../../build/connect4_perception build --build-base /home/danie/connect4_ros/build/connect4_perception/build install --record /home/danie/connect4_ros/build/connect4_perception/install.log --single-version-externally-managed install_data
[7.060s] DEBUG:colcon.colcon_core.event_handler.log_command:Invoking command in '/home/danie/connect4_ros/src/connect4_manip': PYTHONPATH=/home/danie/connect4_ros/build/connect4_manip/prefix_override:/usr/lib/python3/dist-packages/colcon_core/task/python/colcon_distutils_commands:/home/danie/connect4_ros/install/connect4_manip/lib/python3.12/site-packages:${PYTHONPATH} /usr/bin/python3 -W ignore:setup.py install is deprecated -W ignore:easy_install command is deprecated setup.py egg_info --egg-base ../../build/connect4_manip build --build-base /home/danie/connect4_ros/build/connect4_manip/build install --record /home/danie/connect4_ros/build/connect4_manip/install.log --single-version-externally-managed install_data
[7.068s] DEBUG:colcon.colcon_core.event_handler.log_command:Invoking command in '/home/danie/connect4_ros/src/connect4_game': PYTHONPATH=/home/danie/connect4_ros/build/connect4_game/prefix_override:/usr/lib/python3/dist-packages/colcon_core/task/python/colcon_distutils_commands:/home/danie/connect4_ros/install/connect4_game/lib/python3.12/site-packages:${PYTHONPATH} /usr/bin/python3 -W ignore:setup.py install is deprecated -W ignore:easy_install command is deprecated setup.py egg_info --egg-base ../../build/connect4_game build --build-base /home/danie/connect4_ros/build/connect4_game/build install --record /home/danie/connect4_ros/build/connect4_game/install.log --single-version-externally-managed install_data
[7.070s] DEBUG:colcon.colcon_core.event_handler.log_command:Invoking command in '/home/danie/connect4_ros/src/connect4_turtlebotnav': PYTHONPATH=/home/danie/connect4_ros/build/connect4_turtlebotnav/prefix_override:/usr/lib/python3/dist-packages/colcon_core/task/python/colcon_distutils_commands:/home/danie/connect4_ros/install/connect4_turtlebotnav/lib/python3.12/site-packages:${PYTHONPATH} /usr/bin/python3 -W ignore:setup.py install is deprecated -W ignore:easy_install command is deprecated setup.py egg_info --egg-base ../../build/connect4_turtlebotnav build --build-base /home/danie/connect4_ros/build/connect4_turtlebotnav/build install --record /home/danie/connect4_ros/build/connect4_turtlebotnav/install.log --single-version-externally-managed install_data
[7.719s] Level 1:colcon.colcon_core.environment:checking '/home/danie/connect4_ros/install/connect4_manip' for CMake module files
[7.720s] DEBUG:colcon.colcon_core.event_handler.log_command:Invoked command in '/home/danie/connect4_ros/src/connect4_manip' returned '0': PYTHONPATH=/home/danie/connect4_ros/build/connect4_manip/prefix_override:/usr/lib/python3/dist-packages/colcon_core/task/python/colcon_distutils_commands:/home/danie/connect4_ros/install/connect4_manip/lib/python3.12/site-packages:${PYTHONPATH} /usr/bin/python3 -W ignore:setup.py install is deprecated -W ignore:easy_install command is deprecated setup.py egg_info --egg-base ../../build/connect4_manip build --build-base /home/danie/connect4_ros/build/connect4_manip/build install --record /home/danie/connect4_ros/build/connect4_manip/install.log --single-version-externally-managed install_data
[7.720s] Level 1:colcon.colcon_core.environment:checking '/home/danie/connect4_ros/install/connect4_manip' for CMake config files
[7.720s] Level 1:colcon.colcon_core.environment:checking '/home/danie/connect4_ros/install/connect4_manip/lib'
[7.720s] Level 1:colcon.colcon_core.environment:checking '/home/danie/connect4_ros/install/connect4_manip/bin'
[7.721s] Level 1:colcon.colcon_core.environment:checking '/home/danie/connect4_ros/install/connect4_manip/lib/pkgconfig/connect4_manip.pc'
[7.721s] Level 1:colcon.colcon_core.environment:checking '/home/danie/connect4_ros/install/connect4_manip/lib/python3.12/site-packages'
[7.721s] Level 1:colcon.colcon_core.shell:create_environment_hook('connect4_manip', 'pythonpath')
[7.721s] INFO:colcon.colcon_core.shell:Creating environment hook '/home/danie/connect4_ros/install/connect4_manip/share/connect4_manip/hook/pythonpath.ps1'
[7.722s] INFO:colcon.colcon_core.shell:Creating environment descriptor '/home/danie/connect4_ros/install/connect4_manip/share/connect4_manip/hook/pythonpath.dsv'
[7.722s] INFO:colcon.colcon_core.shell:Creating environment hook '/home/danie/connect4_ros/install/connect4_manip/share/connect4_manip/hook/pythonpath.sh'
[7.723s] Level 1:colcon.colcon_core.environment:checking '/home/danie/connect4_ros/install/connect4_manip/bin'
[7.723s] Level 1:colcon.colcon_core.environment:create_environment_scripts_only(connect4_manip)
[7.723s] INFO:colcon.colcon_core.shell:Creating package script '/home/danie/connect4_ros/install/connect4_manip/share/connect4_manip/package.ps1'
[7.724s] INFO:colcon.colcon_core.shell:Creating package descriptor '/home/danie/connect4_ros/install/connect4_manip/share/connect4_manip/package.dsv'
[7.724s] INFO:colcon.colcon_core.shell:Creating package script '/home/danie/connect4_ros/install/connect4_manip/share/connect4_manip/package.sh'
[7.724s] INFO:colcon.colcon_core.shell:Creating package script '/home/danie/connect4_ros/install/connect4_manip/share/connect4_manip/package.bash'
[7.724s] INFO:colcon.colcon_core.shell:Creating package script '/home/danie/connect4_ros/install/connect4_manip/share/connect4_manip/package.zsh'
[7.725s] Level 1:colcon.colcon_core.environment:create_file_with_runtime_dependencies(/home/danie/connect4_ros/install/connect4_manip/share/colcon-core/packages/connect4_manip)
[7.755s] Level 1:colcon.colcon_core.environment:checking '/home/danie/connect4_ros/install/connect4_perception' for CMake module files
[7.756s] DEBUG:colcon.colcon_core.event_handler.log_command:Invoked command in '/home/danie/connect4_ros/src/connect4_perception' returned '0': PYTHONPATH=/home/danie/connect4_ros/build/connect4_perception/prefix_override:/usr/lib/python3/dist-packages/colcon_core/task/python/colcon_distutils_commands:/home/danie/connect4_ros/install/connect4_perception/lib/python3.12/site-packages:${PYTHONPATH} /usr/bin/python3 -W ignore:setup.py install is deprecated -W ignore:easy_install command is deprecated setup.py egg_info --egg-base ../../build/connect4_perception build --build-base /home/danie/connect4_ros/build/connect4_perception/build install --record /home/danie/connect4_ros/build/connect4_perception/install.log --single-version-externally-managed install_data
[7.756s] Level 1:colcon.colcon_core.environment:checking '/home/danie/connect4_ros/install/connect4_perception' for CMake config files
[7.756s] Level 1:colcon.colcon_core.environment:checking '/home/danie/connect4_ros/install/connect4_perception/lib'
[7.756s] Level 1:colcon.colcon_core.environment:checking '/home/danie/connect4_ros/install/connect4_perception/bin'
[7.756s] Level 1:colcon.colcon_core.environment:checking '/home/danie/connect4_ros/install/connect4_perception/lib/pkgconfig/connect4_perception.pc'
[7.757s] Level 1:colcon.colcon_core.environment:checking '/home/danie/connect4_ros/install/connect4_perception/lib/python3.12/site-packages'
[7.757s] Level 1:colcon.colcon_core.shell:create_environment_hook('connect4_perception', 'pythonpath')
[7.757s] INFO:colcon.colcon_core.shell:Creating environment hook '/home/danie/connect4_ros/install/connect4_perception/share/connect4_perception/hook/pythonpath.ps1'
[7.758s] INFO:colcon.colcon_core.shell:Creating environment descriptor '/home/danie/connect4_ros/install/connect4_perception/share/connect4_perception/hook/pythonpath.dsv'
[7.758s] INFO:colcon.colcon_core.shell:Creating environment hook '/home/danie/connect4_ros/install/connect4_perception/share/connect4_perception/hook/pythonpath.sh'
[7.758s] Level 1:colcon.colcon_core.environment:checking '/home/danie/connect4_ros/install/connect4_perception/bin'
[7.759s] Level 1:colcon.colcon_core.environment:create_environment_scripts_only(connect4_perception)
[7.759s] INFO:colcon.colcon_core.shell:Creating package script '/home/danie/connect4_ros/install/connect4_perception/share/connect4_perception/package.ps1'
[7.760s] INFO:colcon.colcon_core.shell:Creating package descriptor '/home/danie/connect4_ros/install/connect4_perception/share/connect4_perception/package.dsv'
[7.760s] INFO:colcon.colcon_core.shell:Creating package script '/home/danie/connect4_ros/install/connect4_perception/share/connect4_perception/package.sh'
[7.760s] INFO:colcon.colcon_core.shell:Creating package script '/home/danie/connect4_ros/install/connect4_perception/share/connect4_perception/package.bash'
[7.761s] INFO:colcon.colcon_core.shell:Creating package script '/home/danie/connect4_ros/install/connect4_perception/share/connect4_perception/package.zsh'
[7.761s] Level 1:colcon.colcon_core.environment:create_file_with_runtime_dependencies(/home/danie/connect4_ros/install/connect4_perception/share/colcon-core/packages/connect4_perception)
[7.777s] Level 1:colcon.colcon_core.environment:checking '/home/danie/connect4_ros/install/connect4_turtlebotnav' for CMake module files
[7.778s] DEBUG:colcon.colcon_core.event_handler.log_command:Invoked command in '/home/danie/connect4_ros/src/connect4_turtlebotnav' returned '0': PYTHONPATH=/home/danie/connect4_ros/build/connect4_turtlebotnav/prefix_override:/usr/lib/python3/dist-packages/colcon_core/task/python/colcon_distutils_commands:/home/danie/connect4_ros/install/connect4_turtlebotnav/lib/python3.12/site-packages:${PYTHONPATH} /usr/bin/python3 -W ignore:setup.py install is deprecated -W ignore:easy_install command is deprecated setup.py egg_info --egg-base ../../build/connect4_turtlebotnav build --build-base /home/danie/connect4_ros/build/connect4_turtlebotnav/build install --record /home/danie/connect4_ros/build/connect4_turtlebotnav/install.log --single-version-externally-managed install_data
[7.778s] Level 1:colcon.colcon_core.environment:checking '/home/danie/connect4_ros/install/connect4_turtlebotnav' for CMake config files
[7.778s] Level 1:colcon.colcon_core.environment:checking '/home/danie/connect4_ros/install/connect4_turtlebotnav/lib'
[7.778s] Level 1:colcon.colcon_core.environment:checking '/home/danie/connect4_ros/install/connect4_turtlebotnav/bin'
[7.778s] Level 1:colcon.colcon_core.environment:checking '/home/danie/connect4_ros/install/connect4_turtlebotnav/lib/pkgconfig/connect4_turtlebotnav.pc'
[7.778s] Level 1:colcon.colcon_core.environment:checking '/home/danie/connect4_ros/install/connect4_turtlebotnav/lib/python3.12/site-packages'
[7.779s] Level 1:colcon.colcon_core.shell:create_environment_hook('connect4_turtlebotnav', 'pythonpath')
[7.779s] INFO:colcon.colcon_core.shell:Creating environment hook '/home/danie/connect4_ros/install/connect4_turtlebotnav/share/connect4_turtlebotnav/hook/pythonpath.ps1'
[7.779s] INFO:colcon.colcon_core.shell:Creating environment descriptor '/home/danie/connect4_ros/install/connect4_turtlebotnav/share/connect4_turtlebotnav/hook/pythonpath.dsv'
[7.779s] INFO:colcon.colcon_core.shell:Creating environment hook '/home/danie/connect4_ros/install/connect4_turtlebotnav/share/connect4_turtlebotnav/hook/pythonpath.sh'
[7.780s] Level 1:colcon.colcon_core.environment:checking '/home/danie/connect4_ros/install/connect4_turtlebotnav/bin'
[7.780s] Level 1:colcon.colcon_core.environment:create_environment_scripts_only(connect4_turtlebotnav)
[7.780s] INFO:colcon.colcon_core.shell:Creating package script '/home/danie/connect4_ros/install/connect4_turtlebotnav/share/connect4_turtlebotnav/package.ps1'
[7.780s] INFO:colcon.colcon_core.shell:Creating package descriptor '/home/danie/connect4_ros/install/connect4_turtlebotnav/share/connect4_turtlebotnav/package.dsv'
[7.781s] INFO:colcon.colcon_core.shell:Creating package script '/home/danie/connect4_ros/install/connect4_turtlebotnav/share/connect4_turtlebotnav/package.sh'
[7.781s] INFO:colcon.colcon_core.shell:Creating package script '/home/danie/connect4_ros/install/connect4_turtlebotnav/share/connect4_turtlebotnav/package.bash'
[7.781s] INFO:colcon.colcon_core.shell:Creating package script '/home/danie/connect4_ros/install/connect4_turtlebotnav/share/connect4_turtlebotnav/package.zsh'
[7.781s] Level 1:colcon.colcon_core.environment:create_file_with_runtime_dependencies(/home/danie/connect4_ros/install/connect4_turtlebotnav/share/colcon-core/packages/connect4_turtlebotnav)
[7.788s] Level 1:colcon.colcon_core.environment:checking '/home/danie/connect4_ros/install/connect4_game' for CMake module files
[7.789s] DEBUG:colcon.colcon_core.event_handler.log_command:Invoked command in '/home/danie/connect4_ros/src/connect4_game' returned '0': PYTHONPATH=/home/danie/connect4_ros/build/connect4_game/prefix_override:/usr/lib/python3/dist-packages/colcon_core/task/python/colcon_distutils_commands:/home/danie/connect4_ros/install/connect4_game/lib/python3.12/site-packages:${PYTHONPATH} /usr/bin/python3 -W ignore:setup.py install is deprecated -W ignore:easy_install command is deprecated setup.py egg_info --egg-base ../../build/connect4_game build --build-base /home/danie/connect4_ros/build/connect4_game/build install --record /home/danie/connect4_ros/build/connect4_game/install.log --single-version-externally-managed install_data
[7.789s] Level 1:colcon.colcon_core.environment:checking '/home/danie/connect4_ros/install/connect4_game' for CMake config files
[7.790s] Level 1:colcon.colcon_core.environment:checking '/home/danie/connect4_ros/install/connect4_game/lib'
[7.790s] Level 1:colcon.colcon_core.environment:checking '/home/danie/connect4_ros/install/connect4_game/bin'
[7.790s] Level 1:colcon.colcon_core.environment:checking '/home/danie/connect4_ros/install/connect4_game/lib/pkgconfig/connect4_game.pc'
[7.790s] Level 1:colcon.colcon_core.environment:checking '/home/danie/connect4_ros/install/connect4_game/lib/python3.12/site-packages'
[7.790s] Level 1:colcon.colcon_core.shell:create_environment_hook('connect4_game', 'pythonpath')
[7.790s] INFO:colcon.colcon_core.shell:Creating environment hook '/home/danie/connect4_ros/install/connect4_game/share/connect4_game/hook/pythonpath.ps1'
[7.791s] INFO:colcon.colcon_core.shell:Creating environment descriptor '/home/danie/connect4_ros/install/connect4_game/share/connect4_game/hook/pythonpath.dsv'
[7.791s] INFO:colcon.colcon_core.shell:Creating environment hook '/home/danie/connect4_ros/install/connect4_game/share/connect4_game/hook/pythonpath.sh'
[7.791s] Level 1:colcon.colcon_core.environment:checking '/home/danie/connect4_ros/install/connect4_game/bin'
[7.791s] Level 1:colcon.colcon_core.environment:create_environment_scripts_only(connect4_game)
[7.792s] INFO:colcon.colcon_core.shell:Creating package script '/home/danie/connect4_ros/install/connect4_game/share/connect4_game/package.ps1'
[7.792s] INFO:colcon.colcon_core.shell:Creating package descriptor '/home/danie/connect4_ros/install/connect4_game/share/connect4_game/package.dsv'
[7.792s] INFO:colcon.colcon_core.shell:Creating package script '/home/danie/connect4_ros/install/connect4_game/share/connect4_game/package.sh'
[7.793s] INFO:colcon.colcon_core.shell:Creating package script '/home/danie/connect4_ros/install/connect4_game/share/connect4_game/package.bash'
[7.793s] INFO:colcon.colcon_core.shell:Creating package script '/home/danie/connect4_ros/install/connect4_game/share/connect4_game/package.zsh'
[7.793s] Level 1:colcon.colcon_core.environment:create_file_with_runtime_dependencies(/home/danie/connect4_ros/install/connect4_game/share/colcon-core/packages/connect4_game)
[7.794s] INFO:colcon.colcon_ros.task.ament_python.build:Building ROS package in '/home/danie/connect4_ros/src/connect4_launch' with build type 'ament_python'
[7.794s] Level 1:colcon.colcon_core.shell:create_environment_hook('connect4_launch', 'ament_prefix_path')
[7.794s] INFO:colcon.colcon_core.shell:Creating environment hook '/home/danie/connect4_ros/install/connect4_launch/share/connect4_launch/hook/ament_prefix_path.ps1'
[7.795s] INFO:colcon.colcon_core.shell:Creating environment descriptor '/home/danie/connect4_ros/install/connect4_launch/share/connect4_launch/hook/ament_prefix_path.dsv'
[7.796s] INFO:colcon.colcon_core.shell:Creating environment hook '/home/danie/connect4_ros/install/connect4_launch/share/connect4_launch/hook/ament_prefix_path.sh'
[7.796s] INFO:colcon.colcon_core.shell:Skip shell extension 'powershell' for command environment: Not usable outside of PowerShell
[7.796s] DEBUG:colcon.colcon_core.shell:Skip shell extension 'dsv' for command environment
[8.473s] DEBUG:colcon.colcon_parallel_executor.executor.parallel:closing loop
[8.474s] DEBUG:colcon.colcon_parallel_executor.executor.parallel:loop closed
[8.474s] DEBUG:colcon.colcon_parallel_executor.executor.parallel:run_until_complete finished with 'Command '['/usr/bin/python3', '-c', 'import sys;from contextlib import suppress;exec("with suppress(ImportError):    from setuptools.extern.packaging.specifiers    import SpecifierSet");exec("with suppress(ImportError):    from packaging.specifiers import SpecifierSet");from distutils.core import run_setup;dist = run_setup(    \'setup.py\', script_args=(\'--dry-run\',), stop_after=\'config\');skip_keys = (\'cmdclass\', \'distclass\', \'ext_modules\', \'metadata\');data = {    key: value for key, value in dist.__dict__.items()     if (        not key.startswith(\'_\') and         not callable(value) and         key not in skip_keys and         key not in dist.display_option_names    )};data[\'metadata\'] = {    k: v for k, v in dist.metadata.__dict__.items()     if k not in (\'license_files\', \'provides_extras\')};sys.stdout.buffer.write(repr(data).encode(\'utf-8\'))']' returned non-zero exit status 1.'
[8.474s] DEBUG:colcon.colcon_core.event_reactor:joining thread
[8.535s] INFO:colcon.colcon_core.plugin_system:Skipping extension 'colcon_notification.desktop_notification.notify_send': Could not find 'notify-send'
[8.536s] INFO:colcon.colcon_core.plugin_system:Skipping extension 'colcon_notification.desktop_notification.terminal_notifier': Not used on non-Darwin systems
[8.536s] INFO:colcon.colcon_core.plugin_system:Skipping extension 'colcon_notification.desktop_notification.win32': Not used on non-Windows systems
[8.536s] INFO:colcon.colcon_notification.desktop_notification:Sending desktop notification using 'notify2'
[8.539s] DEBUG:colcon.colcon_notification.desktop_notification.notify2:Failed to initialize notify2: org.freedesktop.DBus.Error.ServiceUnknown: The name org.freedesktop.Notifications was not provided by any .service files
[8.539s] DEBUG:colcon.colcon_core.event_reactor:joined thread
[8.539s] INFO:colcon.colcon_core.shell:Creating prefix script '/home/danie/connect4_ros/install/local_setup.ps1'
[8.540s] INFO:colcon.colcon_core.shell:Creating prefix util module '/home/danie/connect4_ros/install/_local_setup_util_ps1.py'
[8.542s] INFO:colcon.colcon_core.shell:Creating prefix chain script '/home/danie/connect4_ros/install/setup.ps1'
[8.543s] INFO:colcon.colcon_core.shell:Creating prefix script '/home/danie/connect4_ros/install/local_setup.sh'
[8.543s] INFO:colcon.colcon_core.shell:Creating prefix util module '/home/danie/connect4_ros/install/_local_setup_util_sh.py'
[8.544s] INFO:colcon.colcon_core.shell:Creating prefix chain script '/home/danie/connect4_ros/install/setup.sh'
[8.545s] INFO:colcon.colcon_core.shell:Creating prefix script '/home/danie/connect4_ros/install/local_setup.bash'
[8.546s] INFO:colcon.colcon_core.shell:Creating prefix chain script '/home/danie/connect4_ros/install/setup.bash'
[8.547s] INFO:colcon.colcon_core.shell:Creating prefix script '/home/danie/connect4_ros/install/local_setup.zsh'
[8.548s] INFO:colcon.colcon_core.shell:Creating prefix chain script '/home/danie/connect4_ros/install/setup.zsh'
