[0.395s] DEBUG:colcon:Command line arguments: ['/usr/bin/colcon', 'build', '--packages-select', 'connect4_game', 'connect4_turtlebotnav', 'connect4_manip']
[0.395s] DEBUG:colcon:Parsed command line arguments: Namespace(log_base=None, log_level=None, verb_name='build', build_base='build', install_base='install', merge_install=False, symlink_install=False, test_result_base=None, continue_on_error=False, executor='parallel', parallel_workers=8, event_handlers=None, ignore_user_meta=False, metas=['./colcon.meta'], base_paths=['.'], packages_ignore=None, packages_ignore_regex=None, paths=None, packages_up_to=None, packages_up_to_regex=None, packages_above=None, packages_above_and_dependencies=None, packages_above_depth=None, packages_select_by_dep=None, packages_skip_by_dep=None, packages_skip_up_to=None, packages_select_build_failed=False, packages_skip_build_finished=False, packages_select_test_failures=False, packages_skip_test_passed=False, packages_select=['connect4_game', 'connect4_turtlebotnav', 'connect4_manip'], packages_skip=None, packages_select_regex=None, packages_skip_regex=None, packages_start=None, packages_end=None, allow_overriding=[], cmake_args=None, cmake_target=None, cmake_target_skip_unavailable=False, cmake_clean_cache=False, cmake_clean_first=False, cmake_force_configure=False, ament_cmake_args=None, catkin_cmake_args=None, catkin_skip_building_tests=False, mixin_files=None, mixin=None, verb_parser=<colcon_mixin.mixin.mixin_argument.MixinArgumentDecorator object at 0x764a40b93950>, verb_extension=<colcon_core.verb.build.BuildVerb object at 0x764a40b93710>, main=<bound method BuildVerb.main of <colcon_core.verb.build.BuildVerb object at 0x764a40b93710>>, mixin_verb=('build',))
[0.486s] Level 1:colcon.colcon_core.package_discovery:discover_packages(colcon_meta) check parameters
[0.486s] Level 1:colcon.colcon_core.package_discovery:discover_packages(recursive) check parameters
[0.486s] Level 1:colcon.colcon_core.package_discovery:discover_packages(ignore) check parameters
[0.486s] Level 1:colcon.colcon_core.package_discovery:discover_packages(path) check parameters
[0.486s] Level 1:colcon.colcon_core.package_discovery:discover_packages(colcon_meta) discover
[0.486s] Level 1:colcon.colcon_core.package_discovery:discover_packages(recursive) discover
[0.487s] INFO:colcon.colcon_core.package_discovery:Crawling recursively for packages in '/home/danie/connect4_ros'
[0.487s] Level 1:colcon.colcon_core.package_identification:_identify(.) by extensions ['ignore', 'ignore_ament_install']
[0.487s] Level 1:colcon.colcon_core.package_identification:_identify(.) by extension 'ignore'
[0.487s] Level 1:colcon.colcon_core.package_identification:_identify(.) by extension 'ignore_ament_install'
[0.488s] Level 1:colcon.colcon_core.package_identification:_identify(.) by extensions ['colcon_pkg']
[0.488s] Level 1:colcon.colcon_core.package_identification:_identify(.) by extension 'colcon_pkg'
[0.488s] Level 1:colcon.colcon_core.package_identification:_identify(.) by extensions ['colcon_meta']
[0.488s] Level 1:colcon.colcon_core.package_identification:_identify(.) by extension 'colcon_meta'
[0.488s] Level 1:colcon.colcon_core.package_identification:_identify(.) by extensions ['ros']
[0.488s] Level 1:colcon.colcon_core.package_identification:_identify(.) by extension 'ros'
[0.575s] Level 1:colcon.colcon_core.package_identification:_identify(.) by extensions ['cmake', 'python']
[0.575s] Level 1:colcon.colcon_core.package_identification:_identify(.) by extension 'cmake'
[0.575s] Level 1:colcon.colcon_core.package_identification:_identify(.) by extension 'python'
[0.576s] Level 1:colcon.colcon_core.package_identification:_identify(.) by extensions ['python_setup_py']
[0.576s] Level 1:colcon.colcon_core.package_identification:_identify(.) by extension 'python_setup_py'
[0.576s] Level 1:colcon.colcon_core.package_identification:_identify(__pycache__) by extensions ['ignore', 'ignore_ament_install']
[0.576s] Level 1:colcon.colcon_core.package_identification:_identify(__pycache__) by extension 'ignore'
[0.576s] Level 1:colcon.colcon_core.package_identification:_identify(__pycache__) by extension 'ignore_ament_install'
[0.576s] Level 1:colcon.colcon_core.package_identification:_identify(__pycache__) by extensions ['colcon_pkg']
[0.576s] Level 1:colcon.colcon_core.package_identification:_identify(__pycache__) by extension 'colcon_pkg'
[0.576s] Level 1:colcon.colcon_core.package_identification:_identify(__pycache__) by extensions ['colcon_meta']
[0.576s] Level 1:colcon.colcon_core.package_identification:_identify(__pycache__) by extension 'colcon_meta'
[0.576s] Level 1:colcon.colcon_core.package_identification:_identify(__pycache__) by extensions ['ros']
[0.576s] Level 1:colcon.colcon_core.package_identification:_identify(__pycache__) by extension 'ros'
[0.576s] Level 1:colcon.colcon_core.package_identification:_identify(__pycache__) by extensions ['cmake', 'python']
[0.576s] Level 1:colcon.colcon_core.package_identification:_identify(__pycache__) by extension 'cmake'
[0.576s] Level 1:colcon.colcon_core.package_identification:_identify(__pycache__) by extension 'python'
[0.576s] Level 1:colcon.colcon_core.package_identification:_identify(__pycache__) by extensions ['python_setup_py']
[0.576s] Level 1:colcon.colcon_core.package_identification:_identify(__pycache__) by extension 'python_setup_py'
[0.577s] Level 1:colcon.colcon_core.package_identification:_identify(build) by extensions ['ignore', 'ignore_ament_install']
[0.577s] Level 1:colcon.colcon_core.package_identification:_identify(build) by extension 'ignore'
[0.577s] Level 1:colcon.colcon_core.package_identification:_identify(build) ignored
[0.578s] Level 1:colcon.colcon_core.package_identification:_identify(install) by extensions ['ignore', 'ignore_ament_install']
[0.578s] Level 1:colcon.colcon_core.package_identification:_identify(install) by extension 'ignore'
[0.578s] Level 1:colcon.colcon_core.package_identification:_identify(install) ignored
[0.578s] Level 1:colcon.colcon_core.package_identification:_identify(log) by extensions ['ignore', 'ignore_ament_install']
[0.578s] Level 1:colcon.colcon_core.package_identification:_identify(log) by extension 'ignore'
[0.578s] Level 1:colcon.colcon_core.package_identification:_identify(log) ignored
[0.579s] Level 1:colcon.colcon_core.package_identification:_identify(src) by extensions ['ignore', 'ignore_ament_install']
[0.579s] Level 1:colcon.colcon_core.package_identification:_identify(src) by extension 'ignore'
[0.579s] Level 1:colcon.colcon_core.package_identification:_identify(src) by extension 'ignore_ament_install'
[0.579s] Level 1:colcon.colcon_core.package_identification:_identify(src) by extensions ['colcon_pkg']
[0.579s] Level 1:colcon.colcon_core.package_identification:_identify(src) by extension 'colcon_pkg'
[0.579s] Level 1:colcon.colcon_core.package_identification:_identify(src) by extensions ['colcon_meta']
[0.579s] Level 1:colcon.colcon_core.package_identification:_identify(src) by extension 'colcon_meta'
[0.579s] Level 1:colcon.colcon_core.package_identification:_identify(src) by extensions ['ros']
[0.580s] Level 1:colcon.colcon_core.package_identification:_identify(src) by extension 'ros'
[0.580s] Level 1:colcon.colcon_core.package_identification:_identify(src) by extensions ['cmake', 'python']
[0.580s] Level 1:colcon.colcon_core.package_identification:_identify(src) by extension 'cmake'
[0.580s] Level 1:colcon.colcon_core.package_identification:_identify(src) by extension 'python'
[0.580s] Level 1:colcon.colcon_core.package_identification:_identify(src) by extensions ['python_setup_py']
[0.580s] Level 1:colcon.colcon_core.package_identification:_identify(src) by extension 'python_setup_py'
[0.581s] Level 1:colcon.colcon_core.package_identification:_identify(src/connect4_game) by extensions ['ignore', 'ignore_ament_install']
[0.581s] Level 1:colcon.colcon_core.package_identification:_identify(src/connect4_game) by extension 'ignore'
[0.581s] Level 1:colcon.colcon_core.package_identification:_identify(src/connect4_game) by extension 'ignore_ament_install'
[0.581s] Level 1:colcon.colcon_core.package_identification:_identify(src/connect4_game) by extensions ['colcon_pkg']
[0.581s] Level 1:colcon.colcon_core.package_identification:_identify(src/connect4_game) by extension 'colcon_pkg'
[0.581s] Level 1:colcon.colcon_core.package_identification:_identify(src/connect4_game) by extensions ['colcon_meta']
[0.581s] Level 1:colcon.colcon_core.package_identification:_identify(src/connect4_game) by extension 'colcon_meta'
[0.581s] Level 1:colcon.colcon_core.package_identification:_identify(src/connect4_game) by extensions ['ros']
[0.581s] Level 1:colcon.colcon_core.package_identification:_identify(src/connect4_game) by extension 'ros'
[0.588s] DEBUG:colcon.colcon_core.package_identification:Package 'src/connect4_game' with type 'ros.ament_python' and name 'connect4_game'
[0.589s] Level 1:colcon.colcon_core.package_identification:_identify(src/connect4_launch) by extensions ['ignore', 'ignore_ament_install']
[0.589s] Level 1:colcon.colcon_core.package_identification:_identify(src/connect4_launch) by extension 'ignore'
[0.589s] Level 1:colcon.colcon_core.package_identification:_identify(src/connect4_launch) by extension 'ignore_ament_install'
[0.589s] Level 1:colcon.colcon_core.package_identification:_identify(src/connect4_launch) by extensions ['colcon_pkg']
[0.589s] Level 1:colcon.colcon_core.package_identification:_identify(src/connect4_launch) by extension 'colcon_pkg'
[0.589s] Level 1:colcon.colcon_core.package_identification:_identify(src/connect4_launch) by extensions ['colcon_meta']
[0.589s] Level 1:colcon.colcon_core.package_identification:_identify(src/connect4_launch) by extension 'colcon_meta'
[0.589s] Level 1:colcon.colcon_core.package_identification:_identify(src/connect4_launch) by extensions ['ros']
[0.590s] Level 1:colcon.colcon_core.package_identification:_identify(src/connect4_launch) by extension 'ros'
[0.591s] DEBUG:colcon.colcon_core.package_identification:Package 'src/connect4_launch' with type 'ros.ament_python' and name 'connect4_launch'
[0.592s] Level 1:colcon.colcon_core.package_identification:_identify(src/connect4_manip) by extensions ['ignore', 'ignore_ament_install']
[0.592s] Level 1:colcon.colcon_core.package_identification:_identify(src/connect4_manip) by extension 'ignore'
[0.592s] Level 1:colcon.colcon_core.package_identification:_identify(src/connect4_manip) by extension 'ignore_ament_install'
[0.592s] Level 1:colcon.colcon_core.package_identification:_identify(src/connect4_manip) by extensions ['colcon_pkg']
[0.592s] Level 1:colcon.colcon_core.package_identification:_identify(src/connect4_manip) by extension 'colcon_pkg'
[0.592s] Level 1:colcon.colcon_core.package_identification:_identify(src/connect4_manip) by extensions ['colcon_meta']
[0.592s] Level 1:colcon.colcon_core.package_identification:_identify(src/connect4_manip) by extension 'colcon_meta'
[0.592s] Level 1:colcon.colcon_core.package_identification:_identify(src/connect4_manip) by extensions ['ros']
[0.592s] Level 1:colcon.colcon_core.package_identification:_identify(src/connect4_manip) by extension 'ros'
[0.594s] DEBUG:colcon.colcon_core.package_identification:Package 'src/connect4_manip' with type 'ros.ament_python' and name 'connect4_manip'
[0.594s] Level 1:colcon.colcon_core.package_identification:_identify(src/connect4_msgs) by extensions ['ignore', 'ignore_ament_install']
[0.594s] Level 1:colcon.colcon_core.package_identification:_identify(src/connect4_msgs) by extension 'ignore'
[0.594s] Level 1:colcon.colcon_core.package_identification:_identify(src/connect4_msgs) by extension 'ignore_ament_install'
[0.594s] Level 1:colcon.colcon_core.package_identification:_identify(src/connect4_msgs) by extensions ['colcon_pkg']
[0.594s] Level 1:colcon.colcon_core.package_identification:_identify(src/connect4_msgs) by extension 'colcon_pkg'
[0.594s] Level 1:colcon.colcon_core.package_identification:_identify(src/connect4_msgs) by extensions ['colcon_meta']
[0.594s] Level 1:colcon.colcon_core.package_identification:_identify(src/connect4_msgs) by extension 'colcon_meta'
[0.594s] Level 1:colcon.colcon_core.package_identification:_identify(src/connect4_msgs) by extensions ['ros']
[0.594s] Level 1:colcon.colcon_core.package_identification:_identify(src/connect4_msgs) by extension 'ros'
[0.596s] DEBUG:colcon.colcon_core.package_identification:Package 'src/connect4_msgs' with type 'ros.ament_cmake' and name 'connect4_msgs'
[0.597s] Level 1:colcon.colcon_core.package_identification:_identify(src/connect4_perception) by extensions ['ignore', 'ignore_ament_install']
[0.597s] Level 1:colcon.colcon_core.package_identification:_identify(src/connect4_perception) by extension 'ignore'
[0.597s] Level 1:colcon.colcon_core.package_identification:_identify(src/connect4_perception) by extension 'ignore_ament_install'
[0.597s] Level 1:colcon.colcon_core.package_identification:_identify(src/connect4_perception) by extensions ['colcon_pkg']
[0.597s] Level 1:colcon.colcon_core.package_identification:_identify(src/connect4_perception) by extension 'colcon_pkg'
[0.597s] Level 1:colcon.colcon_core.package_identification:_identify(src/connect4_perception) by extensions ['colcon_meta']
[0.597s] Level 1:colcon.colcon_core.package_identification:_identify(src/connect4_perception) by extension 'colcon_meta'
[0.597s] Level 1:colcon.colcon_core.package_identification:_identify(src/connect4_perception) by extensions ['ros']
[0.597s] Level 1:colcon.colcon_core.package_identification:_identify(src/connect4_perception) by extension 'ros'
[0.598s] DEBUG:colcon.colcon_core.package_identification:Package 'src/connect4_perception' with type 'ros.ament_python' and name 'connect4_perception'
[0.599s] Level 1:colcon.colcon_core.package_identification:_identify(src/connect4_turtlebotnav) by extensions ['ignore', 'ignore_ament_install']
[0.599s] Level 1:colcon.colcon_core.package_identification:_identify(src/connect4_turtlebotnav) by extension 'ignore'
[0.599s] Level 1:colcon.colcon_core.package_identification:_identify(src/connect4_turtlebotnav) by extension 'ignore_ament_install'
[0.599s] Level 1:colcon.colcon_core.package_identification:_identify(src/connect4_turtlebotnav) by extensions ['colcon_pkg']
[0.599s] Level 1:colcon.colcon_core.package_identification:_identify(src/connect4_turtlebotnav) by extension 'colcon_pkg'
[0.599s] Level 1:colcon.colcon_core.package_identification:_identify(src/connect4_turtlebotnav) by extensions ['colcon_meta']
[0.599s] Level 1:colcon.colcon_core.package_identification:_identify(src/connect4_turtlebotnav) by extension 'colcon_meta'
[0.599s] Level 1:colcon.colcon_core.package_identification:_identify(src/connect4_turtlebotnav) by extensions ['ros']
[0.599s] Level 1:colcon.colcon_core.package_identification:_identify(src/connect4_turtlebotnav) by extension 'ros'
[0.600s] DEBUG:colcon.colcon_core.package_identification:Package 'src/connect4_turtlebotnav' with type 'ros.ament_python' and name 'connect4_turtlebotnav'
[0.600s] Level 1:colcon.colcon_core.package_discovery:discover_packages(recursive) using defaults
[0.600s] Level 1:colcon.colcon_core.package_discovery:discover_packages(ignore) discover
[0.600s] Level 1:colcon.colcon_core.package_discovery:discover_packages(ignore) using defaults
[0.600s] Level 1:colcon.colcon_core.package_discovery:discover_packages(path) discover
[0.600s] Level 1:colcon.colcon_core.package_discovery:discover_packages(path) using defaults
[0.641s] INFO:colcon.colcon_core.package_selection:Skipping not selected package 'connect4_msgs' in 'src/connect4_msgs'
[0.641s] INFO:colcon.colcon_core.package_selection:Skipping not selected package 'connect4_perception' in 'src/connect4_perception'
[0.641s] INFO:colcon.colcon_core.package_selection:Skipping not selected package 'connect4_launch' in 'src/connect4_launch'
[0.643s] Level 1:colcon.colcon_core.package_discovery:discover_packages(prefix_path) check parameters
[0.643s] Level 1:colcon.colcon_core.package_discovery:discover_packages(prefix_path) discover
[0.649s] DEBUG:colcon.colcon_installed_package_information.package_discovery:Found 4 installed packages in /home/danie/connect4_ros/install
[0.652s] DEBUG:colcon.colcon_installed_package_information.package_discovery:Found 452 installed packages in /opt/ros/kilted
[0.653s] Level 1:colcon.colcon_core.package_discovery:discover_packages(prefix_path) using defaults
[0.815s] Level 5:colcon.colcon_core.verb:set package 'connect4_game' build argument 'cmake_args' from command line to 'None'
[0.815s] Level 5:colcon.colcon_core.verb:set package 'connect4_game' build argument 'cmake_target' from command line to 'None'
[0.815s] Level 5:colcon.colcon_core.verb:set package 'connect4_game' build argument 'cmake_target_skip_unavailable' from command line to 'False'
[0.815s] Level 5:colcon.colcon_core.verb:set package 'connect4_game' build argument 'cmake_clean_cache' from command line to 'False'
[0.815s] Level 5:colcon.colcon_core.verb:set package 'connect4_game' build argument 'cmake_clean_first' from command line to 'False'
[0.815s] Level 5:colcon.colcon_core.verb:set package 'connect4_game' build argument 'cmake_force_configure' from command line to 'False'
[0.815s] Level 5:colcon.colcon_core.verb:set package 'connect4_game' build argument 'ament_cmake_args' from command line to 'None'
[0.815s] Level 5:colcon.colcon_core.verb:set package 'connect4_game' build argument 'catkin_cmake_args' from command line to 'None'
[0.815s] Level 5:colcon.colcon_core.verb:set package 'connect4_game' build argument 'catkin_skip_building_tests' from command line to 'False'
[0.815s] DEBUG:colcon.colcon_core.verb:Building package 'connect4_game' with the following arguments: {'ament_cmake_args': None, 'build_base': '/home/danie/connect4_ros/build/connect4_game', 'catkin_cmake_args': None, 'catkin_skip_building_tests': False, 'cmake_args': None, 'cmake_clean_cache': False, 'cmake_clean_first': False, 'cmake_force_configure': False, 'cmake_target': None, 'cmake_target_skip_unavailable': False, 'install_base': '/home/danie/connect4_ros/install/connect4_game', 'merge_install': False, 'path': '/home/danie/connect4_ros/src/connect4_game', 'symlink_install': False, 'test_result_base': None}
[0.815s] Level 5:colcon.colcon_core.verb:set package 'connect4_manip' build argument 'cmake_args' from command line to 'None'
[0.815s] Level 5:colcon.colcon_core.verb:set package 'connect4_manip' build argument 'cmake_target' from command line to 'None'
[0.815s] Level 5:colcon.colcon_core.verb:set package 'connect4_manip' build argument 'cmake_target_skip_unavailable' from command line to 'False'
[0.815s] Level 5:colcon.colcon_core.verb:set package 'connect4_manip' build argument 'cmake_clean_cache' from command line to 'False'
[0.815s] Level 5:colcon.colcon_core.verb:set package 'connect4_manip' build argument 'cmake_clean_first' from command line to 'False'
[0.815s] Level 5:colcon.colcon_core.verb:set package 'connect4_manip' build argument 'cmake_force_configure' from command line to 'False'
[0.815s] Level 5:colcon.colcon_core.verb:set package 'connect4_manip' build argument 'ament_cmake_args' from command line to 'None'
[0.816s] Level 5:colcon.colcon_core.verb:set package 'connect4_manip' build argument 'catkin_cmake_args' from command line to 'None'
[0.816s] Level 5:colcon.colcon_core.verb:set package 'connect4_manip' build argument 'catkin_skip_building_tests' from command line to 'False'
[0.816s] DEBUG:colcon.colcon_core.verb:Building package 'connect4_manip' with the following arguments: {'ament_cmake_args': None, 'build_base': '/home/danie/connect4_ros/build/connect4_manip', 'catkin_cmake_args': None, 'catkin_skip_building_tests': False, 'cmake_args': None, 'cmake_clean_cache': False, 'cmake_clean_first': False, 'cmake_force_configure': False, 'cmake_target': None, 'cmake_target_skip_unavailable': False, 'install_base': '/home/danie/connect4_ros/install/connect4_manip', 'merge_install': False, 'path': '/home/danie/connect4_ros/src/connect4_manip', 'symlink_install': False, 'test_result_base': None}
[0.816s] Level 5:colcon.colcon_core.verb:set package 'connect4_turtlebotnav' build argument 'cmake_args' from command line to 'None'
[0.816s] Level 5:colcon.colcon_core.verb:set package 'connect4_turtlebotnav' build argument 'cmake_target' from command line to 'None'
[0.816s] Level 5:colcon.colcon_core.verb:set package 'connect4_turtlebotnav' build argument 'cmake_target_skip_unavailable' from command line to 'False'
[0.816s] Level 5:colcon.colcon_core.verb:set package 'connect4_turtlebotnav' build argument 'cmake_clean_cache' from command line to 'False'
[0.816s] Level 5:colcon.colcon_core.verb:set package 'connect4_turtlebotnav' build argument 'cmake_clean_first' from command line to 'False'
[0.816s] Level 5:colcon.colcon_core.verb:set package 'connect4_turtlebotnav' build argument 'cmake_force_configure' from command line to 'False'
[0.816s] Level 5:colcon.colcon_core.verb:set package 'connect4_turtlebotnav' build argument 'ament_cmake_args' from command line to 'None'
[0.816s] Level 5:colcon.colcon_core.verb:set package 'connect4_turtlebotnav' build argument 'catkin_cmake_args' from command line to 'None'
[0.816s] Level 5:colcon.colcon_core.verb:set package 'connect4_turtlebotnav' build argument 'catkin_skip_building_tests' from command line to 'False'
[0.816s] DEBUG:colcon.colcon_core.verb:Building package 'connect4_turtlebotnav' with the following arguments: {'ament_cmake_args': None, 'build_base': '/home/danie/connect4_ros/build/connect4_turtlebotnav', 'catkin_cmake_args': None, 'catkin_skip_building_tests': False, 'cmake_args': None, 'cmake_clean_cache': False, 'cmake_clean_first': False, 'cmake_force_configure': False, 'cmake_target': None, 'cmake_target_skip_unavailable': False, 'install_base': '/home/danie/connect4_ros/install/connect4_turtlebotnav', 'merge_install': False, 'path': '/home/danie/connect4_ros/src/connect4_turtlebotnav', 'symlink_install': False, 'test_result_base': None}
[0.816s] INFO:colcon.colcon_core.executor:Executing jobs using 'parallel' executor
[0.817s] DEBUG:colcon.colcon_parallel_executor.executor.parallel:run_until_complete
[0.817s] INFO:colcon.colcon_ros.task.ament_python.build:Building ROS package in '/home/danie/connect4_ros/src/connect4_game' with build type 'ament_python'
[0.817s] Level 1:colcon.colcon_core.shell:create_environment_hook('connect4_game', 'ament_prefix_path')
[0.826s] INFO:colcon.colcon_core.plugin_system:Skipping extension 'colcon_core.shell.bat': Not used on non-Windows systems
[0.826s] INFO:colcon.colcon_core.shell:Creating environment hook '/home/danie/connect4_ros/install/connect4_game/share/connect4_game/hook/ament_prefix_path.ps1'
[0.827s] INFO:colcon.colcon_core.shell:Creating environment descriptor '/home/danie/connect4_ros/install/connect4_game/share/connect4_game/hook/ament_prefix_path.dsv'
[0.828s] INFO:colcon.colcon_core.shell:Creating environment hook '/home/danie/connect4_ros/install/connect4_game/share/connect4_game/hook/ament_prefix_path.sh'
[0.829s] INFO:colcon.colcon_core.shell:Skip shell extension 'powershell' for command environment: Not usable outside of PowerShell
[0.829s] DEBUG:colcon.colcon_core.shell:Skip shell extension 'dsv' for command environment
[0.834s] INFO:colcon.colcon_ros.task.ament_python.build:Building ROS package in '/home/danie/connect4_ros/src/connect4_manip' with build type 'ament_python'
[0.834s] Level 1:colcon.colcon_core.shell:create_environment_hook('connect4_manip', 'ament_prefix_path')
[0.834s] INFO:colcon.colcon_core.shell:Creating environment hook '/home/danie/connect4_ros/install/connect4_manip/share/connect4_manip/hook/ament_prefix_path.ps1'
[0.835s] INFO:colcon.colcon_core.shell:Creating environment descriptor '/home/danie/connect4_ros/install/connect4_manip/share/connect4_manip/hook/ament_prefix_path.dsv'
[0.835s] INFO:colcon.colcon_core.shell:Creating environment hook '/home/danie/connect4_ros/install/connect4_manip/share/connect4_manip/hook/ament_prefix_path.sh'
[0.836s] INFO:colcon.colcon_core.shell:Skip shell extension 'powershell' for command environment: Not usable outside of PowerShell
[0.836s] DEBUG:colcon.colcon_core.shell:Skip shell extension 'dsv' for command environment
[0.839s] INFO:colcon.colcon_ros.task.ament_python.build:Building ROS package in '/home/danie/connect4_ros/src/connect4_turtlebotnav' with build type 'ament_python'
[0.839s] Level 1:colcon.colcon_core.shell:create_environment_hook('connect4_turtlebotnav', 'ament_prefix_path')
[0.839s] INFO:colcon.colcon_core.shell:Creating environment hook '/home/danie/connect4_ros/install/connect4_turtlebotnav/share/connect4_turtlebotnav/hook/ament_prefix_path.ps1'
[0.840s] INFO:colcon.colcon_core.shell:Creating environment descriptor '/home/danie/connect4_ros/install/connect4_turtlebotnav/share/connect4_turtlebotnav/hook/ament_prefix_path.dsv'
[0.841s] INFO:colcon.colcon_core.shell:Creating environment hook '/home/danie/connect4_ros/install/connect4_turtlebotnav/share/connect4_turtlebotnav/hook/ament_prefix_path.sh'
[0.841s] INFO:colcon.colcon_core.shell:Skip shell extension 'powershell' for command environment: Not usable outside of PowerShell
[0.841s] DEBUG:colcon.colcon_core.shell:Skip shell extension 'dsv' for command environment
[1.121s] INFO:colcon.colcon_core.task.python.build:Building Python package in '/home/danie/connect4_ros/src/connect4_game'
[1.121s] INFO:colcon.colcon_core.shell:Skip shell extension 'powershell' for command environment: Not usable outside of PowerShell
[1.121s] DEBUG:colcon.colcon_core.shell:Skip shell extension 'dsv' for command environment
[1.326s] INFO:colcon.colcon_core.task.python.build:Building Python package in '/home/danie/connect4_ros/src/connect4_manip'
[1.326s] INFO:colcon.colcon_core.shell:Skip shell extension 'powershell' for command environment: Not usable outside of PowerShell
[1.326s] DEBUG:colcon.colcon_core.shell:Skip shell extension 'dsv' for command environment
[1.577s] INFO:colcon.colcon_core.task.python.build:Building Python package in '/home/danie/connect4_ros/src/connect4_turtlebotnav'
[1.577s] INFO:colcon.colcon_core.shell:Skip shell extension 'powershell' for command environment: Not usable outside of PowerShell
[1.577s] DEBUG:colcon.colcon_core.shell:Skip shell extension 'dsv' for command environment
[2.667s] DEBUG:colcon.colcon_core.event_handler.log_command:Invoking command in '/home/danie/connect4_ros/src/connect4_turtlebotnav': PYTHONPATH=/home/danie/connect4_ros/build/connect4_turtlebotnav/prefix_override:/usr/lib/python3/dist-packages/colcon_core/task/python/colcon_distutils_commands:/home/danie/connect4_ros/install/connect4_turtlebotnav/lib/python3.12/site-packages:/home/danie/connect4_ros/install/connect4_msgs/lib/python3.12/site-packages:/home/danie/connect4_ros/install/connect4_turtlebotnav/lib/python3.12/site-packages:/home/danie/connect4_ros/install/connect4_manip/lib/python3.12/site-packages:/home/danie/connect4_ros/install/connect4_game/lib/python3.12/site-packages:/opt/ros/kilted/lib/python3.12/site-packages:/opt/ros/kilted/lib/python3.12/site-packages /usr/bin/python3 -W ignore:setup.py install is deprecated -W ignore:easy_install command is deprecated setup.py egg_info --egg-base ../../build/connect4_turtlebotnav build --build-base /home/danie/connect4_ros/build/connect4_turtlebotnav/build install --record /home/danie/connect4_ros/build/connect4_turtlebotnav/install.log --single-version-externally-managed install_data
[2.678s] DEBUG:colcon.colcon_core.event_handler.log_command:Invoking command in '/home/danie/connect4_ros/src/connect4_game': PYTHONPATH=/home/danie/connect4_ros/build/connect4_game/prefix_override:/usr/lib/python3/dist-packages/colcon_core/task/python/colcon_distutils_commands:/home/danie/connect4_ros/install/connect4_game/lib/python3.12/site-packages:/home/danie/connect4_ros/install/connect4_msgs/lib/python3.12/site-packages:/home/danie/connect4_ros/install/connect4_turtlebotnav/lib/python3.12/site-packages:/home/danie/connect4_ros/install/connect4_manip/lib/python3.12/site-packages:/home/danie/connect4_ros/install/connect4_game/lib/python3.12/site-packages:/opt/ros/kilted/lib/python3.12/site-packages:/opt/ros/kilted/lib/python3.12/site-packages /usr/bin/python3 -W ignore:setup.py install is deprecated -W ignore:easy_install command is deprecated setup.py egg_info --egg-base ../../build/connect4_game build --build-base /home/danie/connect4_ros/build/connect4_game/build install --record /home/danie/connect4_ros/build/connect4_game/install.log --single-version-externally-managed install_data
[2.681s] DEBUG:colcon.colcon_core.event_handler.log_command:Invoking command in '/home/danie/connect4_ros/src/connect4_manip': PYTHONPATH=/home/danie/connect4_ros/build/connect4_manip/prefix_override:/usr/lib/python3/dist-packages/colcon_core/task/python/colcon_distutils_commands:/home/danie/connect4_ros/install/connect4_manip/lib/python3.12/site-packages:/home/danie/connect4_ros/install/connect4_msgs/lib/python3.12/site-packages:/home/danie/connect4_ros/install/connect4_turtlebotnav/lib/python3.12/site-packages:/home/danie/connect4_ros/install/connect4_manip/lib/python3.12/site-packages:/home/danie/connect4_ros/install/connect4_game/lib/python3.12/site-packages:/opt/ros/kilted/lib/python3.12/site-packages:/opt/ros/kilted/lib/python3.12/site-packages /usr/bin/python3 -W ignore:setup.py install is deprecated -W ignore:easy_install command is deprecated setup.py egg_info --egg-base ../../build/connect4_manip build --build-base /home/danie/connect4_ros/build/connect4_manip/build install --record /home/danie/connect4_ros/build/connect4_manip/install.log --single-version-externally-managed install_data
[3.285s] DEBUG:colcon.colcon_core.event_handler.log_command:Invoked command in '/home/danie/connect4_ros/src/connect4_game' returned '0': PYTHONPATH=/home/danie/connect4_ros/build/connect4_game/prefix_override:/usr/lib/python3/dist-packages/colcon_core/task/python/colcon_distutils_commands:/home/danie/connect4_ros/install/connect4_game/lib/python3.12/site-packages:/home/danie/connect4_ros/install/connect4_msgs/lib/python3.12/site-packages:/home/danie/connect4_ros/install/connect4_turtlebotnav/lib/python3.12/site-packages:/home/danie/connect4_ros/install/connect4_manip/lib/python3.12/site-packages:/home/danie/connect4_ros/install/connect4_game/lib/python3.12/site-packages:/opt/ros/kilted/lib/python3.12/site-packages:/opt/ros/kilted/lib/python3.12/site-packages /usr/bin/python3 -W ignore:setup.py install is deprecated -W ignore:easy_install command is deprecated setup.py egg_info --egg-base ../../build/connect4_game build --build-base /home/danie/connect4_ros/build/connect4_game/build install --record /home/danie/connect4_ros/build/connect4_game/install.log --single-version-externally-managed install_data
[3.297s] Level 1:colcon.colcon_core.environment:checking '/home/danie/connect4_ros/install/connect4_game' for CMake module files
[3.299s] Level 1:colcon.colcon_core.environment:checking '/home/danie/connect4_ros/install/connect4_game' for CMake config files
[3.304s] Level 1:colcon.colcon_core.environment:checking '/home/danie/connect4_ros/install/connect4_game/lib'
[3.304s] Level 1:colcon.colcon_core.environment:checking '/home/danie/connect4_ros/install/connect4_game/bin'
[3.304s] Level 1:colcon.colcon_core.environment:checking '/home/danie/connect4_ros/install/connect4_game/lib/pkgconfig/connect4_game.pc'
[3.305s] Level 1:colcon.colcon_core.environment:checking '/home/danie/connect4_ros/install/connect4_game/lib/python3.12/site-packages'
[3.305s] Level 1:colcon.colcon_core.shell:create_environment_hook('connect4_game', 'pythonpath')
[3.305s] INFO:colcon.colcon_core.shell:Creating environment hook '/home/danie/connect4_ros/install/connect4_game/share/connect4_game/hook/pythonpath.ps1'
[3.305s] INFO:colcon.colcon_core.shell:Creating environment descriptor '/home/danie/connect4_ros/install/connect4_game/share/connect4_game/hook/pythonpath.dsv'
[3.305s] INFO:colcon.colcon_core.shell:Creating environment hook '/home/danie/connect4_ros/install/connect4_game/share/connect4_game/hook/pythonpath.sh'
[3.306s] Level 1:colcon.colcon_core.environment:checking '/home/danie/connect4_ros/install/connect4_game/bin'
[3.306s] Level 1:colcon.colcon_core.environment:create_environment_scripts_only(connect4_game)
[3.306s] INFO:colcon.colcon_core.shell:Creating package script '/home/danie/connect4_ros/install/connect4_game/share/connect4_game/package.ps1'
[3.308s] INFO:colcon.colcon_core.shell:Creating package descriptor '/home/danie/connect4_ros/install/connect4_game/share/connect4_game/package.dsv'
[3.309s] INFO:colcon.colcon_core.shell:Creating package script '/home/danie/connect4_ros/install/connect4_game/share/connect4_game/package.sh'
[3.321s] INFO:colcon.colcon_core.shell:Creating package script '/home/danie/connect4_ros/install/connect4_game/share/connect4_game/package.bash'
[3.322s] INFO:colcon.colcon_core.shell:Creating package script '/home/danie/connect4_ros/install/connect4_game/share/connect4_game/package.zsh'
[3.323s] Level 1:colcon.colcon_core.environment:create_file_with_runtime_dependencies(/home/danie/connect4_ros/install/connect4_game/share/colcon-core/packages/connect4_game)
[3.326s] Level 1:colcon.colcon_core.environment:checking '/home/danie/connect4_ros/install/connect4_manip' for CMake module files
[3.326s] DEBUG:colcon.colcon_core.event_handler.log_command:Invoked command in '/home/danie/connect4_ros/src/connect4_manip' returned '0': PYTHONPATH=/home/danie/connect4_ros/build/connect4_manip/prefix_override:/usr/lib/python3/dist-packages/colcon_core/task/python/colcon_distutils_commands:/home/danie/connect4_ros/install/connect4_manip/lib/python3.12/site-packages:/home/danie/connect4_ros/install/connect4_msgs/lib/python3.12/site-packages:/home/danie/connect4_ros/install/connect4_turtlebotnav/lib/python3.12/site-packages:/home/danie/connect4_ros/install/connect4_manip/lib/python3.12/site-packages:/home/danie/connect4_ros/install/connect4_game/lib/python3.12/site-packages:/opt/ros/kilted/lib/python3.12/site-packages:/opt/ros/kilted/lib/python3.12/site-packages /usr/bin/python3 -W ignore:setup.py install is deprecated -W ignore:easy_install command is deprecated setup.py egg_info --egg-base ../../build/connect4_manip build --build-base /home/danie/connect4_ros/build/connect4_manip/build install --record /home/danie/connect4_ros/build/connect4_manip/install.log --single-version-externally-managed install_data
[3.327s] Level 1:colcon.colcon_core.environment:checking '/home/danie/connect4_ros/install/connect4_manip' for CMake config files
[3.332s] Level 1:colcon.colcon_core.environment:checking '/home/danie/connect4_ros/install/connect4_manip/lib'
[3.332s] Level 1:colcon.colcon_core.environment:checking '/home/danie/connect4_ros/install/connect4_manip/bin'
[3.332s] Level 1:colcon.colcon_core.environment:checking '/home/danie/connect4_ros/install/connect4_manip/lib/pkgconfig/connect4_manip.pc'
[3.332s] Level 1:colcon.colcon_core.environment:checking '/home/danie/connect4_ros/install/connect4_manip/lib/python3.12/site-packages'
[3.333s] Level 1:colcon.colcon_core.shell:create_environment_hook('connect4_manip', 'pythonpath')
[3.333s] INFO:colcon.colcon_core.shell:Creating environment hook '/home/danie/connect4_ros/install/connect4_manip/share/connect4_manip/hook/pythonpath.ps1'
[3.333s] INFO:colcon.colcon_core.shell:Creating environment descriptor '/home/danie/connect4_ros/install/connect4_manip/share/connect4_manip/hook/pythonpath.dsv'
[3.333s] INFO:colcon.colcon_core.shell:Creating environment hook '/home/danie/connect4_ros/install/connect4_manip/share/connect4_manip/hook/pythonpath.sh'
[3.334s] Level 1:colcon.colcon_core.environment:checking '/home/danie/connect4_ros/install/connect4_manip/bin'
[3.334s] Level 1:colcon.colcon_core.environment:create_environment_scripts_only(connect4_manip)
[3.334s] INFO:colcon.colcon_core.shell:Creating package script '/home/danie/connect4_ros/install/connect4_manip/share/connect4_manip/package.ps1'
[3.334s] INFO:colcon.colcon_core.shell:Creating package descriptor '/home/danie/connect4_ros/install/connect4_manip/share/connect4_manip/package.dsv'
[3.335s] INFO:colcon.colcon_core.shell:Creating package script '/home/danie/connect4_ros/install/connect4_manip/share/connect4_manip/package.sh'
[3.335s] INFO:colcon.colcon_core.shell:Creating package script '/home/danie/connect4_ros/install/connect4_manip/share/connect4_manip/package.bash'
[3.335s] INFO:colcon.colcon_core.shell:Creating package script '/home/danie/connect4_ros/install/connect4_manip/share/connect4_manip/package.zsh'
[3.335s] Level 1:colcon.colcon_core.environment:create_file_with_runtime_dependencies(/home/danie/connect4_ros/install/connect4_manip/share/colcon-core/packages/connect4_manip)
[3.336s] Level 1:colcon.colcon_core.environment:checking '/home/danie/connect4_ros/install/connect4_turtlebotnav' for CMake module files
[3.337s] DEBUG:colcon.colcon_core.event_handler.log_command:Invoked command in '/home/danie/connect4_ros/src/connect4_turtlebotnav' returned '0': PYTHONPATH=/home/danie/connect4_ros/build/connect4_turtlebotnav/prefix_override:/usr/lib/python3/dist-packages/colcon_core/task/python/colcon_distutils_commands:/home/danie/connect4_ros/install/connect4_turtlebotnav/lib/python3.12/site-packages:/home/danie/connect4_ros/install/connect4_msgs/lib/python3.12/site-packages:/home/danie/connect4_ros/install/connect4_turtlebotnav/lib/python3.12/site-packages:/home/danie/connect4_ros/install/connect4_manip/lib/python3.12/site-packages:/home/danie/connect4_ros/install/connect4_game/lib/python3.12/site-packages:/opt/ros/kilted/lib/python3.12/site-packages:/opt/ros/kilted/lib/python3.12/site-packages /usr/bin/python3 -W ignore:setup.py install is deprecated -W ignore:easy_install command is deprecated setup.py egg_info --egg-base ../../build/connect4_turtlebotnav build --build-base /home/danie/connect4_ros/build/connect4_turtlebotnav/build install --record /home/danie/connect4_ros/build/connect4_turtlebotnav/install.log --single-version-externally-managed install_data
[3.338s] Level 1:colcon.colcon_core.environment:checking '/home/danie/connect4_ros/install/connect4_turtlebotnav' for CMake config files
[3.340s] Level 1:colcon.colcon_core.environment:checking '/home/danie/connect4_ros/install/connect4_turtlebotnav/lib'
[3.340s] Level 1:colcon.colcon_core.environment:checking '/home/danie/connect4_ros/install/connect4_turtlebotnav/bin'
[3.340s] Level 1:colcon.colcon_core.environment:checking '/home/danie/connect4_ros/install/connect4_turtlebotnav/lib/pkgconfig/connect4_turtlebotnav.pc'
[3.340s] Level 1:colcon.colcon_core.environment:checking '/home/danie/connect4_ros/install/connect4_turtlebotnav/lib/python3.12/site-packages'
[3.340s] Level 1:colcon.colcon_core.shell:create_environment_hook('connect4_turtlebotnav', 'pythonpath')
[3.340s] INFO:colcon.colcon_core.shell:Creating environment hook '/home/danie/connect4_ros/install/connect4_turtlebotnav/share/connect4_turtlebotnav/hook/pythonpath.ps1'
[3.340s] INFO:colcon.colcon_core.shell:Creating environment descriptor '/home/danie/connect4_ros/install/connect4_turtlebotnav/share/connect4_turtlebotnav/hook/pythonpath.dsv'
[3.341s] INFO:colcon.colcon_core.shell:Creating environment hook '/home/danie/connect4_ros/install/connect4_turtlebotnav/share/connect4_turtlebotnav/hook/pythonpath.sh'
[3.341s] Level 1:colcon.colcon_core.environment:checking '/home/danie/connect4_ros/install/connect4_turtlebotnav/bin'
[3.341s] Level 1:colcon.colcon_core.environment:create_environment_scripts_only(connect4_turtlebotnav)
[3.341s] INFO:colcon.colcon_core.shell:Creating package script '/home/danie/connect4_ros/install/connect4_turtlebotnav/share/connect4_turtlebotnav/package.ps1'
[3.342s] INFO:colcon.colcon_core.shell:Creating package descriptor '/home/danie/connect4_ros/install/connect4_turtlebotnav/share/connect4_turtlebotnav/package.dsv'
[3.342s] INFO:colcon.colcon_core.shell:Creating package script '/home/danie/connect4_ros/install/connect4_turtlebotnav/share/connect4_turtlebotnav/package.sh'
[3.342s] INFO:colcon.colcon_core.shell:Creating package script '/home/danie/connect4_ros/install/connect4_turtlebotnav/share/connect4_turtlebotnav/package.bash'
[3.343s] INFO:colcon.colcon_core.shell:Creating package script '/home/danie/connect4_ros/install/connect4_turtlebotnav/share/connect4_turtlebotnav/package.zsh'
[3.343s] Level 1:colcon.colcon_core.environment:create_file_with_runtime_dependencies(/home/danie/connect4_ros/install/connect4_turtlebotnav/share/colcon-core/packages/connect4_turtlebotnav)
[3.343s] DEBUG:colcon.colcon_parallel_executor.executor.parallel:closing loop
[3.344s] DEBUG:colcon.colcon_parallel_executor.executor.parallel:loop closed
[3.344s] DEBUG:colcon.colcon_parallel_executor.executor.parallel:run_until_complete finished with '0'
[3.344s] DEBUG:colcon.colcon_core.event_reactor:joining thread
[3.398s] INFO:colcon.colcon_core.plugin_system:Skipping extension 'colcon_notification.desktop_notification.notify_send': Could not find 'notify-send'
[3.398s] INFO:colcon.colcon_core.plugin_system:Skipping extension 'colcon_notification.desktop_notification.terminal_notifier': Not used on non-Darwin systems
[3.398s] INFO:colcon.colcon_core.plugin_system:Skipping extension 'colcon_notification.desktop_notification.win32': Not used on non-Windows systems
[3.398s] INFO:colcon.colcon_notification.desktop_notification:Sending desktop notification using 'notify2'
[3.400s] DEBUG:colcon.colcon_notification.desktop_notification.notify2:Failed to initialize notify2: org.freedesktop.DBus.Error.ServiceUnknown: The name org.freedesktop.Notifications was not provided by any .service files
[3.400s] DEBUG:colcon.colcon_core.event_reactor:joined thread
[3.400s] INFO:colcon.colcon_core.shell:Creating prefix script '/home/danie/connect4_ros/install/local_setup.ps1'
[3.401s] INFO:colcon.colcon_core.shell:Creating prefix util module '/home/danie/connect4_ros/install/_local_setup_util_ps1.py'
[3.402s] INFO:colcon.colcon_core.shell:Creating prefix chain script '/home/danie/connect4_ros/install/setup.ps1'
[3.404s] INFO:colcon.colcon_core.shell:Creating prefix script '/home/danie/connect4_ros/install/local_setup.sh'
[3.404s] INFO:colcon.colcon_core.shell:Creating prefix util module '/home/danie/connect4_ros/install/_local_setup_util_sh.py'
[3.405s] INFO:colcon.colcon_core.shell:Creating prefix chain script '/home/danie/connect4_ros/install/setup.sh'
[3.406s] INFO:colcon.colcon_core.shell:Creating prefix script '/home/danie/connect4_ros/install/local_setup.bash'
[3.406s] INFO:colcon.colcon_core.shell:Creating prefix chain script '/home/danie/connect4_ros/install/setup.bash'
[3.408s] INFO:colcon.colcon_core.shell:Creating prefix script '/home/danie/connect4_ros/install/local_setup.zsh'
[3.408s] INFO:colcon.colcon_core.shell:Creating prefix chain script '/home/danie/connect4_ros/install/setup.zsh'
