[2.183s] Invoking command in '/home/danie/connect4_ros/src/connect4_game': PYTHONPATH=/home/danie/connect4_ros/build/connect4_game/prefix_override:/usr/lib/python3/dist-packages/colcon_core/task/python/colcon_distutils_commands:/home/danie/connect4_ros/install/connect4_game/lib/python3.12/site-packages:/home/danie/connect4_ros/install/connect4_msgs/lib/python3.12/site-packages:/home/danie/connect4_ros/install/connect4_turtlebotnav/lib/python3.12/site-packages:/home/danie/connect4_ros/install/connect4_perception/lib/python3.12/site-packages:/home/danie/connect4_ros/install/connect4_manip/lib/python3.12/site-packages:/home/danie/connect4_ros/install/connect4_game/lib/python3.12/site-packages:/home/danie/ros2_ws/install/track_mean/lib/python3.12/site-packages:/home/danie/ros2_ws/install/py_pubsub/lib/python3.12/site-packages:/home/danie/ros2_ws/install/custom_action_interfaces/lib/python3.12/site-packages:/home/danie/ros2_ws/install/compute_stats/lib/python3.12/site-packages:/home/danie/ros2_ws/install/action_hw/lib/python3.12/site-packages:/opt/ros/kilted/lib/python3.12/site-packages:/opt/ros/kilted/lib/python3.12/site-packages /usr/bin/python3 -W ignore:setup.py install is deprecated -W ignore:easy_install command is deprecated setup.py egg_info --egg-base ../../build/connect4_game build --build-base /home/danie/connect4_ros/build/connect4_game/build install --record /home/danie/connect4_ros/build/connect4_game/install.log --single-version-externally-managed install_data
[2.518s] running egg_info
[2.548s] writing ../../build/connect4_game/connect4_game.egg-info/PKG-INFO
[2.548s] writing dependency_links to ../../build/connect4_game/connect4_game.egg-info/dependency_links.txt
[2.549s] writing entry points to ../../build/connect4_game/connect4_game.egg-info/entry_points.txt
[2.549s] writing requirements to ../../build/connect4_game/connect4_game.egg-info/requires.txt
[2.549s] writing top-level names to ../../build/connect4_game/connect4_game.egg-info/top_level.txt
[2.599s] reading manifest file '../../build/connect4_game/connect4_game.egg-info/SOURCES.txt'
[2.600s] writing manifest file '../../build/connect4_game/connect4_game.egg-info/SOURCES.txt'
[2.600s] running build
[2.600s] running build_py
[2.601s] running install
[2.606s] running install_lib
[2.637s] running install_data
[2.637s] running install_egg_info
[2.663s] removing '/home/danie/connect4_ros/install/connect4_game/lib/python3.12/site-packages/connect4_game-0.0.0-py3.12.egg-info' (and everything under it)
[2.664s] Copying ../../build/connect4_game/connect4_game.egg-info to /home/danie/connect4_ros/install/connect4_game/lib/python3.12/site-packages/connect4_game-0.0.0-py3.12.egg-info
[2.666s] running install_scripts
[2.823s] Installing referee_node script to /home/danie/connect4_ros/install/connect4_game/lib/connect4_game
[2.823s] writing list of installed files to '/home/danie/connect4_ros/build/connect4_game/install.log'
[2.862s] Invoked command in '/home/danie/connect4_ros/src/connect4_game' returned '0': PYTHONPATH=/home/danie/connect4_ros/build/connect4_game/prefix_override:/usr/lib/python3/dist-packages/colcon_core/task/python/colcon_distutils_commands:/home/danie/connect4_ros/install/connect4_game/lib/python3.12/site-packages:/home/danie/connect4_ros/install/connect4_msgs/lib/python3.12/site-packages:/home/danie/connect4_ros/install/connect4_turtlebotnav/lib/python3.12/site-packages:/home/danie/connect4_ros/install/connect4_perception/lib/python3.12/site-packages:/home/danie/connect4_ros/install/connect4_manip/lib/python3.12/site-packages:/home/danie/connect4_ros/install/connect4_game/lib/python3.12/site-packages:/home/danie/ros2_ws/install/track_mean/lib/python3.12/site-packages:/home/danie/ros2_ws/install/py_pubsub/lib/python3.12/site-packages:/home/danie/ros2_ws/install/custom_action_interfaces/lib/python3.12/site-packages:/home/danie/ros2_ws/install/compute_stats/lib/python3.12/site-packages:/home/danie/ros2_ws/install/action_hw/lib/python3.12/site-packages:/opt/ros/kilted/lib/python3.12/site-packages:/opt/ros/kilted/lib/python3.12/site-packages /usr/bin/python3 -W ignore:setup.py install is deprecated -W ignore:easy_install command is deprecated setup.py egg_info --egg-base ../../build/connect4_game build --build-base /home/danie/connect4_ros/build/connect4_game/build install --record /home/danie/connect4_ros/build/connect4_game/install.log --single-version-externally-managed install_data
