[  1%] Built target connect4_msgs__rosidl_generator_type_description
[  1%] Built target ament_cmake_python_copy_connect4_msgs
[  3%] Built target connect4_msgs__cpp
[ 25%] Built target connect4_msgs__rosidl_generator_c
[ 43%] Built target connect4_msgs__rosidl_typesupport_c
[ 43%] Built target connect4_msgs__rosidl_typesupport_introspection_c
[ 53%] Built target connect4_msgs__rosidl_typesupport_cpp
[ 62%] Built target connect4_msgs__rosidl_typesupport_fastrtps_c
[ 71%] Built target connect4_msgs__rosidl_typesupport_introspection_cpp
[ 81%] Built target connect4_msgs__rosidl_typesupport_fastrtps_cpp
[ 81%] Built target connect4_msgs
[ 82%] Built target connect4_msgs__py
[ 90%] Built target connect4_msgs__rosidl_generator_py
[ 93%] Built target connect4_msgs_s__rosidl_typesupport_c
[100%] Built target connect4_msgs_s__rosidl_typesupport_fastrtps_c
[100%] Built target connect4_msgs_s__rosidl_typesupport_introspection_c
running egg_info
writing connect4_msgs.egg-info/PKG-INFO
writing dependency_links to connect4_msgs.egg-info/dependency_links.txt
writing top-level names to connect4_msgs.egg-info/top_level.txt
reading manifest file 'connect4_msgs.egg-info/SOURCES.txt'
writing manifest file 'connect4_msgs.egg-info/SOURCES.txt'
[100%] Built target ament_cmake_python_build_connect4_msgs_egg
-- Install configuration: ""
-- Up-to-date: /home/danie/connect4_ros/install/connect4_msgs/share/ament_index/resource_index/rosidl_interfaces/connect4_msgs
-- Up-to-date: /home/danie/connect4_ros/install/connect4_msgs/share/connect4_msgs/msg/BoardState.json
-- Up-to-date: /home/danie/connect4_ros/install/connect4_msgs/share/connect4_msgs/msg/Winner.json
-- Up-to-date: /home/danie/connect4_ros/install/connect4_msgs/share/connect4_msgs/action/DeliverBlock.json
-- Up-to-date: /home/danie/connect4_ros/install/connect4_msgs/share/connect4_msgs/action/ResetBoard.json
-- Up-to-date: /home/danie/connect4_ros/install/connect4_msgs/include/connect4_msgs/connect4_msgs
-- Up-to-date: /home/danie/connect4_ros/install/connect4_msgs/include/connect4_msgs/connect4_msgs/msg
-- Up-to-date: /home/danie/connect4_ros/install/connect4_msgs/include/connect4_msgs/connect4_msgs/msg/detail
-- Up-to-date: /home/danie/connect4_ros/install/connect4_msgs/include/connect4_msgs/connect4_msgs/msg/detail/board_state__type_support.h
-- Up-to-date: /home/danie/connect4_ros/install/connect4_msgs/include/connect4_msgs/connect4_msgs/msg/detail/winner__type_support.h
-- Up-to-date: /home/danie/connect4_ros/install/connect4_msgs/include/connect4_msgs/connect4_msgs/msg/detail/winner__description.c
-- Installing: /home/danie/connect4_ros/install/connect4_msgs/include/connect4_msgs/connect4_msgs/msg/detail/board_state__type_support.c
-- Up-to-date: /home/danie/connect4_ros/install/connect4_msgs/include/connect4_msgs/connect4_msgs/msg/detail/board_state__functions.h
-- Installing: /home/danie/connect4_ros/install/connect4_msgs/include/connect4_msgs/connect4_msgs/msg/detail/winner__type_support.c
-- Up-to-date: /home/danie/connect4_ros/install/connect4_msgs/include/connect4_msgs/connect4_msgs/msg/detail/winner__functions.h
-- Up-to-date: /home/danie/connect4_ros/install/connect4_msgs/include/connect4_msgs/connect4_msgs/msg/detail/board_state__struct.h
-- Up-to-date: /home/danie/connect4_ros/install/connect4_msgs/include/connect4_msgs/connect4_msgs/msg/detail/winner__functions.c
-- Up-to-date: /home/danie/connect4_ros/install/connect4_msgs/include/connect4_msgs/connect4_msgs/msg/detail/winner__struct.h
-- Up-to-date: /home/danie/connect4_ros/install/connect4_msgs/include/connect4_msgs/connect4_msgs/msg/detail/board_state__description.c
-- Up-to-date: /home/danie/connect4_ros/install/connect4_msgs/include/connect4_msgs/connect4_msgs/msg/detail/board_state__functions.c
-- Up-to-date: /home/danie/connect4_ros/install/connect4_msgs/include/connect4_msgs/connect4_msgs/msg/rosidl_generator_c__visibility_control.h
-- Up-to-date: /home/danie/connect4_ros/install/connect4_msgs/include/connect4_msgs/connect4_msgs/msg/board_state.h
-- Up-to-date: /home/danie/connect4_ros/install/connect4_msgs/include/connect4_msgs/connect4_msgs/msg/winner.h
-- Up-to-date: /home/danie/connect4_ros/install/connect4_msgs/include/connect4_msgs/connect4_msgs/action
-- Up-to-date: /home/danie/connect4_ros/install/connect4_msgs/include/connect4_msgs/connect4_msgs/action/detail
-- Installing: /home/danie/connect4_ros/install/connect4_msgs/include/connect4_msgs/connect4_msgs/action/detail/deliver_block__type_support.c
-- Up-to-date: /home/danie/connect4_ros/install/connect4_msgs/include/connect4_msgs/connect4_msgs/action/detail/reset_board__description.c
-- Up-to-date: /home/danie/connect4_ros/install/connect4_msgs/include/connect4_msgs/connect4_msgs/action/detail/deliver_block__struct.h
-- Up-to-date: /home/danie/connect4_ros/install/connect4_msgs/include/connect4_msgs/connect4_msgs/action/detail/deliver_block__functions.h
-- Up-to-date: /home/danie/connect4_ros/install/connect4_msgs/include/connect4_msgs/connect4_msgs/action/detail/deliver_block__description.c
-- Up-to-date: /home/danie/connect4_ros/install/connect4_msgs/include/connect4_msgs/connect4_msgs/action/detail/reset_board__functions.c
-- Up-to-date: /home/danie/connect4_ros/install/connect4_msgs/include/connect4_msgs/connect4_msgs/action/detail/deliver_block__functions.c
-- Up-to-date: /home/danie/connect4_ros/install/connect4_msgs/include/connect4_msgs/connect4_msgs/action/detail/reset_board__struct.h
-- Up-to-date: /home/danie/connect4_ros/install/connect4_msgs/include/connect4_msgs/connect4_msgs/action/detail/reset_board__type_support.h
-- Up-to-date: /home/danie/connect4_ros/install/connect4_msgs/include/connect4_msgs/connect4_msgs/action/detail/deliver_block__type_support.h
-- Up-to-date: /home/danie/connect4_ros/install/connect4_msgs/include/connect4_msgs/connect4_msgs/action/detail/reset_board__functions.h
-- Installing: /home/danie/connect4_ros/install/connect4_msgs/include/connect4_msgs/connect4_msgs/action/detail/reset_board__type_support.c
-- Up-to-date: /home/danie/connect4_ros/install/connect4_msgs/include/connect4_msgs/connect4_msgs/action/reset_board.h
-- Up-to-date: /home/danie/connect4_ros/install/connect4_msgs/include/connect4_msgs/connect4_msgs/action/deliver_block.h
-- Up-to-date: /home/danie/connect4_ros/install/connect4_msgs/share/connect4_msgs/environment/library_path.sh
-- Up-to-date: /home/danie/connect4_ros/install/connect4_msgs/share/connect4_msgs/environment/library_path.dsv
-- Up-to-date: /home/danie/connect4_ros/install/connect4_msgs/lib/libconnect4_msgs__rosidl_generator_c.so
-- Up-to-date: /home/danie/connect4_ros/install/connect4_msgs/include/connect4_msgs/connect4_msgs
-- Up-to-date: /home/danie/connect4_ros/install/connect4_msgs/include/connect4_msgs/connect4_msgs/msg
-- Up-to-date: /home/danie/connect4_ros/install/connect4_msgs/include/connect4_msgs/connect4_msgs/msg/detail
-- Up-to-date: /home/danie/connect4_ros/install/connect4_msgs/include/connect4_msgs/connect4_msgs/msg/detail/winner__rosidl_typesupport_fastrtps_c.h
-- Up-to-date: /home/danie/connect4_ros/install/connect4_msgs/include/connect4_msgs/connect4_msgs/msg/detail/board_state__rosidl_typesupport_fastrtps_c.h
-- Up-to-date: /home/danie/connect4_ros/install/connect4_msgs/include/connect4_msgs/connect4_msgs/msg/rosidl_typesupport_fastrtps_c__visibility_control.h
-- Up-to-date: /home/danie/connect4_ros/install/connect4_msgs/include/connect4_msgs/connect4_msgs/action
-- Up-to-date: /home/danie/connect4_ros/install/connect4_msgs/include/connect4_msgs/connect4_msgs/action/detail
-- Up-to-date: /home/danie/connect4_ros/install/connect4_msgs/include/connect4_msgs/connect4_msgs/action/detail/deliver_block__rosidl_typesupport_fastrtps_c.h
-- Up-to-date: /home/danie/connect4_ros/install/connect4_msgs/include/connect4_msgs/connect4_msgs/action/detail/reset_board__rosidl_typesupport_fastrtps_c.h
-- Up-to-date: /home/danie/connect4_ros/install/connect4_msgs/lib/libconnect4_msgs__rosidl_typesupport_fastrtps_c.so
-- Up-to-date: /home/danie/connect4_ros/install/connect4_msgs/include/connect4_msgs/connect4_msgs
-- Up-to-date: /home/danie/connect4_ros/install/connect4_msgs/include/connect4_msgs/connect4_msgs/msg
-- Up-to-date: /home/danie/connect4_ros/install/connect4_msgs/include/connect4_msgs/connect4_msgs/msg/detail
-- Up-to-date: /home/danie/connect4_ros/install/connect4_msgs/include/connect4_msgs/connect4_msgs/msg/detail/winner__rosidl_typesupport_introspection_c.h
-- Installing: /home/danie/connect4_ros/install/connect4_msgs/include/connect4_msgs/connect4_msgs/msg/detail/board_state__type_support.c
-- Up-to-date: /home/danie/connect4_ros/install/connect4_msgs/include/connect4_msgs/connect4_msgs/msg/detail/board_state__rosidl_typesupport_introspection_c.h
-- Installing: /home/danie/connect4_ros/install/connect4_msgs/include/connect4_msgs/connect4_msgs/msg/detail/winner__type_support.c
-- Up-to-date: /home/danie/connect4_ros/install/connect4_msgs/include/connect4_msgs/connect4_msgs/msg/rosidl_typesupport_introspection_c__visibility_control.h
-- Up-to-date: /home/danie/connect4_ros/install/connect4_msgs/include/connect4_msgs/connect4_msgs/action
-- Up-to-date: /home/danie/connect4_ros/install/connect4_msgs/include/connect4_msgs/connect4_msgs/action/detail
-- Installing: /home/danie/connect4_ros/install/connect4_msgs/include/connect4_msgs/connect4_msgs/action/detail/deliver_block__type_support.c
-- Up-to-date: /home/danie/connect4_ros/install/connect4_msgs/include/connect4_msgs/connect4_msgs/action/detail/deliver_block__rosidl_typesupport_introspection_c.h
-- Up-to-date: /home/danie/connect4_ros/install/connect4_msgs/include/connect4_msgs/connect4_msgs/action/detail/reset_board__rosidl_typesupport_introspection_c.h
-- Installing: /home/danie/connect4_ros/install/connect4_msgs/include/connect4_msgs/connect4_msgs/action/detail/reset_board__type_support.c
-- Up-to-date: /home/danie/connect4_ros/install/connect4_msgs/lib/libconnect4_msgs__rosidl_typesupport_introspection_c.so
-- Up-to-date: /home/danie/connect4_ros/install/connect4_msgs/lib/libconnect4_msgs__rosidl_typesupport_c.so
-- Up-to-date: /home/danie/connect4_ros/install/connect4_msgs/include/connect4_msgs/connect4_msgs
-- Up-to-date: /home/danie/connect4_ros/install/connect4_msgs/include/connect4_msgs/connect4_msgs/msg
-- Up-to-date: /home/danie/connect4_ros/install/connect4_msgs/include/connect4_msgs/connect4_msgs/msg/detail
-- Up-to-date: /home/danie/connect4_ros/install/connect4_msgs/include/connect4_msgs/connect4_msgs/msg/detail/board_state__traits.hpp
-- Up-to-date: /home/danie/connect4_ros/install/connect4_msgs/include/connect4_msgs/connect4_msgs/msg/detail/winner__builder.hpp
-- Up-to-date: /home/danie/connect4_ros/install/connect4_msgs/include/connect4_msgs/connect4_msgs/msg/detail/board_state__builder.hpp
-- Up-to-date: /home/danie/connect4_ros/install/connect4_msgs/include/connect4_msgs/connect4_msgs/msg/detail/winner__traits.hpp
-- Up-to-date: /home/danie/connect4_ros/install/connect4_msgs/include/connect4_msgs/connect4_msgs/msg/detail/board_state__struct.hpp
-- Up-to-date: /home/danie/connect4_ros/install/connect4_msgs/include/connect4_msgs/connect4_msgs/msg/detail/winner__struct.hpp
-- Up-to-date: /home/danie/connect4_ros/install/connect4_msgs/include/connect4_msgs/connect4_msgs/msg/detail/winner__type_support.hpp
-- Up-to-date: /home/danie/connect4_ros/install/connect4_msgs/include/connect4_msgs/connect4_msgs/msg/detail/board_state__type_support.hpp
-- Up-to-date: /home/danie/connect4_ros/install/connect4_msgs/include/connect4_msgs/connect4_msgs/msg/rosidl_generator_cpp__visibility_control.hpp
-- Up-to-date: /home/danie/connect4_ros/install/connect4_msgs/include/connect4_msgs/connect4_msgs/msg/winner.hpp
-- Up-to-date: /home/danie/connect4_ros/install/connect4_msgs/include/connect4_msgs/connect4_msgs/msg/board_state.hpp
-- Up-to-date: /home/danie/connect4_ros/install/connect4_msgs/include/connect4_msgs/connect4_msgs/action
-- Up-to-date: /home/danie/connect4_ros/install/connect4_msgs/include/connect4_msgs/connect4_msgs/action/deliver_block.hpp
-- Up-to-date: /home/danie/connect4_ros/install/connect4_msgs/include/connect4_msgs/connect4_msgs/action/detail
-- Up-to-date: /home/danie/connect4_ros/install/connect4_msgs/include/connect4_msgs/connect4_msgs/action/detail/reset_board__struct.hpp
-- Up-to-date: /home/danie/connect4_ros/install/connect4_msgs/include/connect4_msgs/connect4_msgs/action/detail/deliver_block__builder.hpp
-- Up-to-date: /home/danie/connect4_ros/install/connect4_msgs/include/connect4_msgs/connect4_msgs/action/detail/reset_board__type_support.hpp
-- Up-to-date: /home/danie/connect4_ros/install/connect4_msgs/include/connect4_msgs/connect4_msgs/action/detail/deliver_block__struct.hpp
-- Up-to-date: /home/danie/connect4_ros/install/connect4_msgs/include/connect4_msgs/connect4_msgs/action/detail/reset_board__builder.hpp
-- Up-to-date: /home/danie/connect4_ros/install/connect4_msgs/include/connect4_msgs/connect4_msgs/action/detail/reset_board__traits.hpp
-- Up-to-date: /home/danie/connect4_ros/install/connect4_msgs/include/connect4_msgs/connect4_msgs/action/detail/deliver_block__type_support.hpp
-- Up-to-date: /home/danie/connect4_ros/install/connect4_msgs/include/connect4_msgs/connect4_msgs/action/detail/deliver_block__traits.hpp
-- Up-to-date: /home/danie/connect4_ros/install/connect4_msgs/include/connect4_msgs/connect4_msgs/action/reset_board.hpp
-- Up-to-date: /home/danie/connect4_ros/install/connect4_msgs/include/connect4_msgs/connect4_msgs
-- Up-to-date: /home/danie/connect4_ros/install/connect4_msgs/include/connect4_msgs/connect4_msgs/msg
-- Up-to-date: /home/danie/connect4_ros/install/connect4_msgs/include/connect4_msgs/connect4_msgs/msg/detail
-- Up-to-date: /home/danie/connect4_ros/install/connect4_msgs/include/connect4_msgs/connect4_msgs/msg/detail/board_state__rosidl_typesupport_fastrtps_cpp.hpp
-- Up-to-date: /home/danie/connect4_ros/install/connect4_msgs/include/connect4_msgs/connect4_msgs/msg/detail/dds_fastrtps
-- Up-to-date: /home/danie/connect4_ros/install/connect4_msgs/include/connect4_msgs/connect4_msgs/msg/detail/winner__rosidl_typesupport_fastrtps_cpp.hpp
-- Up-to-date: /home/danie/connect4_ros/install/connect4_msgs/include/connect4_msgs/connect4_msgs/msg/rosidl_typesupport_fastrtps_cpp__visibility_control.h
-- Up-to-date: /home/danie/connect4_ros/install/connect4_msgs/include/connect4_msgs/connect4_msgs/action
-- Up-to-date: /home/danie/connect4_ros/install/connect4_msgs/include/connect4_msgs/connect4_msgs/action/detail
-- Up-to-date: /home/danie/connect4_ros/install/connect4_msgs/include/connect4_msgs/connect4_msgs/action/detail/dds_fastrtps
-- Up-to-date: /home/danie/connect4_ros/install/connect4_msgs/include/connect4_msgs/connect4_msgs/action/detail/reset_board__rosidl_typesupport_fastrtps_cpp.hpp
-- Up-to-date: /home/danie/connect4_ros/install/connect4_msgs/include/connect4_msgs/connect4_msgs/action/detail/deliver_block__rosidl_typesupport_fastrtps_cpp.hpp
-- Up-to-date: /home/danie/connect4_ros/install/connect4_msgs/lib/libconnect4_msgs__rosidl_typesupport_fastrtps_cpp.so
-- Up-to-date: /home/danie/connect4_ros/install/connect4_msgs/include/connect4_msgs/connect4_msgs
-- Up-to-date: /home/danie/connect4_ros/install/connect4_msgs/include/connect4_msgs/connect4_msgs/msg
-- Up-to-date: /home/danie/connect4_ros/install/connect4_msgs/include/connect4_msgs/connect4_msgs/msg/detail
-- Up-to-date: /home/danie/connect4_ros/install/connect4_msgs/include/connect4_msgs/connect4_msgs/msg/detail/board_state__rosidl_typesupport_introspection_cpp.hpp
-- Up-to-date: /home/danie/connect4_ros/install/connect4_msgs/include/connect4_msgs/connect4_msgs/msg/detail/winner__type_support.cpp
-- Up-to-date: /home/danie/connect4_ros/install/connect4_msgs/include/connect4_msgs/connect4_msgs/msg/detail/winner__rosidl_typesupport_introspection_cpp.hpp
-- Up-to-date: /home/danie/connect4_ros/install/connect4_msgs/include/connect4_msgs/connect4_msgs/msg/detail/board_state__type_support.cpp
-- Up-to-date: /home/danie/connect4_ros/install/connect4_msgs/include/connect4_msgs/connect4_msgs/action
-- Up-to-date: /home/danie/connect4_ros/install/connect4_msgs/include/connect4_msgs/connect4_msgs/action/detail
-- Up-to-date: /home/danie/connect4_ros/install/connect4_msgs/include/connect4_msgs/connect4_msgs/action/detail/reset_board__type_support.cpp
-- Up-to-date: /home/danie/connect4_ros/install/connect4_msgs/include/connect4_msgs/connect4_msgs/action/detail/deliver_block__type_support.cpp
-- Up-to-date: /home/danie/connect4_ros/install/connect4_msgs/include/connect4_msgs/connect4_msgs/action/detail/deliver_block__rosidl_typesupport_introspection_cpp.hpp
-- Up-to-date: /home/danie/connect4_ros/install/connect4_msgs/include/connect4_msgs/connect4_msgs/action/detail/reset_board__rosidl_typesupport_introspection_cpp.hpp
-- Up-to-date: /home/danie/connect4_ros/install/connect4_msgs/lib/libconnect4_msgs__rosidl_typesupport_introspection_cpp.so
-- Up-to-date: /home/danie/connect4_ros/install/connect4_msgs/lib/libconnect4_msgs__rosidl_typesupport_cpp.so
-- Up-to-date: /home/danie/connect4_ros/install/connect4_msgs/share/connect4_msgs/environment/pythonpath.sh
-- Up-to-date: /home/danie/connect4_ros/install/connect4_msgs/share/connect4_msgs/environment/pythonpath.dsv
-- Up-to-date: /home/danie/connect4_ros/install/connect4_msgs/lib/python3.12/site-packages/connect4_msgs-0.0.0-py3.12.egg-info
-- Installing: /home/danie/connect4_ros/install/connect4_msgs/lib/python3.12/site-packages/connect4_msgs-0.0.0-py3.12.egg-info/PKG-INFO
-- Installing: /home/danie/connect4_ros/install/connect4_msgs/lib/python3.12/site-packages/connect4_msgs-0.0.0-py3.12.egg-info/SOURCES.txt
-- Installing: /home/danie/connect4_ros/install/connect4_msgs/lib/python3.12/site-packages/connect4_msgs-0.0.0-py3.12.egg-info/dependency_links.txt
-- Installing: /home/danie/connect4_ros/install/connect4_msgs/lib/python3.12/site-packages/connect4_msgs-0.0.0-py3.12.egg-info/top_level.txt
-- Up-to-date: /home/danie/connect4_ros/install/connect4_msgs/lib/python3.12/site-packages/connect4_msgs
-- Up-to-date: /home/danie/connect4_ros/install/connect4_msgs/lib/python3.12/site-packages/connect4_msgs/connect4_msgs_s__rosidl_typesupport_introspection_c.so
-- Up-to-date: /home/danie/connect4_ros/install/connect4_msgs/lib/python3.12/site-packages/connect4_msgs/_connect4_msgs_s.ep.rosidl_typesupport_c.c
-- Up-to-date: /home/danie/connect4_ros/install/connect4_msgs/lib/python3.12/site-packages/connect4_msgs/msg
-- Up-to-date: /home/danie/connect4_ros/install/connect4_msgs/lib/python3.12/site-packages/connect4_msgs/msg/_board_state_s.c
-- Up-to-date: /home/danie/connect4_ros/install/connect4_msgs/lib/python3.12/site-packages/connect4_msgs/msg/_board_state.py
-- Up-to-date: /home/danie/connect4_ros/install/connect4_msgs/lib/python3.12/site-packages/connect4_msgs/msg/_winner.py
-- Up-to-date: /home/danie/connect4_ros/install/connect4_msgs/lib/python3.12/site-packages/connect4_msgs/msg/__init__.py
-- Up-to-date: /home/danie/connect4_ros/install/connect4_msgs/lib/python3.12/site-packages/connect4_msgs/msg/_winner_s.c
-- Up-to-date: /home/danie/connect4_ros/install/connect4_msgs/lib/python3.12/site-packages/connect4_msgs/action
-- Up-to-date: /home/danie/connect4_ros/install/connect4_msgs/lib/python3.12/site-packages/connect4_msgs/action/_reset_board.py
-- Up-to-date: /home/danie/connect4_ros/install/connect4_msgs/lib/python3.12/site-packages/connect4_msgs/action/_deliver_block.py
-- Up-to-date: /home/danie/connect4_ros/install/connect4_msgs/lib/python3.12/site-packages/connect4_msgs/action/_deliver_block_s.c
-- Up-to-date: /home/danie/connect4_ros/install/connect4_msgs/lib/python3.12/site-packages/connect4_msgs/action/_reset_board_s.c
-- Up-to-date: /home/danie/connect4_ros/install/connect4_msgs/lib/python3.12/site-packages/connect4_msgs/action/__init__.py
-- Up-to-date: /home/danie/connect4_ros/install/connect4_msgs/lib/python3.12/site-packages/connect4_msgs/_connect4_msgs_s.ep.rosidl_typesupport_fastrtps_c.c
-- Up-to-date: /home/danie/connect4_ros/install/connect4_msgs/lib/python3.12/site-packages/connect4_msgs/_connect4_msgs_s.ep.rosidl_typesupport_introspection_c.c
-- Up-to-date: /home/danie/connect4_ros/install/connect4_msgs/lib/python3.12/site-packages/connect4_msgs/connect4_msgs_s__rosidl_typesupport_fastrtps_c.so
-- Up-to-date: /home/danie/connect4_ros/install/connect4_msgs/lib/python3.12/site-packages/connect4_msgs/__init__.py
-- Up-to-date: /home/danie/connect4_ros/install/connect4_msgs/lib/python3.12/site-packages/connect4_msgs/connect4_msgs_s__rosidl_typesupport_c.so
Listing '/home/danie/connect4_ros/install/connect4_msgs/lib/python3.12/site-packages/connect4_msgs'...
Listing '/home/danie/connect4_ros/install/connect4_msgs/lib/python3.12/site-packages/connect4_msgs/action'...
Listing '/home/danie/connect4_ros/install/connect4_msgs/lib/python3.12/site-packages/connect4_msgs/msg'...
-- Up-to-date: /home/danie/connect4_ros/install/connect4_msgs/lib/python3.12/site-packages/connect4_msgs/connect4_msgs_s__rosidl_typesupport_fastrtps_c.so
-- Up-to-date: /home/danie/connect4_ros/install/connect4_msgs/lib/python3.12/site-packages/connect4_msgs/connect4_msgs_s__rosidl_typesupport_introspection_c.so
-- Up-to-date: /home/danie/connect4_ros/install/connect4_msgs/lib/python3.12/site-packages/connect4_msgs/connect4_msgs_s__rosidl_typesupport_c.so
-- Up-to-date: /home/danie/connect4_ros/install/connect4_msgs/lib/libconnect4_msgs__rosidl_generator_py.so
-- Up-to-date: /home/danie/connect4_ros/install/connect4_msgs/share/connect4_msgs/msg/BoardState.idl
-- Up-to-date: /home/danie/connect4_ros/install/connect4_msgs/share/connect4_msgs/msg/Winner.idl
-- Up-to-date: /home/danie/connect4_ros/install/connect4_msgs/share/connect4_msgs/action/DeliverBlock.idl
-- Up-to-date: /home/danie/connect4_ros/install/connect4_msgs/share/connect4_msgs/action/ResetBoard.idl
-- Up-to-date: /home/danie/connect4_ros/install/connect4_msgs/share/connect4_msgs/msg/BoardState.msg
-- Up-to-date: /home/danie/connect4_ros/install/connect4_msgs/share/connect4_msgs/msg/Winner.msg
-- Up-to-date: /home/danie/connect4_ros/install/connect4_msgs/share/connect4_msgs/action/DeliverBlock.action
-- Up-to-date: /home/danie/connect4_ros/install/connect4_msgs/share/connect4_msgs/action/ResetBoard.action
-- Up-to-date: /home/danie/connect4_ros/install/connect4_msgs/share/ament_index/resource_index/package_run_dependencies/connect4_msgs
-- Up-to-date: /home/danie/connect4_ros/install/connect4_msgs/share/ament_index/resource_index/parent_prefix_path/connect4_msgs
-- Up-to-date: /home/danie/connect4_ros/install/connect4_msgs/share/connect4_msgs/environment/ament_prefix_path.sh
-- Up-to-date: /home/danie/connect4_ros/install/connect4_msgs/share/connect4_msgs/environment/ament_prefix_path.dsv
-- Up-to-date: /home/danie/connect4_ros/install/connect4_msgs/share/connect4_msgs/environment/path.sh
-- Up-to-date: /home/danie/connect4_ros/install/connect4_msgs/share/connect4_msgs/environment/path.dsv
-- Up-to-date: /home/danie/connect4_ros/install/connect4_msgs/share/connect4_msgs/local_setup.bash
-- Up-to-date: /home/danie/connect4_ros/install/connect4_msgs/share/connect4_msgs/local_setup.sh
-- Up-to-date: /home/danie/connect4_ros/install/connect4_msgs/share/connect4_msgs/local_setup.zsh
-- Up-to-date: /home/danie/connect4_ros/install/connect4_msgs/share/connect4_msgs/local_setup.dsv
-- Installing: /home/danie/connect4_ros/install/connect4_msgs/share/connect4_msgs/package.dsv
-- Up-to-date: /home/danie/connect4_ros/install/connect4_msgs/share/ament_index/resource_index/packages/connect4_msgs
-- Up-to-date: /home/danie/connect4_ros/install/connect4_msgs/share/connect4_msgs/cmake/export_connect4_msgs__rosidl_generator_cExport.cmake
-- Up-to-date: /home/danie/connect4_ros/install/connect4_msgs/share/connect4_msgs/cmake/export_connect4_msgs__rosidl_generator_cExport-noconfig.cmake
-- Up-to-date: /home/danie/connect4_ros/install/connect4_msgs/share/connect4_msgs/cmake/export_connect4_msgs__rosidl_typesupport_fastrtps_cExport.cmake
-- Up-to-date: /home/danie/connect4_ros/install/connect4_msgs/share/connect4_msgs/cmake/export_connect4_msgs__rosidl_typesupport_fastrtps_cExport-noconfig.cmake
-- Up-to-date: /home/danie/connect4_ros/install/connect4_msgs/share/connect4_msgs/cmake/connect4_msgs__rosidl_typesupport_introspection_cExport.cmake
-- Up-to-date: /home/danie/connect4_ros/install/connect4_msgs/share/connect4_msgs/cmake/connect4_msgs__rosidl_typesupport_introspection_cExport-noconfig.cmake
-- Up-to-date: /home/danie/connect4_ros/install/connect4_msgs/share/connect4_msgs/cmake/connect4_msgs__rosidl_typesupport_cExport.cmake
-- Up-to-date: /home/danie/connect4_ros/install/connect4_msgs/share/connect4_msgs/cmake/connect4_msgs__rosidl_typesupport_cExport-noconfig.cmake
-- Up-to-date: /home/danie/connect4_ros/install/connect4_msgs/share/connect4_msgs/cmake/export_connect4_msgs__rosidl_generator_cppExport.cmake
-- Up-to-date: /home/danie/connect4_ros/install/connect4_msgs/share/connect4_msgs/cmake/export_connect4_msgs__rosidl_typesupport_fastrtps_cppExport.cmake
-- Up-to-date: /home/danie/connect4_ros/install/connect4_msgs/share/connect4_msgs/cmake/export_connect4_msgs__rosidl_typesupport_fastrtps_cppExport-noconfig.cmake
-- Up-to-date: /home/danie/connect4_ros/install/connect4_msgs/share/connect4_msgs/cmake/connect4_msgs__rosidl_typesupport_introspection_cppExport.cmake
-- Up-to-date: /home/danie/connect4_ros/install/connect4_msgs/share/connect4_msgs/cmake/connect4_msgs__rosidl_typesupport_introspection_cppExport-noconfig.cmake
-- Up-to-date: /home/danie/connect4_ros/install/connect4_msgs/share/connect4_msgs/cmake/connect4_msgs__rosidl_typesupport_cppExport.cmake
-- Up-to-date: /home/danie/connect4_ros/install/connect4_msgs/share/connect4_msgs/cmake/connect4_msgs__rosidl_typesupport_cppExport-noconfig.cmake
-- Up-to-date: /home/danie/connect4_ros/install/connect4_msgs/share/connect4_msgs/cmake/export_connect4_msgs__rosidl_generator_pyExport.cmake
-- Up-to-date: /home/danie/connect4_ros/install/connect4_msgs/share/connect4_msgs/cmake/export_connect4_msgs__rosidl_generator_pyExport-noconfig.cmake
-- Up-to-date: /home/danie/connect4_ros/install/connect4_msgs/share/connect4_msgs/cmake/rosidl_cmake-extras.cmake
-- Up-to-date: /home/danie/connect4_ros/install/connect4_msgs/share/connect4_msgs/cmake/ament_cmake_export_dependencies-extras.cmake
-- Up-to-date: /home/danie/connect4_ros/install/connect4_msgs/share/connect4_msgs/cmake/ament_cmake_export_include_directories-extras.cmake
-- Up-to-date: /home/danie/connect4_ros/install/connect4_msgs/share/connect4_msgs/cmake/ament_cmake_export_libraries-extras.cmake
-- Up-to-date: /home/danie/connect4_ros/install/connect4_msgs/share/connect4_msgs/cmake/ament_cmake_export_targets-extras.cmake
-- Up-to-date: /home/danie/connect4_ros/install/connect4_msgs/share/connect4_msgs/cmake/rosidl_cmake_export_typesupport_targets-extras.cmake
-- Up-to-date: /home/danie/connect4_ros/install/connect4_msgs/share/connect4_msgs/cmake/rosidl_cmake_export_typesupport_libraries-extras.cmake
-- Up-to-date: /home/danie/connect4_ros/install/connect4_msgs/share/connect4_msgs/cmake/connect4_msgsConfig.cmake
-- Up-to-date: /home/danie/connect4_ros/install/connect4_msgs/share/connect4_msgs/cmake/connect4_msgsConfig-version.cmake
-- Up-to-date: /home/danie/connect4_ros/install/connect4_msgs/share/connect4_msgs/package.xml
