[2.176s] Invoking command in '/home/danie/connect4_ros/src/connect4_manip': PYTHONPATH=/home/danie/connect4_ros/build/connect4_manip/prefix_override:/usr/lib/python3/dist-packages/colcon_core/task/python/colcon_distutils_commands:/home/danie/connect4_ros/install/connect4_manip/lib/python3.12/site-packages:/home/danie/connect4_ros/install/connect4_msgs/lib/python3.12/site-packages:/home/danie/connect4_ros/install/connect4_turtlebotnav/lib/python3.12/site-packages:/home/danie/connect4_ros/install/connect4_perception/lib/python3.12/site-packages:/home/danie/connect4_ros/install/connect4_manip/lib/python3.12/site-packages:/home/danie/connect4_ros/install/connect4_game/lib/python3.12/site-packages:/home/danie/ros2_ws/install/track_mean/lib/python3.12/site-packages:/home/danie/ros2_ws/install/py_pubsub/lib/python3.12/site-packages:/home/danie/ros2_ws/install/custom_action_interfaces/lib/python3.12/site-packages:/home/danie/ros2_ws/install/compute_stats/lib/python3.12/site-packages:/home/danie/ros2_ws/install/action_hw/lib/python3.12/site-packages:/opt/ros/kilted/lib/python3.12/site-packages:/opt/ros/kilted/lib/python3.12/site-packages /usr/bin/python3 -W ignore:setup.py install is deprecated -W ignore:easy_install command is deprecated setup.py egg_info --egg-base ../../build/connect4_manip build --build-base /home/danie/connect4_ros/build/connect4_manip/build install --record /home/danie/connect4_ros/build/connect4_manip/install.log --single-version-externally-managed install_data
[2.477s] running egg_info
[2.502s] writing ../../build/connect4_manip/connect4_manip.egg-info/PKG-INFO
[2.502s] writing dependency_links to ../../build/connect4_manip/connect4_manip.egg-info/dependency_links.txt
[2.502s] writing entry points to ../../build/connect4_manip/connect4_manip.egg-info/entry_points.txt
[2.503s] writing requirements to ../../build/connect4_manip/connect4_manip.egg-info/requires.txt
[2.503s] writing top-level names to ../../build/connect4_manip/connect4_manip.egg-info/top_level.txt
[2.552s] reading manifest file '../../build/connect4_manip/connect4_manip.egg-info/SOURCES.txt'
[2.554s] writing manifest file '../../build/connect4_manip/connect4_manip.egg-info/SOURCES.txt'
[2.554s] running build
[2.554s] running build_py
[2.554s] running install
[2.559s] running install_lib
[2.583s] running install_data
[2.583s] running install_egg_info
[2.612s] removing '/home/danie/connect4_ros/install/connect4_manip/lib/python3.12/site-packages/connect4_manip-0.0.0-py3.12.egg-info' (and everything under it)
[2.613s] Copying ../../build/connect4_manip/connect4_manip.egg-info to /home/danie/connect4_ros/install/connect4_manip/lib/python3.12/site-packages/connect4_manip-0.0.0-py3.12.egg-info
[2.614s] running install_scripts
[2.794s] Installing arm_manip_node script to /home/danie/connect4_ros/install/connect4_manip/lib/connect4_manip
[2.794s] writing list of installed files to '/home/danie/connect4_ros/build/connect4_manip/install.log'
[2.826s] Invoked command in '/home/danie/connect4_ros/src/connect4_manip' returned '0': PYTHONPATH=/home/danie/connect4_ros/build/connect4_manip/prefix_override:/usr/lib/python3/dist-packages/colcon_core/task/python/colcon_distutils_commands:/home/danie/connect4_ros/install/connect4_manip/lib/python3.12/site-packages:/home/danie/connect4_ros/install/connect4_msgs/lib/python3.12/site-packages:/home/danie/connect4_ros/install/connect4_turtlebotnav/lib/python3.12/site-packages:/home/danie/connect4_ros/install/connect4_perception/lib/python3.12/site-packages:/home/danie/connect4_ros/install/connect4_manip/lib/python3.12/site-packages:/home/danie/connect4_ros/install/connect4_game/lib/python3.12/site-packages:/home/danie/ros2_ws/install/track_mean/lib/python3.12/site-packages:/home/danie/ros2_ws/install/py_pubsub/lib/python3.12/site-packages:/home/danie/ros2_ws/install/custom_action_interfaces/lib/python3.12/site-packages:/home/danie/ros2_ws/install/compute_stats/lib/python3.12/site-packages:/home/danie/ros2_ws/install/action_hw/lib/python3.12/site-packages:/opt/ros/kilted/lib/python3.12/site-packages:/opt/ros/kilted/lib/python3.12/site-packages /usr/bin/python3 -W ignore:setup.py install is deprecated -W ignore:easy_install command is deprecated setup.py egg_info --egg-base ../../build/connect4_manip build --build-base /home/danie/connect4_ros/build/connect4_manip/build install --record /home/danie/connect4_ros/build/connect4_manip/install.log --single-version-externally-managed install_data
