[1.987s] Invoking command in '/home/hrilab/connect4_ros/src/connect4_perception': AMENT_PREFIX_PATH=/home/hrilab/connect4_ros/install/connect4_msgs:${AMENT_PREFIX_PATH} CMAKE_PREFIX_PATH=/home/hrilab/connect4_ros/install/connect4_msgs CONDA_PROMPT_MODIFIER=(base) LD_LIBRARY_PATH=/home/hrilab/connect4_ros/install/connect4_msgs/lib:${LD_LIBRARY_PATH} PYTHONPATH=/home/hrilab/connect4_ros/build/connect4_perception/prefix_override:/usr/lib/python3/dist-packages/colcon_core/task/python/colcon_distutils_commands:/home/hrilab/connect4_ros/install/connect4_perception/lib/python3.10/site-packages:/home/hrilab/connect4_ros/install/connect4_msgs/local/lib/python3.10/dist-packages:${PYTHONPATH} /usr/bin/python3 -W ignore:setup.py install is deprecated -W ignore:easy_install command is deprecated setup.py egg_info --egg-base ../../build/connect4_perception build --build-base /home/hrilab/connect4_ros/build/connect4_perception/build install --record /home/hrilab/connect4_ros/build/connect4_perception/install.log --single-version-externally-managed install_data
[2.341s] running egg_info
[2.364s] creating ../../build/connect4_perception/connect4_perception.egg-info
[2.365s] writing ../../build/connect4_perception/connect4_perception.egg-info/PKG-INFO
[2.366s] writing dependency_links to ../../build/connect4_perception/connect4_perception.egg-info/dependency_links.txt
[2.366s] writing entry points to ../../build/connect4_perception/connect4_perception.egg-info/entry_points.txt
[2.366s] writing requirements to ../../build/connect4_perception/connect4_perception.egg-info/requires.txt
[2.367s] writing top-level names to ../../build/connect4_perception/connect4_perception.egg-info/top_level.txt
[2.367s] writing manifest file '../../build/connect4_perception/connect4_perception.egg-info/SOURCES.txt'
[2.420s] reading manifest file '../../build/connect4_perception/connect4_perception.egg-info/SOURCES.txt'
[2.422s] writing manifest file '../../build/connect4_perception/connect4_perception.egg-info/SOURCES.txt'
[2.422s] running build
[2.422s] running build_py
[2.422s] creating /home/hrilab/connect4_ros/build/connect4_perception/build/lib/connect4_perception
[2.423s] copying connect4_perception/__init__.py -> /home/hrilab/connect4_ros/build/connect4_perception/build/lib/connect4_perception
[2.423s] copying connect4_perception/board_perception_node.py -> /home/hrilab/connect4_ros/build/connect4_perception/build/lib/connect4_perception
[2.423s] copying connect4_perception/py.typed -> /home/hrilab/connect4_ros/build/connect4_perception/build/lib/connect4_perception
[2.423s] running install
[2.428s] running install_lib
[2.453s] creating /home/hrilab/connect4_ros/install/connect4_perception/lib/python3.10/site-packages/connect4_perception
[2.453s] copying /home/hrilab/connect4_ros/build/connect4_perception/build/lib/connect4_perception/__init__.py -> /home/hrilab/connect4_ros/install/connect4_perception/lib/python3.10/site-packages/connect4_perception
[2.453s] copying /home/hrilab/connect4_ros/build/connect4_perception/build/lib/connect4_perception/py.typed -> /home/hrilab/connect4_ros/install/connect4_perception/lib/python3.10/site-packages/connect4_perception
[2.453s] copying /home/hrilab/connect4_ros/build/connect4_perception/build/lib/connect4_perception/board_perception_node.py -> /home/hrilab/connect4_ros/install/connect4_perception/lib/python3.10/site-packages/connect4_perception
[2.454s] byte-compiling /home/hrilab/connect4_ros/install/connect4_perception/lib/python3.10/site-packages/connect4_perception/__init__.py to __init__.cpython-310.pyc
[2.454s] byte-compiling /home/hrilab/connect4_ros/install/connect4_perception/lib/python3.10/site-packages/connect4_perception/board_perception_node.py to board_perception_node.cpython-310.pyc
[2.455s] running install_data
[2.455s] creating /home/hrilab/connect4_ros/install/connect4_perception/share/ament_index/resource_index/packages
[2.456s] copying resource/connect4_perception -> /home/hrilab/connect4_ros/install/connect4_perception/share/ament_index/resource_index/packages
[2.456s] copying package.xml -> /home/hrilab/connect4_ros/install/connect4_perception/share/connect4_perception
[2.456s] running install_egg_info
[2.482s] Copying ../../build/connect4_perception/connect4_perception.egg-info to /home/hrilab/connect4_ros/install/connect4_perception/lib/python3.10/site-packages/connect4_perception-0.0.0-py3.10.egg-info
[2.483s] running install_scripts
[2.682s] Installing board_perception_node script to /home/hrilab/connect4_ros/install/connect4_perception/lib/connect4_perception
[2.682s] writing list of installed files to '/home/hrilab/connect4_ros/build/connect4_perception/install.log'
[2.715s] Invoked command in '/home/hrilab/connect4_ros/src/connect4_perception' returned '0': AMENT_PREFIX_PATH=/home/hrilab/connect4_ros/install/connect4_msgs:${AMENT_PREFIX_PATH} CMAKE_PREFIX_PATH=/home/hrilab/connect4_ros/install/connect4_msgs CONDA_PROMPT_MODIFIER=(base) LD_LIBRARY_PATH=/home/hrilab/connect4_ros/install/connect4_msgs/lib:${LD_LIBRARY_PATH} PYTHONPATH=/home/hrilab/connect4_ros/build/connect4_perception/prefix_override:/usr/lib/python3/dist-packages/colcon_core/task/python/colcon_distutils_commands:/home/hrilab/connect4_ros/install/connect4_perception/lib/python3.10/site-packages:/home/hrilab/connect4_ros/install/connect4_msgs/local/lib/python3.10/dist-packages:${PYTHONPATH} /usr/bin/python3 -W ignore:setup.py install is deprecated -W ignore:easy_install command is deprecated setup.py egg_info --egg-base ../../build/connect4_perception build --build-base /home/hrilab/connect4_ros/build/connect4_perception/build install --record /home/hrilab/connect4_ros/build/connect4_perception/install.log --single-version-externally-managed install_data
