[0.133s] DEBUG:colcon:Command line arguments: ['/usr/bin/colcon', 'build', '--packages-select', 'connect4_msgs', 'connect4_game', 'connect4_perception', 'connect4_manip', 'connect4_turtlebotnav', 'connect4_launch']
[0.133s] DEBUG:colcon:Parsed command line arguments: Namespace(log_base=None, log_level=None, verb_name='build', build_base='build', install_base='install', merge_install=False, symlink_install=False, test_result_base=None, continue_on_error=False, executor='parallel', parallel_workers=12, event_handlers=None, ignore_user_meta=False, metas=['./colcon.meta'], base_paths=['.'], packages_ignore=None, packages_ignore_regex=None, paths=None, packages_up_to=None, packages_up_to_regex=None, packages_above=None, packages_above_and_dependencies=None, packages_above_depth=None, packages_select_by_dep=None, packages_skip_by_dep=None, packages_skip_up_to=None, packages_select_build_failed=False, packages_skip_build_finished=False, packages_select_test_failures=False, packages_skip_test_passed=False, packages_select=['connect4_msgs', 'connect4_game', 'connect4_perception', 'connect4_manip', 'connect4_turtlebotnav', 'connect4_launch'], packages_skip=None, packages_select_regex=None, packages_skip_regex=None, packages_start=None, packages_end=None, allow_overriding=[], cmake_args=None, cmake_target=None, cmake_target_skip_unavailable=False, cmake_clean_cache=False, cmake_clean_first=False, cmake_force_configure=False, ament_cmake_args=None, catkin_cmake_args=None, catkin_skip_building_tests=False, verb_parser=<colcon_defaults.argument_parser.defaults.DefaultArgumentsDecorator object at 0x7f27ae282650>, verb_extension=<colcon_core.verb.build.BuildVerb object at 0x7f27ae282140>, main=<bound method BuildVerb.main of <colcon_core.verb.build.BuildVerb object at 0x7f27ae282140>>)
[0.180s] Level 1:colcon.colcon_core.package_discovery:discover_packages(colcon_meta) check parameters
[0.181s] Level 1:colcon.colcon_core.package_discovery:discover_packages(recursive) check parameters
[0.181s] Level 1:colcon.colcon_core.package_discovery:discover_packages(ignore) check parameters
[0.181s] Level 1:colcon.colcon_core.package_discovery:discover_packages(path) check parameters
[0.181s] Level 1:colcon.colcon_core.package_discovery:discover_packages(colcon_meta) discover
[0.181s] Level 1:colcon.colcon_core.package_discovery:discover_packages(recursive) discover
[0.181s] INFO:colcon.colcon_core.package_discovery:Crawling recursively for packages in '/home/hrilab/connect4_ros'
[0.181s] Level 1:colcon.colcon_core.package_identification:_identify(.) by extensions ['ignore', 'ignore_ament_install']
[0.181s] Level 1:colcon.colcon_core.package_identification:_identify(.) by extension 'ignore'
[0.181s] Level 1:colcon.colcon_core.package_identification:_identify(.) by extension 'ignore_ament_install'
[0.181s] Level 1:colcon.colcon_core.package_identification:_identify(.) by extensions ['colcon_pkg']
[0.181s] Level 1:colcon.colcon_core.package_identification:_identify(.) by extension 'colcon_pkg'
[0.181s] Level 1:colcon.colcon_core.package_identification:_identify(.) by extensions ['colcon_meta']
[0.181s] Level 1:colcon.colcon_core.package_identification:_identify(.) by extension 'colcon_meta'
[0.181s] Level 1:colcon.colcon_core.package_identification:_identify(.) by extensions ['ros']
[0.182s] Level 1:colcon.colcon_core.package_identification:_identify(.) by extension 'ros'
[0.199s] Level 1:colcon.colcon_core.package_identification:_identify(.) by extensions ['cmake', 'python']
[0.199s] Level 1:colcon.colcon_core.package_identification:_identify(.) by extension 'cmake'
[0.199s] Level 1:colcon.colcon_core.package_identification:_identify(.) by extension 'python'
[0.199s] Level 1:colcon.colcon_core.package_identification:_identify(.) by extensions ['python_setup_py']
[0.199s] Level 1:colcon.colcon_core.package_identification:_identify(.) by extension 'python_setup_py'
[0.199s] Level 1:colcon.colcon_core.package_identification:_identify(build) by extensions ['ignore', 'ignore_ament_install']
[0.200s] Level 1:colcon.colcon_core.package_identification:_identify(build) by extension 'ignore'
[0.200s] Level 1:colcon.colcon_core.package_identification:_identify(build) ignored
[0.200s] Level 1:colcon.colcon_core.package_identification:_identify(install) by extensions ['ignore', 'ignore_ament_install']
[0.200s] Level 1:colcon.colcon_core.package_identification:_identify(install) by extension 'ignore'
[0.200s] Level 1:colcon.colcon_core.package_identification:_identify(install) ignored
[0.200s] Level 1:colcon.colcon_core.package_identification:_identify(log) by extensions ['ignore', 'ignore_ament_install']
[0.200s] Level 1:colcon.colcon_core.package_identification:_identify(log) by extension 'ignore'
[0.200s] Level 1:colcon.colcon_core.package_identification:_identify(log) ignored
[0.200s] Level 1:colcon.colcon_core.package_identification:_identify(src) by extensions ['ignore', 'ignore_ament_install']
[0.200s] Level 1:colcon.colcon_core.package_identification:_identify(src) by extension 'ignore'
[0.201s] Level 1:colcon.colcon_core.package_identification:_identify(src) by extension 'ignore_ament_install'
[0.201s] Level 1:colcon.colcon_core.package_identification:_identify(src) by extensions ['colcon_pkg']
[0.201s] Level 1:colcon.colcon_core.package_identification:_identify(src) by extension 'colcon_pkg'
[0.201s] Level 1:colcon.colcon_core.package_identification:_identify(src) by extensions ['colcon_meta']
[0.201s] Level 1:colcon.colcon_core.package_identification:_identify(src) by extension 'colcon_meta'
[0.201s] Level 1:colcon.colcon_core.package_identification:_identify(src) by extensions ['ros']
[0.201s] Level 1:colcon.colcon_core.package_identification:_identify(src) by extension 'ros'
[0.201s] Level 1:colcon.colcon_core.package_identification:_identify(src) by extensions ['cmake', 'python']
[0.201s] Level 1:colcon.colcon_core.package_identification:_identify(src) by extension 'cmake'
[0.201s] Level 1:colcon.colcon_core.package_identification:_identify(src) by extension 'python'
[0.201s] Level 1:colcon.colcon_core.package_identification:_identify(src) by extensions ['python_setup_py']
[0.201s] Level 1:colcon.colcon_core.package_identification:_identify(src) by extension 'python_setup_py'
[0.201s] Level 1:colcon.colcon_core.package_identification:_identify(src/connect4_game) by extensions ['ignore', 'ignore_ament_install']
[0.201s] Level 1:colcon.colcon_core.package_identification:_identify(src/connect4_game) by extension 'ignore'
[0.201s] Level 1:colcon.colcon_core.package_identification:_identify(src/connect4_game) by extension 'ignore_ament_install'
[0.201s] Level 1:colcon.colcon_core.package_identification:_identify(src/connect4_game) by extensions ['colcon_pkg']
[0.202s] Level 1:colcon.colcon_core.package_identification:_identify(src/connect4_game) by extension 'colcon_pkg'
[0.202s] Level 1:colcon.colcon_core.package_identification:_identify(src/connect4_game) by extensions ['colcon_meta']
[0.202s] Level 1:colcon.colcon_core.package_identification:_identify(src/connect4_game) by extension 'colcon_meta'
[0.202s] Level 1:colcon.colcon_core.package_identification:_identify(src/connect4_game) by extensions ['ros']
[0.202s] Level 1:colcon.colcon_core.package_identification:_identify(src/connect4_game) by extension 'ros'
[0.205s] DEBUG:colcon.colcon_core.package_identification:Package 'src/connect4_game' with type 'ros.ament_python' and name 'connect4_game'
[0.205s] Level 1:colcon.colcon_core.package_identification:_identify(src/connect4_launch) by extensions ['ignore', 'ignore_ament_install']
[0.205s] Level 1:colcon.colcon_core.package_identification:_identify(src/connect4_launch) by extension 'ignore'
[0.205s] Level 1:colcon.colcon_core.package_identification:_identify(src/connect4_launch) by extension 'ignore_ament_install'
[0.205s] Level 1:colcon.colcon_core.package_identification:_identify(src/connect4_launch) by extensions ['colcon_pkg']
[0.205s] Level 1:colcon.colcon_core.package_identification:_identify(src/connect4_launch) by extension 'colcon_pkg'
[0.205s] Level 1:colcon.colcon_core.package_identification:_identify(src/connect4_launch) by extensions ['colcon_meta']
[0.205s] Level 1:colcon.colcon_core.package_identification:_identify(src/connect4_launch) by extension 'colcon_meta'
[0.205s] Level 1:colcon.colcon_core.package_identification:_identify(src/connect4_launch) by extensions ['ros']
[0.205s] Level 1:colcon.colcon_core.package_identification:_identify(src/connect4_launch) by extension 'ros'
[0.206s] DEBUG:colcon.colcon_core.package_identification:Package 'src/connect4_launch' with type 'ros.ament_python' and name 'connect4_launch'
[0.206s] Level 1:colcon.colcon_core.package_identification:_identify(src/connect4_manip) by extensions ['ignore', 'ignore_ament_install']
[0.206s] Level 1:colcon.colcon_core.package_identification:_identify(src/connect4_manip) by extension 'ignore'
[0.206s] Level 1:colcon.colcon_core.package_identification:_identify(src/connect4_manip) by extension 'ignore_ament_install'
[0.206s] Level 1:colcon.colcon_core.package_identification:_identify(src/connect4_manip) by extensions ['colcon_pkg']
[0.207s] Level 1:colcon.colcon_core.package_identification:_identify(src/connect4_manip) by extension 'colcon_pkg'
[0.207s] Level 1:colcon.colcon_core.package_identification:_identify(src/connect4_manip) by extensions ['colcon_meta']
[0.207s] Level 1:colcon.colcon_core.package_identification:_identify(src/connect4_manip) by extension 'colcon_meta'
[0.207s] Level 1:colcon.colcon_core.package_identification:_identify(src/connect4_manip) by extensions ['ros']
[0.207s] Level 1:colcon.colcon_core.package_identification:_identify(src/connect4_manip) by extension 'ros'
[0.208s] DEBUG:colcon.colcon_core.package_identification:Package 'src/connect4_manip' with type 'ros.ament_python' and name 'connect4_manip'
[0.208s] Level 1:colcon.colcon_core.package_identification:_identify(src/connect4_msgs) by extensions ['ignore', 'ignore_ament_install']
[0.208s] Level 1:colcon.colcon_core.package_identification:_identify(src/connect4_msgs) by extension 'ignore'
[0.208s] Level 1:colcon.colcon_core.package_identification:_identify(src/connect4_msgs) by extension 'ignore_ament_install'
[0.208s] Level 1:colcon.colcon_core.package_identification:_identify(src/connect4_msgs) by extensions ['colcon_pkg']
[0.208s] Level 1:colcon.colcon_core.package_identification:_identify(src/connect4_msgs) by extension 'colcon_pkg'
[0.208s] Level 1:colcon.colcon_core.package_identification:_identify(src/connect4_msgs) by extensions ['colcon_meta']
[0.208s] Level 1:colcon.colcon_core.package_identification:_identify(src/connect4_msgs) by extension 'colcon_meta'
[0.208s] Level 1:colcon.colcon_core.package_identification:_identify(src/connect4_msgs) by extensions ['ros']
[0.209s] Level 1:colcon.colcon_core.package_identification:_identify(src/connect4_msgs) by extension 'ros'
[0.209s] DEBUG:colcon.colcon_core.package_identification:Package 'src/connect4_msgs' with type 'ros.ament_cmake' and name 'connect4_msgs'
[0.209s] Level 1:colcon.colcon_core.package_identification:_identify(src/connect4_perception) by extensions ['ignore', 'ignore_ament_install']
[0.210s] Level 1:colcon.colcon_core.package_identification:_identify(src/connect4_perception) by extension 'ignore'
[0.210s] Level 1:colcon.colcon_core.package_identification:_identify(src/connect4_perception) by extension 'ignore_ament_install'
[0.210s] Level 1:colcon.colcon_core.package_identification:_identify(src/connect4_perception) by extensions ['colcon_pkg']
[0.210s] Level 1:colcon.colcon_core.package_identification:_identify(src/connect4_perception) by extension 'colcon_pkg'
[0.210s] Level 1:colcon.colcon_core.package_identification:_identify(src/connect4_perception) by extensions ['colcon_meta']
[0.210s] Level 1:colcon.colcon_core.package_identification:_identify(src/connect4_perception) by extension 'colcon_meta'
[0.210s] Level 1:colcon.colcon_core.package_identification:_identify(src/connect4_perception) by extensions ['ros']
[0.210s] Level 1:colcon.colcon_core.package_identification:_identify(src/connect4_perception) by extension 'ros'
[0.211s] DEBUG:colcon.colcon_core.package_identification:Package 'src/connect4_perception' with type 'ros.ament_python' and name 'connect4_perception'
[0.211s] Level 1:colcon.colcon_core.package_identification:_identify(src/connect4_turtlebotnav) by extensions ['ignore', 'ignore_ament_install']
[0.211s] Level 1:colcon.colcon_core.package_identification:_identify(src/connect4_turtlebotnav) by extension 'ignore'
[0.211s] Level 1:colcon.colcon_core.package_identification:_identify(src/connect4_turtlebotnav) by extension 'ignore_ament_install'
[0.211s] Level 1:colcon.colcon_core.package_identification:_identify(src/connect4_turtlebotnav) by extensions ['colcon_pkg']
[0.211s] Level 1:colcon.colcon_core.package_identification:_identify(src/connect4_turtlebotnav) by extension 'colcon_pkg'
[0.212s] Level 1:colcon.colcon_core.package_identification:_identify(src/connect4_turtlebotnav) by extensions ['colcon_meta']
[0.212s] Level 1:colcon.colcon_core.package_identification:_identify(src/connect4_turtlebotnav) by extension 'colcon_meta'
[0.212s] Level 1:colcon.colcon_core.package_identification:_identify(src/connect4_turtlebotnav) by extensions ['ros']
[0.212s] Level 1:colcon.colcon_core.package_identification:_identify(src/connect4_turtlebotnav) by extension 'ros'
[0.213s] DEBUG:colcon.colcon_core.package_identification:Package 'src/connect4_turtlebotnav' with type 'ros.ament_python' and name 'connect4_turtlebotnav'
[0.213s] Level 1:colcon.colcon_core.package_discovery:discover_packages(recursive) using defaults
[0.213s] Level 1:colcon.colcon_core.package_discovery:discover_packages(ignore) discover
[0.213s] Level 1:colcon.colcon_core.package_discovery:discover_packages(ignore) using defaults
[0.213s] Level 1:colcon.colcon_core.package_discovery:discover_packages(path) discover
[0.213s] Level 1:colcon.colcon_core.package_discovery:discover_packages(path) using defaults
[0.238s] Level 1:colcon.colcon_core.package_discovery:discover_packages(prefix_path) check parameters
[0.238s] Level 1:colcon.colcon_core.package_discovery:discover_packages(prefix_path) discover
[0.242s] DEBUG:colcon.colcon_installed_package_information.package_discovery:Found 414 installed packages in /opt/ros/humble
[0.244s] Level 1:colcon.colcon_core.package_discovery:discover_packages(prefix_path) using defaults
[0.308s] Level 5:colcon.colcon_core.verb:set package 'connect4_msgs' build argument 'cmake_args' from command line to 'None'
[0.308s] Level 5:colcon.colcon_core.verb:set package 'connect4_msgs' build argument 'cmake_target' from command line to 'None'
[0.308s] Level 5:colcon.colcon_core.verb:set package 'connect4_msgs' build argument 'cmake_target_skip_unavailable' from command line to 'False'
[0.308s] Level 5:colcon.colcon_core.verb:set package 'connect4_msgs' build argument 'cmake_clean_cache' from command line to 'False'
[0.308s] Level 5:colcon.colcon_core.verb:set package 'connect4_msgs' build argument 'cmake_clean_first' from command line to 'False'
[0.308s] Level 5:colcon.colcon_core.verb:set package 'connect4_msgs' build argument 'cmake_force_configure' from command line to 'False'
[0.308s] Level 5:colcon.colcon_core.verb:set package 'connect4_msgs' build argument 'ament_cmake_args' from command line to 'None'
[0.308s] Level 5:colcon.colcon_core.verb:set package 'connect4_msgs' build argument 'catkin_cmake_args' from command line to 'None'
[0.308s] Level 5:colcon.colcon_core.verb:set package 'connect4_msgs' build argument 'catkin_skip_building_tests' from command line to 'False'
[0.308s] DEBUG:colcon.colcon_core.verb:Building package 'connect4_msgs' with the following arguments: {'ament_cmake_args': None, 'build_base': '/home/hrilab/connect4_ros/build/connect4_msgs', 'catkin_cmake_args': None, 'catkin_skip_building_tests': False, 'cmake_args': None, 'cmake_clean_cache': False, 'cmake_clean_first': False, 'cmake_force_configure': False, 'cmake_target': None, 'cmake_target_skip_unavailable': False, 'install_base': '/home/hrilab/connect4_ros/install/connect4_msgs', 'merge_install': False, 'path': '/home/hrilab/connect4_ros/src/connect4_msgs', 'symlink_install': False, 'test_result_base': None}
[0.308s] Level 5:colcon.colcon_core.verb:set package 'connect4_game' build argument 'cmake_args' from command line to 'None'
[0.309s] Level 5:colcon.colcon_core.verb:set package 'connect4_game' build argument 'cmake_target' from command line to 'None'
[0.309s] Level 5:colcon.colcon_core.verb:set package 'connect4_game' build argument 'cmake_target_skip_unavailable' from command line to 'False'
[0.309s] Level 5:colcon.colcon_core.verb:set package 'connect4_game' build argument 'cmake_clean_cache' from command line to 'False'
[0.309s] Level 5:colcon.colcon_core.verb:set package 'connect4_game' build argument 'cmake_clean_first' from command line to 'False'
[0.309s] Level 5:colcon.colcon_core.verb:set package 'connect4_game' build argument 'cmake_force_configure' from command line to 'False'
[0.309s] Level 5:colcon.colcon_core.verb:set package 'connect4_game' build argument 'ament_cmake_args' from command line to 'None'
[0.309s] Level 5:colcon.colcon_core.verb:set package 'connect4_game' build argument 'catkin_cmake_args' from command line to 'None'
[0.309s] Level 5:colcon.colcon_core.verb:set package 'connect4_game' build argument 'catkin_skip_building_tests' from command line to 'False'
[0.309s] DEBUG:colcon.colcon_core.verb:Building package 'connect4_game' with the following arguments: {'ament_cmake_args': None, 'build_base': '/home/hrilab/connect4_ros/build/connect4_game', 'catkin_cmake_args': None, 'catkin_skip_building_tests': False, 'cmake_args': None, 'cmake_clean_cache': False, 'cmake_clean_first': False, 'cmake_force_configure': False, 'cmake_target': None, 'cmake_target_skip_unavailable': False, 'install_base': '/home/hrilab/connect4_ros/install/connect4_game', 'merge_install': False, 'path': '/home/hrilab/connect4_ros/src/connect4_game', 'symlink_install': False, 'test_result_base': None}
[0.309s] Level 5:colcon.colcon_core.verb:set package 'connect4_manip' build argument 'cmake_args' from command line to 'None'
[0.309s] Level 5:colcon.colcon_core.verb:set package 'connect4_manip' build argument 'cmake_target' from command line to 'None'
[0.309s] Level 5:colcon.colcon_core.verb:set package 'connect4_manip' build argument 'cmake_target_skip_unavailable' from command line to 'False'
[0.309s] Level 5:colcon.colcon_core.verb:set package 'connect4_manip' build argument 'cmake_clean_cache' from command line to 'False'
[0.309s] Level 5:colcon.colcon_core.verb:set package 'connect4_manip' build argument 'cmake_clean_first' from command line to 'False'
[0.309s] Level 5:colcon.colcon_core.verb:set package 'connect4_manip' build argument 'cmake_force_configure' from command line to 'False'
[0.309s] Level 5:colcon.colcon_core.verb:set package 'connect4_manip' build argument 'ament_cmake_args' from command line to 'None'
[0.309s] Level 5:colcon.colcon_core.verb:set package 'connect4_manip' build argument 'catkin_cmake_args' from command line to 'None'
[0.309s] Level 5:colcon.colcon_core.verb:set package 'connect4_manip' build argument 'catkin_skip_building_tests' from command line to 'False'
[0.309s] DEBUG:colcon.colcon_core.verb:Building package 'connect4_manip' with the following arguments: {'ament_cmake_args': None, 'build_base': '/home/hrilab/connect4_ros/build/connect4_manip', 'catkin_cmake_args': None, 'catkin_skip_building_tests': False, 'cmake_args': None, 'cmake_clean_cache': False, 'cmake_clean_first': False, 'cmake_force_configure': False, 'cmake_target': None, 'cmake_target_skip_unavailable': False, 'install_base': '/home/hrilab/connect4_ros/install/connect4_manip', 'merge_install': False, 'path': '/home/hrilab/connect4_ros/src/connect4_manip', 'symlink_install': False, 'test_result_base': None}
[0.310s] Level 5:colcon.colcon_core.verb:set package 'connect4_perception' build argument 'cmake_args' from command line to 'None'
[0.310s] Level 5:colcon.colcon_core.verb:set package 'connect4_perception' build argument 'cmake_target' from command line to 'None'
[0.310s] Level 5:colcon.colcon_core.verb:set package 'connect4_perception' build argument 'cmake_target_skip_unavailable' from command line to 'False'
[0.310s] Level 5:colcon.colcon_core.verb:set package 'connect4_perception' build argument 'cmake_clean_cache' from command line to 'False'
[0.310s] Level 5:colcon.colcon_core.verb:set package 'connect4_perception' build argument 'cmake_clean_first' from command line to 'False'
[0.310s] Level 5:colcon.colcon_core.verb:set package 'connect4_perception' build argument 'cmake_force_configure' from command line to 'False'
[0.310s] Level 5:colcon.colcon_core.verb:set package 'connect4_perception' build argument 'ament_cmake_args' from command line to 'None'
[0.310s] Level 5:colcon.colcon_core.verb:set package 'connect4_perception' build argument 'catkin_cmake_args' from command line to 'None'
[0.310s] Level 5:colcon.colcon_core.verb:set package 'connect4_perception' build argument 'catkin_skip_building_tests' from command line to 'False'
[0.310s] DEBUG:colcon.colcon_core.verb:Building package 'connect4_perception' with the following arguments: {'ament_cmake_args': None, 'build_base': '/home/hrilab/connect4_ros/build/connect4_perception', 'catkin_cmake_args': None, 'catkin_skip_building_tests': False, 'cmake_args': None, 'cmake_clean_cache': False, 'cmake_clean_first': False, 'cmake_force_configure': False, 'cmake_target': None, 'cmake_target_skip_unavailable': False, 'install_base': '/home/hrilab/connect4_ros/install/connect4_perception', 'merge_install': False, 'path': '/home/hrilab/connect4_ros/src/connect4_perception', 'symlink_install': False, 'test_result_base': None}
[0.310s] Level 5:colcon.colcon_core.verb:set package 'connect4_turtlebotnav' build argument 'cmake_args' from command line to 'None'
[0.311s] Level 5:colcon.colcon_core.verb:set package 'connect4_turtlebotnav' build argument 'cmake_target' from command line to 'None'
[0.311s] Level 5:colcon.colcon_core.verb:set package 'connect4_turtlebotnav' build argument 'cmake_target_skip_unavailable' from command line to 'False'
[0.311s] Level 5:colcon.colcon_core.verb:set package 'connect4_turtlebotnav' build argument 'cmake_clean_cache' from command line to 'False'
[0.311s] Level 5:colcon.colcon_core.verb:set package 'connect4_turtlebotnav' build argument 'cmake_clean_first' from command line to 'False'
[0.311s] Level 5:colcon.colcon_core.verb:set package 'connect4_turtlebotnav' build argument 'cmake_force_configure' from command line to 'False'
[0.311s] Level 5:colcon.colcon_core.verb:set package 'connect4_turtlebotnav' build argument 'ament_cmake_args' from command line to 'None'
[0.311s] Level 5:colcon.colcon_core.verb:set package 'connect4_turtlebotnav' build argument 'catkin_cmake_args' from command line to 'None'
[0.311s] Level 5:colcon.colcon_core.verb:set package 'connect4_turtlebotnav' build argument 'catkin_skip_building_tests' from command line to 'False'
[0.311s] DEBUG:colcon.colcon_core.verb:Building package 'connect4_turtlebotnav' with the following arguments: {'ament_cmake_args': None, 'build_base': '/home/hrilab/connect4_ros/build/connect4_turtlebotnav', 'catkin_cmake_args': None, 'catkin_skip_building_tests': False, 'cmake_args': None, 'cmake_clean_cache': False, 'cmake_clean_first': False, 'cmake_force_configure': False, 'cmake_target': None, 'cmake_target_skip_unavailable': False, 'install_base': '/home/hrilab/connect4_ros/install/connect4_turtlebotnav', 'merge_install': False, 'path': '/home/hrilab/connect4_ros/src/connect4_turtlebotnav', 'symlink_install': False, 'test_result_base': None}
[0.311s] Level 5:colcon.colcon_core.verb:set package 'connect4_launch' build argument 'cmake_args' from command line to 'None'
[0.311s] Level 5:colcon.colcon_core.verb:set package 'connect4_launch' build argument 'cmake_target' from command line to 'None'
[0.311s] Level 5:colcon.colcon_core.verb:set package 'connect4_launch' build argument 'cmake_target_skip_unavailable' from command line to 'False'
[0.311s] Level 5:colcon.colcon_core.verb:set package 'connect4_launch' build argument 'cmake_clean_cache' from command line to 'False'
[0.311s] Level 5:colcon.colcon_core.verb:set package 'connect4_launch' build argument 'cmake_clean_first' from command line to 'False'
[0.311s] Level 5:colcon.colcon_core.verb:set package 'connect4_launch' build argument 'cmake_force_configure' from command line to 'False'
[0.311s] Level 5:colcon.colcon_core.verb:set package 'connect4_launch' build argument 'ament_cmake_args' from command line to 'None'
[0.311s] Level 5:colcon.colcon_core.verb:set package 'connect4_launch' build argument 'catkin_cmake_args' from command line to 'None'
[0.311s] Level 5:colcon.colcon_core.verb:set package 'connect4_launch' build argument 'catkin_skip_building_tests' from command line to 'False'
[0.311s] DEBUG:colcon.colcon_core.verb:Building package 'connect4_launch' with the following arguments: {'ament_cmake_args': None, 'build_base': '/home/hrilab/connect4_ros/build/connect4_launch', 'catkin_cmake_args': None, 'catkin_skip_building_tests': False, 'cmake_args': None, 'cmake_clean_cache': False, 'cmake_clean_first': False, 'cmake_force_configure': False, 'cmake_target': None, 'cmake_target_skip_unavailable': False, 'install_base': '/home/hrilab/connect4_ros/install/connect4_launch', 'merge_install': False, 'path': '/home/hrilab/connect4_ros/src/connect4_launch', 'symlink_install': False, 'test_result_base': None}
[0.312s] INFO:colcon.colcon_core.executor:Executing jobs using 'parallel' executor
[0.313s] DEBUG:colcon.colcon_parallel_executor.executor.parallel:run_until_complete
[0.313s] INFO:colcon.colcon_ros.task.ament_cmake.build:Building ROS package in '/home/hrilab/connect4_ros/src/connect4_msgs' with build type 'ament_cmake'
[0.313s] INFO:colcon.colcon_cmake.task.cmake.build:Building CMake package in '/home/hrilab/connect4_ros/src/connect4_msgs'
[0.315s] INFO:colcon.colcon_core.plugin_system:Skipping extension 'colcon_core.shell.bat': Not used on non-Windows systems
[0.316s] INFO:colcon.colcon_core.shell:Skip shell extension 'powershell' for command environment: Not usable outside of PowerShell
[0.316s] DEBUG:colcon.colcon_core.shell:Skip shell extension 'dsv' for command environment
[0.325s] DEBUG:colcon.colcon_core.event_handler.log_command:Invoking command in '/home/hrilab/connect4_ros/build/connect4_msgs': CMAKE_PREFIX_PATH=/opt/ros/humble CONDA_PROMPT_MODIFIER=(base) /usr/bin/cmake /home/hrilab/connect4_ros/src/connect4_msgs -DCMAKE_INSTALL_PREFIX=/home/hrilab/connect4_ros/install/connect4_msgs
[3.114s] DEBUG:colcon.colcon_core.event_handler.log_command:Invoked command in '/home/hrilab/connect4_ros/build/connect4_msgs' returned '0': CMAKE_PREFIX_PATH=/opt/ros/humble CONDA_PROMPT_MODIFIER=(base) /usr/bin/cmake /home/hrilab/connect4_ros/src/connect4_msgs -DCMAKE_INSTALL_PREFIX=/home/hrilab/connect4_ros/install/connect4_msgs
[3.118s] DEBUG:colcon.colcon_core.event_handler.log_command:Invoking command in '/home/hrilab/connect4_ros/build/connect4_msgs': CMAKE_PREFIX_PATH=/opt/ros/humble CONDA_PROMPT_MODIFIER=(base) /usr/bin/cmake --build /home/hrilab/connect4_ros/build/connect4_msgs -- -j12 -l12
[9.241s] DEBUG:colcon.colcon_core.event_handler.log_command:Invoked command in '/home/hrilab/connect4_ros/build/connect4_msgs' returned '0': CMAKE_PREFIX_PATH=/opt/ros/humble CONDA_PROMPT_MODIFIER=(base) /usr/bin/cmake --build /home/hrilab/connect4_ros/build/connect4_msgs -- -j12 -l12
[9.255s] DEBUG:colcon.colcon_core.event_handler.log_command:Invoking command in '/home/hrilab/connect4_ros/build/connect4_msgs': CMAKE_PREFIX_PATH=/opt/ros/humble CONDA_PROMPT_MODIFIER=(base) /usr/bin/cmake --install /home/hrilab/connect4_ros/build/connect4_msgs
[9.394s] Level 1:colcon.colcon_core.environment:create_environment_scripts_only(connect4_msgs)
[9.395s] DEBUG:colcon.colcon_core.event_handler.log_command:Invoked command in '/home/hrilab/connect4_ros/build/connect4_msgs' returned '0': CMAKE_PREFIX_PATH=/opt/ros/humble CONDA_PROMPT_MODIFIER=(base) /usr/bin/cmake --install /home/hrilab/connect4_ros/build/connect4_msgs
[9.399s] Level 1:colcon.colcon_core.environment:checking '/home/hrilab/connect4_ros/install/connect4_msgs' for CMake module files
[9.400s] Level 1:colcon.colcon_core.environment:checking '/home/hrilab/connect4_ros/install/connect4_msgs' for CMake config files
[9.402s] Level 1:colcon.colcon_core.shell:create_environment_hook('connect4_msgs', 'cmake_prefix_path')
[9.402s] INFO:colcon.colcon_core.shell:Creating environment hook '/home/hrilab/connect4_ros/install/connect4_msgs/share/connect4_msgs/hook/cmake_prefix_path.ps1'
[9.404s] INFO:colcon.colcon_core.shell:Creating environment descriptor '/home/hrilab/connect4_ros/install/connect4_msgs/share/connect4_msgs/hook/cmake_prefix_path.dsv'
[9.405s] INFO:colcon.colcon_core.shell:Creating environment hook '/home/hrilab/connect4_ros/install/connect4_msgs/share/connect4_msgs/hook/cmake_prefix_path.sh'
[9.406s] Level 1:colcon.colcon_core.environment:checking '/home/hrilab/connect4_ros/install/connect4_msgs/lib'
[9.407s] Level 1:colcon.colcon_core.shell:create_environment_hook('connect4_msgs', 'ld_library_path_lib')
[9.422s] INFO:colcon.colcon_core.shell:Creating environment hook '/home/hrilab/connect4_ros/install/connect4_msgs/share/connect4_msgs/hook/ld_library_path_lib.ps1'
[9.422s] INFO:colcon.colcon_core.shell:Creating environment descriptor '/home/hrilab/connect4_ros/install/connect4_msgs/share/connect4_msgs/hook/ld_library_path_lib.dsv'
[9.423s] INFO:colcon.colcon_core.shell:Creating environment hook '/home/hrilab/connect4_ros/install/connect4_msgs/share/connect4_msgs/hook/ld_library_path_lib.sh'
[9.423s] Level 1:colcon.colcon_core.environment:checking '/home/hrilab/connect4_ros/install/connect4_msgs/bin'
[9.423s] Level 1:colcon.colcon_core.environment:checking '/home/hrilab/connect4_ros/install/connect4_msgs/lib/pkgconfig/connect4_msgs.pc'
[9.423s] Level 1:colcon.colcon_core.environment:checking '/home/hrilab/connect4_ros/install/connect4_msgs/lib/python3.10/site-packages'
[9.424s] Level 1:colcon.colcon_core.environment:checking '/home/hrilab/connect4_ros/install/connect4_msgs/bin'
[9.424s] INFO:colcon.colcon_core.shell:Creating package script '/home/hrilab/connect4_ros/install/connect4_msgs/share/connect4_msgs/package.ps1'
[9.426s] INFO:colcon.colcon_core.shell:Creating package descriptor '/home/hrilab/connect4_ros/install/connect4_msgs/share/connect4_msgs/package.dsv'
[9.427s] INFO:colcon.colcon_core.shell:Creating package script '/home/hrilab/connect4_ros/install/connect4_msgs/share/connect4_msgs/package.sh'
[9.428s] INFO:colcon.colcon_core.shell:Creating package script '/home/hrilab/connect4_ros/install/connect4_msgs/share/connect4_msgs/package.bash'
[9.429s] INFO:colcon.colcon_core.shell:Creating package script '/home/hrilab/connect4_ros/install/connect4_msgs/share/connect4_msgs/package.zsh'
[9.430s] Level 1:colcon.colcon_core.environment:create_file_with_runtime_dependencies(/home/hrilab/connect4_ros/install/connect4_msgs/share/colcon-core/packages/connect4_msgs)
[9.430s] Level 1:colcon.colcon_core.environment:create_environment_scripts_only(connect4_msgs)
[9.431s] Level 1:colcon.colcon_core.environment:checking '/home/hrilab/connect4_ros/install/connect4_msgs' for CMake module files
[9.431s] Level 1:colcon.colcon_core.environment:checking '/home/hrilab/connect4_ros/install/connect4_msgs' for CMake config files
[9.432s] Level 1:colcon.colcon_core.shell:create_environment_hook('connect4_msgs', 'cmake_prefix_path')
[9.432s] INFO:colcon.colcon_core.shell:Creating environment hook '/home/hrilab/connect4_ros/install/connect4_msgs/share/connect4_msgs/hook/cmake_prefix_path.ps1'
[9.433s] INFO:colcon.colcon_core.shell:Creating environment descriptor '/home/hrilab/connect4_ros/install/connect4_msgs/share/connect4_msgs/hook/cmake_prefix_path.dsv'
[9.433s] INFO:colcon.colcon_core.shell:Creating environment hook '/home/hrilab/connect4_ros/install/connect4_msgs/share/connect4_msgs/hook/cmake_prefix_path.sh'
[9.434s] Level 1:colcon.colcon_core.environment:checking '/home/hrilab/connect4_ros/install/connect4_msgs/lib'
[9.434s] Level 1:colcon.colcon_core.shell:create_environment_hook('connect4_msgs', 'ld_library_path_lib')
[9.434s] INFO:colcon.colcon_core.shell:Creating environment hook '/home/hrilab/connect4_ros/install/connect4_msgs/share/connect4_msgs/hook/ld_library_path_lib.ps1'
[9.434s] INFO:colcon.colcon_core.shell:Creating environment descriptor '/home/hrilab/connect4_ros/install/connect4_msgs/share/connect4_msgs/hook/ld_library_path_lib.dsv'
[9.435s] INFO:colcon.colcon_core.shell:Creating environment hook '/home/hrilab/connect4_ros/install/connect4_msgs/share/connect4_msgs/hook/ld_library_path_lib.sh'
[9.435s] Level 1:colcon.colcon_core.environment:checking '/home/hrilab/connect4_ros/install/connect4_msgs/bin'
[9.435s] Level 1:colcon.colcon_core.environment:checking '/home/hrilab/connect4_ros/install/connect4_msgs/lib/pkgconfig/connect4_msgs.pc'
[9.436s] Level 1:colcon.colcon_core.environment:checking '/home/hrilab/connect4_ros/install/connect4_msgs/lib/python3.10/site-packages'
[9.437s] Level 1:colcon.colcon_core.environment:checking '/home/hrilab/connect4_ros/install/connect4_msgs/bin'
[9.438s] INFO:colcon.colcon_core.shell:Creating package script '/home/hrilab/connect4_ros/install/connect4_msgs/share/connect4_msgs/package.ps1'
[9.439s] INFO:colcon.colcon_core.shell:Creating package descriptor '/home/hrilab/connect4_ros/install/connect4_msgs/share/connect4_msgs/package.dsv'
[9.478s] INFO:colcon.colcon_core.shell:Creating package script '/home/hrilab/connect4_ros/install/connect4_msgs/share/connect4_msgs/package.sh'
[9.479s] INFO:colcon.colcon_core.shell:Creating package script '/home/hrilab/connect4_ros/install/connect4_msgs/share/connect4_msgs/package.bash'
[9.480s] INFO:colcon.colcon_core.shell:Creating package script '/home/hrilab/connect4_ros/install/connect4_msgs/share/connect4_msgs/package.zsh'
[9.481s] Level 1:colcon.colcon_core.environment:create_file_with_runtime_dependencies(/home/hrilab/connect4_ros/install/connect4_msgs/share/colcon-core/packages/connect4_msgs)
[9.482s] INFO:colcon.colcon_ros.task.ament_python.build:Building ROS package in '/home/hrilab/connect4_ros/src/connect4_game' with build type 'ament_python'
[9.482s] Level 1:colcon.colcon_core.shell:create_environment_hook('connect4_game', 'ament_prefix_path')
[9.483s] INFO:colcon.colcon_core.shell:Creating environment hook '/home/hrilab/connect4_ros/install/connect4_game/share/connect4_game/hook/ament_prefix_path.ps1'
[9.484s] INFO:colcon.colcon_core.shell:Creating environment descriptor '/home/hrilab/connect4_ros/install/connect4_game/share/connect4_game/hook/ament_prefix_path.dsv'
[9.485s] INFO:colcon.colcon_core.shell:Creating environment hook '/home/hrilab/connect4_ros/install/connect4_game/share/connect4_game/hook/ament_prefix_path.sh'
[9.485s] INFO:colcon.colcon_core.shell:Skip shell extension 'powershell' for command environment: Not usable outside of PowerShell
[9.485s] DEBUG:colcon.colcon_core.shell:Skip shell extension 'dsv' for command environment
[9.491s] INFO:colcon.colcon_ros.task.ament_python.build:Building ROS package in '/home/hrilab/connect4_ros/src/connect4_manip' with build type 'ament_python'
[9.491s] Level 1:colcon.colcon_core.shell:create_environment_hook('connect4_manip', 'ament_prefix_path')
[9.491s] INFO:colcon.colcon_core.shell:Creating environment hook '/home/hrilab/connect4_ros/install/connect4_manip/share/connect4_manip/hook/ament_prefix_path.ps1'
[9.492s] INFO:colcon.colcon_core.shell:Creating environment descriptor '/home/hrilab/connect4_ros/install/connect4_manip/share/connect4_manip/hook/ament_prefix_path.dsv'
[9.493s] INFO:colcon.colcon_core.shell:Creating environment hook '/home/hrilab/connect4_ros/install/connect4_manip/share/connect4_manip/hook/ament_prefix_path.sh'
[9.493s] INFO:colcon.colcon_core.shell:Skip shell extension 'powershell' for command environment: Not usable outside of PowerShell
[9.493s] DEBUG:colcon.colcon_core.shell:Skip shell extension 'dsv' for command environment
[9.497s] INFO:colcon.colcon_ros.task.ament_python.build:Building ROS package in '/home/hrilab/connect4_ros/src/connect4_perception' with build type 'ament_python'
[9.497s] Level 1:colcon.colcon_core.shell:create_environment_hook('connect4_perception', 'ament_prefix_path')
[9.498s] INFO:colcon.colcon_core.shell:Creating environment hook '/home/hrilab/connect4_ros/install/connect4_perception/share/connect4_perception/hook/ament_prefix_path.ps1'
[9.499s] INFO:colcon.colcon_core.shell:Creating environment descriptor '/home/hrilab/connect4_ros/install/connect4_perception/share/connect4_perception/hook/ament_prefix_path.dsv'
[9.499s] INFO:colcon.colcon_core.shell:Creating environment hook '/home/hrilab/connect4_ros/install/connect4_perception/share/connect4_perception/hook/ament_prefix_path.sh'
[9.500s] INFO:colcon.colcon_core.shell:Skip shell extension 'powershell' for command environment: Not usable outside of PowerShell
[9.500s] DEBUG:colcon.colcon_core.shell:Skip shell extension 'dsv' for command environment
[9.503s] INFO:colcon.colcon_ros.task.ament_python.build:Building ROS package in '/home/hrilab/connect4_ros/src/connect4_turtlebotnav' with build type 'ament_python'
[9.504s] Level 1:colcon.colcon_core.shell:create_environment_hook('connect4_turtlebotnav', 'ament_prefix_path')
[9.504s] INFO:colcon.colcon_core.shell:Creating environment hook '/home/hrilab/connect4_ros/install/connect4_turtlebotnav/share/connect4_turtlebotnav/hook/ament_prefix_path.ps1'
[9.505s] INFO:colcon.colcon_core.shell:Creating environment descriptor '/home/hrilab/connect4_ros/install/connect4_turtlebotnav/share/connect4_turtlebotnav/hook/ament_prefix_path.dsv'
[9.505s] INFO:colcon.colcon_core.shell:Creating environment hook '/home/hrilab/connect4_ros/install/connect4_turtlebotnav/share/connect4_turtlebotnav/hook/ament_prefix_path.sh'
[9.506s] INFO:colcon.colcon_core.shell:Skip shell extension 'powershell' for command environment: Not usable outside of PowerShell
[9.506s] DEBUG:colcon.colcon_core.shell:Skip shell extension 'dsv' for command environment
[9.802s] INFO:colcon.colcon_core.task.python.build:Building Python package in '/home/hrilab/connect4_ros/src/connect4_game'
[9.802s] INFO:colcon.colcon_core.shell:Skip shell extension 'powershell' for command environment: Not usable outside of PowerShell
[9.802s] DEBUG:colcon.colcon_core.shell:Skip shell extension 'dsv' for command environment
[10.127s] INFO:colcon.colcon_core.task.python.build:Building Python package in '/home/hrilab/connect4_ros/src/connect4_manip'
[10.128s] INFO:colcon.colcon_core.shell:Skip shell extension 'powershell' for command environment: Not usable outside of PowerShell
[10.128s] DEBUG:colcon.colcon_core.shell:Skip shell extension 'dsv' for command environment
[10.417s] INFO:colcon.colcon_core.task.python.build:Building Python package in '/home/hrilab/connect4_ros/src/connect4_perception'
[10.417s] INFO:colcon.colcon_core.shell:Skip shell extension 'powershell' for command environment: Not usable outside of PowerShell
[10.417s] DEBUG:colcon.colcon_core.shell:Skip shell extension 'dsv' for command environment
[10.699s] INFO:colcon.colcon_core.task.python.build:Building Python package in '/home/hrilab/connect4_ros/src/connect4_turtlebotnav'
[10.700s] INFO:colcon.colcon_core.shell:Skip shell extension 'powershell' for command environment: Not usable outside of PowerShell
[10.700s] DEBUG:colcon.colcon_core.shell:Skip shell extension 'dsv' for command environment
[11.421s] DEBUG:colcon.colcon_core.event_handler.log_command:Invoking command in '/home/hrilab/connect4_ros/src/connect4_game': AMENT_PREFIX_PATH=/home/hrilab/connect4_ros/install/connect4_msgs:${AMENT_PREFIX_PATH} CMAKE_PREFIX_PATH=/home/hrilab/connect4_ros/install/connect4_msgs CONDA_PROMPT_MODIFIER=(base) LD_LIBRARY_PATH=/home/hrilab/connect4_ros/install/connect4_msgs/lib:${LD_LIBRARY_PATH} PYTHONPATH=/home/hrilab/connect4_ros/build/connect4_game/prefix_override:/usr/lib/python3/dist-packages/colcon_core/task/python/colcon_distutils_commands:/home/hrilab/connect4_ros/install/connect4_game/lib/python3.10/site-packages:/home/hrilab/connect4_ros/install/connect4_msgs/local/lib/python3.10/dist-packages:${PYTHONPATH} /usr/bin/python3 -W ignore:setup.py install is deprecated -W ignore:easy_install command is deprecated setup.py egg_info --egg-base ../../build/connect4_game build --build-base /home/hrilab/connect4_ros/build/connect4_game/build install --record /home/hrilab/connect4_ros/build/connect4_game/install.log --single-version-externally-managed install_data
[11.450s] DEBUG:colcon.colcon_core.event_handler.log_command:Invoking command in '/home/hrilab/connect4_ros/src/connect4_manip': AMENT_PREFIX_PATH=/home/hrilab/connect4_ros/install/connect4_msgs:${AMENT_PREFIX_PATH} CMAKE_PREFIX_PATH=/home/hrilab/connect4_ros/install/connect4_msgs CONDA_PROMPT_MODIFIER=(base) LD_LIBRARY_PATH=/home/hrilab/connect4_ros/install/connect4_msgs/lib:${LD_LIBRARY_PATH} PYTHONPATH=/home/hrilab/connect4_ros/build/connect4_manip/prefix_override:/usr/lib/python3/dist-packages/colcon_core/task/python/colcon_distutils_commands:/home/hrilab/connect4_ros/install/connect4_manip/lib/python3.10/site-packages:/home/hrilab/connect4_ros/install/connect4_msgs/local/lib/python3.10/dist-packages:${PYTHONPATH} /usr/bin/python3 -W ignore:setup.py install is deprecated -W ignore:easy_install command is deprecated setup.py egg_info --egg-base ../../build/connect4_manip build --build-base /home/hrilab/connect4_ros/build/connect4_manip/build install --record /home/hrilab/connect4_ros/build/connect4_manip/install.log --single-version-externally-managed install_data
[11.471s] DEBUG:colcon.colcon_core.event_handler.log_command:Invoking command in '/home/hrilab/connect4_ros/src/connect4_turtlebotnav': AMENT_PREFIX_PATH=/home/hrilab/connect4_ros/install/connect4_msgs:${AMENT_PREFIX_PATH} CMAKE_PREFIX_PATH=/home/hrilab/connect4_ros/install/connect4_msgs CONDA_PROMPT_MODIFIER=(base) LD_LIBRARY_PATH=/home/hrilab/connect4_ros/install/connect4_msgs/lib:${LD_LIBRARY_PATH} PYTHONPATH=/home/hrilab/connect4_ros/build/connect4_turtlebotnav/prefix_override:/usr/lib/python3/dist-packages/colcon_core/task/python/colcon_distutils_commands:/home/hrilab/connect4_ros/install/connect4_turtlebotnav/lib/python3.10/site-packages:/home/hrilab/connect4_ros/install/connect4_msgs/local/lib/python3.10/dist-packages:${PYTHONPATH} /usr/bin/python3 -W ignore:setup.py install is deprecated -W ignore:easy_install command is deprecated setup.py egg_info --egg-base ../../build/connect4_turtlebotnav build --build-base /home/hrilab/connect4_ros/build/connect4_turtlebotnav/build install --record /home/hrilab/connect4_ros/build/connect4_turtlebotnav/install.log --single-version-externally-managed install_data
[11.485s] DEBUG:colcon.colcon_core.event_handler.log_command:Invoking command in '/home/hrilab/connect4_ros/src/connect4_perception': AMENT_PREFIX_PATH=/home/hrilab/connect4_ros/install/connect4_msgs:${AMENT_PREFIX_PATH} CMAKE_PREFIX_PATH=/home/hrilab/connect4_ros/install/connect4_msgs CONDA_PROMPT_MODIFIER=(base) LD_LIBRARY_PATH=/home/hrilab/connect4_ros/install/connect4_msgs/lib:${LD_LIBRARY_PATH} PYTHONPATH=/home/hrilab/connect4_ros/build/connect4_perception/prefix_override:/usr/lib/python3/dist-packages/colcon_core/task/python/colcon_distutils_commands:/home/hrilab/connect4_ros/install/connect4_perception/lib/python3.10/site-packages:/home/hrilab/connect4_ros/install/connect4_msgs/local/lib/python3.10/dist-packages:${PYTHONPATH} /usr/bin/python3 -W ignore:setup.py install is deprecated -W ignore:easy_install command is deprecated setup.py egg_info --egg-base ../../build/connect4_perception build --build-base /home/hrilab/connect4_ros/build/connect4_perception/build install --record /home/hrilab/connect4_ros/build/connect4_perception/install.log --single-version-externally-managed install_data
[12.158s] Level 1:colcon.colcon_core.environment:checking '/home/hrilab/connect4_ros/install/connect4_game' for CMake module files
[12.159s] DEBUG:colcon.colcon_core.event_handler.log_command:Invoked command in '/home/hrilab/connect4_ros/src/connect4_game' returned '0': AMENT_PREFIX_PATH=/home/hrilab/connect4_ros/install/connect4_msgs:${AMENT_PREFIX_PATH} CMAKE_PREFIX_PATH=/home/hrilab/connect4_ros/install/connect4_msgs CONDA_PROMPT_MODIFIER=(base) LD_LIBRARY_PATH=/home/hrilab/connect4_ros/install/connect4_msgs/lib:${LD_LIBRARY_PATH} PYTHONPATH=/home/hrilab/connect4_ros/build/connect4_game/prefix_override:/usr/lib/python3/dist-packages/colcon_core/task/python/colcon_distutils_commands:/home/hrilab/connect4_ros/install/connect4_game/lib/python3.10/site-packages:/home/hrilab/connect4_ros/install/connect4_msgs/local/lib/python3.10/dist-packages:${PYTHONPATH} /usr/bin/python3 -W ignore:setup.py install is deprecated -W ignore:easy_install command is deprecated setup.py egg_info --egg-base ../../build/connect4_game build --build-base /home/hrilab/connect4_ros/build/connect4_game/build install --record /home/hrilab/connect4_ros/build/connect4_game/install.log --single-version-externally-managed install_data
[12.160s] Level 1:colcon.colcon_core.environment:checking '/home/hrilab/connect4_ros/install/connect4_game' for CMake config files
[12.161s] Level 1:colcon.colcon_core.environment:checking '/home/hrilab/connect4_ros/install/connect4_game/lib'
[12.161s] Level 1:colcon.colcon_core.environment:checking '/home/hrilab/connect4_ros/install/connect4_game/bin'
[12.161s] Level 1:colcon.colcon_core.environment:checking '/home/hrilab/connect4_ros/install/connect4_game/lib/pkgconfig/connect4_game.pc'
[12.162s] Level 1:colcon.colcon_core.environment:checking '/home/hrilab/connect4_ros/install/connect4_game/lib/python3.10/site-packages'
[12.162s] Level 1:colcon.colcon_core.shell:create_environment_hook('connect4_game', 'pythonpath')
[12.163s] INFO:colcon.colcon_core.shell:Creating environment hook '/home/hrilab/connect4_ros/install/connect4_game/share/connect4_game/hook/pythonpath.ps1'
[12.164s] INFO:colcon.colcon_core.shell:Creating environment descriptor '/home/hrilab/connect4_ros/install/connect4_game/share/connect4_game/hook/pythonpath.dsv'
[12.165s] INFO:colcon.colcon_core.shell:Creating environment hook '/home/hrilab/connect4_ros/install/connect4_game/share/connect4_game/hook/pythonpath.sh'
[12.168s] Level 1:colcon.colcon_core.environment:checking '/home/hrilab/connect4_ros/install/connect4_game/bin'
[12.169s] Level 1:colcon.colcon_core.environment:create_environment_scripts_only(connect4_game)
[12.170s] INFO:colcon.colcon_core.shell:Creating package script '/home/hrilab/connect4_ros/install/connect4_game/share/connect4_game/package.ps1'
[12.173s] INFO:colcon.colcon_core.shell:Creating package descriptor '/home/hrilab/connect4_ros/install/connect4_game/share/connect4_game/package.dsv'
[12.175s] INFO:colcon.colcon_core.shell:Creating package script '/home/hrilab/connect4_ros/install/connect4_game/share/connect4_game/package.sh'
[12.176s] INFO:colcon.colcon_core.shell:Creating package script '/home/hrilab/connect4_ros/install/connect4_game/share/connect4_game/package.bash'
[12.177s] INFO:colcon.colcon_core.shell:Creating package script '/home/hrilab/connect4_ros/install/connect4_game/share/connect4_game/package.zsh'
[12.178s] Level 1:colcon.colcon_core.environment:create_file_with_runtime_dependencies(/home/hrilab/connect4_ros/install/connect4_game/share/colcon-core/packages/connect4_game)
[12.197s] Level 1:colcon.colcon_core.environment:checking '/home/hrilab/connect4_ros/install/connect4_manip' for CMake module files
[12.198s] DEBUG:colcon.colcon_core.event_handler.log_command:Invoked command in '/home/hrilab/connect4_ros/src/connect4_manip' returned '0': AMENT_PREFIX_PATH=/home/hrilab/connect4_ros/install/connect4_msgs:${AMENT_PREFIX_PATH} CMAKE_PREFIX_PATH=/home/hrilab/connect4_ros/install/connect4_msgs CONDA_PROMPT_MODIFIER=(base) LD_LIBRARY_PATH=/home/hrilab/connect4_ros/install/connect4_msgs/lib:${LD_LIBRARY_PATH} PYTHONPATH=/home/hrilab/connect4_ros/build/connect4_manip/prefix_override:/usr/lib/python3/dist-packages/colcon_core/task/python/colcon_distutils_commands:/home/hrilab/connect4_ros/install/connect4_manip/lib/python3.10/site-packages:/home/hrilab/connect4_ros/install/connect4_msgs/local/lib/python3.10/dist-packages:${PYTHONPATH} /usr/bin/python3 -W ignore:setup.py install is deprecated -W ignore:easy_install command is deprecated setup.py egg_info --egg-base ../../build/connect4_manip build --build-base /home/hrilab/connect4_ros/build/connect4_manip/build install --record /home/hrilab/connect4_ros/build/connect4_manip/install.log --single-version-externally-managed install_data
[12.198s] Level 1:colcon.colcon_core.environment:checking '/home/hrilab/connect4_ros/install/connect4_manip' for CMake config files
[12.200s] Level 1:colcon.colcon_core.environment:checking '/home/hrilab/connect4_ros/install/connect4_manip/lib'
[12.200s] Level 1:colcon.colcon_core.environment:checking '/home/hrilab/connect4_ros/install/connect4_manip/bin'
[12.200s] Level 1:colcon.colcon_core.environment:checking '/home/hrilab/connect4_ros/install/connect4_manip/lib/pkgconfig/connect4_manip.pc'
[12.201s] Level 1:colcon.colcon_core.environment:checking '/home/hrilab/connect4_ros/install/connect4_manip/lib/python3.10/site-packages'
[12.201s] Level 1:colcon.colcon_core.shell:create_environment_hook('connect4_manip', 'pythonpath')
[12.202s] INFO:colcon.colcon_core.shell:Creating environment hook '/home/hrilab/connect4_ros/install/connect4_manip/share/connect4_manip/hook/pythonpath.ps1'
[12.203s] INFO:colcon.colcon_core.shell:Creating environment descriptor '/home/hrilab/connect4_ros/install/connect4_manip/share/connect4_manip/hook/pythonpath.dsv'
[12.204s] INFO:colcon.colcon_core.shell:Creating environment hook '/home/hrilab/connect4_ros/install/connect4_manip/share/connect4_manip/hook/pythonpath.sh'
[12.206s] Level 1:colcon.colcon_core.environment:checking '/home/hrilab/connect4_ros/install/connect4_manip/bin'
[12.206s] Level 1:colcon.colcon_core.environment:create_environment_scripts_only(connect4_manip)
[12.207s] INFO:colcon.colcon_core.shell:Creating package script '/home/hrilab/connect4_ros/install/connect4_manip/share/connect4_manip/package.ps1'
[12.208s] INFO:colcon.colcon_core.shell:Creating package descriptor '/home/hrilab/connect4_ros/install/connect4_manip/share/connect4_manip/package.dsv'
[12.209s] INFO:colcon.colcon_core.shell:Creating package script '/home/hrilab/connect4_ros/install/connect4_manip/share/connect4_manip/package.sh'
[12.209s] INFO:colcon.colcon_core.shell:Creating package script '/home/hrilab/connect4_ros/install/connect4_manip/share/connect4_manip/package.bash'
[12.210s] INFO:colcon.colcon_core.shell:Creating package script '/home/hrilab/connect4_ros/install/connect4_manip/share/connect4_manip/package.zsh'
[12.210s] Level 1:colcon.colcon_core.environment:create_file_with_runtime_dependencies(/home/hrilab/connect4_ros/install/connect4_manip/share/colcon-core/packages/connect4_manip)
[12.212s] Level 1:colcon.colcon_core.environment:checking '/home/hrilab/connect4_ros/install/connect4_perception' for CMake module files
[12.213s] DEBUG:colcon.colcon_core.event_handler.log_command:Invoked command in '/home/hrilab/connect4_ros/src/connect4_perception' returned '0': AMENT_PREFIX_PATH=/home/hrilab/connect4_ros/install/connect4_msgs:${AMENT_PREFIX_PATH} CMAKE_PREFIX_PATH=/home/hrilab/connect4_ros/install/connect4_msgs CONDA_PROMPT_MODIFIER=(base) LD_LIBRARY_PATH=/home/hrilab/connect4_ros/install/connect4_msgs/lib:${LD_LIBRARY_PATH} PYTHONPATH=/home/hrilab/connect4_ros/build/connect4_perception/prefix_override:/usr/lib/python3/dist-packages/colcon_core/task/python/colcon_distutils_commands:/home/hrilab/connect4_ros/install/connect4_perception/lib/python3.10/site-packages:/home/hrilab/connect4_ros/install/connect4_msgs/local/lib/python3.10/dist-packages:${PYTHONPATH} /usr/bin/python3 -W ignore:setup.py install is deprecated -W ignore:easy_install command is deprecated setup.py egg_info --egg-base ../../build/connect4_perception build --build-base /home/hrilab/connect4_ros/build/connect4_perception/build install --record /home/hrilab/connect4_ros/build/connect4_perception/install.log --single-version-externally-managed install_data
[12.214s] Level 1:colcon.colcon_core.environment:checking '/home/hrilab/connect4_ros/install/connect4_perception' for CMake config files
[12.215s] Level 1:colcon.colcon_core.environment:checking '/home/hrilab/connect4_ros/install/connect4_perception/lib'
[12.215s] Level 1:colcon.colcon_core.environment:checking '/home/hrilab/connect4_ros/install/connect4_perception/bin'
[12.215s] Level 1:colcon.colcon_core.environment:checking '/home/hrilab/connect4_ros/install/connect4_perception/lib/pkgconfig/connect4_perception.pc'
[12.215s] Level 1:colcon.colcon_core.environment:checking '/home/hrilab/connect4_ros/install/connect4_perception/lib/python3.10/site-packages'
[12.216s] Level 1:colcon.colcon_core.shell:create_environment_hook('connect4_perception', 'pythonpath')
[12.216s] INFO:colcon.colcon_core.shell:Creating environment hook '/home/hrilab/connect4_ros/install/connect4_perception/share/connect4_perception/hook/pythonpath.ps1'
[12.217s] INFO:colcon.colcon_core.shell:Creating environment descriptor '/home/hrilab/connect4_ros/install/connect4_perception/share/connect4_perception/hook/pythonpath.dsv'
[12.217s] INFO:colcon.colcon_core.shell:Creating environment hook '/home/hrilab/connect4_ros/install/connect4_perception/share/connect4_perception/hook/pythonpath.sh'
[12.218s] Level 1:colcon.colcon_core.environment:checking '/home/hrilab/connect4_ros/install/connect4_perception/bin'
[12.218s] Level 1:colcon.colcon_core.environment:create_environment_scripts_only(connect4_perception)
[12.219s] INFO:colcon.colcon_core.shell:Creating package script '/home/hrilab/connect4_ros/install/connect4_perception/share/connect4_perception/package.ps1'
[12.220s] INFO:colcon.colcon_core.shell:Creating package descriptor '/home/hrilab/connect4_ros/install/connect4_perception/share/connect4_perception/package.dsv'
[12.220s] INFO:colcon.colcon_core.shell:Creating package script '/home/hrilab/connect4_ros/install/connect4_perception/share/connect4_perception/package.sh'
[12.221s] INFO:colcon.colcon_core.shell:Creating package script '/home/hrilab/connect4_ros/install/connect4_perception/share/connect4_perception/package.bash'
[12.221s] INFO:colcon.colcon_core.shell:Creating package script '/home/hrilab/connect4_ros/install/connect4_perception/share/connect4_perception/package.zsh'
[12.222s] Level 1:colcon.colcon_core.environment:create_file_with_runtime_dependencies(/home/hrilab/connect4_ros/install/connect4_perception/share/colcon-core/packages/connect4_perception)
[12.230s] Level 1:colcon.colcon_core.environment:checking '/home/hrilab/connect4_ros/install/connect4_turtlebotnav' for CMake module files
[12.231s] DEBUG:colcon.colcon_core.event_handler.log_command:Invoked command in '/home/hrilab/connect4_ros/src/connect4_turtlebotnav' returned '0': AMENT_PREFIX_PATH=/home/hrilab/connect4_ros/install/connect4_msgs:${AMENT_PREFIX_PATH} CMAKE_PREFIX_PATH=/home/hrilab/connect4_ros/install/connect4_msgs CONDA_PROMPT_MODIFIER=(base) LD_LIBRARY_PATH=/home/hrilab/connect4_ros/install/connect4_msgs/lib:${LD_LIBRARY_PATH} PYTHONPATH=/home/hrilab/connect4_ros/build/connect4_turtlebotnav/prefix_override:/usr/lib/python3/dist-packages/colcon_core/task/python/colcon_distutils_commands:/home/hrilab/connect4_ros/install/connect4_turtlebotnav/lib/python3.10/site-packages:/home/hrilab/connect4_ros/install/connect4_msgs/local/lib/python3.10/dist-packages:${PYTHONPATH} /usr/bin/python3 -W ignore:setup.py install is deprecated -W ignore:easy_install command is deprecated setup.py egg_info --egg-base ../../build/connect4_turtlebotnav build --build-base /home/hrilab/connect4_ros/build/connect4_turtlebotnav/build install --record /home/hrilab/connect4_ros/build/connect4_turtlebotnav/install.log --single-version-externally-managed install_data
[12.231s] Level 1:colcon.colcon_core.environment:checking '/home/hrilab/connect4_ros/install/connect4_turtlebotnav' for CMake config files
[12.232s] Level 1:colcon.colcon_core.environment:checking '/home/hrilab/connect4_ros/install/connect4_turtlebotnav/lib'
[12.232s] Level 1:colcon.colcon_core.environment:checking '/home/hrilab/connect4_ros/install/connect4_turtlebotnav/bin'
[12.232s] Level 1:colcon.colcon_core.environment:checking '/home/hrilab/connect4_ros/install/connect4_turtlebotnav/lib/pkgconfig/connect4_turtlebotnav.pc'
[12.232s] Level 1:colcon.colcon_core.environment:checking '/home/hrilab/connect4_ros/install/connect4_turtlebotnav/lib/python3.10/site-packages'
[12.232s] Level 1:colcon.colcon_core.shell:create_environment_hook('connect4_turtlebotnav', 'pythonpath')
[12.233s] INFO:colcon.colcon_core.shell:Creating environment hook '/home/hrilab/connect4_ros/install/connect4_turtlebotnav/share/connect4_turtlebotnav/hook/pythonpath.ps1'
[12.233s] INFO:colcon.colcon_core.shell:Creating environment descriptor '/home/hrilab/connect4_ros/install/connect4_turtlebotnav/share/connect4_turtlebotnav/hook/pythonpath.dsv'
[12.234s] INFO:colcon.colcon_core.shell:Creating environment hook '/home/hrilab/connect4_ros/install/connect4_turtlebotnav/share/connect4_turtlebotnav/hook/pythonpath.sh'
[12.235s] Level 1:colcon.colcon_core.environment:checking '/home/hrilab/connect4_ros/install/connect4_turtlebotnav/bin'
[12.235s] Level 1:colcon.colcon_core.environment:create_environment_scripts_only(connect4_turtlebotnav)
[12.235s] INFO:colcon.colcon_core.shell:Creating package script '/home/hrilab/connect4_ros/install/connect4_turtlebotnav/share/connect4_turtlebotnav/package.ps1'
[12.236s] INFO:colcon.colcon_core.shell:Creating package descriptor '/home/hrilab/connect4_ros/install/connect4_turtlebotnav/share/connect4_turtlebotnav/package.dsv'
[12.237s] INFO:colcon.colcon_core.shell:Creating package script '/home/hrilab/connect4_ros/install/connect4_turtlebotnav/share/connect4_turtlebotnav/package.sh'
[12.238s] INFO:colcon.colcon_core.shell:Creating package script '/home/hrilab/connect4_ros/install/connect4_turtlebotnav/share/connect4_turtlebotnav/package.bash'
[12.238s] INFO:colcon.colcon_core.shell:Creating package script '/home/hrilab/connect4_ros/install/connect4_turtlebotnav/share/connect4_turtlebotnav/package.zsh'
[12.238s] Level 1:colcon.colcon_core.environment:create_file_with_runtime_dependencies(/home/hrilab/connect4_ros/install/connect4_turtlebotnav/share/colcon-core/packages/connect4_turtlebotnav)
[12.239s] INFO:colcon.colcon_ros.task.ament_python.build:Building ROS package in '/home/hrilab/connect4_ros/src/connect4_launch' with build type 'ament_python'
[12.239s] Level 1:colcon.colcon_core.shell:create_environment_hook('connect4_launch', 'ament_prefix_path')
[12.239s] INFO:colcon.colcon_core.shell:Creating environment hook '/home/hrilab/connect4_ros/install/connect4_launch/share/connect4_launch/hook/ament_prefix_path.ps1'
[12.240s] INFO:colcon.colcon_core.shell:Creating environment descriptor '/home/hrilab/connect4_ros/install/connect4_launch/share/connect4_launch/hook/ament_prefix_path.dsv'
[12.241s] INFO:colcon.colcon_core.shell:Creating environment hook '/home/hrilab/connect4_ros/install/connect4_launch/share/connect4_launch/hook/ament_prefix_path.sh'
[12.242s] INFO:colcon.colcon_core.shell:Skip shell extension 'powershell' for command environment: Not usable outside of PowerShell
[12.242s] DEBUG:colcon.colcon_core.shell:Skip shell extension 'dsv' for command environment
[12.519s] INFO:colcon.colcon_core.task.python.build:Building Python package in '/home/hrilab/connect4_ros/src/connect4_launch'
[12.520s] INFO:colcon.colcon_core.shell:Skip shell extension 'powershell' for command environment: Not usable outside of PowerShell
[12.521s] DEBUG:colcon.colcon_core.shell:Skip shell extension 'dsv' for command environment
[13.238s] DEBUG:colcon.colcon_core.event_handler.log_command:Invoking command in '/home/hrilab/connect4_ros/src/connect4_launch': AMENT_PREFIX_PATH=/home/hrilab/connect4_ros/install/connect4_turtlebotnav:/home/hrilab/connect4_ros/install/connect4_perception:/home/hrilab/connect4_ros/install/connect4_manip:/home/hrilab/connect4_ros/install/connect4_game:/home/hrilab/connect4_ros/install/connect4_msgs:${AMENT_PREFIX_PATH} CMAKE_PREFIX_PATH=/home/hrilab/connect4_ros/install/connect4_msgs CONDA_PROMPT_MODIFIER=(base) LD_LIBRARY_PATH=/home/hrilab/connect4_ros/install/connect4_msgs/lib:${LD_LIBRARY_PATH} PYTHONPATH=/home/hrilab/connect4_ros/build/connect4_launch/prefix_override:/usr/lib/python3/dist-packages/colcon_core/task/python/colcon_distutils_commands:/home/hrilab/connect4_ros/install/connect4_launch/lib/python3.10/site-packages:/home/hrilab/connect4_ros/install/connect4_turtlebotnav/lib/python3.10/site-packages:/home/hrilab/connect4_ros/install/connect4_perception/lib/python3.10/site-packages:/home/hrilab/connect4_ros/install/connect4_manip/lib/python3.10/site-packages:/home/hrilab/connect4_ros/install/connect4_game/lib/python3.10/site-packages:/home/hrilab/connect4_ros/install/connect4_msgs/local/lib/python3.10/dist-packages:${PYTHONPATH} /usr/bin/python3 -W ignore:setup.py install is deprecated -W ignore:easy_install command is deprecated setup.py egg_info --egg-base ../../build/connect4_launch build --build-base /home/hrilab/connect4_ros/build/connect4_launch/build install --record /home/hrilab/connect4_ros/build/connect4_launch/install.log --single-version-externally-managed install_data
[13.946s] Level 1:colcon.colcon_core.environment:checking '/home/hrilab/connect4_ros/install/connect4_launch' for CMake module files
[13.947s] DEBUG:colcon.colcon_core.event_handler.log_command:Invoked command in '/home/hrilab/connect4_ros/src/connect4_launch' returned '0': AMENT_PREFIX_PATH=/home/hrilab/connect4_ros/install/connect4_turtlebotnav:/home/hrilab/connect4_ros/install/connect4_perception:/home/hrilab/connect4_ros/install/connect4_manip:/home/hrilab/connect4_ros/install/connect4_game:/home/hrilab/connect4_ros/install/connect4_msgs:${AMENT_PREFIX_PATH} CMAKE_PREFIX_PATH=/home/hrilab/connect4_ros/install/connect4_msgs CONDA_PROMPT_MODIFIER=(base) LD_LIBRARY_PATH=/home/hrilab/connect4_ros/install/connect4_msgs/lib:${LD_LIBRARY_PATH} PYTHONPATH=/home/hrilab/connect4_ros/build/connect4_launch/prefix_override:/usr/lib/python3/dist-packages/colcon_core/task/python/colcon_distutils_commands:/home/hrilab/connect4_ros/install/connect4_launch/lib/python3.10/site-packages:/home/hrilab/connect4_ros/install/connect4_turtlebotnav/lib/python3.10/site-packages:/home/hrilab/connect4_ros/install/connect4_perception/lib/python3.10/site-packages:/home/hrilab/connect4_ros/install/connect4_manip/lib/python3.10/site-packages:/home/hrilab/connect4_ros/install/connect4_game/lib/python3.10/site-packages:/home/hrilab/connect4_ros/install/connect4_msgs/local/lib/python3.10/dist-packages:${PYTHONPATH} /usr/bin/python3 -W ignore:setup.py install is deprecated -W ignore:easy_install command is deprecated setup.py egg_info --egg-base ../../build/connect4_launch build --build-base /home/hrilab/connect4_ros/build/connect4_launch/build install --record /home/hrilab/connect4_ros/build/connect4_launch/install.log --single-version-externally-managed install_data
[13.948s] Level 1:colcon.colcon_core.environment:checking '/home/hrilab/connect4_ros/install/connect4_launch' for CMake config files
[13.949s] Level 1:colcon.colcon_core.environment:checking '/home/hrilab/connect4_ros/install/connect4_launch/lib'
[13.949s] Level 1:colcon.colcon_core.environment:checking '/home/hrilab/connect4_ros/install/connect4_launch/bin'
[13.950s] Level 1:colcon.colcon_core.environment:checking '/home/hrilab/connect4_ros/install/connect4_launch/lib/pkgconfig/connect4_launch.pc'
[13.950s] Level 1:colcon.colcon_core.environment:checking '/home/hrilab/connect4_ros/install/connect4_launch/lib/python3.10/site-packages'
[13.950s] Level 1:colcon.colcon_core.shell:create_environment_hook('connect4_launch', 'pythonpath')
[13.951s] INFO:colcon.colcon_core.shell:Creating environment hook '/home/hrilab/connect4_ros/install/connect4_launch/share/connect4_launch/hook/pythonpath.ps1'
[13.952s] INFO:colcon.colcon_core.shell:Creating environment descriptor '/home/hrilab/connect4_ros/install/connect4_launch/share/connect4_launch/hook/pythonpath.dsv'
[13.953s] INFO:colcon.colcon_core.shell:Creating environment hook '/home/hrilab/connect4_ros/install/connect4_launch/share/connect4_launch/hook/pythonpath.sh'
[13.956s] Level 1:colcon.colcon_core.environment:checking '/home/hrilab/connect4_ros/install/connect4_launch/bin'
[13.956s] Level 1:colcon.colcon_core.environment:create_environment_scripts_only(connect4_launch)
[13.957s] INFO:colcon.colcon_core.shell:Creating package script '/home/hrilab/connect4_ros/install/connect4_launch/share/connect4_launch/package.ps1'
[13.958s] INFO:colcon.colcon_core.shell:Creating package descriptor '/home/hrilab/connect4_ros/install/connect4_launch/share/connect4_launch/package.dsv'
[13.959s] INFO:colcon.colcon_core.shell:Creating package script '/home/hrilab/connect4_ros/install/connect4_launch/share/connect4_launch/package.sh'
[13.961s] INFO:colcon.colcon_core.shell:Creating package script '/home/hrilab/connect4_ros/install/connect4_launch/share/connect4_launch/package.bash'
[13.962s] INFO:colcon.colcon_core.shell:Creating package script '/home/hrilab/connect4_ros/install/connect4_launch/share/connect4_launch/package.zsh'
[13.963s] Level 1:colcon.colcon_core.environment:create_file_with_runtime_dependencies(/home/hrilab/connect4_ros/install/connect4_launch/share/colcon-core/packages/connect4_launch)
[13.963s] DEBUG:colcon.colcon_parallel_executor.executor.parallel:closing loop
[13.964s] DEBUG:colcon.colcon_parallel_executor.executor.parallel:loop closed
[13.964s] DEBUG:colcon.colcon_parallel_executor.executor.parallel:run_until_complete finished with '0'
[13.964s] DEBUG:colcon.colcon_core.event_reactor:joining thread
[13.977s] INFO:colcon.colcon_core.plugin_system:Skipping extension 'colcon_notification.desktop_notification.terminal_notifier': Not used on non-Darwin systems
[13.977s] INFO:colcon.colcon_core.plugin_system:Skipping extension 'colcon_notification.desktop_notification.win32': Not used on non-Windows systems
[13.977s] INFO:colcon.colcon_notification.desktop_notification:Sending desktop notification using 'notify2'
[14.003s] DEBUG:colcon.colcon_core.event_reactor:joined thread
[14.004s] INFO:colcon.colcon_core.shell:Creating prefix script '/home/hrilab/connect4_ros/install/local_setup.ps1'
[14.007s] INFO:colcon.colcon_core.shell:Creating prefix util module '/home/hrilab/connect4_ros/install/_local_setup_util_ps1.py'
[14.010s] INFO:colcon.colcon_core.shell:Creating prefix chain script '/home/hrilab/connect4_ros/install/setup.ps1'
[14.013s] INFO:colcon.colcon_core.shell:Creating prefix script '/home/hrilab/connect4_ros/install/local_setup.sh'
[14.015s] INFO:colcon.colcon_core.shell:Creating prefix util module '/home/hrilab/connect4_ros/install/_local_setup_util_sh.py'
[14.016s] INFO:colcon.colcon_core.shell:Creating prefix chain script '/home/hrilab/connect4_ros/install/setup.sh'
[14.019s] INFO:colcon.colcon_core.shell:Creating prefix script '/home/hrilab/connect4_ros/install/local_setup.bash'
[14.020s] INFO:colcon.colcon_core.shell:Creating prefix chain script '/home/hrilab/connect4_ros/install/setup.bash'
[14.022s] INFO:colcon.colcon_core.shell:Creating prefix script '/home/hrilab/connect4_ros/install/local_setup.zsh'
[14.023s] INFO:colcon.colcon_core.shell:Creating prefix chain script '/home/hrilab/connect4_ros/install/setup.zsh'
