[2.288s] Invoking command in '/home/danie/connect4_ros/src/connect4_manip': PYTHONPATH=/home/danie/connect4_ros/build/connect4_manip/prefix_override:/usr/lib/python3/dist-packages/colcon_core/task/python/colcon_distutils_commands:/home/danie/connect4_ros/install/connect4_manip/lib/python3.12/site-packages:${PYTHONPATH} /usr/bin/python3 -W ignore:setup.py install is deprecated -W ignore:easy_install command is deprecated setup.py egg_info --egg-base ../../build/connect4_manip build --build-base /home/danie/connect4_ros/build/connect4_manip/build install --record /home/danie/connect4_ros/build/connect4_manip/install.log --single-version-externally-managed install_data
[2.594s] running egg_info
[2.594s] creating ../../build/connect4_manip/connect4_manip.egg-info
[2.621s] writing ../../build/connect4_manip/connect4_manip.egg-info/PKG-INFO
[2.622s] writing dependency_links to ../../build/connect4_manip/connect4_manip.egg-info/dependency_links.txt
[2.622s] writing entry points to ../../build/connect4_manip/connect4_manip.egg-info/entry_points.txt
[2.622s] writing requirements to ../../build/connect4_manip/connect4_manip.egg-info/requires.txt
[2.622s] writing top-level names to ../../build/connect4_manip/connect4_manip.egg-info/top_level.txt
[2.622s] writing manifest file '../../build/connect4_manip/connect4_manip.egg-info/SOURCES.txt'
[2.677s] reading manifest file '../../build/connect4_manip/connect4_manip.egg-info/SOURCES.txt'
[2.678s] writing manifest file '../../build/connect4_manip/connect4_manip.egg-info/SOURCES.txt'
[2.678s] running build
[2.679s] running build_py
[2.679s] creating /home/danie/connect4_ros/build/connect4_manip/build
[2.679s] creating /home/danie/connect4_ros/build/connect4_manip/build/lib
[2.679s] creating /home/danie/connect4_ros/build/connect4_manip/build/lib/connect4_manip
[2.679s] copying connect4_manip/__init__.py -> /home/danie/connect4_ros/build/connect4_manip/build/lib/connect4_manip
[2.680s] copying connect4_manip/arm_manip_node.py -> /home/danie/connect4_ros/build/connect4_manip/build/lib/connect4_manip
[2.680s] copying connect4_manip/py.typed -> /home/danie/connect4_ros/build/connect4_manip/build/lib/connect4_manip
[2.683s] running install
[2.688s] running install_lib
[2.712s] creating /home/danie/connect4_ros/install/connect4_manip/lib/python3.12/site-packages/connect4_manip
[2.712s] copying /home/danie/connect4_ros/build/connect4_manip/build/lib/connect4_manip/py.typed -> /home/danie/connect4_ros/install/connect4_manip/lib/python3.12/site-packages/connect4_manip
[2.712s] copying /home/danie/connect4_ros/build/connect4_manip/build/lib/connect4_manip/__init__.py -> /home/danie/connect4_ros/install/connect4_manip/lib/python3.12/site-packages/connect4_manip
[2.712s] copying /home/danie/connect4_ros/build/connect4_manip/build/lib/connect4_manip/arm_manip_node.py -> /home/danie/connect4_ros/install/connect4_manip/lib/python3.12/site-packages/connect4_manip
[2.713s] byte-compiling /home/danie/connect4_ros/install/connect4_manip/lib/python3.12/site-packages/connect4_manip/__init__.py to __init__.cpython-312.pyc
[2.714s] byte-compiling /home/danie/connect4_ros/install/connect4_manip/lib/python3.12/site-packages/connect4_manip/arm_manip_node.py to arm_manip_node.cpython-312.pyc
[2.714s] running install_data
[2.715s] creating /home/danie/connect4_ros/install/connect4_manip/share/ament_index
[2.715s] creating /home/danie/connect4_ros/install/connect4_manip/share/ament_index/resource_index
[2.715s] creating /home/danie/connect4_ros/install/connect4_manip/share/ament_index/resource_index/packages
[2.716s] copying resource/connect4_manip -> /home/danie/connect4_ros/install/connect4_manip/share/ament_index/resource_index/packages
[2.716s] copying package.xml -> /home/danie/connect4_ros/install/connect4_manip/share/connect4_manip
[2.716s] running install_egg_info
[2.747s] Copying ../../build/connect4_manip/connect4_manip.egg-info to /home/danie/connect4_ros/install/connect4_manip/lib/python3.12/site-packages/connect4_manip-0.0.0-py3.12.egg-info
[2.748s] running install_scripts
[2.912s] Installing arm_manip_node script to /home/danie/connect4_ros/install/connect4_manip/lib/connect4_manip
[2.913s] writing list of installed files to '/home/danie/connect4_ros/build/connect4_manip/install.log'
[2.947s] Invoked command in '/home/danie/connect4_ros/src/connect4_manip' returned '0': PYTHONPATH=/home/danie/connect4_ros/build/connect4_manip/prefix_override:/usr/lib/python3/dist-packages/colcon_core/task/python/colcon_distutils_commands:/home/danie/connect4_ros/install/connect4_manip/lib/python3.12/site-packages:${PYTHONPATH} /usr/bin/python3 -W ignore:setup.py install is deprecated -W ignore:easy_install command is deprecated setup.py egg_info --egg-base ../../build/connect4_manip build --build-base /home/danie/connect4_ros/build/connect4_manip/build install --record /home/danie/connect4_ros/build/connect4_manip/install.log --single-version-externally-managed install_data
