[0.381s] DEBUG:colcon:Command line arguments: ['/usr/bin/colcon', 'build']
[0.381s] DEBUG:colcon:Parsed command line arguments: Namespace(log_base=None, log_level=None, verb_name='build', build_base='build', install_base='install', merge_install=False, symlink_install=False, test_result_base=None, continue_on_error=False, executor='parallel', parallel_workers=8, event_handlers=None, ignore_user_meta=False, metas=['./colcon.meta'], base_paths=['.'], packages_ignore=None, packages_ignore_regex=None, paths=None, packages_up_to=None, packages_up_to_regex=None, packages_above=None, packages_above_and_dependencies=None, packages_above_depth=None, packages_select_by_dep=None, packages_skip_by_dep=None, packages_skip_up_to=None, packages_select_build_failed=False, packages_skip_build_finished=False, packages_select_test_failures=False, packages_skip_test_passed=False, packages_select=None, packages_skip=None, packages_select_regex=None, packages_skip_regex=None, packages_start=None, packages_end=None, allow_overriding=[], cmake_args=None, cmake_target=None, cmake_target_skip_unavailable=False, cmake_clean_cache=False, cmake_clean_first=False, cmake_force_configure=False, ament_cmake_args=None, catkin_cmake_args=None, catkin_skip_building_tests=False, mixin_files=None, mixin=None, verb_parser=<colcon_mixin.mixin.mixin_argument.MixinArgumentDecorator object at 0x79cc43657fb0>, verb_extension=<colcon_core.verb.build.BuildVerb object at 0x79cc43657d10>, main=<bound method BuildVerb.main of <colcon_core.verb.build.BuildVerb object at 0x79cc43657d10>>, mixin_verb=('build',))
[0.470s] Level 1:colcon.colcon_core.package_discovery:discover_packages(colcon_meta) check parameters
[0.470s] Level 1:colcon.colcon_core.package_discovery:discover_packages(recursive) check parameters
[0.470s] Level 1:colcon.colcon_core.package_discovery:discover_packages(ignore) check parameters
[0.470s] Level 1:colcon.colcon_core.package_discovery:discover_packages(path) check parameters
[0.470s] Level 1:colcon.colcon_core.package_discovery:discover_packages(colcon_meta) discover
[0.470s] Level 1:colcon.colcon_core.package_discovery:discover_packages(recursive) discover
[0.470s] INFO:colcon.colcon_core.package_discovery:Crawling recursively for packages in '/home/danie/connect4_ros'
[0.470s] Level 1:colcon.colcon_core.package_identification:_identify(.) by extensions ['ignore', 'ignore_ament_install']
[0.471s] Level 1:colcon.colcon_core.package_identification:_identify(.) by extension 'ignore'
[0.471s] Level 1:colcon.colcon_core.package_identification:_identify(.) by extension 'ignore_ament_install'
[0.471s] Level 1:colcon.colcon_core.package_identification:_identify(.) by extensions ['colcon_pkg']
[0.471s] Level 1:colcon.colcon_core.package_identification:_identify(.) by extension 'colcon_pkg'
[0.471s] Level 1:colcon.colcon_core.package_identification:_identify(.) by extensions ['colcon_meta']
[0.471s] Level 1:colcon.colcon_core.package_identification:_identify(.) by extension 'colcon_meta'
[0.471s] Level 1:colcon.colcon_core.package_identification:_identify(.) by extensions ['ros']
[0.471s] Level 1:colcon.colcon_core.package_identification:_identify(.) by extension 'ros'
[0.514s] Level 1:colcon.colcon_core.package_identification:_identify(.) by extensions ['cmake', 'python']
[0.514s] Level 1:colcon.colcon_core.package_identification:_identify(.) by extension 'cmake'
[0.514s] Level 1:colcon.colcon_core.package_identification:_identify(.) by extension 'python'
[0.514s] Level 1:colcon.colcon_core.package_identification:_identify(.) by extensions ['python_setup_py']
[0.514s] Level 1:colcon.colcon_core.package_identification:_identify(.) by extension 'python_setup_py'
[0.514s] Level 1:colcon.colcon_core.package_identification:_identify(build) by extensions ['ignore', 'ignore_ament_install']
[0.514s] Level 1:colcon.colcon_core.package_identification:_identify(build) by extension 'ignore'
[0.514s] Level 1:colcon.colcon_core.package_identification:_identify(build) ignored
[0.514s] Level 1:colcon.colcon_core.package_identification:_identify(install) by extensions ['ignore', 'ignore_ament_install']
[0.514s] Level 1:colcon.colcon_core.package_identification:_identify(install) by extension 'ignore'
[0.514s] Level 1:colcon.colcon_core.package_identification:_identify(install) ignored
[0.514s] Level 1:colcon.colcon_core.package_identification:_identify(log) by extensions ['ignore', 'ignore_ament_install']
[0.514s] Level 1:colcon.colcon_core.package_identification:_identify(log) by extension 'ignore'
[0.514s] Level 1:colcon.colcon_core.package_identification:_identify(log) ignored
[0.514s] Level 1:colcon.colcon_core.package_identification:_identify(src) by extensions ['ignore', 'ignore_ament_install']
[0.514s] Level 1:colcon.colcon_core.package_identification:_identify(src) by extension 'ignore'
[0.514s] Level 1:colcon.colcon_core.package_identification:_identify(src) by extension 'ignore_ament_install'
[0.514s] Level 1:colcon.colcon_core.package_identification:_identify(src) by extensions ['colcon_pkg']
[0.514s] Level 1:colcon.colcon_core.package_identification:_identify(src) by extension 'colcon_pkg'
[0.514s] Level 1:colcon.colcon_core.package_identification:_identify(src) by extensions ['colcon_meta']
[0.515s] Level 1:colcon.colcon_core.package_identification:_identify(src) by extension 'colcon_meta'
[0.515s] Level 1:colcon.colcon_core.package_identification:_identify(src) by extensions ['ros']
[0.515s] Level 1:colcon.colcon_core.package_identification:_identify(src) by extension 'ros'
[0.515s] Level 1:colcon.colcon_core.package_identification:_identify(src) by extensions ['cmake', 'python']
[0.515s] Level 1:colcon.colcon_core.package_identification:_identify(src) by extension 'cmake'
[0.515s] Level 1:colcon.colcon_core.package_identification:_identify(src) by extension 'python'
[0.515s] Level 1:colcon.colcon_core.package_identification:_identify(src) by extensions ['python_setup_py']
[0.515s] Level 1:colcon.colcon_core.package_identification:_identify(src) by extension 'python_setup_py'
[0.516s] Level 1:colcon.colcon_core.package_identification:_identify(src/connect4_game) by extensions ['ignore', 'ignore_ament_install']
[0.516s] Level 1:colcon.colcon_core.package_identification:_identify(src/connect4_game) by extension 'ignore'
[0.516s] Level 1:colcon.colcon_core.package_identification:_identify(src/connect4_game) by extension 'ignore_ament_install'
[0.516s] Level 1:colcon.colcon_core.package_identification:_identify(src/connect4_game) by extensions ['colcon_pkg']
[0.516s] Level 1:colcon.colcon_core.package_identification:_identify(src/connect4_game) by extension 'colcon_pkg'
[0.516s] Level 1:colcon.colcon_core.package_identification:_identify(src/connect4_game) by extensions ['colcon_meta']
[0.516s] Level 1:colcon.colcon_core.package_identification:_identify(src/connect4_game) by extension 'colcon_meta'
[0.516s] Level 1:colcon.colcon_core.package_identification:_identify(src/connect4_game) by extensions ['ros']
[0.516s] Level 1:colcon.colcon_core.package_identification:_identify(src/connect4_game) by extension 'ros'
[0.521s] DEBUG:colcon.colcon_core.package_identification:Package 'src/connect4_game' with type 'ros.ament_python' and name 'connect4_game'
[0.521s] Level 1:colcon.colcon_core.package_identification:_identify(src/connect4_launch) by extensions ['ignore', 'ignore_ament_install']
[0.521s] Level 1:colcon.colcon_core.package_identification:_identify(src/connect4_launch) by extension 'ignore'
[0.521s] Level 1:colcon.colcon_core.package_identification:_identify(src/connect4_launch) by extension 'ignore_ament_install'
[0.521s] Level 1:colcon.colcon_core.package_identification:_identify(src/connect4_launch) by extensions ['colcon_pkg']
[0.521s] Level 1:colcon.colcon_core.package_identification:_identify(src/connect4_launch) by extension 'colcon_pkg'
[0.521s] Level 1:colcon.colcon_core.package_identification:_identify(src/connect4_launch) by extensions ['colcon_meta']
[0.521s] Level 1:colcon.colcon_core.package_identification:_identify(src/connect4_launch) by extension 'colcon_meta'
[0.521s] Level 1:colcon.colcon_core.package_identification:_identify(src/connect4_launch) by extensions ['ros']
[0.522s] Level 1:colcon.colcon_core.package_identification:_identify(src/connect4_launch) by extension 'ros'
[0.523s] DEBUG:colcon.colcon_core.package_identification:Package 'src/connect4_launch' with type 'ros.ament_python' and name 'connect4_launch'
[0.523s] Level 1:colcon.colcon_core.package_identification:_identify(src/connect4_manip) by extensions ['ignore', 'ignore_ament_install']
[0.523s] Level 1:colcon.colcon_core.package_identification:_identify(src/connect4_manip) by extension 'ignore'
[0.523s] Level 1:colcon.colcon_core.package_identification:_identify(src/connect4_manip) by extension 'ignore_ament_install'
[0.523s] Level 1:colcon.colcon_core.package_identification:_identify(src/connect4_manip) by extensions ['colcon_pkg']
[0.523s] Level 1:colcon.colcon_core.package_identification:_identify(src/connect4_manip) by extension 'colcon_pkg'
[0.523s] Level 1:colcon.colcon_core.package_identification:_identify(src/connect4_manip) by extensions ['colcon_meta']
[0.523s] Level 1:colcon.colcon_core.package_identification:_identify(src/connect4_manip) by extension 'colcon_meta'
[0.523s] Level 1:colcon.colcon_core.package_identification:_identify(src/connect4_manip) by extensions ['ros']
[0.523s] Level 1:colcon.colcon_core.package_identification:_identify(src/connect4_manip) by extension 'ros'
[0.525s] DEBUG:colcon.colcon_core.package_identification:Package 'src/connect4_manip' with type 'ros.ament_python' and name 'connect4_manip'
[0.525s] Level 1:colcon.colcon_core.package_identification:_identify(src/connect4_msgs) by extensions ['ignore', 'ignore_ament_install']
[0.525s] Level 1:colcon.colcon_core.package_identification:_identify(src/connect4_msgs) by extension 'ignore'
[0.525s] Level 1:colcon.colcon_core.package_identification:_identify(src/connect4_msgs) by extension 'ignore_ament_install'
[0.525s] Level 1:colcon.colcon_core.package_identification:_identify(src/connect4_msgs) by extensions ['colcon_pkg']
[0.525s] Level 1:colcon.colcon_core.package_identification:_identify(src/connect4_msgs) by extension 'colcon_pkg'
[0.525s] Level 1:colcon.colcon_core.package_identification:_identify(src/connect4_msgs) by extensions ['colcon_meta']
[0.525s] Level 1:colcon.colcon_core.package_identification:_identify(src/connect4_msgs) by extension 'colcon_meta'
[0.526s] Level 1:colcon.colcon_core.package_identification:_identify(src/connect4_msgs) by extensions ['ros']
[0.526s] Level 1:colcon.colcon_core.package_identification:_identify(src/connect4_msgs) by extension 'ros'
[0.526s] DEBUG:colcon.colcon_core.package_identification:Package 'src/connect4_msgs' with type 'ros.ament_cmake' and name 'connect4_msgs'
[0.527s] Level 1:colcon.colcon_core.package_identification:_identify(src/connect4_perception) by extensions ['ignore', 'ignore_ament_install']
[0.527s] Level 1:colcon.colcon_core.package_identification:_identify(src/connect4_perception) by extension 'ignore'
[0.527s] Level 1:colcon.colcon_core.package_identification:_identify(src/connect4_perception) by extension 'ignore_ament_install'
[0.527s] Level 1:colcon.colcon_core.package_identification:_identify(src/connect4_perception) by extensions ['colcon_pkg']
[0.527s] Level 1:colcon.colcon_core.package_identification:_identify(src/connect4_perception) by extension 'colcon_pkg'
[0.527s] Level 1:colcon.colcon_core.package_identification:_identify(src/connect4_perception) by extensions ['colcon_meta']
[0.527s] Level 1:colcon.colcon_core.package_identification:_identify(src/connect4_perception) by extension 'colcon_meta'
[0.527s] Level 1:colcon.colcon_core.package_identification:_identify(src/connect4_perception) by extensions ['ros']
[0.527s] Level 1:colcon.colcon_core.package_identification:_identify(src/connect4_perception) by extension 'ros'
[0.528s] DEBUG:colcon.colcon_core.package_identification:Package 'src/connect4_perception' with type 'ros.ament_python' and name 'connect4_perception'
[0.528s] Level 1:colcon.colcon_core.package_identification:_identify(src/connect4_turtlebotnav) by extensions ['ignore', 'ignore_ament_install']
[0.529s] Level 1:colcon.colcon_core.package_identification:_identify(src/connect4_turtlebotnav) by extension 'ignore'
[0.529s] Level 1:colcon.colcon_core.package_identification:_identify(src/connect4_turtlebotnav) by extension 'ignore_ament_install'
[0.529s] Level 1:colcon.colcon_core.package_identification:_identify(src/connect4_turtlebotnav) by extensions ['colcon_pkg']
[0.529s] Level 1:colcon.colcon_core.package_identification:_identify(src/connect4_turtlebotnav) by extension 'colcon_pkg'
[0.529s] Level 1:colcon.colcon_core.package_identification:_identify(src/connect4_turtlebotnav) by extensions ['colcon_meta']
[0.529s] Level 1:colcon.colcon_core.package_identification:_identify(src/connect4_turtlebotnav) by extension 'colcon_meta'
[0.529s] Level 1:colcon.colcon_core.package_identification:_identify(src/connect4_turtlebotnav) by extensions ['ros']
[0.529s] Level 1:colcon.colcon_core.package_identification:_identify(src/connect4_turtlebotnav) by extension 'ros'
[0.530s] DEBUG:colcon.colcon_core.package_identification:Package 'src/connect4_turtlebotnav' with type 'ros.ament_python' and name 'connect4_turtlebotnav'
[0.530s] Level 1:colcon.colcon_core.package_discovery:discover_packages(recursive) using defaults
[0.530s] Level 1:colcon.colcon_core.package_discovery:discover_packages(ignore) discover
[0.530s] Level 1:colcon.colcon_core.package_discovery:discover_packages(ignore) using defaults
[0.530s] Level 1:colcon.colcon_core.package_discovery:discover_packages(path) discover
[0.530s] Level 1:colcon.colcon_core.package_discovery:discover_packages(path) using defaults
[0.575s] Level 1:colcon.colcon_core.package_discovery:discover_packages(prefix_path) check parameters
[0.575s] Level 1:colcon.colcon_core.package_discovery:discover_packages(prefix_path) discover
[0.587s] DEBUG:colcon.colcon_installed_package_information.package_discovery:Found 5 installed packages in /home/danie/connect4_ros/install
[0.587s] DEBUG:colcon.colcon_installed_package_information.package_discovery:Found 5 installed packages in /home/danie/ros2_ws/install
[0.589s] DEBUG:colcon.colcon_installed_package_information.package_discovery:Found 452 installed packages in /opt/ros/kilted
[0.590s] Level 1:colcon.colcon_core.package_discovery:discover_packages(prefix_path) using defaults
[0.641s] Level 5:colcon.colcon_core.verb:set package 'connect4_msgs' build argument 'cmake_args' from command line to 'None'
[0.641s] Level 5:colcon.colcon_core.verb:set package 'connect4_msgs' build argument 'cmake_target' from command line to 'None'
[0.641s] Level 5:colcon.colcon_core.verb:set package 'connect4_msgs' build argument 'cmake_target_skip_unavailable' from command line to 'False'
[0.641s] Level 5:colcon.colcon_core.verb:set package 'connect4_msgs' build argument 'cmake_clean_cache' from command line to 'False'
[0.641s] Level 5:colcon.colcon_core.verb:set package 'connect4_msgs' build argument 'cmake_clean_first' from command line to 'False'
[0.641s] Level 5:colcon.colcon_core.verb:set package 'connect4_msgs' build argument 'cmake_force_configure' from command line to 'False'
[0.641s] Level 5:colcon.colcon_core.verb:set package 'connect4_msgs' build argument 'ament_cmake_args' from command line to 'None'
[0.641s] Level 5:colcon.colcon_core.verb:set package 'connect4_msgs' build argument 'catkin_cmake_args' from command line to 'None'
[0.641s] Level 5:colcon.colcon_core.verb:set package 'connect4_msgs' build argument 'catkin_skip_building_tests' from command line to 'False'
[0.641s] DEBUG:colcon.colcon_core.verb:Building package 'connect4_msgs' with the following arguments: {'ament_cmake_args': None, 'build_base': '/home/danie/connect4_ros/build/connect4_msgs', 'catkin_cmake_args': None, 'catkin_skip_building_tests': False, 'cmake_args': None, 'cmake_clean_cache': False, 'cmake_clean_first': False, 'cmake_force_configure': False, 'cmake_target': None, 'cmake_target_skip_unavailable': False, 'install_base': '/home/danie/connect4_ros/install/connect4_msgs', 'merge_install': False, 'path': '/home/danie/connect4_ros/src/connect4_msgs', 'symlink_install': False, 'test_result_base': None}
[0.641s] Level 5:colcon.colcon_core.verb:set package 'connect4_game' build argument 'cmake_args' from command line to 'None'
[0.641s] Level 5:colcon.colcon_core.verb:set package 'connect4_game' build argument 'cmake_target' from command line to 'None'
[0.641s] Level 5:colcon.colcon_core.verb:set package 'connect4_game' build argument 'cmake_target_skip_unavailable' from command line to 'False'
[0.641s] Level 5:colcon.colcon_core.verb:set package 'connect4_game' build argument 'cmake_clean_cache' from command line to 'False'
[0.641s] Level 5:colcon.colcon_core.verb:set package 'connect4_game' build argument 'cmake_clean_first' from command line to 'False'
[0.641s] Level 5:colcon.colcon_core.verb:set package 'connect4_game' build argument 'cmake_force_configure' from command line to 'False'
[0.641s] Level 5:colcon.colcon_core.verb:set package 'connect4_game' build argument 'ament_cmake_args' from command line to 'None'
[0.641s] Level 5:colcon.colcon_core.verb:set package 'connect4_game' build argument 'catkin_cmake_args' from command line to 'None'
[0.641s] Level 5:colcon.colcon_core.verb:set package 'connect4_game' build argument 'catkin_skip_building_tests' from command line to 'False'
[0.641s] DEBUG:colcon.colcon_core.verb:Building package 'connect4_game' with the following arguments: {'ament_cmake_args': None, 'build_base': '/home/danie/connect4_ros/build/connect4_game', 'catkin_cmake_args': None, 'catkin_skip_building_tests': False, 'cmake_args': None, 'cmake_clean_cache': False, 'cmake_clean_first': False, 'cmake_force_configure': False, 'cmake_target': None, 'cmake_target_skip_unavailable': False, 'install_base': '/home/danie/connect4_ros/install/connect4_game', 'merge_install': False, 'path': '/home/danie/connect4_ros/src/connect4_game', 'symlink_install': False, 'test_result_base': None}
[0.642s] Level 5:colcon.colcon_core.verb:set package 'connect4_manip' build argument 'cmake_args' from command line to 'None'
[0.642s] Level 5:colcon.colcon_core.verb:set package 'connect4_manip' build argument 'cmake_target' from command line to 'None'
[0.642s] Level 5:colcon.colcon_core.verb:set package 'connect4_manip' build argument 'cmake_target_skip_unavailable' from command line to 'False'
[0.642s] Level 5:colcon.colcon_core.verb:set package 'connect4_manip' build argument 'cmake_clean_cache' from command line to 'False'
[0.642s] Level 5:colcon.colcon_core.verb:set package 'connect4_manip' build argument 'cmake_clean_first' from command line to 'False'
[0.642s] Level 5:colcon.colcon_core.verb:set package 'connect4_manip' build argument 'cmake_force_configure' from command line to 'False'
[0.642s] Level 5:colcon.colcon_core.verb:set package 'connect4_manip' build argument 'ament_cmake_args' from command line to 'None'
[0.642s] Level 5:colcon.colcon_core.verb:set package 'connect4_manip' build argument 'catkin_cmake_args' from command line to 'None'
[0.642s] Level 5:colcon.colcon_core.verb:set package 'connect4_manip' build argument 'catkin_skip_building_tests' from command line to 'False'
[0.642s] DEBUG:colcon.colcon_core.verb:Building package 'connect4_manip' with the following arguments: {'ament_cmake_args': None, 'build_base': '/home/danie/connect4_ros/build/connect4_manip', 'catkin_cmake_args': None, 'catkin_skip_building_tests': False, 'cmake_args': None, 'cmake_clean_cache': False, 'cmake_clean_first': False, 'cmake_force_configure': False, 'cmake_target': None, 'cmake_target_skip_unavailable': False, 'install_base': '/home/danie/connect4_ros/install/connect4_manip', 'merge_install': False, 'path': '/home/danie/connect4_ros/src/connect4_manip', 'symlink_install': False, 'test_result_base': None}
[0.642s] Level 5:colcon.colcon_core.verb:set package 'connect4_perception' build argument 'cmake_args' from command line to 'None'
[0.642s] Level 5:colcon.colcon_core.verb:set package 'connect4_perception' build argument 'cmake_target' from command line to 'None'
[0.642s] Level 5:colcon.colcon_core.verb:set package 'connect4_perception' build argument 'cmake_target_skip_unavailable' from command line to 'False'
[0.642s] Level 5:colcon.colcon_core.verb:set package 'connect4_perception' build argument 'cmake_clean_cache' from command line to 'False'
[0.642s] Level 5:colcon.colcon_core.verb:set package 'connect4_perception' build argument 'cmake_clean_first' from command line to 'False'
[0.642s] Level 5:colcon.colcon_core.verb:set package 'connect4_perception' build argument 'cmake_force_configure' from command line to 'False'
[0.642s] Level 5:colcon.colcon_core.verb:set package 'connect4_perception' build argument 'ament_cmake_args' from command line to 'None'
[0.642s] Level 5:colcon.colcon_core.verb:set package 'connect4_perception' build argument 'catkin_cmake_args' from command line to 'None'
[0.642s] Level 5:colcon.colcon_core.verb:set package 'connect4_perception' build argument 'catkin_skip_building_tests' from command line to 'False'
[0.642s] DEBUG:colcon.colcon_core.verb:Building package 'connect4_perception' with the following arguments: {'ament_cmake_args': None, 'build_base': '/home/danie/connect4_ros/build/connect4_perception', 'catkin_cmake_args': None, 'catkin_skip_building_tests': False, 'cmake_args': None, 'cmake_clean_cache': False, 'cmake_clean_first': False, 'cmake_force_configure': False, 'cmake_target': None, 'cmake_target_skip_unavailable': False, 'install_base': '/home/danie/connect4_ros/install/connect4_perception', 'merge_install': False, 'path': '/home/danie/connect4_ros/src/connect4_perception', 'symlink_install': False, 'test_result_base': None}
[0.642s] Level 5:colcon.colcon_core.verb:set package 'connect4_turtlebotnav' build argument 'cmake_args' from command line to 'None'
[0.642s] Level 5:colcon.colcon_core.verb:set package 'connect4_turtlebotnav' build argument 'cmake_target' from command line to 'None'
[0.642s] Level 5:colcon.colcon_core.verb:set package 'connect4_turtlebotnav' build argument 'cmake_target_skip_unavailable' from command line to 'False'
[0.642s] Level 5:colcon.colcon_core.verb:set package 'connect4_turtlebotnav' build argument 'cmake_clean_cache' from command line to 'False'
[0.642s] Level 5:colcon.colcon_core.verb:set package 'connect4_turtlebotnav' build argument 'cmake_clean_first' from command line to 'False'
[0.642s] Level 5:colcon.colcon_core.verb:set package 'connect4_turtlebotnav' build argument 'cmake_force_configure' from command line to 'False'
[0.642s] Level 5:colcon.colcon_core.verb:set package 'connect4_turtlebotnav' build argument 'ament_cmake_args' from command line to 'None'
[0.642s] Level 5:colcon.colcon_core.verb:set package 'connect4_turtlebotnav' build argument 'catkin_cmake_args' from command line to 'None'
[0.642s] Level 5:colcon.colcon_core.verb:set package 'connect4_turtlebotnav' build argument 'catkin_skip_building_tests' from command line to 'False'
[0.642s] DEBUG:colcon.colcon_core.verb:Building package 'connect4_turtlebotnav' with the following arguments: {'ament_cmake_args': None, 'build_base': '/home/danie/connect4_ros/build/connect4_turtlebotnav', 'catkin_cmake_args': None, 'catkin_skip_building_tests': False, 'cmake_args': None, 'cmake_clean_cache': False, 'cmake_clean_first': False, 'cmake_force_configure': False, 'cmake_target': None, 'cmake_target_skip_unavailable': False, 'install_base': '/home/danie/connect4_ros/install/connect4_turtlebotnav', 'merge_install': False, 'path': '/home/danie/connect4_ros/src/connect4_turtlebotnav', 'symlink_install': False, 'test_result_base': None}
[0.642s] Level 5:colcon.colcon_core.verb:set package 'connect4_launch' build argument 'cmake_args' from command line to 'None'
[0.642s] Level 5:colcon.colcon_core.verb:set package 'connect4_launch' build argument 'cmake_target' from command line to 'None'
[0.642s] Level 5:colcon.colcon_core.verb:set package 'connect4_launch' build argument 'cmake_target_skip_unavailable' from command line to 'False'
[0.642s] Level 5:colcon.colcon_core.verb:set package 'connect4_launch' build argument 'cmake_clean_cache' from command line to 'False'
[0.642s] Level 5:colcon.colcon_core.verb:set package 'connect4_launch' build argument 'cmake_clean_first' from command line to 'False'
[0.642s] Level 5:colcon.colcon_core.verb:set package 'connect4_launch' build argument 'cmake_force_configure' from command line to 'False'
[0.642s] Level 5:colcon.colcon_core.verb:set package 'connect4_launch' build argument 'ament_cmake_args' from command line to 'None'
[0.642s] Level 5:colcon.colcon_core.verb:set package 'connect4_launch' build argument 'catkin_cmake_args' from command line to 'None'
[0.642s] Level 5:colcon.colcon_core.verb:set package 'connect4_launch' build argument 'catkin_skip_building_tests' from command line to 'False'
[0.642s] DEBUG:colcon.colcon_core.verb:Building package 'connect4_launch' with the following arguments: {'ament_cmake_args': None, 'build_base': '/home/danie/connect4_ros/build/connect4_launch', 'catkin_cmake_args': None, 'catkin_skip_building_tests': False, 'cmake_args': None, 'cmake_clean_cache': False, 'cmake_clean_first': False, 'cmake_force_configure': False, 'cmake_target': None, 'cmake_target_skip_unavailable': False, 'install_base': '/home/danie/connect4_ros/install/connect4_launch', 'merge_install': False, 'path': '/home/danie/connect4_ros/src/connect4_launch', 'symlink_install': False, 'test_result_base': None}
[0.643s] INFO:colcon.colcon_core.executor:Executing jobs using 'parallel' executor
[0.643s] DEBUG:colcon.colcon_parallel_executor.executor.parallel:run_until_complete
[0.644s] INFO:colcon.colcon_ros.task.ament_cmake.build:Building ROS package in '/home/danie/connect4_ros/src/connect4_msgs' with build type 'ament_cmake'
[0.644s] INFO:colcon.colcon_cmake.task.cmake.build:Building CMake package in '/home/danie/connect4_ros/src/connect4_msgs'
[0.654s] INFO:colcon.colcon_core.plugin_system:Skipping extension 'colcon_core.shell.bat': Not used on non-Windows systems
[0.654s] INFO:colcon.colcon_core.shell:Skip shell extension 'powershell' for command environment: Not usable outside of PowerShell
[0.654s] DEBUG:colcon.colcon_core.shell:Skip shell extension 'dsv' for command environment
[0.669s] DEBUG:colcon.colcon_core.event_handler.log_command:Invoking command in '/home/danie/connect4_ros/build/connect4_msgs': CMAKE_PREFIX_PATH=${CMAKE_PREFIX_PATH}:/home/danie/connect4_ros/install/connect4_turtlebotnav:/home/danie/connect4_ros/install/connect4_perception:/home/danie/connect4_ros/install/connect4_manip:/home/danie/connect4_ros/install/connect4_game:/home/danie/ros2_ws/install/py_pubsub:/opt/ros/kilted /usr/bin/cmake --build /home/danie/connect4_ros/build/connect4_msgs -- -j8 -l8
[1.220s] DEBUG:colcon.colcon_core.event_handler.log_command:Invoked command in '/home/danie/connect4_ros/build/connect4_msgs' returned '0': CMAKE_PREFIX_PATH=${CMAKE_PREFIX_PATH}:/home/danie/connect4_ros/install/connect4_turtlebotnav:/home/danie/connect4_ros/install/connect4_perception:/home/danie/connect4_ros/install/connect4_manip:/home/danie/connect4_ros/install/connect4_game:/home/danie/ros2_ws/install/py_pubsub:/opt/ros/kilted /usr/bin/cmake --build /home/danie/connect4_ros/build/connect4_msgs -- -j8 -l8
[1.232s] DEBUG:colcon.colcon_core.event_handler.log_command:Invoking command in '/home/danie/connect4_ros/build/connect4_msgs': CMAKE_PREFIX_PATH=${CMAKE_PREFIX_PATH}:/home/danie/connect4_ros/install/connect4_turtlebotnav:/home/danie/connect4_ros/install/connect4_perception:/home/danie/connect4_ros/install/connect4_manip:/home/danie/connect4_ros/install/connect4_game:/home/danie/ros2_ws/install/py_pubsub:/opt/ros/kilted /usr/bin/cmake --install /home/danie/connect4_ros/build/connect4_msgs
[1.326s] Level 1:colcon.colcon_core.environment:create_environment_scripts_only(connect4_msgs)
[1.326s] DEBUG:colcon.colcon_core.event_handler.log_command:Invoked command in '/home/danie/connect4_ros/build/connect4_msgs' returned '0': CMAKE_PREFIX_PATH=${CMAKE_PREFIX_PATH}:/home/danie/connect4_ros/install/connect4_turtlebotnav:/home/danie/connect4_ros/install/connect4_perception:/home/danie/connect4_ros/install/connect4_manip:/home/danie/connect4_ros/install/connect4_game:/home/danie/ros2_ws/install/py_pubsub:/opt/ros/kilted /usr/bin/cmake --install /home/danie/connect4_ros/build/connect4_msgs
[1.333s] Level 1:colcon.colcon_core.environment:checking '/home/danie/connect4_ros/install/connect4_msgs' for CMake module files
[1.334s] Level 1:colcon.colcon_core.environment:checking '/home/danie/connect4_ros/install/connect4_msgs' for CMake config files
[1.339s] Level 1:colcon.colcon_core.shell:create_environment_hook('connect4_msgs', 'cmake_prefix_path')
[1.339s] INFO:colcon.colcon_core.shell:Creating environment hook '/home/danie/connect4_ros/install/connect4_msgs/share/connect4_msgs/hook/cmake_prefix_path.ps1'
[1.340s] INFO:colcon.colcon_core.shell:Creating environment descriptor '/home/danie/connect4_ros/install/connect4_msgs/share/connect4_msgs/hook/cmake_prefix_path.dsv'
[1.340s] INFO:colcon.colcon_core.shell:Creating environment hook '/home/danie/connect4_ros/install/connect4_msgs/share/connect4_msgs/hook/cmake_prefix_path.sh'
[1.341s] Level 1:colcon.colcon_core.environment:checking '/home/danie/connect4_ros/install/connect4_msgs/lib'
[1.341s] Level 1:colcon.colcon_core.shell:create_environment_hook('connect4_msgs', 'ld_library_path_lib')
[1.342s] INFO:colcon.colcon_core.shell:Creating environment hook '/home/danie/connect4_ros/install/connect4_msgs/share/connect4_msgs/hook/ld_library_path_lib.ps1'
[1.342s] INFO:colcon.colcon_core.shell:Creating environment descriptor '/home/danie/connect4_ros/install/connect4_msgs/share/connect4_msgs/hook/ld_library_path_lib.dsv'
[1.342s] INFO:colcon.colcon_core.shell:Creating environment hook '/home/danie/connect4_ros/install/connect4_msgs/share/connect4_msgs/hook/ld_library_path_lib.sh'
[1.342s] Level 1:colcon.colcon_core.environment:checking '/home/danie/connect4_ros/install/connect4_msgs/bin'
[1.342s] Level 1:colcon.colcon_core.environment:checking '/home/danie/connect4_ros/install/connect4_msgs/lib/pkgconfig/connect4_msgs.pc'
[1.343s] Level 1:colcon.colcon_core.environment:checking '/home/danie/connect4_ros/install/connect4_msgs/lib/python3.12/site-packages'
[1.343s] Level 1:colcon.colcon_core.shell:create_environment_hook('connect4_msgs', 'pythonpath')
[1.343s] INFO:colcon.colcon_core.shell:Creating environment hook '/home/danie/connect4_ros/install/connect4_msgs/share/connect4_msgs/hook/pythonpath.ps1'
[1.343s] INFO:colcon.colcon_core.shell:Creating environment descriptor '/home/danie/connect4_ros/install/connect4_msgs/share/connect4_msgs/hook/pythonpath.dsv'
[1.343s] INFO:colcon.colcon_core.shell:Creating environment hook '/home/danie/connect4_ros/install/connect4_msgs/share/connect4_msgs/hook/pythonpath.sh'
[1.344s] Level 1:colcon.colcon_core.environment:checking '/home/danie/connect4_ros/install/connect4_msgs/bin'
[1.344s] INFO:colcon.colcon_core.shell:Creating package script '/home/danie/connect4_ros/install/connect4_msgs/share/connect4_msgs/package.ps1'
[1.345s] INFO:colcon.colcon_core.shell:Creating package descriptor '/home/danie/connect4_ros/install/connect4_msgs/share/connect4_msgs/package.dsv'
[1.345s] INFO:colcon.colcon_core.shell:Creating package script '/home/danie/connect4_ros/install/connect4_msgs/share/connect4_msgs/package.sh'
[1.346s] INFO:colcon.colcon_core.shell:Creating package script '/home/danie/connect4_ros/install/connect4_msgs/share/connect4_msgs/package.bash'
[1.347s] INFO:colcon.colcon_core.shell:Creating package script '/home/danie/connect4_ros/install/connect4_msgs/share/connect4_msgs/package.zsh'
[1.348s] Level 1:colcon.colcon_core.environment:create_file_with_runtime_dependencies(/home/danie/connect4_ros/install/connect4_msgs/share/colcon-core/packages/connect4_msgs)
[1.349s] Level 1:colcon.colcon_core.environment:create_environment_scripts_only(connect4_msgs)
[1.349s] Level 1:colcon.colcon_core.environment:checking '/home/danie/connect4_ros/install/connect4_msgs' for CMake module files
[1.349s] Level 1:colcon.colcon_core.environment:checking '/home/danie/connect4_ros/install/connect4_msgs' for CMake config files
[1.350s] Level 1:colcon.colcon_core.shell:create_environment_hook('connect4_msgs', 'cmake_prefix_path')
[1.350s] INFO:colcon.colcon_core.shell:Creating environment hook '/home/danie/connect4_ros/install/connect4_msgs/share/connect4_msgs/hook/cmake_prefix_path.ps1'
[1.350s] INFO:colcon.colcon_core.shell:Creating environment descriptor '/home/danie/connect4_ros/install/connect4_msgs/share/connect4_msgs/hook/cmake_prefix_path.dsv'
[1.351s] INFO:colcon.colcon_core.shell:Creating environment hook '/home/danie/connect4_ros/install/connect4_msgs/share/connect4_msgs/hook/cmake_prefix_path.sh'
[1.351s] Level 1:colcon.colcon_core.environment:checking '/home/danie/connect4_ros/install/connect4_msgs/lib'
[1.351s] Level 1:colcon.colcon_core.shell:create_environment_hook('connect4_msgs', 'ld_library_path_lib')
[1.351s] INFO:colcon.colcon_core.shell:Creating environment hook '/home/danie/connect4_ros/install/connect4_msgs/share/connect4_msgs/hook/ld_library_path_lib.ps1'
[1.351s] INFO:colcon.colcon_core.shell:Creating environment descriptor '/home/danie/connect4_ros/install/connect4_msgs/share/connect4_msgs/hook/ld_library_path_lib.dsv'
[1.352s] INFO:colcon.colcon_core.shell:Creating environment hook '/home/danie/connect4_ros/install/connect4_msgs/share/connect4_msgs/hook/ld_library_path_lib.sh'
[1.352s] Level 1:colcon.colcon_core.environment:checking '/home/danie/connect4_ros/install/connect4_msgs/bin'
[1.352s] Level 1:colcon.colcon_core.environment:checking '/home/danie/connect4_ros/install/connect4_msgs/lib/pkgconfig/connect4_msgs.pc'
[1.352s] Level 1:colcon.colcon_core.environment:checking '/home/danie/connect4_ros/install/connect4_msgs/lib/python3.12/site-packages'
[1.352s] Level 1:colcon.colcon_core.shell:create_environment_hook('connect4_msgs', 'pythonpath')
[1.352s] INFO:colcon.colcon_core.shell:Creating environment hook '/home/danie/connect4_ros/install/connect4_msgs/share/connect4_msgs/hook/pythonpath.ps1'
[1.353s] INFO:colcon.colcon_core.shell:Creating environment descriptor '/home/danie/connect4_ros/install/connect4_msgs/share/connect4_msgs/hook/pythonpath.dsv'
[1.353s] INFO:colcon.colcon_core.shell:Creating environment hook '/home/danie/connect4_ros/install/connect4_msgs/share/connect4_msgs/hook/pythonpath.sh'
[1.353s] Level 1:colcon.colcon_core.environment:checking '/home/danie/connect4_ros/install/connect4_msgs/bin'
[1.354s] INFO:colcon.colcon_core.shell:Creating package script '/home/danie/connect4_ros/install/connect4_msgs/share/connect4_msgs/package.ps1'
[1.354s] INFO:colcon.colcon_core.shell:Creating package descriptor '/home/danie/connect4_ros/install/connect4_msgs/share/connect4_msgs/package.dsv'
[1.354s] INFO:colcon.colcon_core.shell:Creating package script '/home/danie/connect4_ros/install/connect4_msgs/share/connect4_msgs/package.sh'
[1.355s] INFO:colcon.colcon_core.shell:Creating package script '/home/danie/connect4_ros/install/connect4_msgs/share/connect4_msgs/package.bash'
[1.355s] INFO:colcon.colcon_core.shell:Creating package script '/home/danie/connect4_ros/install/connect4_msgs/share/connect4_msgs/package.zsh'
[1.355s] Level 1:colcon.colcon_core.environment:create_file_with_runtime_dependencies(/home/danie/connect4_ros/install/connect4_msgs/share/colcon-core/packages/connect4_msgs)
[1.356s] INFO:colcon.colcon_ros.task.ament_python.build:Building ROS package in '/home/danie/connect4_ros/src/connect4_game' with build type 'ament_python'
[1.356s] Level 1:colcon.colcon_core.shell:create_environment_hook('connect4_game', 'ament_prefix_path')
[1.356s] INFO:colcon.colcon_core.shell:Creating environment hook '/home/danie/connect4_ros/install/connect4_game/share/connect4_game/hook/ament_prefix_path.ps1'
[1.357s] INFO:colcon.colcon_core.shell:Creating environment descriptor '/home/danie/connect4_ros/install/connect4_game/share/connect4_game/hook/ament_prefix_path.dsv'
[1.357s] INFO:colcon.colcon_core.shell:Creating environment hook '/home/danie/connect4_ros/install/connect4_game/share/connect4_game/hook/ament_prefix_path.sh'
[1.358s] INFO:colcon.colcon_core.shell:Skip shell extension 'powershell' for command environment: Not usable outside of PowerShell
[1.358s] DEBUG:colcon.colcon_core.shell:Skip shell extension 'dsv' for command environment
[1.361s] INFO:colcon.colcon_ros.task.ament_python.build:Building ROS package in '/home/danie/connect4_ros/src/connect4_manip' with build type 'ament_python'
[1.361s] Level 1:colcon.colcon_core.shell:create_environment_hook('connect4_manip', 'ament_prefix_path')
[1.361s] INFO:colcon.colcon_core.shell:Creating environment hook '/home/danie/connect4_ros/install/connect4_manip/share/connect4_manip/hook/ament_prefix_path.ps1'
[1.362s] INFO:colcon.colcon_core.shell:Creating environment descriptor '/home/danie/connect4_ros/install/connect4_manip/share/connect4_manip/hook/ament_prefix_path.dsv'
[1.362s] INFO:colcon.colcon_core.shell:Creating environment hook '/home/danie/connect4_ros/install/connect4_manip/share/connect4_manip/hook/ament_prefix_path.sh'
[1.363s] INFO:colcon.colcon_core.shell:Skip shell extension 'powershell' for command environment: Not usable outside of PowerShell
[1.363s] DEBUG:colcon.colcon_core.shell:Skip shell extension 'dsv' for command environment
[1.366s] INFO:colcon.colcon_ros.task.ament_python.build:Building ROS package in '/home/danie/connect4_ros/src/connect4_perception' with build type 'ament_python'
[1.366s] Level 1:colcon.colcon_core.shell:create_environment_hook('connect4_perception', 'ament_prefix_path')
[1.366s] INFO:colcon.colcon_core.shell:Creating environment hook '/home/danie/connect4_ros/install/connect4_perception/share/connect4_perception/hook/ament_prefix_path.ps1'
[1.367s] INFO:colcon.colcon_core.shell:Creating environment descriptor '/home/danie/connect4_ros/install/connect4_perception/share/connect4_perception/hook/ament_prefix_path.dsv'
[1.367s] INFO:colcon.colcon_core.shell:Creating environment hook '/home/danie/connect4_ros/install/connect4_perception/share/connect4_perception/hook/ament_prefix_path.sh'
[1.368s] INFO:colcon.colcon_core.shell:Skip shell extension 'powershell' for command environment: Not usable outside of PowerShell
[1.368s] DEBUG:colcon.colcon_core.shell:Skip shell extension 'dsv' for command environment
[1.373s] INFO:colcon.colcon_ros.task.ament_python.build:Building ROS package in '/home/danie/connect4_ros/src/connect4_turtlebotnav' with build type 'ament_python'
[1.373s] Level 1:colcon.colcon_core.shell:create_environment_hook('connect4_turtlebotnav', 'ament_prefix_path')
[1.374s] INFO:colcon.colcon_core.shell:Creating environment hook '/home/danie/connect4_ros/install/connect4_turtlebotnav/share/connect4_turtlebotnav/hook/ament_prefix_path.ps1'
[1.374s] INFO:colcon.colcon_core.shell:Creating environment descriptor '/home/danie/connect4_ros/install/connect4_turtlebotnav/share/connect4_turtlebotnav/hook/ament_prefix_path.dsv'
[1.375s] INFO:colcon.colcon_core.shell:Creating environment hook '/home/danie/connect4_ros/install/connect4_turtlebotnav/share/connect4_turtlebotnav/hook/ament_prefix_path.sh'
[1.375s] INFO:colcon.colcon_core.shell:Skip shell extension 'powershell' for command environment: Not usable outside of PowerShell
[1.375s] DEBUG:colcon.colcon_core.shell:Skip shell extension 'dsv' for command environment
[1.651s] INFO:colcon.colcon_core.task.python.build:Building Python package in '/home/danie/connect4_ros/src/connect4_game'
[1.651s] INFO:colcon.colcon_core.shell:Skip shell extension 'powershell' for command environment: Not usable outside of PowerShell
[1.651s] DEBUG:colcon.colcon_core.shell:Skip shell extension 'dsv' for command environment
[1.863s] INFO:colcon.colcon_core.task.python.build:Building Python package in '/home/danie/connect4_ros/src/connect4_manip'
[1.863s] INFO:colcon.colcon_core.shell:Skip shell extension 'powershell' for command environment: Not usable outside of PowerShell
[1.863s] DEBUG:colcon.colcon_core.shell:Skip shell extension 'dsv' for command environment
[2.079s] INFO:colcon.colcon_core.task.python.build:Building Python package in '/home/danie/connect4_ros/src/connect4_perception'
[2.079s] INFO:colcon.colcon_core.shell:Skip shell extension 'powershell' for command environment: Not usable outside of PowerShell
[2.079s] DEBUG:colcon.colcon_core.shell:Skip shell extension 'dsv' for command environment
[2.291s] INFO:colcon.colcon_core.task.python.build:Building Python package in '/home/danie/connect4_ros/src/connect4_turtlebotnav'
[2.291s] INFO:colcon.colcon_core.shell:Skip shell extension 'powershell' for command environment: Not usable outside of PowerShell
[2.291s] DEBUG:colcon.colcon_core.shell:Skip shell extension 'dsv' for command environment
[2.679s] DEBUG:colcon.colcon_core.event_handler.log_command:Invoking command in '/home/danie/connect4_ros/src/connect4_manip': PYTHONPATH=/home/danie/connect4_ros/build/connect4_manip/prefix_override:/usr/lib/python3/dist-packages/colcon_core/task/python/colcon_distutils_commands:/home/danie/connect4_ros/install/connect4_manip/lib/python3.12/site-packages:/home/danie/connect4_ros/install/connect4_msgs/lib/python3.12/site-packages:/home/danie/connect4_ros/install/connect4_turtlebotnav/lib/python3.12/site-packages:/home/danie/connect4_ros/install/connect4_perception/lib/python3.12/site-packages:/home/danie/connect4_ros/install/connect4_manip/lib/python3.12/site-packages:/home/danie/connect4_ros/install/connect4_game/lib/python3.12/site-packages:/home/danie/ros2_ws/install/track_mean/lib/python3.12/site-packages:/home/danie/ros2_ws/install/py_pubsub/lib/python3.12/site-packages:/home/danie/ros2_ws/install/custom_action_interfaces/lib/python3.12/site-packages:/home/danie/ros2_ws/install/compute_stats/lib/python3.12/site-packages:/home/danie/ros2_ws/install/action_hw/lib/python3.12/site-packages:/opt/ros/kilted/lib/python3.12/site-packages:/opt/ros/kilted/lib/python3.12/site-packages /usr/bin/python3 -W ignore:setup.py install is deprecated -W ignore:easy_install command is deprecated setup.py egg_info --egg-base ../../build/connect4_manip build --build-base /home/danie/connect4_ros/build/connect4_manip/build install --record /home/danie/connect4_ros/build/connect4_manip/install.log --single-version-externally-managed install_data
[2.681s] DEBUG:colcon.colcon_core.event_handler.log_command:Invoking command in '/home/danie/connect4_ros/src/connect4_game': PYTHONPATH=/home/danie/connect4_ros/build/connect4_game/prefix_override:/usr/lib/python3/dist-packages/colcon_core/task/python/colcon_distutils_commands:/home/danie/connect4_ros/install/connect4_game/lib/python3.12/site-packages:/home/danie/connect4_ros/install/connect4_msgs/lib/python3.12/site-packages:/home/danie/connect4_ros/install/connect4_turtlebotnav/lib/python3.12/site-packages:/home/danie/connect4_ros/install/connect4_perception/lib/python3.12/site-packages:/home/danie/connect4_ros/install/connect4_manip/lib/python3.12/site-packages:/home/danie/connect4_ros/install/connect4_game/lib/python3.12/site-packages:/home/danie/ros2_ws/install/track_mean/lib/python3.12/site-packages:/home/danie/ros2_ws/install/py_pubsub/lib/python3.12/site-packages:/home/danie/ros2_ws/install/custom_action_interfaces/lib/python3.12/site-packages:/home/danie/ros2_ws/install/compute_stats/lib/python3.12/site-packages:/home/danie/ros2_ws/install/action_hw/lib/python3.12/site-packages:/opt/ros/kilted/lib/python3.12/site-packages:/opt/ros/kilted/lib/python3.12/site-packages /usr/bin/python3 -W ignore:setup.py install is deprecated -W ignore:easy_install command is deprecated setup.py egg_info --egg-base ../../build/connect4_game build --build-base /home/danie/connect4_ros/build/connect4_game/build install --record /home/danie/connect4_ros/build/connect4_game/install.log --single-version-externally-managed install_data
[2.702s] DEBUG:colcon.colcon_core.event_handler.log_command:Invoking command in '/home/danie/connect4_ros/src/connect4_turtlebotnav': PYTHONPATH=/home/danie/connect4_ros/build/connect4_turtlebotnav/prefix_override:/usr/lib/python3/dist-packages/colcon_core/task/python/colcon_distutils_commands:/home/danie/connect4_ros/install/connect4_turtlebotnav/lib/python3.12/site-packages:/home/danie/connect4_ros/install/connect4_msgs/lib/python3.12/site-packages:/home/danie/connect4_ros/install/connect4_turtlebotnav/lib/python3.12/site-packages:/home/danie/connect4_ros/install/connect4_perception/lib/python3.12/site-packages:/home/danie/connect4_ros/install/connect4_manip/lib/python3.12/site-packages:/home/danie/connect4_ros/install/connect4_game/lib/python3.12/site-packages:/home/danie/ros2_ws/install/track_mean/lib/python3.12/site-packages:/home/danie/ros2_ws/install/py_pubsub/lib/python3.12/site-packages:/home/danie/ros2_ws/install/custom_action_interfaces/lib/python3.12/site-packages:/home/danie/ros2_ws/install/compute_stats/lib/python3.12/site-packages:/home/danie/ros2_ws/install/action_hw/lib/python3.12/site-packages:/opt/ros/kilted/lib/python3.12/site-packages:/opt/ros/kilted/lib/python3.12/site-packages /usr/bin/python3 -W ignore:setup.py install is deprecated -W ignore:easy_install command is deprecated setup.py egg_info --egg-base ../../build/connect4_turtlebotnav build --build-base /home/danie/connect4_ros/build/connect4_turtlebotnav/build install --record /home/danie/connect4_ros/build/connect4_turtlebotnav/install.log --single-version-externally-managed install_data
[2.705s] DEBUG:colcon.colcon_core.event_handler.log_command:Invoking command in '/home/danie/connect4_ros/src/connect4_perception': PYTHONPATH=/home/danie/connect4_ros/build/connect4_perception/prefix_override:/usr/lib/python3/dist-packages/colcon_core/task/python/colcon_distutils_commands:/home/danie/connect4_ros/install/connect4_perception/lib/python3.12/site-packages:/home/danie/connect4_ros/install/connect4_msgs/lib/python3.12/site-packages:/home/danie/connect4_ros/install/connect4_turtlebotnav/lib/python3.12/site-packages:/home/danie/connect4_ros/install/connect4_perception/lib/python3.12/site-packages:/home/danie/connect4_ros/install/connect4_manip/lib/python3.12/site-packages:/home/danie/connect4_ros/install/connect4_game/lib/python3.12/site-packages:/home/danie/ros2_ws/install/track_mean/lib/python3.12/site-packages:/home/danie/ros2_ws/install/py_pubsub/lib/python3.12/site-packages:/home/danie/ros2_ws/install/custom_action_interfaces/lib/python3.12/site-packages:/home/danie/ros2_ws/install/compute_stats/lib/python3.12/site-packages:/home/danie/ros2_ws/install/action_hw/lib/python3.12/site-packages:/opt/ros/kilted/lib/python3.12/site-packages:/opt/ros/kilted/lib/python3.12/site-packages /usr/bin/python3 -W ignore:setup.py install is deprecated -W ignore:easy_install command is deprecated setup.py egg_info --egg-base ../../build/connect4_perception build --build-base /home/danie/connect4_ros/build/connect4_perception/build install --record /home/danie/connect4_ros/build/connect4_perception/install.log --single-version-externally-managed install_data
[3.329s] Level 1:colcon.colcon_core.environment:checking '/home/danie/connect4_ros/install/connect4_manip' for CMake module files
[3.329s] DEBUG:colcon.colcon_core.event_handler.log_command:Invoked command in '/home/danie/connect4_ros/src/connect4_manip' returned '0': PYTHONPATH=/home/danie/connect4_ros/build/connect4_manip/prefix_override:/usr/lib/python3/dist-packages/colcon_core/task/python/colcon_distutils_commands:/home/danie/connect4_ros/install/connect4_manip/lib/python3.12/site-packages:/home/danie/connect4_ros/install/connect4_msgs/lib/python3.12/site-packages:/home/danie/connect4_ros/install/connect4_turtlebotnav/lib/python3.12/site-packages:/home/danie/connect4_ros/install/connect4_perception/lib/python3.12/site-packages:/home/danie/connect4_ros/install/connect4_manip/lib/python3.12/site-packages:/home/danie/connect4_ros/install/connect4_game/lib/python3.12/site-packages:/home/danie/ros2_ws/install/track_mean/lib/python3.12/site-packages:/home/danie/ros2_ws/install/py_pubsub/lib/python3.12/site-packages:/home/danie/ros2_ws/install/custom_action_interfaces/lib/python3.12/site-packages:/home/danie/ros2_ws/install/compute_stats/lib/python3.12/site-packages:/home/danie/ros2_ws/install/action_hw/lib/python3.12/site-packages:/opt/ros/kilted/lib/python3.12/site-packages:/opt/ros/kilted/lib/python3.12/site-packages /usr/bin/python3 -W ignore:setup.py install is deprecated -W ignore:easy_install command is deprecated setup.py egg_info --egg-base ../../build/connect4_manip build --build-base /home/danie/connect4_ros/build/connect4_manip/build install --record /home/danie/connect4_ros/build/connect4_manip/install.log --single-version-externally-managed install_data
[3.330s] Level 1:colcon.colcon_core.environment:checking '/home/danie/connect4_ros/install/connect4_manip' for CMake config files
[3.332s] Level 1:colcon.colcon_core.environment:checking '/home/danie/connect4_ros/install/connect4_manip/lib'
[3.332s] Level 1:colcon.colcon_core.environment:checking '/home/danie/connect4_ros/install/connect4_manip/bin'
[3.332s] Level 1:colcon.colcon_core.environment:checking '/home/danie/connect4_ros/install/connect4_manip/lib/pkgconfig/connect4_manip.pc'
[3.333s] Level 1:colcon.colcon_core.environment:checking '/home/danie/connect4_ros/install/connect4_manip/lib/python3.12/site-packages'
[3.333s] Level 1:colcon.colcon_core.shell:create_environment_hook('connect4_manip', 'pythonpath')
[3.333s] INFO:colcon.colcon_core.shell:Creating environment hook '/home/danie/connect4_ros/install/connect4_manip/share/connect4_manip/hook/pythonpath.ps1'
[3.333s] INFO:colcon.colcon_core.shell:Creating environment descriptor '/home/danie/connect4_ros/install/connect4_manip/share/connect4_manip/hook/pythonpath.dsv'
[3.334s] INFO:colcon.colcon_core.shell:Creating environment hook '/home/danie/connect4_ros/install/connect4_manip/share/connect4_manip/hook/pythonpath.sh'
[3.334s] Level 1:colcon.colcon_core.environment:checking '/home/danie/connect4_ros/install/connect4_manip/bin'
[3.334s] Level 1:colcon.colcon_core.environment:create_environment_scripts_only(connect4_manip)
[3.335s] INFO:colcon.colcon_core.shell:Creating package script '/home/danie/connect4_ros/install/connect4_manip/share/connect4_manip/package.ps1'
[3.335s] INFO:colcon.colcon_core.shell:Creating package descriptor '/home/danie/connect4_ros/install/connect4_manip/share/connect4_manip/package.dsv'
[3.335s] INFO:colcon.colcon_core.shell:Creating package script '/home/danie/connect4_ros/install/connect4_manip/share/connect4_manip/package.sh'
[3.336s] INFO:colcon.colcon_core.shell:Creating package script '/home/danie/connect4_ros/install/connect4_manip/share/connect4_manip/package.bash'
[3.336s] INFO:colcon.colcon_core.shell:Creating package script '/home/danie/connect4_ros/install/connect4_manip/share/connect4_manip/package.zsh'
[3.336s] Level 1:colcon.colcon_core.environment:create_file_with_runtime_dependencies(/home/danie/connect4_ros/install/connect4_manip/share/colcon-core/packages/connect4_manip)
[3.360s] Level 1:colcon.colcon_core.environment:checking '/home/danie/connect4_ros/install/connect4_game' for CMake module files
[3.361s] DEBUG:colcon.colcon_core.event_handler.log_command:Invoked command in '/home/danie/connect4_ros/src/connect4_game' returned '0': PYTHONPATH=/home/danie/connect4_ros/build/connect4_game/prefix_override:/usr/lib/python3/dist-packages/colcon_core/task/python/colcon_distutils_commands:/home/danie/connect4_ros/install/connect4_game/lib/python3.12/site-packages:/home/danie/connect4_ros/install/connect4_msgs/lib/python3.12/site-packages:/home/danie/connect4_ros/install/connect4_turtlebotnav/lib/python3.12/site-packages:/home/danie/connect4_ros/install/connect4_perception/lib/python3.12/site-packages:/home/danie/connect4_ros/install/connect4_manip/lib/python3.12/site-packages:/home/danie/connect4_ros/install/connect4_game/lib/python3.12/site-packages:/home/danie/ros2_ws/install/track_mean/lib/python3.12/site-packages:/home/danie/ros2_ws/install/py_pubsub/lib/python3.12/site-packages:/home/danie/ros2_ws/install/custom_action_interfaces/lib/python3.12/site-packages:/home/danie/ros2_ws/install/compute_stats/lib/python3.12/site-packages:/home/danie/ros2_ws/install/action_hw/lib/python3.12/site-packages:/opt/ros/kilted/lib/python3.12/site-packages:/opt/ros/kilted/lib/python3.12/site-packages /usr/bin/python3 -W ignore:setup.py install is deprecated -W ignore:easy_install command is deprecated setup.py egg_info --egg-base ../../build/connect4_game build --build-base /home/danie/connect4_ros/build/connect4_game/build install --record /home/danie/connect4_ros/build/connect4_game/install.log --single-version-externally-managed install_data
[3.362s] Level 1:colcon.colcon_core.environment:checking '/home/danie/connect4_ros/install/connect4_game' for CMake config files
[3.364s] Level 1:colcon.colcon_core.environment:checking '/home/danie/connect4_ros/install/connect4_game/lib'
[3.364s] Level 1:colcon.colcon_core.environment:checking '/home/danie/connect4_ros/install/connect4_game/bin'
[3.364s] Level 1:colcon.colcon_core.environment:checking '/home/danie/connect4_ros/install/connect4_game/lib/pkgconfig/connect4_game.pc'
[3.365s] Level 1:colcon.colcon_core.environment:checking '/home/danie/connect4_ros/install/connect4_game/lib/python3.12/site-packages'
[3.365s] Level 1:colcon.colcon_core.shell:create_environment_hook('connect4_game', 'pythonpath')
[3.365s] INFO:colcon.colcon_core.shell:Creating environment hook '/home/danie/connect4_ros/install/connect4_game/share/connect4_game/hook/pythonpath.ps1'
[3.365s] INFO:colcon.colcon_core.shell:Creating environment descriptor '/home/danie/connect4_ros/install/connect4_game/share/connect4_game/hook/pythonpath.dsv'
[3.366s] INFO:colcon.colcon_core.shell:Creating environment hook '/home/danie/connect4_ros/install/connect4_game/share/connect4_game/hook/pythonpath.sh'
[3.366s] Level 1:colcon.colcon_core.environment:checking '/home/danie/connect4_ros/install/connect4_game/bin'
[3.366s] Level 1:colcon.colcon_core.environment:create_environment_scripts_only(connect4_game)
[3.366s] INFO:colcon.colcon_core.shell:Creating package script '/home/danie/connect4_ros/install/connect4_game/share/connect4_game/package.ps1'
[3.367s] INFO:colcon.colcon_core.shell:Creating package descriptor '/home/danie/connect4_ros/install/connect4_game/share/connect4_game/package.dsv'
[3.367s] INFO:colcon.colcon_core.shell:Creating package script '/home/danie/connect4_ros/install/connect4_game/share/connect4_game/package.sh'
[3.368s] INFO:colcon.colcon_core.shell:Creating package script '/home/danie/connect4_ros/install/connect4_game/share/connect4_game/package.bash'
[3.368s] INFO:colcon.colcon_core.shell:Creating package script '/home/danie/connect4_ros/install/connect4_game/share/connect4_game/package.zsh'
[3.368s] Level 1:colcon.colcon_core.environment:create_file_with_runtime_dependencies(/home/danie/connect4_ros/install/connect4_game/share/colcon-core/packages/connect4_game)
[3.370s] Level 1:colcon.colcon_core.environment:checking '/home/danie/connect4_ros/install/connect4_turtlebotnav' for CMake module files
[3.371s] DEBUG:colcon.colcon_core.event_handler.log_command:Invoked command in '/home/danie/connect4_ros/src/connect4_turtlebotnav' returned '0': PYTHONPATH=/home/danie/connect4_ros/build/connect4_turtlebotnav/prefix_override:/usr/lib/python3/dist-packages/colcon_core/task/python/colcon_distutils_commands:/home/danie/connect4_ros/install/connect4_turtlebotnav/lib/python3.12/site-packages:/home/danie/connect4_ros/install/connect4_msgs/lib/python3.12/site-packages:/home/danie/connect4_ros/install/connect4_turtlebotnav/lib/python3.12/site-packages:/home/danie/connect4_ros/install/connect4_perception/lib/python3.12/site-packages:/home/danie/connect4_ros/install/connect4_manip/lib/python3.12/site-packages:/home/danie/connect4_ros/install/connect4_game/lib/python3.12/site-packages:/home/danie/ros2_ws/install/track_mean/lib/python3.12/site-packages:/home/danie/ros2_ws/install/py_pubsub/lib/python3.12/site-packages:/home/danie/ros2_ws/install/custom_action_interfaces/lib/python3.12/site-packages:/home/danie/ros2_ws/install/compute_stats/lib/python3.12/site-packages:/home/danie/ros2_ws/install/action_hw/lib/python3.12/site-packages:/opt/ros/kilted/lib/python3.12/site-packages:/opt/ros/kilted/lib/python3.12/site-packages /usr/bin/python3 -W ignore:setup.py install is deprecated -W ignore:easy_install command is deprecated setup.py egg_info --egg-base ../../build/connect4_turtlebotnav build --build-base /home/danie/connect4_ros/build/connect4_turtlebotnav/build install --record /home/danie/connect4_ros/build/connect4_turtlebotnav/install.log --single-version-externally-managed install_data
[3.372s] Level 1:colcon.colcon_core.environment:checking '/home/danie/connect4_ros/install/connect4_turtlebotnav' for CMake config files
[3.375s] Level 1:colcon.colcon_core.environment:checking '/home/danie/connect4_ros/install/connect4_turtlebotnav/lib'
[3.375s] Level 1:colcon.colcon_core.environment:checking '/home/danie/connect4_ros/install/connect4_turtlebotnav/bin'
[3.375s] Level 1:colcon.colcon_core.environment:checking '/home/danie/connect4_ros/install/connect4_turtlebotnav/lib/pkgconfig/connect4_turtlebotnav.pc'
[3.375s] Level 1:colcon.colcon_core.environment:checking '/home/danie/connect4_ros/install/connect4_turtlebotnav/lib/python3.12/site-packages'
[3.376s] Level 1:colcon.colcon_core.shell:create_environment_hook('connect4_turtlebotnav', 'pythonpath')
[3.376s] INFO:colcon.colcon_core.shell:Creating environment hook '/home/danie/connect4_ros/install/connect4_turtlebotnav/share/connect4_turtlebotnav/hook/pythonpath.ps1'
[3.376s] INFO:colcon.colcon_core.shell:Creating environment descriptor '/home/danie/connect4_ros/install/connect4_turtlebotnav/share/connect4_turtlebotnav/hook/pythonpath.dsv'
[3.376s] INFO:colcon.colcon_core.shell:Creating environment hook '/home/danie/connect4_ros/install/connect4_turtlebotnav/share/connect4_turtlebotnav/hook/pythonpath.sh'
[3.377s] Level 1:colcon.colcon_core.environment:checking '/home/danie/connect4_ros/install/connect4_turtlebotnav/bin'
[3.377s] Level 1:colcon.colcon_core.environment:create_environment_scripts_only(connect4_turtlebotnav)
[3.377s] INFO:colcon.colcon_core.shell:Creating package script '/home/danie/connect4_ros/install/connect4_turtlebotnav/share/connect4_turtlebotnav/package.ps1'
[3.378s] INFO:colcon.colcon_core.shell:Creating package descriptor '/home/danie/connect4_ros/install/connect4_turtlebotnav/share/connect4_turtlebotnav/package.dsv'
[3.378s] INFO:colcon.colcon_core.shell:Creating package script '/home/danie/connect4_ros/install/connect4_turtlebotnav/share/connect4_turtlebotnav/package.sh'
[3.379s] INFO:colcon.colcon_core.shell:Creating package script '/home/danie/connect4_ros/install/connect4_turtlebotnav/share/connect4_turtlebotnav/package.bash'
[3.379s] INFO:colcon.colcon_core.shell:Creating package script '/home/danie/connect4_ros/install/connect4_turtlebotnav/share/connect4_turtlebotnav/package.zsh'
[3.379s] Level 1:colcon.colcon_core.environment:create_file_with_runtime_dependencies(/home/danie/connect4_ros/install/connect4_turtlebotnav/share/colcon-core/packages/connect4_turtlebotnav)
[3.389s] Level 1:colcon.colcon_core.environment:checking '/home/danie/connect4_ros/install/connect4_perception' for CMake module files
[3.390s] DEBUG:colcon.colcon_core.event_handler.log_command:Invoked command in '/home/danie/connect4_ros/src/connect4_perception' returned '0': PYTHONPATH=/home/danie/connect4_ros/build/connect4_perception/prefix_override:/usr/lib/python3/dist-packages/colcon_core/task/python/colcon_distutils_commands:/home/danie/connect4_ros/install/connect4_perception/lib/python3.12/site-packages:/home/danie/connect4_ros/install/connect4_msgs/lib/python3.12/site-packages:/home/danie/connect4_ros/install/connect4_turtlebotnav/lib/python3.12/site-packages:/home/danie/connect4_ros/install/connect4_perception/lib/python3.12/site-packages:/home/danie/connect4_ros/install/connect4_manip/lib/python3.12/site-packages:/home/danie/connect4_ros/install/connect4_game/lib/python3.12/site-packages:/home/danie/ros2_ws/install/track_mean/lib/python3.12/site-packages:/home/danie/ros2_ws/install/py_pubsub/lib/python3.12/site-packages:/home/danie/ros2_ws/install/custom_action_interfaces/lib/python3.12/site-packages:/home/danie/ros2_ws/install/compute_stats/lib/python3.12/site-packages:/home/danie/ros2_ws/install/action_hw/lib/python3.12/site-packages:/opt/ros/kilted/lib/python3.12/site-packages:/opt/ros/kilted/lib/python3.12/site-packages /usr/bin/python3 -W ignore:setup.py install is deprecated -W ignore:easy_install command is deprecated setup.py egg_info --egg-base ../../build/connect4_perception build --build-base /home/danie/connect4_ros/build/connect4_perception/build install --record /home/danie/connect4_ros/build/connect4_perception/install.log --single-version-externally-managed install_data
[3.390s] Level 1:colcon.colcon_core.environment:checking '/home/danie/connect4_ros/install/connect4_perception' for CMake config files
[3.393s] Level 1:colcon.colcon_core.environment:checking '/home/danie/connect4_ros/install/connect4_perception/lib'
[3.393s] Level 1:colcon.colcon_core.environment:checking '/home/danie/connect4_ros/install/connect4_perception/bin'
[3.393s] Level 1:colcon.colcon_core.environment:checking '/home/danie/connect4_ros/install/connect4_perception/lib/pkgconfig/connect4_perception.pc'
[3.393s] Level 1:colcon.colcon_core.environment:checking '/home/danie/connect4_ros/install/connect4_perception/lib/python3.12/site-packages'
[3.393s] Level 1:colcon.colcon_core.shell:create_environment_hook('connect4_perception', 'pythonpath')
[3.394s] INFO:colcon.colcon_core.shell:Creating environment hook '/home/danie/connect4_ros/install/connect4_perception/share/connect4_perception/hook/pythonpath.ps1'
[3.394s] INFO:colcon.colcon_core.shell:Creating environment descriptor '/home/danie/connect4_ros/install/connect4_perception/share/connect4_perception/hook/pythonpath.dsv'
[3.394s] INFO:colcon.colcon_core.shell:Creating environment hook '/home/danie/connect4_ros/install/connect4_perception/share/connect4_perception/hook/pythonpath.sh'
[3.395s] Level 1:colcon.colcon_core.environment:checking '/home/danie/connect4_ros/install/connect4_perception/bin'
[3.395s] Level 1:colcon.colcon_core.environment:create_environment_scripts_only(connect4_perception)
[3.395s] INFO:colcon.colcon_core.shell:Creating package script '/home/danie/connect4_ros/install/connect4_perception/share/connect4_perception/package.ps1'
[3.395s] INFO:colcon.colcon_core.shell:Creating package descriptor '/home/danie/connect4_ros/install/connect4_perception/share/connect4_perception/package.dsv'
[3.396s] INFO:colcon.colcon_core.shell:Creating package script '/home/danie/connect4_ros/install/connect4_perception/share/connect4_perception/package.sh'
[3.396s] INFO:colcon.colcon_core.shell:Creating package script '/home/danie/connect4_ros/install/connect4_perception/share/connect4_perception/package.bash'
[3.396s] INFO:colcon.colcon_core.shell:Creating package script '/home/danie/connect4_ros/install/connect4_perception/share/connect4_perception/package.zsh'
[3.396s] Level 1:colcon.colcon_core.environment:create_file_with_runtime_dependencies(/home/danie/connect4_ros/install/connect4_perception/share/colcon-core/packages/connect4_perception)
[3.397s] INFO:colcon.colcon_ros.task.ament_python.build:Building ROS package in '/home/danie/connect4_ros/src/connect4_launch' with build type 'ament_python'
[3.397s] Level 1:colcon.colcon_core.shell:create_environment_hook('connect4_launch', 'ament_prefix_path')
[3.397s] INFO:colcon.colcon_core.shell:Creating environment hook '/home/danie/connect4_ros/install/connect4_launch/share/connect4_launch/hook/ament_prefix_path.ps1'
[3.398s] INFO:colcon.colcon_core.shell:Creating environment descriptor '/home/danie/connect4_ros/install/connect4_launch/share/connect4_launch/hook/ament_prefix_path.dsv'
[3.398s] INFO:colcon.colcon_core.shell:Creating environment hook '/home/danie/connect4_ros/install/connect4_launch/share/connect4_launch/hook/ament_prefix_path.sh'
[3.399s] INFO:colcon.colcon_core.shell:Skip shell extension 'powershell' for command environment: Not usable outside of PowerShell
[3.399s] DEBUG:colcon.colcon_core.shell:Skip shell extension 'dsv' for command environment
[4.081s] INFO:colcon.colcon_core.task.python.build:Building Python package in '/home/danie/connect4_ros/src/connect4_launch'
[4.081s] INFO:colcon.colcon_core.shell:Skip shell extension 'powershell' for command environment: Not usable outside of PowerShell
[4.081s] DEBUG:colcon.colcon_core.shell:Skip shell extension 'dsv' for command environment
[5.088s] DEBUG:colcon.colcon_core.event_handler.log_command:Invoking command in '/home/danie/connect4_ros/src/connect4_launch': PYTHONPATH=/home/danie/connect4_ros/build/connect4_launch/prefix_override:/usr/lib/python3/dist-packages/colcon_core/task/python/colcon_distutils_commands:/home/danie/connect4_ros/install/connect4_launch/lib/python3.12/site-packages:${PYTHONPATH} /usr/bin/python3 -W ignore:setup.py install is deprecated -W ignore:easy_install command is deprecated setup.py egg_info --egg-base ../../build/connect4_launch build --build-base /home/danie/connect4_ros/build/connect4_launch/build install --record /home/danie/connect4_ros/build/connect4_launch/install.log --single-version-externally-managed install_data
[5.608s] Level 1:colcon.colcon_core.environment:checking '/home/danie/connect4_ros/install/connect4_launch' for CMake module files
[5.608s] DEBUG:colcon.colcon_core.event_handler.log_command:Invoked command in '/home/danie/connect4_ros/src/connect4_launch' returned '0': PYTHONPATH=/home/danie/connect4_ros/build/connect4_launch/prefix_override:/usr/lib/python3/dist-packages/colcon_core/task/python/colcon_distutils_commands:/home/danie/connect4_ros/install/connect4_launch/lib/python3.12/site-packages:${PYTHONPATH} /usr/bin/python3 -W ignore:setup.py install is deprecated -W ignore:easy_install command is deprecated setup.py egg_info --egg-base ../../build/connect4_launch build --build-base /home/danie/connect4_ros/build/connect4_launch/build install --record /home/danie/connect4_ros/build/connect4_launch/install.log --single-version-externally-managed install_data
[5.608s] Level 1:colcon.colcon_core.environment:checking '/home/danie/connect4_ros/install/connect4_launch' for CMake config files
[5.615s] Level 1:colcon.colcon_core.environment:checking '/home/danie/connect4_ros/install/connect4_launch/lib'
[5.615s] Level 1:colcon.colcon_core.environment:checking '/home/danie/connect4_ros/install/connect4_launch/bin'
[5.615s] Level 1:colcon.colcon_core.environment:checking '/home/danie/connect4_ros/install/connect4_launch/lib/pkgconfig/connect4_launch.pc'
[5.615s] Level 1:colcon.colcon_core.environment:checking '/home/danie/connect4_ros/install/connect4_launch/lib/python3.12/site-packages'
[5.615s] Level 1:colcon.colcon_core.shell:create_environment_hook('connect4_launch', 'pythonpath')
[5.615s] INFO:colcon.colcon_core.shell:Creating environment hook '/home/danie/connect4_ros/install/connect4_launch/share/connect4_launch/hook/pythonpath.ps1'
[5.616s] INFO:colcon.colcon_core.shell:Creating environment descriptor '/home/danie/connect4_ros/install/connect4_launch/share/connect4_launch/hook/pythonpath.dsv'
[5.616s] INFO:colcon.colcon_core.shell:Creating environment hook '/home/danie/connect4_ros/install/connect4_launch/share/connect4_launch/hook/pythonpath.sh'
[5.616s] Level 1:colcon.colcon_core.environment:checking '/home/danie/connect4_ros/install/connect4_launch/bin'
[5.616s] Level 1:colcon.colcon_core.environment:create_environment_scripts_only(connect4_launch)
[5.616s] INFO:colcon.colcon_core.shell:Creating package script '/home/danie/connect4_ros/install/connect4_launch/share/connect4_launch/package.ps1'
[5.617s] INFO:colcon.colcon_core.shell:Creating package descriptor '/home/danie/connect4_ros/install/connect4_launch/share/connect4_launch/package.dsv'
[5.617s] INFO:colcon.colcon_core.shell:Creating package script '/home/danie/connect4_ros/install/connect4_launch/share/connect4_launch/package.sh'
[5.617s] INFO:colcon.colcon_core.shell:Creating package script '/home/danie/connect4_ros/install/connect4_launch/share/connect4_launch/package.bash'
[5.617s] INFO:colcon.colcon_core.shell:Creating package script '/home/danie/connect4_ros/install/connect4_launch/share/connect4_launch/package.zsh'
[5.618s] Level 1:colcon.colcon_core.environment:create_file_with_runtime_dependencies(/home/danie/connect4_ros/install/connect4_launch/share/colcon-core/packages/connect4_launch)
[5.618s] DEBUG:colcon.colcon_parallel_executor.executor.parallel:closing loop
[5.619s] DEBUG:colcon.colcon_parallel_executor.executor.parallel:loop closed
[5.619s] DEBUG:colcon.colcon_parallel_executor.executor.parallel:run_until_complete finished with '0'
[5.619s] DEBUG:colcon.colcon_core.event_reactor:joining thread
[5.680s] INFO:colcon.colcon_core.plugin_system:Skipping extension 'colcon_notification.desktop_notification.notify_send': Could not find 'notify-send'
[5.681s] INFO:colcon.colcon_core.plugin_system:Skipping extension 'colcon_notification.desktop_notification.terminal_notifier': Not used on non-Darwin systems
[5.681s] INFO:colcon.colcon_core.plugin_system:Skipping extension 'colcon_notification.desktop_notification.win32': Not used on non-Windows systems
[5.681s] INFO:colcon.colcon_notification.desktop_notification:Sending desktop notification using 'notify2'
[5.683s] DEBUG:colcon.colcon_notification.desktop_notification.notify2:Failed to initialize notify2: org.freedesktop.DBus.Error.ServiceUnknown: The name org.freedesktop.Notifications was not provided by any .service files
[5.683s] DEBUG:colcon.colcon_core.event_reactor:joined thread
[5.684s] INFO:colcon.colcon_core.shell:Creating prefix script '/home/danie/connect4_ros/install/local_setup.ps1'
[5.685s] INFO:colcon.colcon_core.shell:Creating prefix util module '/home/danie/connect4_ros/install/_local_setup_util_ps1.py'
[5.686s] INFO:colcon.colcon_core.shell:Creating prefix chain script '/home/danie/connect4_ros/install/setup.ps1'
[5.687s] INFO:colcon.colcon_core.shell:Creating prefix script '/home/danie/connect4_ros/install/local_setup.sh'
[5.688s] INFO:colcon.colcon_core.shell:Creating prefix util module '/home/danie/connect4_ros/install/_local_setup_util_sh.py'
[5.688s] INFO:colcon.colcon_core.shell:Creating prefix chain script '/home/danie/connect4_ros/install/setup.sh'
[5.689s] INFO:colcon.colcon_core.shell:Creating prefix script '/home/danie/connect4_ros/install/local_setup.bash'
[5.690s] INFO:colcon.colcon_core.shell:Creating prefix chain script '/home/danie/connect4_ros/install/setup.bash'
[5.692s] INFO:colcon.colcon_core.shell:Creating prefix script '/home/danie/connect4_ros/install/local_setup.zsh'
[5.692s] INFO:colcon.colcon_core.shell:Creating prefix chain script '/home/danie/connect4_ros/install/setup.zsh'
