running egg_info
creating ../../build/connect4_game/connect4_game.egg-info
writing ../../build/connect4_game/connect4_game.egg-info/PKG-INFO
writing dependency_links to ../../build/connect4_game/connect4_game.egg-info/dependency_links.txt
writing entry points to ../../build/connect4_game/connect4_game.egg-info/entry_points.txt
writing requirements to ../../build/connect4_game/connect4_game.egg-info/requires.txt
writing top-level names to ../../build/connect4_game/connect4_game.egg-info/top_level.txt
writing manifest file '../../build/connect4_game/connect4_game.egg-info/SOURCES.txt'
reading manifest file '../../build/connect4_game/connect4_game.egg-info/SOURCES.txt'
writing manifest file '../../build/connect4_game/connect4_game.egg-info/SOURCES.txt'
running build
running build_py
creating /home/hrilab/connect4_ros/build/connect4_game/build/lib/connect4_game
copying connect4_game/__init__.py -> /home/hrilab/connect4_ros/build/connect4_game/build/lib/connect4_game
copying connect4_game/test_actions_node.py -> /home/hrilab/connect4_ros/build/connect4_game/build/lib/connect4_game
copying connect4_game/referee_node.py -> /home/hrilab/connect4_ros/build/connect4_game/build/lib/connect4_game
copying connect4_game/py.typed -> /home/hrilab/connect4_ros/build/connect4_game/build/lib/connect4_game
running install
running install_lib
creating /home/hrilab/connect4_ros/install/connect4_game/lib/python3.10/site-packages/connect4_game
copying /home/hrilab/connect4_ros/build/connect4_game/build/lib/connect4_game/__init__.py -> /home/hrilab/connect4_ros/install/connect4_game/lib/python3.10/site-packages/connect4_game
copying /home/hrilab/connect4_ros/build/connect4_game/build/lib/connect4_game/test_actions_node.py -> /home/hrilab/connect4_ros/install/connect4_game/lib/python3.10/site-packages/connect4_game
copying /home/hrilab/connect4_ros/build/connect4_game/build/lib/connect4_game/referee_node.py -> /home/hrilab/connect4_ros/install/connect4_game/lib/python3.10/site-packages/connect4_game
copying /home/hrilab/connect4_ros/build/connect4_game/build/lib/connect4_game/py.typed -> /home/hrilab/connect4_ros/install/connect4_game/lib/python3.10/site-packages/connect4_game
byte-compiling /home/hrilab/connect4_ros/install/connect4_game/lib/python3.10/site-packages/connect4_game/__init__.py to __init__.cpython-310.pyc
byte-compiling /home/hrilab/connect4_ros/install/connect4_game/lib/python3.10/site-packages/connect4_game/test_actions_node.py to test_actions_node.cpython-310.pyc
byte-compiling /home/hrilab/connect4_ros/install/connect4_game/lib/python3.10/site-packages/connect4_game/referee_node.py to referee_node.cpython-310.pyc
running install_data
creating /home/hrilab/connect4_ros/install/connect4_game/share/ament_index/resource_index/packages
copying resource/connect4_game -> /home/hrilab/connect4_ros/install/connect4_game/share/ament_index/resource_index/packages
copying package.xml -> /home/hrilab/connect4_ros/install/connect4_game/share/connect4_game
running install_egg_info
Copying ../../build/connect4_game/connect4_game.egg-info to /home/hrilab/connect4_ros/install/connect4_game/lib/python3.10/site-packages/connect4_game-0.0.0-py3.10.egg-info
running install_scripts
Installing referee_node script to /home/hrilab/connect4_ros/install/connect4_game/lib/connect4_game
Installing test_actions_node script to /home/hrilab/connect4_ros/install/connect4_game/lib/connect4_game
writing list of installed files to '/home/hrilab/connect4_ros/build/connect4_game/install.log'
