[1.937s] Invoking command in '/home/hrilab/connect4_ros/src/connect4_game': AMENT_PREFIX_PATH=/home/hrilab/connect4_ros/install/connect4_msgs:${AMENT_PREFIX_PATH} CMAKE_PREFIX_PATH=/home/hrilab/connect4_ros/install/connect4_msgs CONDA_PROMPT_MODIFIER=(base) LD_LIBRARY_PATH=/home/hrilab/connect4_ros/install/connect4_msgs/lib:${LD_LIBRARY_PATH} PYTHONPATH=/home/hrilab/connect4_ros/build/connect4_game/prefix_override:/usr/lib/python3/dist-packages/colcon_core/task/python/colcon_distutils_commands:/home/hrilab/connect4_ros/install/connect4_game/lib/python3.10/site-packages:/home/hrilab/connect4_ros/install/connect4_msgs/local/lib/python3.10/dist-packages:${PYTHONPATH} /usr/bin/python3 -W ignore:setup.py install is deprecated -W ignore:easy_install command is deprecated setup.py egg_info --egg-base ../../build/connect4_game build --build-base /home/hrilab/connect4_ros/build/connect4_game/build install --record /home/hrilab/connect4_ros/build/connect4_game/install.log --single-version-externally-managed install_data
[2.322s] running egg_info
[2.346s] creating ../../build/connect4_game/connect4_game.egg-info
[2.346s] writing ../../build/connect4_game/connect4_game.egg-info/PKG-INFO
[2.347s] writing dependency_links to ../../build/connect4_game/connect4_game.egg-info/dependency_links.txt
[2.348s] writing entry points to ../../build/connect4_game/connect4_game.egg-info/entry_points.txt
[2.348s] writing requirements to ../../build/connect4_game/connect4_game.egg-info/requires.txt
[2.349s] writing top-level names to ../../build/connect4_game/connect4_game.egg-info/top_level.txt
[2.349s] writing manifest file '../../build/connect4_game/connect4_game.egg-info/SOURCES.txt'
[2.396s] reading manifest file '../../build/connect4_game/connect4_game.egg-info/SOURCES.txt'
[2.398s] writing manifest file '../../build/connect4_game/connect4_game.egg-info/SOURCES.txt'
[2.398s] running build
[2.398s] running build_py
[2.398s] creating /home/hrilab/connect4_ros/build/connect4_game/build/lib/connect4_game
[2.399s] copying connect4_game/__init__.py -> /home/hrilab/connect4_ros/build/connect4_game/build/lib/connect4_game
[2.399s] copying connect4_game/test_actions_node.py -> /home/hrilab/connect4_ros/build/connect4_game/build/lib/connect4_game
[2.399s] copying connect4_game/referee_node.py -> /home/hrilab/connect4_ros/build/connect4_game/build/lib/connect4_game
[2.399s] copying connect4_game/py.typed -> /home/hrilab/connect4_ros/build/connect4_game/build/lib/connect4_game
[2.399s] running install
[2.404s] running install_lib
[2.429s] creating /home/hrilab/connect4_ros/install/connect4_game/lib/python3.10/site-packages/connect4_game
[2.429s] copying /home/hrilab/connect4_ros/build/connect4_game/build/lib/connect4_game/__init__.py -> /home/hrilab/connect4_ros/install/connect4_game/lib/python3.10/site-packages/connect4_game
[2.429s] copying /home/hrilab/connect4_ros/build/connect4_game/build/lib/connect4_game/test_actions_node.py -> /home/hrilab/connect4_ros/install/connect4_game/lib/python3.10/site-packages/connect4_game
[2.429s] copying /home/hrilab/connect4_ros/build/connect4_game/build/lib/connect4_game/referee_node.py -> /home/hrilab/connect4_ros/install/connect4_game/lib/python3.10/site-packages/connect4_game
[2.429s] copying /home/hrilab/connect4_ros/build/connect4_game/build/lib/connect4_game/py.typed -> /home/hrilab/connect4_ros/install/connect4_game/lib/python3.10/site-packages/connect4_game
[2.430s] byte-compiling /home/hrilab/connect4_ros/install/connect4_game/lib/python3.10/site-packages/connect4_game/__init__.py to __init__.cpython-310.pyc
[2.430s] byte-compiling /home/hrilab/connect4_ros/install/connect4_game/lib/python3.10/site-packages/connect4_game/test_actions_node.py to test_actions_node.cpython-310.pyc
[2.431s] byte-compiling /home/hrilab/connect4_ros/install/connect4_game/lib/python3.10/site-packages/connect4_game/referee_node.py to referee_node.cpython-310.pyc
[2.433s] running install_data
[2.433s] creating /home/hrilab/connect4_ros/install/connect4_game/share/ament_index/resource_index/packages
[2.433s] copying resource/connect4_game -> /home/hrilab/connect4_ros/install/connect4_game/share/ament_index/resource_index/packages
[2.434s] copying package.xml -> /home/hrilab/connect4_ros/install/connect4_game/share/connect4_game
[2.434s] running install_egg_info
[2.459s] Copying ../../build/connect4_game/connect4_game.egg-info to /home/hrilab/connect4_ros/install/connect4_game/lib/python3.10/site-packages/connect4_game-0.0.0-py3.10.egg-info
[2.459s] running install_scripts
[2.644s] Installing referee_node script to /home/hrilab/connect4_ros/install/connect4_game/lib/connect4_game
[2.644s] Installing test_actions_node script to /home/hrilab/connect4_ros/install/connect4_game/lib/connect4_game
[2.644s] writing list of installed files to '/home/hrilab/connect4_ros/build/connect4_game/install.log'
[2.675s] Invoked command in '/home/hrilab/connect4_ros/src/connect4_game' returned '0': AMENT_PREFIX_PATH=/home/hrilab/connect4_ros/install/connect4_msgs:${AMENT_PREFIX_PATH} CMAKE_PREFIX_PATH=/home/hrilab/connect4_ros/install/connect4_msgs CONDA_PROMPT_MODIFIER=(base) LD_LIBRARY_PATH=/home/hrilab/connect4_ros/install/connect4_msgs/lib:${LD_LIBRARY_PATH} PYTHONPATH=/home/hrilab/connect4_ros/build/connect4_game/prefix_override:/usr/lib/python3/dist-packages/colcon_core/task/python/colcon_distutils_commands:/home/hrilab/connect4_ros/install/connect4_game/lib/python3.10/site-packages:/home/hrilab/connect4_ros/install/connect4_msgs/local/lib/python3.10/dist-packages:${PYTHONPATH} /usr/bin/python3 -W ignore:setup.py install is deprecated -W ignore:easy_install command is deprecated setup.py egg_info --egg-base ../../build/connect4_game build --build-base /home/hrilab/connect4_ros/build/connect4_game/build install --record /home/hrilab/connect4_ros/build/connect4_game/install.log --single-version-externally-managed install_data
