[0.021s] Invoking command in '/home/danie/connect4_ros/build/connect4_msgs': CMAKE_PREFIX_PATH=${CMAKE_PREFIX_PATH}:/home/danie/ros2_ws/install/py_pubsub:/opt/ros/kilted /usr/bin/cmake /home/danie/connect4_ros/src/connect4_msgs -DCMAKE_INSTALL_PREFIX=/home/danie/connect4_ros/install/connect4_msgs
[0.452s] -- The C compiler identification is GNU 13.3.0
[1.048s] -- The CXX compiler identification is GNU 13.3.0
[1.487s] -- Detecting C compiler ABI info
[1.771s] -- Detecting C compiler ABI info - done
[1.778s] -- Check for working C compiler: /usr/bin/cc - skipped
[1.784s] -- Detecting C compile features
[1.785s] -- Detecting C compile features - done
[1.888s] -- Detecting CXX compiler ABI info
[2.161s] -- Detecting CXX compiler ABI info - done
[2.167s] -- Check for working CXX compiler: /usr/bin/c++ - skipped
[2.167s] -- Detecting CXX compile features
[2.168s] -- Detecting CXX compile features - done
[2.215s] -- Found ament_cmake: 2.7.3 (/opt/ros/kilted/share/ament_cmake/cmake)
[2.368s] -- Found Python3: /usr/bin/python3 (found version "3.12.3") found components: Interpreter 
[2.551s] -- Found rosidl_default_generators: 1.7.1 (/opt/ros/kilted/share/rosidl_default_generators/cmake)
[2.570s] -- Using all available rosidl_typesupport_c: rosidl_typesupport_fastrtps_c;rosidl_typesupport_introspection_c
[2.671s] -- Using all available rosidl_typesupport_cpp: rosidl_typesupport_fastrtps_cpp;rosidl_typesupport_introspection_cpp
[2.798s] -- Found rosidl_adapter: 4.9.6 (/opt/ros/kilted/share/rosidl_adapter/cmake)
[2.811s] -- Found rosidl_default_runtime: 1.7.1 (/opt/ros/kilted/share/rosidl_default_runtime/cmake)
[2.824s] -- Found builtin_interfaces: 2.3.0 (/opt/ros/kilted/share/builtin_interfaces/cmake)
[2.848s] -- Found action_msgs: 2.3.0 (/opt/ros/kilted/share/action_msgs/cmake)
[3.441s] -- Found ament_cmake_ros_core: 0.14.7 (/opt/ros/kilted/share/ament_cmake_ros_core/cmake)
[3.787s] -- Using all available rosidl_typesupport_c: rosidl_typesupport_fastrtps_c;rosidl_typesupport_introspection_c
[4.255s] -- Using all available rosidl_typesupport_cpp: rosidl_typesupport_fastrtps_cpp;rosidl_typesupport_introspection_cpp
[4.797s] -- Found Python3: /usr/bin/python3 (found version "3.12.3") found components: Interpreter Development NumPy Development.Module Development.Embed 
[4.836s] -- Found ament_lint_auto: 0.19.2 (/opt/ros/kilted/share/ament_lint_auto/cmake)
[4.901s] -- Added test 'lint_cmake' to check CMake code style
[4.904s] -- Added test 'xmllint' to check XML markup files
[4.909s] -- Configuring done (4.8s)
[4.953s] -- Generating done (0.0s)
[4.964s] -- Build files have been written to: /home/danie/connect4_ros/build/connect4_msgs
[4.973s] Invoked command in '/home/danie/connect4_ros/build/connect4_msgs' returned '0': CMAKE_PREFIX_PATH=${CMAKE_PREFIX_PATH}:/home/danie/ros2_ws/install/py_pubsub:/opt/ros/kilted /usr/bin/cmake /home/danie/connect4_ros/src/connect4_msgs -DCMAKE_INSTALL_PREFIX=/home/danie/connect4_ros/install/connect4_msgs
[4.974s] Invoking command in '/home/danie/connect4_ros/build/connect4_msgs': CMAKE_PREFIX_PATH=${CMAKE_PREFIX_PATH}:/home/danie/ros2_ws/install/py_pubsub:/opt/ros/kilted /usr/bin/cmake --build /home/danie/connect4_ros/build/connect4_msgs -- -j8 -l8
[5.024s] [  1%] [34m[1mGenerating type hashes for ROS interfaces[0m
[5.033s] [  1%] Built target ament_cmake_python_copy_connect4_msgs
[5.272s] [  1%] Built target connect4_msgs__rosidl_generator_type_description
[5.273s] running egg_info
[5.274s] creating connect4_msgs.egg-info
[5.284s] [  3%] [34m[1mGenerating C code for ROS interfaces[0m
[5.291s] [  4%] [34m[1mGenerating C++ code for ROS interfaces[0m
[5.306s] writing connect4_msgs.egg-info/PKG-INFO
[5.306s] writing dependency_links to connect4_msgs.egg-info/dependency_links.txt
[5.306s] writing top-level names to connect4_msgs.egg-info/top_level.txt
[5.307s] writing manifest file 'connect4_msgs.egg-info/SOURCES.txt'
[5.373s] reading manifest file 'connect4_msgs.egg-info/SOURCES.txt'
[5.374s] writing manifest file 'connect4_msgs.egg-info/SOURCES.txt'
[5.398s] [  4%] Built target ament_cmake_python_build_connect4_msgs_egg
[5.859s] [  4%] Built target connect4_msgs__cpp
[5.947s] gmake[2]: Warning: File 'rosidl_generator_c/connect4_msgs/msg/board_state.h' has modification time 0.17 s in the future
[5.968s] [  6%] [32mBuilding C object CMakeFiles/connect4_msgs__rosidl_generator_c.dir/rosidl_generator_c/connect4_msgs/msg/detail/board_state__description.c.o[0m
[5.969s] [  7%] [32mBuilding C object CMakeFiles/connect4_msgs__rosidl_generator_c.dir/rosidl_generator_c/connect4_msgs/msg/detail/board_state__functions.c.o[0m
[5.969s] [  9%] [32mBuilding C object CMakeFiles/connect4_msgs__rosidl_generator_c.dir/rosidl_generator_c/connect4_msgs/msg/detail/board_state__type_support.c.o[0m
[5.971s] [ 10%] [32mBuilding C object CMakeFiles/connect4_msgs__rosidl_generator_c.dir/rosidl_generator_c/connect4_msgs/msg/detail/winner__description.c.o[0m
[5.978s] [ 14%] [32mBuilding C object CMakeFiles/connect4_msgs__rosidl_generator_c.dir/rosidl_generator_c/connect4_msgs/msg/detail/winner__type_support.c.o[0m
[5.978s] [ 14%] [32mBuilding C object CMakeFiles/connect4_msgs__rosidl_generator_c.dir/rosidl_generator_c/connect4_msgs/action/detail/deliver_block__description.c.o[0m
[5.978s] [ 15%] [32mBuilding C object CMakeFiles/connect4_msgs__rosidl_generator_c.dir/rosidl_generator_c/connect4_msgs/msg/detail/winner__functions.c.o[0m
[5.979s] [ 17%] [32mBuilding C object CMakeFiles/connect4_msgs__rosidl_generator_c.dir/rosidl_generator_c/connect4_msgs/action/detail/deliver_block__functions.c.o[0m
[6.033s] [ 18%] [32mBuilding C object CMakeFiles/connect4_msgs__rosidl_generator_c.dir/rosidl_generator_c/connect4_msgs/action/detail/deliver_block__type_support.c.o[0m
[6.033s] [ 20%] [32mBuilding C object CMakeFiles/connect4_msgs__rosidl_generator_c.dir/rosidl_generator_c/connect4_msgs/action/detail/reset_board__description.c.o[0m
[6.043s] [ 23%] [32mBuilding C object CMakeFiles/connect4_msgs__rosidl_generator_c.dir/rosidl_generator_c/connect4_msgs/action/detail/reset_board__type_support.c.o[0m
[6.043s] [ 23%] [32mBuilding C object CMakeFiles/connect4_msgs__rosidl_generator_c.dir/rosidl_generator_c/connect4_msgs/action/detail/reset_board__functions.c.o[0m
[6.189s] [ 25%] [32m[1mLinking C shared library libconnect4_msgs__rosidl_generator_c.so[0m
[6.317s] gmake[2]: warning:  Clock skew detected.  Your build may be incomplete.
[6.324s] [ 25%] Built target connect4_msgs__rosidl_generator_c
[6.336s] [ 26%] [34m[1mGenerating C++ type support dispatch for ROS interfaces[0m
[6.336s] [ 28%] [34m[1mGenerating C type support for eProsima Fast-RTPS[0m
[6.336s] [ 29%] [34m[1mGenerating C introspection for ROS interfaces[0m
[6.337s] [ 31%] [34m[1mGenerating C type support dispatch for ROS interfaces[0m
[6.338s] [ 34%] [34m[1mGenerating C++ introspection for ROS interfaces[0m
[6.338s] [ 34%] [34m[1mGenerating C++ type support for eProsima Fast-RTPS[0m
[6.860s] [ 35%] [32mBuilding CXX object CMakeFiles/connect4_msgs__rosidl_typesupport_cpp.dir/rosidl_typesupport_cpp/connect4_msgs/msg/board_state__type_support.cpp.o[0m
[6.862s] [ 37%] [32mBuilding CXX object CMakeFiles/connect4_msgs__rosidl_typesupport_cpp.dir/rosidl_typesupport_cpp/connect4_msgs/action/deliver_block__type_support.cpp.o[0m
[6.862s] [ 39%] [32mBuilding CXX object CMakeFiles/connect4_msgs__rosidl_typesupport_cpp.dir/rosidl_typesupport_cpp/connect4_msgs/msg/winner__type_support.cpp.o[0m
[6.884s] [ 40%] [32mBuilding CXX object CMakeFiles/connect4_msgs__rosidl_typesupport_c.dir/rosidl_typesupport_c/connect4_msgs/msg/board_state__type_support.cpp.o[0m
[6.963s] [ 42%] [32mBuilding CXX object CMakeFiles/connect4_msgs__rosidl_typesupport_c.dir/rosidl_typesupport_c/connect4_msgs/msg/winner__type_support.cpp.o[0m
[7.040s] [ 43%] [32mBuilding CXX object CMakeFiles/connect4_msgs__rosidl_typesupport_c.dir/rosidl_typesupport_c/connect4_msgs/action/deliver_block__type_support.cpp.o[0m
[7.142s] [ 45%] [32mBuilding CXX object CMakeFiles/connect4_msgs__rosidl_typesupport_introspection_cpp.dir/rosidl_typesupport_introspection_cpp/connect4_msgs/msg/detail/board_state__type_support.cpp.o[0m
[7.154s] [ 46%] [32mBuilding CXX object CMakeFiles/connect4_msgs__rosidl_typesupport_c.dir/rosidl_typesupport_c/connect4_msgs/action/reset_board__type_support.cpp.o[0m
[7.181s] [ 48%] [32mBuilding C object CMakeFiles/connect4_msgs__rosidl_typesupport_introspection_c.dir/rosidl_typesupport_introspection_c/connect4_msgs/msg/detail/board_state__type_support.c.o[0m
[7.231s] [ 50%] [32m[1mLinking CXX shared library libconnect4_msgs__rosidl_typesupport_c.so[0m
[7.240s] [ 51%] [32mBuilding C object CMakeFiles/connect4_msgs__rosidl_typesupport_introspection_c.dir/rosidl_typesupport_introspection_c/connect4_msgs/msg/detail/winner__type_support.c.o[0m
[7.294s] [ 53%] [32mBuilding C object CMakeFiles/connect4_msgs__rosidl_typesupport_introspection_c.dir/rosidl_typesupport_introspection_c/connect4_msgs/action/detail/deliver_block__type_support.c.o[0m
[7.398s] [ 54%] [32mBuilding C object CMakeFiles/connect4_msgs__rosidl_typesupport_introspection_c.dir/rosidl_typesupport_introspection_c/connect4_msgs/action/detail/reset_board__type_support.c.o[0m
[7.416s] [ 56%] [32mBuilding CXX object CMakeFiles/connect4_msgs__rosidl_typesupport_introspection_cpp.dir/rosidl_typesupport_introspection_cpp/connect4_msgs/msg/detail/winner__type_support.cpp.o[0m
[7.416s] [ 56%] Built target connect4_msgs__rosidl_typesupport_c
[7.428s] [ 57%] [32mBuilding CXX object CMakeFiles/connect4_msgs__rosidl_typesupport_cpp.dir/rosidl_typesupport_cpp/connect4_msgs/action/reset_board__type_support.cpp.o[0m
[7.438s] [ 59%] [32mBuilding CXX object CMakeFiles/connect4_msgs__rosidl_typesupport_introspection_cpp.dir/rosidl_typesupport_introspection_cpp/connect4_msgs/action/detail/deliver_block__type_support.cpp.o[0m
[7.494s] [ 60%] [32m[1mLinking C shared library libconnect4_msgs__rosidl_typesupport_introspection_c.so[0m
[7.569s] [ 62%] [32mBuilding CXX object CMakeFiles/connect4_msgs__rosidl_typesupport_fastrtps_cpp.dir/rosidl_typesupport_fastrtps_cpp/connect4_msgs/msg/detail/dds_fastrtps/board_state__type_support.cpp.o[0m
[7.618s] [ 64%] [32mBuilding CXX object CMakeFiles/connect4_msgs__rosidl_typesupport_fastrtps_cpp.dir/rosidl_typesupport_fastrtps_cpp/connect4_msgs/msg/detail/dds_fastrtps/winner__type_support.cpp.o[0m
[7.674s] [ 64%] Built target connect4_msgs__rosidl_typesupport_introspection_c
[7.687s] [ 65%] [32mBuilding CXX object CMakeFiles/connect4_msgs__rosidl_typesupport_fastrtps_cpp.dir/rosidl_typesupport_fastrtps_cpp/connect4_msgs/action/detail/dds_fastrtps/deliver_block__type_support.cpp.o[0m
[7.694s] [ 67%] [32mBuilding CXX object CMakeFiles/connect4_msgs__rosidl_typesupport_fastrtps_c.dir/rosidl_typesupport_fastrtps_c/connect4_msgs/msg/detail/board_state__type_support_c.cpp.o[0m
[7.822s] [ 68%] [32mBuilding CXX object CMakeFiles/connect4_msgs__rosidl_typesupport_fastrtps_c.dir/rosidl_typesupport_fastrtps_c/connect4_msgs/msg/detail/winner__type_support_c.cpp.o[0m
[7.949s] [ 70%] [32mBuilding CXX object CMakeFiles/connect4_msgs__rosidl_typesupport_fastrtps_cpp.dir/rosidl_typesupport_fastrtps_cpp/connect4_msgs/action/detail/dds_fastrtps/reset_board__type_support.cpp.o[0m
[8.276s] [ 71%] [32mBuilding CXX object CMakeFiles/connect4_msgs__rosidl_typesupport_introspection_cpp.dir/rosidl_typesupport_introspection_cpp/connect4_msgs/action/detail/reset_board__type_support.cpp.o[0m
[8.291s] [ 73%] [32mBuilding CXX object CMakeFiles/connect4_msgs__rosidl_typesupport_fastrtps_c.dir/rosidl_typesupport_fastrtps_c/connect4_msgs/action/detail/deliver_block__type_support_c.cpp.o[0m
[8.354s] [ 75%] [32mBuilding CXX object CMakeFiles/connect4_msgs__rosidl_typesupport_fastrtps_c.dir/rosidl_typesupport_fastrtps_c/connect4_msgs/action/detail/reset_board__type_support_c.cpp.o[0m
[8.416s] [ 76%] [32m[1mLinking CXX shared library libconnect4_msgs__rosidl_typesupport_cpp.so[0m
[8.644s] [ 76%] Built target connect4_msgs__rosidl_typesupport_cpp
[9.000s] [ 78%] [32m[1mLinking CXX shared library libconnect4_msgs__rosidl_typesupport_fastrtps_c.so[0m
[9.167s] [ 79%] [32m[1mLinking CXX shared library libconnect4_msgs__rosidl_typesupport_introspection_cpp.so[0m
[9.180s] [ 81%] [32m[1mLinking CXX shared library libconnect4_msgs__rosidl_typesupport_fastrtps_cpp.so[0m
[9.181s] [ 81%] Built target connect4_msgs__rosidl_typesupport_fastrtps_c
[9.316s] [ 81%] Built target connect4_msgs__rosidl_typesupport_introspection_cpp
[9.318s] [ 81%] Built target connect4_msgs__rosidl_typesupport_fastrtps_cpp
[9.336s] [ 81%] Built target connect4_msgs
[9.354s] [ 82%] [34m[1mGenerating Python code for ROS interfaces[0m
[10.235s] [ 82%] Built target connect4_msgs__py
[10.255s] [ 85%] [32mBuilding C object CMakeFiles/connect4_msgs__rosidl_generator_py.dir/rosidl_generator_py/connect4_msgs/action/_deliver_block_s.c.o[0m
[10.255s] [ 85%] [32mBuilding C object CMakeFiles/connect4_msgs__rosidl_generator_py.dir/rosidl_generator_py/connect4_msgs/action/_reset_board_s.c.o[0m
[10.255s] [ 87%] [32mBuilding C object CMakeFiles/connect4_msgs__rosidl_generator_py.dir/rosidl_generator_py/connect4_msgs/msg/_winner_s.c.o[0m
[10.255s] [ 89%] [32mBuilding C object CMakeFiles/connect4_msgs__rosidl_generator_py.dir/rosidl_generator_py/connect4_msgs/msg/_board_state_s.c.o[0m
[10.506s] [ 90%] [32m[1mLinking C shared library libconnect4_msgs__rosidl_generator_py.so[0m
[10.646s] [ 90%] Built target connect4_msgs__rosidl_generator_py
[10.666s] [ 95%] [32mBuilding C object CMakeFiles/connect4_msgs_s__rosidl_typesupport_c.dir/rosidl_generator_py/connect4_msgs/_connect4_msgs_s.ep.rosidl_typesupport_c.c.o[0m
[10.666s] [ 95%] [32mBuilding C object CMakeFiles/connect4_msgs_s__rosidl_typesupport_fastrtps_c.dir/rosidl_generator_py/connect4_msgs/_connect4_msgs_s.ep.rosidl_typesupport_fastrtps_c.c.o[0m
[10.666s] [ 95%] [32mBuilding C object CMakeFiles/connect4_msgs_s__rosidl_typesupport_introspection_c.dir/rosidl_generator_py/connect4_msgs/_connect4_msgs_s.ep.rosidl_typesupport_introspection_c.c.o[0m
[10.802s] [ 96%] [32m[1mLinking C shared module rosidl_generator_py/connect4_msgs/connect4_msgs_s__rosidl_typesupport_c.so[0m
[10.811s] [ 98%] [32m[1mLinking C shared module rosidl_generator_py/connect4_msgs/connect4_msgs_s__rosidl_typesupport_introspection_c.so[0m
[10.820s] [100%] [32m[1mLinking C shared module rosidl_generator_py/connect4_msgs/connect4_msgs_s__rosidl_typesupport_fastrtps_c.so[0m
[10.908s] [100%] Built target connect4_msgs_s__rosidl_typesupport_c
[10.909s] [100%] Built target connect4_msgs_s__rosidl_typesupport_introspection_c
[10.948s] [100%] Built target connect4_msgs_s__rosidl_typesupport_fastrtps_c
[10.960s] Invoked command in '/home/danie/connect4_ros/build/connect4_msgs' returned '0': CMAKE_PREFIX_PATH=${CMAKE_PREFIX_PATH}:/home/danie/ros2_ws/install/py_pubsub:/opt/ros/kilted /usr/bin/cmake --build /home/danie/connect4_ros/build/connect4_msgs -- -j8 -l8
[10.967s] Invoking command in '/home/danie/connect4_ros/build/connect4_msgs': CMAKE_PREFIX_PATH=${CMAKE_PREFIX_PATH}:/home/danie/ros2_ws/install/py_pubsub:/opt/ros/kilted /usr/bin/cmake --install /home/danie/connect4_ros/build/connect4_msgs
[10.974s] -- Install configuration: ""
[10.975s] -- Installing: /home/danie/connect4_ros/install/connect4_msgs/share/ament_index/resource_index/rosidl_interfaces/connect4_msgs
[10.975s] -- Installing: /home/danie/connect4_ros/install/connect4_msgs/share/connect4_msgs/msg/BoardState.json
[10.975s] -- Installing: /home/danie/connect4_ros/install/connect4_msgs/share/connect4_msgs/msg/Winner.json
[10.976s] -- Installing: /home/danie/connect4_ros/install/connect4_msgs/share/connect4_msgs/action/DeliverBlock.json
[10.976s] -- Installing: /home/danie/connect4_ros/install/connect4_msgs/share/connect4_msgs/action/ResetBoard.json
[10.976s] -- Installing: /home/danie/connect4_ros/install/connect4_msgs/include/connect4_msgs/connect4_msgs
[10.976s] -- Installing: /home/danie/connect4_ros/install/connect4_msgs/include/connect4_msgs/connect4_msgs/msg
[10.976s] -- Installing: /home/danie/connect4_ros/install/connect4_msgs/include/connect4_msgs/connect4_msgs/msg/detail
[10.977s] -- Installing: /home/danie/connect4_ros/install/connect4_msgs/include/connect4_msgs/connect4_msgs/msg/detail/board_state__type_support.h
[10.977s] -- Installing: /home/danie/connect4_ros/install/connect4_msgs/include/connect4_msgs/connect4_msgs/msg/detail/winner__type_support.h
[10.977s] -- Installing: /home/danie/connect4_ros/install/connect4_msgs/include/connect4_msgs/connect4_msgs/msg/detail/winner__description.c
[10.977s] -- Installing: /home/danie/connect4_ros/install/connect4_msgs/include/connect4_msgs/connect4_msgs/msg/detail/board_state__type_support.c
[10.977s] -- Installing: /home/danie/connect4_ros/install/connect4_msgs/include/connect4_msgs/connect4_msgs/msg/detail/board_state__functions.h
[10.977s] -- Installing: /home/danie/connect4_ros/install/connect4_msgs/include/connect4_msgs/connect4_msgs/msg/detail/winner__type_support.c
[10.978s] -- Installing: /home/danie/connect4_ros/install/connect4_msgs/include/connect4_msgs/connect4_msgs/msg/detail/winner__functions.h
[10.978s] -- Installing: /home/danie/connect4_ros/install/connect4_msgs/include/connect4_msgs/connect4_msgs/msg/detail/board_state__struct.h
[10.978s] -- Installing: /home/danie/connect4_ros/install/connect4_msgs/include/connect4_msgs/connect4_msgs/msg/detail/winner__functions.c
[10.978s] -- Installing: /home/danie/connect4_ros/install/connect4_msgs/include/connect4_msgs/connect4_msgs/msg/detail/winner__struct.h
[10.978s] -- Installing: /home/danie/connect4_ros/install/connect4_msgs/include/connect4_msgs/connect4_msgs/msg/detail/board_state__description.c
[10.978s] -- Installing: /home/danie/connect4_ros/install/connect4_msgs/include/connect4_msgs/connect4_msgs/msg/detail/board_state__functions.c
[10.978s] -- Installing: /home/danie/connect4_ros/install/connect4_msgs/include/connect4_msgs/connect4_msgs/msg/rosidl_generator_c__visibility_control.h
[10.978s] -- Installing: /home/danie/connect4_ros/install/connect4_msgs/include/connect4_msgs/connect4_msgs/msg/board_state.h
[10.979s] -- Installing: /home/danie/connect4_ros/install/connect4_msgs/include/connect4_msgs/connect4_msgs/msg/winner.h
[10.979s] -- Installing: /home/danie/connect4_ros/install/connect4_msgs/include/connect4_msgs/connect4_msgs/action
[10.979s] -- Installing: /home/danie/connect4_ros/install/connect4_msgs/include/connect4_msgs/connect4_msgs/action/detail
[10.979s] -- Installing: /home/danie/connect4_ros/install/connect4_msgs/include/connect4_msgs/connect4_msgs/action/detail/deliver_block__type_support.c
[10.979s] -- Installing: /home/danie/connect4_ros/install/connect4_msgs/include/connect4_msgs/connect4_msgs/action/detail/reset_board__description.c
[10.979s] -- Installing: /home/danie/connect4_ros/install/connect4_msgs/include/connect4_msgs/connect4_msgs/action/detail/deliver_block__struct.h
[10.979s] -- Installing: /home/danie/connect4_ros/install/connect4_msgs/include/connect4_msgs/connect4_msgs/action/detail/deliver_block__functions.h
[10.979s] -- Installing: /home/danie/connect4_ros/install/connect4_msgs/include/connect4_msgs/connect4_msgs/action/detail/deliver_block__description.c
[10.980s] -- Installing: /home/danie/connect4_ros/install/connect4_msgs/include/connect4_msgs/connect4_msgs/action/detail/reset_board__functions.c
[10.980s] -- Installing: /home/danie/connect4_ros/install/connect4_msgs/include/connect4_msgs/connect4_msgs/action/detail/deliver_block__functions.c
[10.980s] -- Installing: /home/danie/connect4_ros/install/connect4_msgs/include/connect4_msgs/connect4_msgs/action/detail/reset_board__struct.h
[10.980s] -- Installing: /home/danie/connect4_ros/install/connect4_msgs/include/connect4_msgs/connect4_msgs/action/detail/reset_board__type_support.h
[10.980s] -- Installing: /home/danie/connect4_ros/install/connect4_msgs/include/connect4_msgs/connect4_msgs/action/detail/deliver_block__type_support.h
[10.980s] -- Installing: /home/danie/connect4_ros/install/connect4_msgs/include/connect4_msgs/connect4_msgs/action/detail/reset_board__functions.h
[10.980s] -- Installing: /home/danie/connect4_ros/install/connect4_msgs/include/connect4_msgs/connect4_msgs/action/detail/reset_board__type_support.c
[10.981s] -- Installing: /home/danie/connect4_ros/install/connect4_msgs/include/connect4_msgs/connect4_msgs/action/reset_board.h
[10.981s] -- Installing: /home/danie/connect4_ros/install/connect4_msgs/include/connect4_msgs/connect4_msgs/action/deliver_block.h
[10.981s] -- Installing: /home/danie/connect4_ros/install/connect4_msgs/share/connect4_msgs/environment/library_path.sh
[10.981s] -- Installing: /home/danie/connect4_ros/install/connect4_msgs/share/connect4_msgs/environment/library_path.dsv
[10.981s] -- Installing: /home/danie/connect4_ros/install/connect4_msgs/lib/libconnect4_msgs__rosidl_generator_c.so
[10.981s] -- Set non-toolchain portion of runtime path of "/home/danie/connect4_ros/install/connect4_msgs/lib/libconnect4_msgs__rosidl_generator_c.so" to ""
[10.981s] -- Up-to-date: /home/danie/connect4_ros/install/connect4_msgs/include/connect4_msgs/connect4_msgs
[10.981s] -- Up-to-date: /home/danie/connect4_ros/install/connect4_msgs/include/connect4_msgs/connect4_msgs/msg
[10.982s] -- Up-to-date: /home/danie/connect4_ros/install/connect4_msgs/include/connect4_msgs/connect4_msgs/msg/detail
[10.982s] -- Installing: /home/danie/connect4_ros/install/connect4_msgs/include/connect4_msgs/connect4_msgs/msg/detail/winner__rosidl_typesupport_fastrtps_c.h
[10.982s] -- Installing: /home/danie/connect4_ros/install/connect4_msgs/include/connect4_msgs/connect4_msgs/msg/detail/board_state__rosidl_typesupport_fastrtps_c.h
[10.982s] -- Installing: /home/danie/connect4_ros/install/connect4_msgs/include/connect4_msgs/connect4_msgs/msg/rosidl_typesupport_fastrtps_c__visibility_control.h
[10.982s] -- Up-to-date: /home/danie/connect4_ros/install/connect4_msgs/include/connect4_msgs/connect4_msgs/action
[10.982s] -- Up-to-date: /home/danie/connect4_ros/install/connect4_msgs/include/connect4_msgs/connect4_msgs/action/detail
[10.982s] -- Installing: /home/danie/connect4_ros/install/connect4_msgs/include/connect4_msgs/connect4_msgs/action/detail/deliver_block__rosidl_typesupport_fastrtps_c.h
[10.982s] -- Installing: /home/danie/connect4_ros/install/connect4_msgs/include/connect4_msgs/connect4_msgs/action/detail/reset_board__rosidl_typesupport_fastrtps_c.h
[10.982s] -- Installing: /home/danie/connect4_ros/install/connect4_msgs/lib/libconnect4_msgs__rosidl_typesupport_fastrtps_c.so
[10.983s] -- Set non-toolchain portion of runtime path of "/home/danie/connect4_ros/install/connect4_msgs/lib/libconnect4_msgs__rosidl_typesupport_fastrtps_c.so" to ""
[10.983s] -- Up-to-date: /home/danie/connect4_ros/install/connect4_msgs/include/connect4_msgs/connect4_msgs
[10.983s] -- Up-to-date: /home/danie/connect4_ros/install/connect4_msgs/include/connect4_msgs/connect4_msgs/msg
[10.983s] -- Up-to-date: /home/danie/connect4_ros/install/connect4_msgs/include/connect4_msgs/connect4_msgs/msg/detail
[10.983s] -- Installing: /home/danie/connect4_ros/install/connect4_msgs/include/connect4_msgs/connect4_msgs/msg/detail/winner__rosidl_typesupport_introspection_c.h
[10.983s] -- Installing: /home/danie/connect4_ros/install/connect4_msgs/include/connect4_msgs/connect4_msgs/msg/detail/board_state__type_support.c
[10.983s] -- Installing: /home/danie/connect4_ros/install/connect4_msgs/include/connect4_msgs/connect4_msgs/msg/detail/board_state__rosidl_typesupport_introspection_c.h
[10.984s] -- Installing: /home/danie/connect4_ros/install/connect4_msgs/include/connect4_msgs/connect4_msgs/msg/detail/winner__type_support.c
[10.984s] -- Installing: /home/danie/connect4_ros/install/connect4_msgs/include/connect4_msgs/connect4_msgs/msg/rosidl_typesupport_introspection_c__visibility_control.h
[10.984s] -- Up-to-date: /home/danie/connect4_ros/install/connect4_msgs/include/connect4_msgs/connect4_msgs/action
[10.984s] -- Up-to-date: /home/danie/connect4_ros/install/connect4_msgs/include/connect4_msgs/connect4_msgs/action/detail
[10.984s] -- Installing: /home/danie/connect4_ros/install/connect4_msgs/include/connect4_msgs/connect4_msgs/action/detail/deliver_block__type_support.c
[10.984s] -- Installing: /home/danie/connect4_ros/install/connect4_msgs/include/connect4_msgs/connect4_msgs/action/detail/deliver_block__rosidl_typesupport_introspection_c.h
[10.984s] -- Installing: /home/danie/connect4_ros/install/connect4_msgs/include/connect4_msgs/connect4_msgs/action/detail/reset_board__rosidl_typesupport_introspection_c.h
[10.984s] -- Installing: /home/danie/connect4_ros/install/connect4_msgs/include/connect4_msgs/connect4_msgs/action/detail/reset_board__type_support.c
[10.984s] -- Installing: /home/danie/connect4_ros/install/connect4_msgs/lib/libconnect4_msgs__rosidl_typesupport_introspection_c.so
[10.985s] -- Set non-toolchain portion of runtime path of "/home/danie/connect4_ros/install/connect4_msgs/lib/libconnect4_msgs__rosidl_typesupport_introspection_c.so" to ""
[10.985s] -- Installing: /home/danie/connect4_ros/install/connect4_msgs/lib/libconnect4_msgs__rosidl_typesupport_c.so
[10.985s] -- Set non-toolchain portion of runtime path of "/home/danie/connect4_ros/install/connect4_msgs/lib/libconnect4_msgs__rosidl_typesupport_c.so" to ""
[10.985s] -- Up-to-date: /home/danie/connect4_ros/install/connect4_msgs/include/connect4_msgs/connect4_msgs
[10.985s] -- Up-to-date: /home/danie/connect4_ros/install/connect4_msgs/include/connect4_msgs/connect4_msgs/msg
[10.985s] -- Up-to-date: /home/danie/connect4_ros/install/connect4_msgs/include/connect4_msgs/connect4_msgs/msg/detail
[10.985s] -- Installing: /home/danie/connect4_ros/install/connect4_msgs/include/connect4_msgs/connect4_msgs/msg/detail/board_state__traits.hpp
[10.986s] -- Installing: /home/danie/connect4_ros/install/connect4_msgs/include/connect4_msgs/connect4_msgs/msg/detail/winner__builder.hpp
[10.986s] -- Installing: /home/danie/connect4_ros/install/connect4_msgs/include/connect4_msgs/connect4_msgs/msg/detail/board_state__builder.hpp
[10.986s] -- Installing: /home/danie/connect4_ros/install/connect4_msgs/include/connect4_msgs/connect4_msgs/msg/detail/winner__traits.hpp
[10.986s] -- Installing: /home/danie/connect4_ros/install/connect4_msgs/include/connect4_msgs/connect4_msgs/msg/detail/board_state__struct.hpp
[10.986s] -- Installing: /home/danie/connect4_ros/install/connect4_msgs/include/connect4_msgs/connect4_msgs/msg/detail/winner__struct.hpp
[10.986s] -- Installing: /home/danie/connect4_ros/install/connect4_msgs/include/connect4_msgs/connect4_msgs/msg/detail/winner__type_support.hpp
[10.986s] -- Installing: /home/danie/connect4_ros/install/connect4_msgs/include/connect4_msgs/connect4_msgs/msg/detail/board_state__type_support.hpp
[10.986s] -- Installing: /home/danie/connect4_ros/install/connect4_msgs/include/connect4_msgs/connect4_msgs/msg/rosidl_generator_cpp__visibility_control.hpp
[10.987s] -- Installing: /home/danie/connect4_ros/install/connect4_msgs/include/connect4_msgs/connect4_msgs/msg/winner.hpp
[10.987s] -- Installing: /home/danie/connect4_ros/install/connect4_msgs/include/connect4_msgs/connect4_msgs/msg/board_state.hpp
[10.987s] -- Up-to-date: /home/danie/connect4_ros/install/connect4_msgs/include/connect4_msgs/connect4_msgs/action
[10.987s] -- Installing: /home/danie/connect4_ros/install/connect4_msgs/include/connect4_msgs/connect4_msgs/action/deliver_block.hpp
[10.987s] -- Up-to-date: /home/danie/connect4_ros/install/connect4_msgs/include/connect4_msgs/connect4_msgs/action/detail
[10.987s] -- Installing: /home/danie/connect4_ros/install/connect4_msgs/include/connect4_msgs/connect4_msgs/action/detail/reset_board__struct.hpp
[10.987s] -- Installing: /home/danie/connect4_ros/install/connect4_msgs/include/connect4_msgs/connect4_msgs/action/detail/deliver_block__builder.hpp
[10.987s] -- Installing: /home/danie/connect4_ros/install/connect4_msgs/include/connect4_msgs/connect4_msgs/action/detail/reset_board__type_support.hpp
[10.988s] -- Installing: /home/danie/connect4_ros/install/connect4_msgs/include/connect4_msgs/connect4_msgs/action/detail/deliver_block__struct.hpp
[10.988s] -- Installing: /home/danie/connect4_ros/install/connect4_msgs/include/connect4_msgs/connect4_msgs/action/detail/reset_board__builder.hpp
[10.988s] -- Installing: /home/danie/connect4_ros/install/connect4_msgs/include/connect4_msgs/connect4_msgs/action/detail/reset_board__traits.hpp
[10.988s] -- Installing: /home/danie/connect4_ros/install/connect4_msgs/include/connect4_msgs/connect4_msgs/action/detail/deliver_block__type_support.hpp
[10.988s] -- Installing: /home/danie/connect4_ros/install/connect4_msgs/include/connect4_msgs/connect4_msgs/action/detail/deliver_block__traits.hpp
[10.988s] -- Installing: /home/danie/connect4_ros/install/connect4_msgs/include/connect4_msgs/connect4_msgs/action/reset_board.hpp
[10.988s] -- Up-to-date: /home/danie/connect4_ros/install/connect4_msgs/include/connect4_msgs/connect4_msgs
[10.988s] -- Up-to-date: /home/danie/connect4_ros/install/connect4_msgs/include/connect4_msgs/connect4_msgs/msg
[10.988s] -- Up-to-date: /home/danie/connect4_ros/install/connect4_msgs/include/connect4_msgs/connect4_msgs/msg/detail
[10.989s] -- Installing: /home/danie/connect4_ros/install/connect4_msgs/include/connect4_msgs/connect4_msgs/msg/detail/board_state__rosidl_typesupport_fastrtps_cpp.hpp
[10.989s] -- Installing: /home/danie/connect4_ros/install/connect4_msgs/include/connect4_msgs/connect4_msgs/msg/detail/dds_fastrtps
[10.989s] -- Installing: /home/danie/connect4_ros/install/connect4_msgs/include/connect4_msgs/connect4_msgs/msg/detail/winner__rosidl_typesupport_fastrtps_cpp.hpp
[10.989s] -- Installing: /home/danie/connect4_ros/install/connect4_msgs/include/connect4_msgs/connect4_msgs/msg/rosidl_typesupport_fastrtps_cpp__visibility_control.h
[10.989s] -- Up-to-date: /home/danie/connect4_ros/install/connect4_msgs/include/connect4_msgs/connect4_msgs/action
[10.989s] -- Up-to-date: /home/danie/connect4_ros/install/connect4_msgs/include/connect4_msgs/connect4_msgs/action/detail
[10.989s] -- Installing: /home/danie/connect4_ros/install/connect4_msgs/include/connect4_msgs/connect4_msgs/action/detail/dds_fastrtps
[10.989s] -- Installing: /home/danie/connect4_ros/install/connect4_msgs/include/connect4_msgs/connect4_msgs/action/detail/reset_board__rosidl_typesupport_fastrtps_cpp.hpp
[10.990s] -- Installing: /home/danie/connect4_ros/install/connect4_msgs/include/connect4_msgs/connect4_msgs/action/detail/deliver_block__rosidl_typesupport_fastrtps_cpp.hpp
[10.990s] -- Installing: /home/danie/connect4_ros/install/connect4_msgs/lib/libconnect4_msgs__rosidl_typesupport_fastrtps_cpp.so
[10.990s] -- Set non-toolchain portion of runtime path of "/home/danie/connect4_ros/install/connect4_msgs/lib/libconnect4_msgs__rosidl_typesupport_fastrtps_cpp.so" to ""
[10.990s] -- Up-to-date: /home/danie/connect4_ros/install/connect4_msgs/include/connect4_msgs/connect4_msgs
[10.990s] -- Up-to-date: /home/danie/connect4_ros/install/connect4_msgs/include/connect4_msgs/connect4_msgs/msg
[10.990s] -- Up-to-date: /home/danie/connect4_ros/install/connect4_msgs/include/connect4_msgs/connect4_msgs/msg/detail
[10.990s] -- Installing: /home/danie/connect4_ros/install/connect4_msgs/include/connect4_msgs/connect4_msgs/msg/detail/board_state__rosidl_typesupport_introspection_cpp.hpp
[10.990s] -- Installing: /home/danie/connect4_ros/install/connect4_msgs/include/connect4_msgs/connect4_msgs/msg/detail/winner__type_support.cpp
[10.990s] -- Installing: /home/danie/connect4_ros/install/connect4_msgs/include/connect4_msgs/connect4_msgs/msg/detail/winner__rosidl_typesupport_introspection_cpp.hpp
[10.990s] -- Installing: /home/danie/connect4_ros/install/connect4_msgs/include/connect4_msgs/connect4_msgs/msg/detail/board_state__type_support.cpp
[10.990s] -- Up-to-date: /home/danie/connect4_ros/install/connect4_msgs/include/connect4_msgs/connect4_msgs/action
[10.991s] -- Up-to-date: /home/danie/connect4_ros/install/connect4_msgs/include/connect4_msgs/connect4_msgs/action/detail
[10.991s] -- Installing: /home/danie/connect4_ros/install/connect4_msgs/include/connect4_msgs/connect4_msgs/action/detail/reset_board__type_support.cpp
[10.991s] -- Installing: /home/danie/connect4_ros/install/connect4_msgs/include/connect4_msgs/connect4_msgs/action/detail/deliver_block__type_support.cpp
[10.991s] -- Installing: /home/danie/connect4_ros/install/connect4_msgs/include/connect4_msgs/connect4_msgs/action/detail/deliver_block__rosidl_typesupport_introspection_cpp.hpp
[10.991s] -- Installing: /home/danie/connect4_ros/install/connect4_msgs/include/connect4_msgs/connect4_msgs/action/detail/reset_board__rosidl_typesupport_introspection_cpp.hpp
[10.991s] -- Installing: /home/danie/connect4_ros/install/connect4_msgs/lib/libconnect4_msgs__rosidl_typesupport_introspection_cpp.so
[10.991s] -- Set non-toolchain portion of runtime path of "/home/danie/connect4_ros/install/connect4_msgs/lib/libconnect4_msgs__rosidl_typesupport_introspection_cpp.so" to ""
[10.991s] -- Installing: /home/danie/connect4_ros/install/connect4_msgs/lib/libconnect4_msgs__rosidl_typesupport_cpp.so
[10.991s] -- Set non-toolchain portion of runtime path of "/home/danie/connect4_ros/install/connect4_msgs/lib/libconnect4_msgs__rosidl_typesupport_cpp.so" to ""
[10.991s] -- Installing: /home/danie/connect4_ros/install/connect4_msgs/share/connect4_msgs/environment/pythonpath.sh
[10.991s] -- Installing: /home/danie/connect4_ros/install/connect4_msgs/share/connect4_msgs/environment/pythonpath.dsv
[10.991s] -- Installing: /home/danie/connect4_ros/install/connect4_msgs/lib/python3.12/site-packages/connect4_msgs-0.0.0-py3.12.egg-info
[10.992s] -- Installing: /home/danie/connect4_ros/install/connect4_msgs/lib/python3.12/site-packages/connect4_msgs-0.0.0-py3.12.egg-info/PKG-INFO
[10.992s] -- Installing: /home/danie/connect4_ros/install/connect4_msgs/lib/python3.12/site-packages/connect4_msgs-0.0.0-py3.12.egg-info/SOURCES.txt
[10.992s] -- Installing: /home/danie/connect4_ros/install/connect4_msgs/lib/python3.12/site-packages/connect4_msgs-0.0.0-py3.12.egg-info/dependency_links.txt
[10.992s] -- Installing: /home/danie/connect4_ros/install/connect4_msgs/lib/python3.12/site-packages/connect4_msgs-0.0.0-py3.12.egg-info/top_level.txt
[10.992s] -- Installing: /home/danie/connect4_ros/install/connect4_msgs/lib/python3.12/site-packages/connect4_msgs
[10.992s] -- Installing: /home/danie/connect4_ros/install/connect4_msgs/lib/python3.12/site-packages/connect4_msgs/connect4_msgs_s__rosidl_typesupport_introspection_c.so
[10.992s] -- Installing: /home/danie/connect4_ros/install/connect4_msgs/lib/python3.12/site-packages/connect4_msgs/_connect4_msgs_s.ep.rosidl_typesupport_c.c
[10.992s] -- Installing: /home/danie/connect4_ros/install/connect4_msgs/lib/python3.12/site-packages/connect4_msgs/msg
[10.992s] -- Installing: /home/danie/connect4_ros/install/connect4_msgs/lib/python3.12/site-packages/connect4_msgs/msg/_board_state_s.c
[10.992s] -- Installing: /home/danie/connect4_ros/install/connect4_msgs/lib/python3.12/site-packages/connect4_msgs/msg/_board_state.py
[10.993s] -- Installing: /home/danie/connect4_ros/install/connect4_msgs/lib/python3.12/site-packages/connect4_msgs/msg/_winner.py
[10.993s] -- Installing: /home/danie/connect4_ros/install/connect4_msgs/lib/python3.12/site-packages/connect4_msgs/msg/__init__.py
[10.993s] -- Installing: /home/danie/connect4_ros/install/connect4_msgs/lib/python3.12/site-packages/connect4_msgs/msg/_winner_s.c
[10.993s] -- Installing: /home/danie/connect4_ros/install/connect4_msgs/lib/python3.12/site-packages/connect4_msgs/action
[10.993s] -- Installing: /home/danie/connect4_ros/install/connect4_msgs/lib/python3.12/site-packages/connect4_msgs/action/_reset_board.py
[10.993s] -- Installing: /home/danie/connect4_ros/install/connect4_msgs/lib/python3.12/site-packages/connect4_msgs/action/_deliver_block.py
[10.993s] -- Installing: /home/danie/connect4_ros/install/connect4_msgs/lib/python3.12/site-packages/connect4_msgs/action/_deliver_block_s.c
[10.993s] -- Installing: /home/danie/connect4_ros/install/connect4_msgs/lib/python3.12/site-packages/connect4_msgs/action/_reset_board_s.c
[10.994s] -- Installing: /home/danie/connect4_ros/install/connect4_msgs/lib/python3.12/site-packages/connect4_msgs/action/__init__.py
[10.994s] -- Installing: /home/danie/connect4_ros/install/connect4_msgs/lib/python3.12/site-packages/connect4_msgs/_connect4_msgs_s.ep.rosidl_typesupport_fastrtps_c.c
[10.994s] -- Installing: /home/danie/connect4_ros/install/connect4_msgs/lib/python3.12/site-packages/connect4_msgs/_connect4_msgs_s.ep.rosidl_typesupport_introspection_c.c
[10.994s] -- Installing: /home/danie/connect4_ros/install/connect4_msgs/lib/python3.12/site-packages/connect4_msgs/connect4_msgs_s__rosidl_typesupport_fastrtps_c.so
[10.994s] -- Installing: /home/danie/connect4_ros/install/connect4_msgs/lib/python3.12/site-packages/connect4_msgs/__init__.py
[10.994s] -- Installing: /home/danie/connect4_ros/install/connect4_msgs/lib/python3.12/site-packages/connect4_msgs/connect4_msgs_s__rosidl_typesupport_c.so
[11.044s] Listing '/home/danie/connect4_ros/install/connect4_msgs/lib/python3.12/site-packages/connect4_msgs'...
[11.044s] Compiling '/home/danie/connect4_ros/install/connect4_msgs/lib/python3.12/site-packages/connect4_msgs/__init__.py'...
[11.044s] Listing '/home/danie/connect4_ros/install/connect4_msgs/lib/python3.12/site-packages/connect4_msgs/action'...
[11.044s] Compiling '/home/danie/connect4_ros/install/connect4_msgs/lib/python3.12/site-packages/connect4_msgs/action/__init__.py'...
[11.044s] Compiling '/home/danie/connect4_ros/install/connect4_msgs/lib/python3.12/site-packages/connect4_msgs/action/_deliver_block.py'...
[11.044s] Compiling '/home/danie/connect4_ros/install/connect4_msgs/lib/python3.12/site-packages/connect4_msgs/action/_reset_board.py'...
[11.044s] Listing '/home/danie/connect4_ros/install/connect4_msgs/lib/python3.12/site-packages/connect4_msgs/msg'...
[11.044s] Compiling '/home/danie/connect4_ros/install/connect4_msgs/lib/python3.12/site-packages/connect4_msgs/msg/__init__.py'...
[11.044s] Compiling '/home/danie/connect4_ros/install/connect4_msgs/lib/python3.12/site-packages/connect4_msgs/msg/_board_state.py'...
[11.044s] Compiling '/home/danie/connect4_ros/install/connect4_msgs/lib/python3.12/site-packages/connect4_msgs/msg/_winner.py'...
[11.049s] -- Installing: /home/danie/connect4_ros/install/connect4_msgs/lib/python3.12/site-packages/connect4_msgs/connect4_msgs_s__rosidl_typesupport_fastrtps_c.so
[11.049s] -- Set non-toolchain portion of runtime path of "/home/danie/connect4_ros/install/connect4_msgs/lib/python3.12/site-packages/connect4_msgs/connect4_msgs_s__rosidl_typesupport_fastrtps_c.so" to ""
[11.049s] -- Installing: /home/danie/connect4_ros/install/connect4_msgs/lib/python3.12/site-packages/connect4_msgs/connect4_msgs_s__rosidl_typesupport_introspection_c.so
[11.049s] -- Set non-toolchain portion of runtime path of "/home/danie/connect4_ros/install/connect4_msgs/lib/python3.12/site-packages/connect4_msgs/connect4_msgs_s__rosidl_typesupport_introspection_c.so" to ""
[11.050s] -- Installing: /home/danie/connect4_ros/install/connect4_msgs/lib/python3.12/site-packages/connect4_msgs/connect4_msgs_s__rosidl_typesupport_c.so
[11.050s] -- Set non-toolchain portion of runtime path of "/home/danie/connect4_ros/install/connect4_msgs/lib/python3.12/site-packages/connect4_msgs/connect4_msgs_s__rosidl_typesupport_c.so" to ""
[11.050s] -- Installing: /home/danie/connect4_ros/install/connect4_msgs/lib/libconnect4_msgs__rosidl_generator_py.so
[11.050s] -- Set non-toolchain portion of runtime path of "/home/danie/connect4_ros/install/connect4_msgs/lib/libconnect4_msgs__rosidl_generator_py.so" to ""
[11.050s] -- Installing: /home/danie/connect4_ros/install/connect4_msgs/share/connect4_msgs/msg/BoardState.idl
[11.050s] -- Installing: /home/danie/connect4_ros/install/connect4_msgs/share/connect4_msgs/msg/Winner.idl
[11.051s] -- Installing: /home/danie/connect4_ros/install/connect4_msgs/share/connect4_msgs/action/DeliverBlock.idl
[11.051s] -- Installing: /home/danie/connect4_ros/install/connect4_msgs/share/connect4_msgs/action/ResetBoard.idl
[11.051s] -- Installing: /home/danie/connect4_ros/install/connect4_msgs/share/connect4_msgs/msg/BoardState.msg
[11.051s] -- Installing: /home/danie/connect4_ros/install/connect4_msgs/share/connect4_msgs/msg/Winner.msg
[11.051s] -- Installing: /home/danie/connect4_ros/install/connect4_msgs/share/connect4_msgs/action/DeliverBlock.action
[11.051s] -- Installing: /home/danie/connect4_ros/install/connect4_msgs/share/connect4_msgs/action/ResetBoard.action
[11.052s] -- Installing: /home/danie/connect4_ros/install/connect4_msgs/share/ament_index/resource_index/package_run_dependencies/connect4_msgs
[11.052s] -- Installing: /home/danie/connect4_ros/install/connect4_msgs/share/ament_index/resource_index/parent_prefix_path/connect4_msgs
[11.052s] -- Installing: /home/danie/connect4_ros/install/connect4_msgs/share/connect4_msgs/environment/ament_prefix_path.sh
[11.052s] -- Installing: /home/danie/connect4_ros/install/connect4_msgs/share/connect4_msgs/environment/ament_prefix_path.dsv
[11.053s] -- Installing: /home/danie/connect4_ros/install/connect4_msgs/share/connect4_msgs/environment/path.sh
[11.053s] -- Installing: /home/danie/connect4_ros/install/connect4_msgs/share/connect4_msgs/environment/path.dsv
[11.053s] -- Installing: /home/danie/connect4_ros/install/connect4_msgs/share/connect4_msgs/local_setup.bash
[11.053s] -- Installing: /home/danie/connect4_ros/install/connect4_msgs/share/connect4_msgs/local_setup.sh
[11.053s] -- Installing: /home/danie/connect4_ros/install/connect4_msgs/share/connect4_msgs/local_setup.zsh
[11.053s] -- Installing: /home/danie/connect4_ros/install/connect4_msgs/share/connect4_msgs/local_setup.dsv
[11.053s] -- Installing: /home/danie/connect4_ros/install/connect4_msgs/share/connect4_msgs/package.dsv
[11.053s] -- Installing: /home/danie/connect4_ros/install/connect4_msgs/share/ament_index/resource_index/packages/connect4_msgs
[11.054s] -- Installing: /home/danie/connect4_ros/install/connect4_msgs/share/connect4_msgs/cmake/export_connect4_msgs__rosidl_generator_cExport.cmake
[11.054s] -- Installing: /home/danie/connect4_ros/install/connect4_msgs/share/connect4_msgs/cmake/export_connect4_msgs__rosidl_generator_cExport-noconfig.cmake
[11.054s] -- Installing: /home/danie/connect4_ros/install/connect4_msgs/share/connect4_msgs/cmake/export_connect4_msgs__rosidl_typesupport_fastrtps_cExport.cmake
[11.054s] -- Installing: /home/danie/connect4_ros/install/connect4_msgs/share/connect4_msgs/cmake/export_connect4_msgs__rosidl_typesupport_fastrtps_cExport-noconfig.cmake
[11.054s] -- Installing: /home/danie/connect4_ros/install/connect4_msgs/share/connect4_msgs/cmake/connect4_msgs__rosidl_typesupport_introspection_cExport.cmake
[11.054s] -- Installing: /home/danie/connect4_ros/install/connect4_msgs/share/connect4_msgs/cmake/connect4_msgs__rosidl_typesupport_introspection_cExport-noconfig.cmake
[11.055s] -- Installing: /home/danie/connect4_ros/install/connect4_msgs/share/connect4_msgs/cmake/connect4_msgs__rosidl_typesupport_cExport.cmake
[11.055s] -- Installing: /home/danie/connect4_ros/install/connect4_msgs/share/connect4_msgs/cmake/connect4_msgs__rosidl_typesupport_cExport-noconfig.cmake
[11.055s] -- Installing: /home/danie/connect4_ros/install/connect4_msgs/share/connect4_msgs/cmake/export_connect4_msgs__rosidl_generator_cppExport.cmake
[11.055s] -- Installing: /home/danie/connect4_ros/install/connect4_msgs/share/connect4_msgs/cmake/export_connect4_msgs__rosidl_typesupport_fastrtps_cppExport.cmake
[11.055s] -- Installing: /home/danie/connect4_ros/install/connect4_msgs/share/connect4_msgs/cmake/export_connect4_msgs__rosidl_typesupport_fastrtps_cppExport-noconfig.cmake
[11.055s] -- Installing: /home/danie/connect4_ros/install/connect4_msgs/share/connect4_msgs/cmake/connect4_msgs__rosidl_typesupport_introspection_cppExport.cmake
[11.055s] -- Installing: /home/danie/connect4_ros/install/connect4_msgs/share/connect4_msgs/cmake/connect4_msgs__rosidl_typesupport_introspection_cppExport-noconfig.cmake
[11.055s] -- Installing: /home/danie/connect4_ros/install/connect4_msgs/share/connect4_msgs/cmake/connect4_msgs__rosidl_typesupport_cppExport.cmake
[11.056s] -- Installing: /home/danie/connect4_ros/install/connect4_msgs/share/connect4_msgs/cmake/connect4_msgs__rosidl_typesupport_cppExport-noconfig.cmake
[11.056s] -- Installing: /home/danie/connect4_ros/install/connect4_msgs/share/connect4_msgs/cmake/export_connect4_msgs__rosidl_generator_pyExport.cmake
[11.056s] -- Installing: /home/danie/connect4_ros/install/connect4_msgs/share/connect4_msgs/cmake/export_connect4_msgs__rosidl_generator_pyExport-noconfig.cmake
[11.056s] -- Installing: /home/danie/connect4_ros/install/connect4_msgs/share/connect4_msgs/cmake/rosidl_cmake-extras.cmake
[11.056s] -- Installing: /home/danie/connect4_ros/install/connect4_msgs/share/connect4_msgs/cmake/ament_cmake_export_dependencies-extras.cmake
[11.056s] -- Installing: /home/danie/connect4_ros/install/connect4_msgs/share/connect4_msgs/cmake/ament_cmake_export_include_directories-extras.cmake
[11.056s] -- Installing: /home/danie/connect4_ros/install/connect4_msgs/share/connect4_msgs/cmake/ament_cmake_export_libraries-extras.cmake
[11.056s] -- Installing: /home/danie/connect4_ros/install/connect4_msgs/share/connect4_msgs/cmake/ament_cmake_export_targets-extras.cmake
[11.057s] -- Installing: /home/danie/connect4_ros/install/connect4_msgs/share/connect4_msgs/cmake/rosidl_cmake_export_typesupport_targets-extras.cmake
[11.057s] -- Installing: /home/danie/connect4_ros/install/connect4_msgs/share/connect4_msgs/cmake/rosidl_cmake_export_typesupport_libraries-extras.cmake
[11.057s] -- Installing: /home/danie/connect4_ros/install/connect4_msgs/share/connect4_msgs/cmake/connect4_msgsConfig.cmake
[11.057s] -- Installing: /home/danie/connect4_ros/install/connect4_msgs/share/connect4_msgs/cmake/connect4_msgsConfig-version.cmake
[11.057s] -- Installing: /home/danie/connect4_ros/install/connect4_msgs/share/connect4_msgs/package.xml
[11.059s] Invoked command in '/home/danie/connect4_ros/build/connect4_msgs' returned '0': CMAKE_PREFIX_PATH=${CMAKE_PREFIX_PATH}:/home/danie/ros2_ws/install/py_pubsub:/opt/ros/kilted /usr/bin/cmake --install /home/danie/connect4_ros/build/connect4_msgs
