running egg_info
creating ../../build/connect4_turtlebotnav/connect4_turtlebotnav.egg-info
writing ../../build/connect4_turtlebotnav/connect4_turtlebotnav.egg-info/PKG-INFO
writing dependency_links to ../../build/connect4_turtlebotnav/connect4_turtlebotnav.egg-info/dependency_links.txt
writing entry points to ../../build/connect4_turtlebotnav/connect4_turtlebotnav.egg-info/entry_points.txt
writing requirements to ../../build/connect4_turtlebotnav/connect4_turtlebotnav.egg-info/requires.txt
writing top-level names to ../../build/connect4_turtlebotnav/connect4_turtlebotnav.egg-info/top_level.txt
writing manifest file '../../build/connect4_turtlebotnav/connect4_turtlebotnav.egg-info/SOURCES.txt'
reading manifest file '../../build/connect4_turtlebotnav/connect4_turtlebotnav.egg-info/SOURCES.txt'
writing manifest file '../../build/connect4_turtlebotnav/connect4_turtlebotnav.egg-info/SOURCES.txt'
running build
running build_py
creating /home/danie/connect4_ros/build/connect4_turtlebotnav/build
creating /home/danie/connect4_ros/build/connect4_turtlebotnav/build/lib
creating /home/danie/connect4_ros/build/connect4_turtlebotnav/build/lib/connect4_turtlebotnav
copying connect4_turtlebotnav/block_delivery_node.py -> /home/danie/connect4_ros/build/connect4_turtlebotnav/build/lib/connect4_turtlebotnav
copying connect4_turtlebotnav/__init__.py -> /home/danie/connect4_ros/build/connect4_turtlebotnav/build/lib/connect4_turtlebotnav
copying connect4_turtlebotnav/py.typed -> /home/danie/connect4_ros/build/connect4_turtlebotnav/build/lib/connect4_turtlebotnav
running install
running install_lib
creating /home/danie/connect4_ros/install/connect4_turtlebotnav/lib/python3.12/site-packages/connect4_turtlebotnav
copying /home/danie/connect4_ros/build/connect4_turtlebotnav/build/lib/connect4_turtlebotnav/block_delivery_node.py -> /home/danie/connect4_ros/install/connect4_turtlebotnav/lib/python3.12/site-packages/connect4_turtlebotnav
copying /home/danie/connect4_ros/build/connect4_turtlebotnav/build/lib/connect4_turtlebotnav/py.typed -> /home/danie/connect4_ros/install/connect4_turtlebotnav/lib/python3.12/site-packages/connect4_turtlebotnav
copying /home/danie/connect4_ros/build/connect4_turtlebotnav/build/lib/connect4_turtlebotnav/__init__.py -> /home/danie/connect4_ros/install/connect4_turtlebotnav/lib/python3.12/site-packages/connect4_turtlebotnav
byte-compiling /home/danie/connect4_ros/install/connect4_turtlebotnav/lib/python3.12/site-packages/connect4_turtlebotnav/block_delivery_node.py to block_delivery_node.cpython-312.pyc
byte-compiling /home/danie/connect4_ros/install/connect4_turtlebotnav/lib/python3.12/site-packages/connect4_turtlebotnav/__init__.py to __init__.cpython-312.pyc
running install_data
creating /home/danie/connect4_ros/install/connect4_turtlebotnav/share/ament_index
creating /home/danie/connect4_ros/install/connect4_turtlebotnav/share/ament_index/resource_index
creating /home/danie/connect4_ros/install/connect4_turtlebotnav/share/ament_index/resource_index/packages
copying resource/connect4_turtlebotnav -> /home/danie/connect4_ros/install/connect4_turtlebotnav/share/ament_index/resource_index/packages
copying package.xml -> /home/danie/connect4_ros/install/connect4_turtlebotnav/share/connect4_turtlebotnav
running install_egg_info
Copying ../../build/connect4_turtlebotnav/connect4_turtlebotnav.egg-info to /home/danie/connect4_ros/install/connect4_turtlebotnav/lib/python3.12/site-packages/connect4_turtlebotnav-0.0.0-py3.12.egg-info
running install_scripts
Installing block_delivery_node script to /home/danie/connect4_ros/install/connect4_turtlebotnav/lib/connect4_turtlebotnav
writing list of installed files to '/home/danie/connect4_ros/build/connect4_turtlebotnav/install.log'
