[2.287s] Invoking command in '/home/danie/connect4_ros/src/connect4_turtlebotnav': PYTHONPATH=/home/danie/connect4_ros/build/connect4_turtlebotnav/prefix_override:/usr/lib/python3/dist-packages/colcon_core/task/python/colcon_distutils_commands:/home/danie/connect4_ros/install/connect4_turtlebotnav/lib/python3.12/site-packages:${PYTHONPATH} /usr/bin/python3 -W ignore:setup.py install is deprecated -W ignore:easy_install command is deprecated setup.py egg_info --egg-base ../../build/connect4_turtlebotnav build --build-base /home/danie/connect4_ros/build/connect4_turtlebotnav/build install --record /home/danie/connect4_ros/build/connect4_turtlebotnav/install.log --single-version-externally-managed install_data
[2.624s] running egg_info
[2.625s] creating ../../build/connect4_turtlebotnav/connect4_turtlebotnav.egg-info
[2.660s] writing ../../build/connect4_turtlebotnav/connect4_turtlebotnav.egg-info/PKG-INFO
[2.660s] writing dependency_links to ../../build/connect4_turtlebotnav/connect4_turtlebotnav.egg-info/dependency_links.txt
[2.661s] writing entry points to ../../build/connect4_turtlebotnav/connect4_turtlebotnav.egg-info/entry_points.txt
[2.661s] writing requirements to ../../build/connect4_turtlebotnav/connect4_turtlebotnav.egg-info/requires.txt
[2.661s] writing top-level names to ../../build/connect4_turtlebotnav/connect4_turtlebotnav.egg-info/top_level.txt
[2.661s] writing manifest file '../../build/connect4_turtlebotnav/connect4_turtlebotnav.egg-info/SOURCES.txt'
[2.710s] reading manifest file '../../build/connect4_turtlebotnav/connect4_turtlebotnav.egg-info/SOURCES.txt'
[2.711s] writing manifest file '../../build/connect4_turtlebotnav/connect4_turtlebotnav.egg-info/SOURCES.txt'
[2.711s] running build
[2.711s] running build_py
[2.711s] creating /home/danie/connect4_ros/build/connect4_turtlebotnav/build
[2.712s] creating /home/danie/connect4_ros/build/connect4_turtlebotnav/build/lib
[2.712s] creating /home/danie/connect4_ros/build/connect4_turtlebotnav/build/lib/connect4_turtlebotnav
[2.713s] copying connect4_turtlebotnav/block_delivery_node.py -> /home/danie/connect4_ros/build/connect4_turtlebotnav/build/lib/connect4_turtlebotnav
[2.713s] copying connect4_turtlebotnav/__init__.py -> /home/danie/connect4_ros/build/connect4_turtlebotnav/build/lib/connect4_turtlebotnav
[2.713s] copying connect4_turtlebotnav/py.typed -> /home/danie/connect4_ros/build/connect4_turtlebotnav/build/lib/connect4_turtlebotnav
[2.713s] running install
[2.720s] running install_lib
[2.744s] creating /home/danie/connect4_ros/install/connect4_turtlebotnav/lib/python3.12/site-packages/connect4_turtlebotnav
[2.744s] copying /home/danie/connect4_ros/build/connect4_turtlebotnav/build/lib/connect4_turtlebotnav/block_delivery_node.py -> /home/danie/connect4_ros/install/connect4_turtlebotnav/lib/python3.12/site-packages/connect4_turtlebotnav
[2.745s] copying /home/danie/connect4_ros/build/connect4_turtlebotnav/build/lib/connect4_turtlebotnav/py.typed -> /home/danie/connect4_ros/install/connect4_turtlebotnav/lib/python3.12/site-packages/connect4_turtlebotnav
[2.745s] copying /home/danie/connect4_ros/build/connect4_turtlebotnav/build/lib/connect4_turtlebotnav/__init__.py -> /home/danie/connect4_ros/install/connect4_turtlebotnav/lib/python3.12/site-packages/connect4_turtlebotnav
[2.745s] byte-compiling /home/danie/connect4_ros/install/connect4_turtlebotnav/lib/python3.12/site-packages/connect4_turtlebotnav/block_delivery_node.py to block_delivery_node.cpython-312.pyc
[2.746s] byte-compiling /home/danie/connect4_ros/install/connect4_turtlebotnav/lib/python3.12/site-packages/connect4_turtlebotnav/__init__.py to __init__.cpython-312.pyc
[2.746s] running install_data
[2.746s] creating /home/danie/connect4_ros/install/connect4_turtlebotnav/share/ament_index
[2.747s] creating /home/danie/connect4_ros/install/connect4_turtlebotnav/share/ament_index/resource_index
[2.747s] creating /home/danie/connect4_ros/install/connect4_turtlebotnav/share/ament_index/resource_index/packages
[2.747s] copying resource/connect4_turtlebotnav -> /home/danie/connect4_ros/install/connect4_turtlebotnav/share/ament_index/resource_index/packages
[2.747s] copying package.xml -> /home/danie/connect4_ros/install/connect4_turtlebotnav/share/connect4_turtlebotnav
[2.748s] running install_egg_info
[2.770s] Copying ../../build/connect4_turtlebotnav/connect4_turtlebotnav.egg-info to /home/danie/connect4_ros/install/connect4_turtlebotnav/lib/python3.12/site-packages/connect4_turtlebotnav-0.0.0-py3.12.egg-info
[2.771s] running install_scripts
[2.946s] Installing block_delivery_node script to /home/danie/connect4_ros/install/connect4_turtlebotnav/lib/connect4_turtlebotnav
[2.947s] writing list of installed files to '/home/danie/connect4_ros/build/connect4_turtlebotnav/install.log'
[2.994s] Invoked command in '/home/danie/connect4_ros/src/connect4_turtlebotnav' returned '0': PYTHONPATH=/home/danie/connect4_ros/build/connect4_turtlebotnav/prefix_override:/usr/lib/python3/dist-packages/colcon_core/task/python/colcon_distutils_commands:/home/danie/connect4_ros/install/connect4_turtlebotnav/lib/python3.12/site-packages:${PYTHONPATH} /usr/bin/python3 -W ignore:setup.py install is deprecated -W ignore:easy_install command is deprecated setup.py egg_info --egg-base ../../build/connect4_turtlebotnav build --build-base /home/danie/connect4_ros/build/connect4_turtlebotnav/build install --record /home/danie/connect4_ros/build/connect4_turtlebotnav/install.log --single-version-externally-managed install_data
