[0.024s] Invoking command in '/home/danie/connect4_ros/build/connect4_msgs': CMAKE_PREFIX_PATH=${CMAKE_PREFIX_PATH}:/home/danie/ros2_ws/install/py_pubsub:/opt/ros/kilted /usr/bin/cmake --build /home/danie/connect4_ros/build/connect4_msgs -- -j8 -l8
[0.237s] [  1%] Built target connect4_msgs__rosidl_generator_type_description
[0.264s] [  1%] Built target ament_cmake_python_copy_connect4_msgs
[0.319s] [  3%] Built target connect4_msgs__cpp
[0.347s] [  7%] [32mBuilding C object CMakeFiles/connect4_msgs__rosidl_generator_c.dir/rosidl_generator_c/connect4_msgs/msg/detail/board_state__type_support.c.o[0m
[0.347s] [  7%] [32mBuilding C object CMakeFiles/connect4_msgs__rosidl_generator_c.dir/rosidl_generator_c/connect4_msgs/msg/detail/board_state__description.c.o[0m
[0.347s] [  7%] [32mBuilding C object CMakeFiles/connect4_msgs__rosidl_generator_c.dir/rosidl_generator_c/connect4_msgs/msg/detail/board_state__functions.c.o[0m
[0.348s] [ 10%] [32mBuilding C object CMakeFiles/connect4_msgs__rosidl_generator_c.dir/rosidl_generator_c/connect4_msgs/msg/detail/winner__functions.c.o[0m
[0.348s] [ 10%] [32mBuilding C object CMakeFiles/connect4_msgs__rosidl_generator_c.dir/rosidl_generator_c/connect4_msgs/msg/detail/winner__description.c.o[0m
[0.348s] [ 12%] [32mBuilding C object CMakeFiles/connect4_msgs__rosidl_generator_c.dir/rosidl_generator_c/connect4_msgs/msg/detail/winner__type_support.c.o[0m
[0.348s] [ 14%] [32mBuilding C object CMakeFiles/connect4_msgs__rosidl_generator_c.dir/rosidl_generator_c/connect4_msgs/action/detail/deliver_block__description.c.o[0m
[0.460s] [ 15%] [32mBuilding C object CMakeFiles/connect4_msgs__rosidl_generator_c.dir/rosidl_generator_c/connect4_msgs/action/detail/deliver_block__functions.c.o[0m
[0.461s] [ 17%] [32mBuilding C object CMakeFiles/connect4_msgs__rosidl_generator_c.dir/rosidl_generator_c/connect4_msgs/action/detail/deliver_block__type_support.c.o[0m
[0.479s] [ 18%] [32mBuilding C object CMakeFiles/connect4_msgs__rosidl_generator_c.dir/rosidl_generator_c/connect4_msgs/action/detail/reset_board__functions.c.o[0m
[0.480s] [ 20%] [32mBuilding C object CMakeFiles/connect4_msgs__rosidl_generator_c.dir/rosidl_generator_c/connect4_msgs/action/detail/reset_board__description.c.o[0m
[0.501s] [ 21%] [32mBuilding C object CMakeFiles/connect4_msgs__rosidl_generator_c.dir/rosidl_generator_c/connect4_msgs/action/detail/reset_board__type_support.c.o[0m
[0.561s] running egg_info
[0.584s] writing connect4_msgs.egg-info/PKG-INFO
[0.584s] writing dependency_links to connect4_msgs.egg-info/dependency_links.txt
[0.584s] writing top-level names to connect4_msgs.egg-info/top_level.txt
[0.631s] [ 23%] [32m[1mLinking C shared library libconnect4_msgs__rosidl_generator_c.so[0m
[0.659s] reading manifest file 'connect4_msgs.egg-info/SOURCES.txt'
[0.660s] writing manifest file 'connect4_msgs.egg-info/SOURCES.txt'
[0.684s] [ 23%] Built target ament_cmake_python_build_connect4_msgs_egg
[0.789s] [ 25%] Built target connect4_msgs__rosidl_generator_c
[0.824s] [ 26%] [32mBuilding C object CMakeFiles/connect4_msgs__rosidl_typesupport_introspection_c.dir/rosidl_typesupport_introspection_c/connect4_msgs/msg/detail/winner__type_support.c.o[0m
[0.824s] [ 29%] [32mBuilding C object CMakeFiles/connect4_msgs__rosidl_typesupport_introspection_c.dir/rosidl_typesupport_introspection_c/connect4_msgs/msg/detail/board_state__type_support.c.o[0m
[0.824s] [ 29%] [32mBuilding CXX object CMakeFiles/connect4_msgs__rosidl_typesupport_c.dir/rosidl_typesupport_c/connect4_msgs/msg/winner__type_support.cpp.o[0m
[0.824s] [ 31%] [32mBuilding CXX object CMakeFiles/connect4_msgs__rosidl_typesupport_c.dir/rosidl_typesupport_c/connect4_msgs/msg/board_state__type_support.cpp.o[0m
[0.830s] [ 35%] [32mBuilding CXX object CMakeFiles/connect4_msgs__rosidl_typesupport_fastrtps_cpp.dir/rosidl_typesupport_fastrtps_cpp/connect4_msgs/msg/detail/dds_fastrtps/board_state__type_support.cpp.o[0m
[0.831s] [ 35%] [32mBuilding CXX object CMakeFiles/connect4_msgs__rosidl_typesupport_fastrtps_c.dir/rosidl_typesupport_fastrtps_c/connect4_msgs/msg/detail/board_state__type_support_c.cpp.o[0m
[0.831s] [ 35%] [32mBuilding CXX object CMakeFiles/connect4_msgs__rosidl_typesupport_cpp.dir/rosidl_typesupport_cpp/connect4_msgs/msg/board_state__type_support.cpp.o[0m
[0.831s] [ 37%] [32mBuilding CXX object CMakeFiles/connect4_msgs__rosidl_typesupport_introspection_cpp.dir/rosidl_typesupport_introspection_cpp/connect4_msgs/msg/detail/board_state__type_support.cpp.o[0m
[0.870s] [ 39%] [32mBuilding CXX object CMakeFiles/connect4_msgs__rosidl_typesupport_fastrtps_cpp.dir/rosidl_typesupport_fastrtps_cpp/connect4_msgs/msg/detail/dds_fastrtps/winner__type_support.cpp.o[0m
[0.872s] [ 40%] [32mBuilding C object CMakeFiles/connect4_msgs__rosidl_typesupport_introspection_c.dir/rosidl_typesupport_introspection_c/connect4_msgs/action/detail/deliver_block__type_support.c.o[0m
[0.966s] [ 42%] [32mBuilding C object CMakeFiles/connect4_msgs__rosidl_typesupport_introspection_c.dir/rosidl_typesupport_introspection_c/connect4_msgs/action/detail/reset_board__type_support.c.o[0m
[0.993s] [ 43%] [32mBuilding CXX object CMakeFiles/connect4_msgs__rosidl_typesupport_c.dir/rosidl_typesupport_c/connect4_msgs/action/deliver_block__type_support.cpp.o[0m
[0.997s] [ 45%] [32mBuilding CXX object CMakeFiles/connect4_msgs__rosidl_typesupport_c.dir/rosidl_typesupport_c/connect4_msgs/action/reset_board__type_support.cpp.o[0m
[1.079s] [ 46%] [32m[1mLinking C shared library libconnect4_msgs__rosidl_typesupport_introspection_c.so[0m
[1.091s] [ 48%] [32mBuilding CXX object CMakeFiles/connect4_msgs__rosidl_typesupport_introspection_cpp.dir/rosidl_typesupport_introspection_cpp/connect4_msgs/msg/detail/winner__type_support.cpp.o[0m
[1.105s] [ 50%] [32m[1mLinking CXX shared library libconnect4_msgs__rosidl_typesupport_c.so[0m
[1.297s] [ 51%] Built target connect4_msgs__rosidl_typesupport_introspection_c
[1.315s] [ 53%] [32mBuilding CXX object CMakeFiles/connect4_msgs__rosidl_typesupport_cpp.dir/rosidl_typesupport_cpp/connect4_msgs/msg/winner__type_support.cpp.o[0m
[1.367s] [ 54%] Built target connect4_msgs__rosidl_typesupport_c
[1.383s] [ 56%] [32mBuilding CXX object CMakeFiles/connect4_msgs__rosidl_typesupport_fastrtps_c.dir/rosidl_typesupport_fastrtps_c/connect4_msgs/msg/detail/winner__type_support_c.cpp.o[0m
[1.446s] [ 57%] [32mBuilding CXX object CMakeFiles/connect4_msgs__rosidl_typesupport_fastrtps_cpp.dir/rosidl_typesupport_fastrtps_cpp/connect4_msgs/action/detail/dds_fastrtps/deliver_block__type_support.cpp.o[0m
[1.561s] [ 59%] [32mBuilding CXX object CMakeFiles/connect4_msgs__rosidl_typesupport_fastrtps_c.dir/rosidl_typesupport_fastrtps_c/connect4_msgs/action/detail/deliver_block__type_support_c.cpp.o[0m
[1.619s] [ 60%] [32mBuilding CXX object CMakeFiles/connect4_msgs__rosidl_typesupport_introspection_cpp.dir/rosidl_typesupport_introspection_cpp/connect4_msgs/action/detail/deliver_block__type_support.cpp.o[0m
[1.663s] [ 62%] [32mBuilding CXX object CMakeFiles/connect4_msgs__rosidl_typesupport_cpp.dir/rosidl_typesupport_cpp/connect4_msgs/action/deliver_block__type_support.cpp.o[0m
[1.666s] [ 64%] [32mBuilding CXX object CMakeFiles/connect4_msgs__rosidl_typesupport_fastrtps_c.dir/rosidl_typesupport_fastrtps_c/connect4_msgs/action/detail/reset_board__type_support_c.cpp.o[0m
[1.711s] [ 65%] [32mBuilding CXX object CMakeFiles/connect4_msgs__rosidl_typesupport_introspection_cpp.dir/rosidl_typesupport_introspection_cpp/connect4_msgs/action/detail/reset_board__type_support.cpp.o[0m
[1.771s] [ 67%] [32mBuilding CXX object CMakeFiles/connect4_msgs__rosidl_typesupport_fastrtps_cpp.dir/rosidl_typesupport_fastrtps_cpp/connect4_msgs/action/detail/dds_fastrtps/reset_board__type_support.cpp.o[0m
[2.019s] [ 68%] [32mBuilding CXX object CMakeFiles/connect4_msgs__rosidl_typesupport_cpp.dir/rosidl_typesupport_cpp/connect4_msgs/action/reset_board__type_support.cpp.o[0m
[2.504s] [ 70%] [32m[1mLinking CXX shared library libconnect4_msgs__rosidl_typesupport_fastrtps_c.so[0m
[2.712s] [ 71%] Built target connect4_msgs__rosidl_typesupport_fastrtps_c
[2.774s] [ 73%] [32m[1mLinking CXX shared library libconnect4_msgs__rosidl_typesupport_introspection_cpp.so[0m
[2.897s] [ 75%] [32m[1mLinking CXX shared library libconnect4_msgs__rosidl_typesupport_cpp.so[0m
[2.946s] [ 76%] Built target connect4_msgs__rosidl_typesupport_introspection_cpp
[3.088s] [ 78%] Built target connect4_msgs__rosidl_typesupport_cpp
[3.098s] [ 79%] [32m[1mLinking CXX shared library libconnect4_msgs__rosidl_typesupport_fastrtps_cpp.so[0m
[3.259s] [ 81%] Built target connect4_msgs__rosidl_typesupport_fastrtps_cpp
[3.280s] [ 81%] Built target connect4_msgs
[3.301s] [ 82%] Built target connect4_msgs__py
[3.332s] [ 84%] [32mBuilding C object CMakeFiles/connect4_msgs__rosidl_generator_py.dir/rosidl_generator_py/connect4_msgs/msg/_board_state_s.c.o[0m
[3.333s] [ 85%] [32mBuilding C object CMakeFiles/connect4_msgs__rosidl_generator_py.dir/rosidl_generator_py/connect4_msgs/action/_reset_board_s.c.o[0m
[3.334s] [ 89%] [32mBuilding C object CMakeFiles/connect4_msgs__rosidl_generator_py.dir/rosidl_generator_py/connect4_msgs/action/_deliver_block_s.c.o[0m
[3.334s] [ 89%] [32mBuilding C object CMakeFiles/connect4_msgs__rosidl_generator_py.dir/rosidl_generator_py/connect4_msgs/msg/_winner_s.c.o[0m
[3.568s] [ 90%] [32m[1mLinking C shared library libconnect4_msgs__rosidl_generator_py.so[0m
[3.707s] [ 90%] Built target connect4_msgs__rosidl_generator_py
[3.735s] [ 92%] [32mBuilding C object CMakeFiles/connect4_msgs_s__rosidl_typesupport_c.dir/rosidl_generator_py/connect4_msgs/_connect4_msgs_s.ep.rosidl_typesupport_c.c.o[0m
[3.735s] [ 93%] [32mBuilding C object CMakeFiles/connect4_msgs_s__rosidl_typesupport_introspection_c.dir/rosidl_generator_py/connect4_msgs/_connect4_msgs_s.ep.rosidl_typesupport_introspection_c.c.o[0m
[3.736s] [ 95%] [32mBuilding C object CMakeFiles/connect4_msgs_s__rosidl_typesupport_fastrtps_c.dir/rosidl_generator_py/connect4_msgs/_connect4_msgs_s.ep.rosidl_typesupport_fastrtps_c.c.o[0m
[3.876s] [ 96%] [32m[1mLinking C shared module rosidl_generator_py/connect4_msgs/connect4_msgs_s__rosidl_typesupport_c.so[0m
[3.885s] [ 98%] [32m[1mLinking C shared module rosidl_generator_py/connect4_msgs/connect4_msgs_s__rosidl_typesupport_fastrtps_c.so[0m
[3.889s] [100%] [32m[1mLinking C shared module rosidl_generator_py/connect4_msgs/connect4_msgs_s__rosidl_typesupport_introspection_c.so[0m
[3.974s] [100%] Built target connect4_msgs_s__rosidl_typesupport_fastrtps_c
[3.977s] [100%] Built target connect4_msgs_s__rosidl_typesupport_c
[3.977s] [100%] Built target connect4_msgs_s__rosidl_typesupport_introspection_c
[3.988s] Invoked command in '/home/danie/connect4_ros/build/connect4_msgs' returned '0': CMAKE_PREFIX_PATH=${CMAKE_PREFIX_PATH}:/home/danie/ros2_ws/install/py_pubsub:/opt/ros/kilted /usr/bin/cmake --build /home/danie/connect4_ros/build/connect4_msgs -- -j8 -l8
[3.999s] Invoking command in '/home/danie/connect4_ros/build/connect4_msgs': CMAKE_PREFIX_PATH=${CMAKE_PREFIX_PATH}:/home/danie/ros2_ws/install/py_pubsub:/opt/ros/kilted /usr/bin/cmake --install /home/danie/connect4_ros/build/connect4_msgs
[4.010s] -- Install configuration: ""
[4.012s] -- Up-to-date: /home/danie/connect4_ros/install/connect4_msgs/share/ament_index/resource_index/rosidl_interfaces/connect4_msgs
[4.012s] -- Up-to-date: /home/danie/connect4_ros/install/connect4_msgs/share/connect4_msgs/msg/BoardState.json
[4.012s] -- Up-to-date: /home/danie/connect4_ros/install/connect4_msgs/share/connect4_msgs/msg/Winner.json
[4.012s] -- Up-to-date: /home/danie/connect4_ros/install/connect4_msgs/share/connect4_msgs/action/DeliverBlock.json
[4.013s] -- Up-to-date: /home/danie/connect4_ros/install/connect4_msgs/share/connect4_msgs/action/ResetBoard.json
[4.013s] -- Up-to-date: /home/danie/connect4_ros/install/connect4_msgs/include/connect4_msgs/connect4_msgs
[4.013s] -- Up-to-date: /home/danie/connect4_ros/install/connect4_msgs/include/connect4_msgs/connect4_msgs/msg
[4.013s] -- Up-to-date: /home/danie/connect4_ros/install/connect4_msgs/include/connect4_msgs/connect4_msgs/msg/detail
[4.014s] -- Installing: /home/danie/connect4_ros/install/connect4_msgs/include/connect4_msgs/connect4_msgs/msg/detail/board_state__type_support.h
[4.015s] -- Installing: /home/danie/connect4_ros/install/connect4_msgs/include/connect4_msgs/connect4_msgs/msg/detail/winner__type_support.h
[4.015s] -- Installing: /home/danie/connect4_ros/install/connect4_msgs/include/connect4_msgs/connect4_msgs/msg/detail/winner__description.c
[4.015s] -- Installing: /home/danie/connect4_ros/install/connect4_msgs/include/connect4_msgs/connect4_msgs/msg/detail/board_state__type_support.c
[4.016s] -- Installing: /home/danie/connect4_ros/install/connect4_msgs/include/connect4_msgs/connect4_msgs/msg/detail/board_state__functions.h
[4.016s] -- Installing: /home/danie/connect4_ros/install/connect4_msgs/include/connect4_msgs/connect4_msgs/msg/detail/winner__type_support.c
[4.016s] -- Installing: /home/danie/connect4_ros/install/connect4_msgs/include/connect4_msgs/connect4_msgs/msg/detail/winner__functions.h
[4.016s] -- Installing: /home/danie/connect4_ros/install/connect4_msgs/include/connect4_msgs/connect4_msgs/msg/detail/board_state__struct.h
[4.016s] -- Installing: /home/danie/connect4_ros/install/connect4_msgs/include/connect4_msgs/connect4_msgs/msg/detail/winner__functions.c
[4.016s] -- Installing: /home/danie/connect4_ros/install/connect4_msgs/include/connect4_msgs/connect4_msgs/msg/detail/winner__struct.h
[4.017s] -- Installing: /home/danie/connect4_ros/install/connect4_msgs/include/connect4_msgs/connect4_msgs/msg/detail/board_state__description.c
[4.017s] -- Installing: /home/danie/connect4_ros/install/connect4_msgs/include/connect4_msgs/connect4_msgs/msg/detail/board_state__functions.c
[4.017s] -- Up-to-date: /home/danie/connect4_ros/install/connect4_msgs/include/connect4_msgs/connect4_msgs/msg/rosidl_generator_c__visibility_control.h
[4.017s] -- Up-to-date: /home/danie/connect4_ros/install/connect4_msgs/include/connect4_msgs/connect4_msgs/msg/board_state.h
[4.017s] -- Installing: /home/danie/connect4_ros/install/connect4_msgs/include/connect4_msgs/connect4_msgs/msg/winner.h
[4.017s] -- Up-to-date: /home/danie/connect4_ros/install/connect4_msgs/include/connect4_msgs/connect4_msgs/action
[4.017s] -- Up-to-date: /home/danie/connect4_ros/install/connect4_msgs/include/connect4_msgs/connect4_msgs/action/detail
[4.018s] -- Installing: /home/danie/connect4_ros/install/connect4_msgs/include/connect4_msgs/connect4_msgs/action/detail/deliver_block__type_support.c
[4.018s] -- Installing: /home/danie/connect4_ros/install/connect4_msgs/include/connect4_msgs/connect4_msgs/action/detail/reset_board__description.c
[4.018s] -- Installing: /home/danie/connect4_ros/install/connect4_msgs/include/connect4_msgs/connect4_msgs/action/detail/deliver_block__struct.h
[4.019s] -- Installing: /home/danie/connect4_ros/install/connect4_msgs/include/connect4_msgs/connect4_msgs/action/detail/deliver_block__functions.h
[4.019s] -- Installing: /home/danie/connect4_ros/install/connect4_msgs/include/connect4_msgs/connect4_msgs/action/detail/deliver_block__description.c
[4.019s] -- Installing: /home/danie/connect4_ros/install/connect4_msgs/include/connect4_msgs/connect4_msgs/action/detail/reset_board__functions.c
[4.019s] -- Installing: /home/danie/connect4_ros/install/connect4_msgs/include/connect4_msgs/connect4_msgs/action/detail/deliver_block__functions.c
[4.019s] -- Installing: /home/danie/connect4_ros/install/connect4_msgs/include/connect4_msgs/connect4_msgs/action/detail/reset_board__struct.h
[4.019s] -- Installing: /home/danie/connect4_ros/install/connect4_msgs/include/connect4_msgs/connect4_msgs/action/detail/reset_board__type_support.h
[4.020s] -- Installing: /home/danie/connect4_ros/install/connect4_msgs/include/connect4_msgs/connect4_msgs/action/detail/deliver_block__type_support.h
[4.020s] -- Installing: /home/danie/connect4_ros/install/connect4_msgs/include/connect4_msgs/connect4_msgs/action/detail/reset_board__functions.h
[4.020s] -- Installing: /home/danie/connect4_ros/install/connect4_msgs/include/connect4_msgs/connect4_msgs/action/detail/reset_board__type_support.c
[4.020s] -- Installing: /home/danie/connect4_ros/install/connect4_msgs/include/connect4_msgs/connect4_msgs/action/reset_board.h
[4.020s] -- Installing: /home/danie/connect4_ros/install/connect4_msgs/include/connect4_msgs/connect4_msgs/action/deliver_block.h
[4.021s] -- Up-to-date: /home/danie/connect4_ros/install/connect4_msgs/share/connect4_msgs/environment/library_path.sh
[4.021s] -- Up-to-date: /home/danie/connect4_ros/install/connect4_msgs/share/connect4_msgs/environment/library_path.dsv
[4.023s] -- Installing: /home/danie/connect4_ros/install/connect4_msgs/lib/libconnect4_msgs__rosidl_generator_c.so
[4.024s] -- Set non-toolchain portion of runtime path of "/home/danie/connect4_ros/install/connect4_msgs/lib/libconnect4_msgs__rosidl_generator_c.so" to ""
[4.024s] -- Up-to-date: /home/danie/connect4_ros/install/connect4_msgs/include/connect4_msgs/connect4_msgs
[4.024s] -- Up-to-date: /home/danie/connect4_ros/install/connect4_msgs/include/connect4_msgs/connect4_msgs/msg
[4.024s] -- Up-to-date: /home/danie/connect4_ros/install/connect4_msgs/include/connect4_msgs/connect4_msgs/msg/detail
[4.025s] -- Up-to-date: /home/danie/connect4_ros/install/connect4_msgs/include/connect4_msgs/connect4_msgs/msg/detail/winner__rosidl_typesupport_fastrtps_c.h
[4.025s] -- Up-to-date: /home/danie/connect4_ros/install/connect4_msgs/include/connect4_msgs/connect4_msgs/msg/detail/board_state__rosidl_typesupport_fastrtps_c.h
[4.025s] -- Up-to-date: /home/danie/connect4_ros/install/connect4_msgs/include/connect4_msgs/connect4_msgs/msg/rosidl_typesupport_fastrtps_c__visibility_control.h
[4.025s] -- Up-to-date: /home/danie/connect4_ros/install/connect4_msgs/include/connect4_msgs/connect4_msgs/action
[4.025s] -- Up-to-date: /home/danie/connect4_ros/install/connect4_msgs/include/connect4_msgs/connect4_msgs/action/detail
[4.025s] -- Up-to-date: /home/danie/connect4_ros/install/connect4_msgs/include/connect4_msgs/connect4_msgs/action/detail/deliver_block__rosidl_typesupport_fastrtps_c.h
[4.026s] -- Up-to-date: /home/danie/connect4_ros/install/connect4_msgs/include/connect4_msgs/connect4_msgs/action/detail/reset_board__rosidl_typesupport_fastrtps_c.h
[4.027s] -- Installing: /home/danie/connect4_ros/install/connect4_msgs/lib/libconnect4_msgs__rosidl_typesupport_fastrtps_c.so
[4.027s] -- Set non-toolchain portion of runtime path of "/home/danie/connect4_ros/install/connect4_msgs/lib/libconnect4_msgs__rosidl_typesupport_fastrtps_c.so" to ""
[4.027s] -- Up-to-date: /home/danie/connect4_ros/install/connect4_msgs/include/connect4_msgs/connect4_msgs
[4.027s] -- Up-to-date: /home/danie/connect4_ros/install/connect4_msgs/include/connect4_msgs/connect4_msgs/msg
[4.027s] -- Up-to-date: /home/danie/connect4_ros/install/connect4_msgs/include/connect4_msgs/connect4_msgs/msg/detail
[4.028s] -- Up-to-date: /home/danie/connect4_ros/install/connect4_msgs/include/connect4_msgs/connect4_msgs/msg/detail/winner__rosidl_typesupport_introspection_c.h
[4.028s] -- Installing: /home/danie/connect4_ros/install/connect4_msgs/include/connect4_msgs/connect4_msgs/msg/detail/board_state__type_support.c
[4.028s] -- Up-to-date: /home/danie/connect4_ros/install/connect4_msgs/include/connect4_msgs/connect4_msgs/msg/detail/board_state__rosidl_typesupport_introspection_c.h
[4.028s] -- Installing: /home/danie/connect4_ros/install/connect4_msgs/include/connect4_msgs/connect4_msgs/msg/detail/winner__type_support.c
[4.028s] -- Up-to-date: /home/danie/connect4_ros/install/connect4_msgs/include/connect4_msgs/connect4_msgs/msg/rosidl_typesupport_introspection_c__visibility_control.h
[4.028s] -- Up-to-date: /home/danie/connect4_ros/install/connect4_msgs/include/connect4_msgs/connect4_msgs/action
[4.028s] -- Up-to-date: /home/danie/connect4_ros/install/connect4_msgs/include/connect4_msgs/connect4_msgs/action/detail
[4.029s] -- Installing: /home/danie/connect4_ros/install/connect4_msgs/include/connect4_msgs/connect4_msgs/action/detail/deliver_block__type_support.c
[4.029s] -- Up-to-date: /home/danie/connect4_ros/install/connect4_msgs/include/connect4_msgs/connect4_msgs/action/detail/deliver_block__rosidl_typesupport_introspection_c.h
[4.029s] -- Up-to-date: /home/danie/connect4_ros/install/connect4_msgs/include/connect4_msgs/connect4_msgs/action/detail/reset_board__rosidl_typesupport_introspection_c.h
[4.029s] -- Installing: /home/danie/connect4_ros/install/connect4_msgs/include/connect4_msgs/connect4_msgs/action/detail/reset_board__type_support.c
[4.030s] -- Installing: /home/danie/connect4_ros/install/connect4_msgs/lib/libconnect4_msgs__rosidl_typesupport_introspection_c.so
[4.030s] -- Set non-toolchain portion of runtime path of "/home/danie/connect4_ros/install/connect4_msgs/lib/libconnect4_msgs__rosidl_typesupport_introspection_c.so" to ""
[4.031s] -- Installing: /home/danie/connect4_ros/install/connect4_msgs/lib/libconnect4_msgs__rosidl_typesupport_c.so
[4.031s] -- Set non-toolchain portion of runtime path of "/home/danie/connect4_ros/install/connect4_msgs/lib/libconnect4_msgs__rosidl_typesupport_c.so" to ""
[4.031s] -- Up-to-date: /home/danie/connect4_ros/install/connect4_msgs/include/connect4_msgs/connect4_msgs
[4.032s] -- Up-to-date: /home/danie/connect4_ros/install/connect4_msgs/include/connect4_msgs/connect4_msgs/msg
[4.032s] -- Up-to-date: /home/danie/connect4_ros/install/connect4_msgs/include/connect4_msgs/connect4_msgs/msg/detail
[4.032s] -- Up-to-date: /home/danie/connect4_ros/install/connect4_msgs/include/connect4_msgs/connect4_msgs/msg/detail/board_state__traits.hpp
[4.032s] -- Up-to-date: /home/danie/connect4_ros/install/connect4_msgs/include/connect4_msgs/connect4_msgs/msg/detail/winner__builder.hpp
[4.032s] -- Up-to-date: /home/danie/connect4_ros/install/connect4_msgs/include/connect4_msgs/connect4_msgs/msg/detail/board_state__builder.hpp
[4.032s] -- Installing: /home/danie/connect4_ros/install/connect4_msgs/include/connect4_msgs/connect4_msgs/msg/detail/winner__traits.hpp
[4.033s] -- Up-to-date: /home/danie/connect4_ros/install/connect4_msgs/include/connect4_msgs/connect4_msgs/msg/detail/board_state__struct.hpp
[4.033s] -- Up-to-date: /home/danie/connect4_ros/install/connect4_msgs/include/connect4_msgs/connect4_msgs/msg/detail/winner__struct.hpp
[4.033s] -- Installing: /home/danie/connect4_ros/install/connect4_msgs/include/connect4_msgs/connect4_msgs/msg/detail/winner__type_support.hpp
[4.033s] -- Up-to-date: /home/danie/connect4_ros/install/connect4_msgs/include/connect4_msgs/connect4_msgs/msg/detail/board_state__type_support.hpp
[4.033s] -- Installing: /home/danie/connect4_ros/install/connect4_msgs/include/connect4_msgs/connect4_msgs/msg/rosidl_generator_cpp__visibility_control.hpp
[4.033s] -- Up-to-date: /home/danie/connect4_ros/install/connect4_msgs/include/connect4_msgs/connect4_msgs/msg/winner.hpp
[4.033s] -- Up-to-date: /home/danie/connect4_ros/install/connect4_msgs/include/connect4_msgs/connect4_msgs/msg/board_state.hpp
[4.033s] -- Up-to-date: /home/danie/connect4_ros/install/connect4_msgs/include/connect4_msgs/connect4_msgs/action
[4.034s] -- Installing: /home/danie/connect4_ros/install/connect4_msgs/include/connect4_msgs/connect4_msgs/action/deliver_block.hpp
[4.034s] -- Up-to-date: /home/danie/connect4_ros/install/connect4_msgs/include/connect4_msgs/connect4_msgs/action/detail
[4.034s] -- Installing: /home/danie/connect4_ros/install/connect4_msgs/include/connect4_msgs/connect4_msgs/action/detail/reset_board__struct.hpp
[4.034s] -- Installing: /home/danie/connect4_ros/install/connect4_msgs/include/connect4_msgs/connect4_msgs/action/detail/deliver_block__builder.hpp
[4.035s] -- Installing: /home/danie/connect4_ros/install/connect4_msgs/include/connect4_msgs/connect4_msgs/action/detail/reset_board__type_support.hpp
[4.035s] -- Installing: /home/danie/connect4_ros/install/connect4_msgs/include/connect4_msgs/connect4_msgs/action/detail/deliver_block__struct.hpp
[4.035s] -- Installing: /home/danie/connect4_ros/install/connect4_msgs/include/connect4_msgs/connect4_msgs/action/detail/reset_board__builder.hpp
[4.035s] -- Installing: /home/danie/connect4_ros/install/connect4_msgs/include/connect4_msgs/connect4_msgs/action/detail/reset_board__traits.hpp
[4.036s] -- Installing: /home/danie/connect4_ros/install/connect4_msgs/include/connect4_msgs/connect4_msgs/action/detail/deliver_block__type_support.hpp
[4.036s] -- Installing: /home/danie/connect4_ros/install/connect4_msgs/include/connect4_msgs/connect4_msgs/action/detail/deliver_block__traits.hpp
[4.037s] -- Installing: /home/danie/connect4_ros/install/connect4_msgs/include/connect4_msgs/connect4_msgs/action/reset_board.hpp
[4.037s] -- Up-to-date: /home/danie/connect4_ros/install/connect4_msgs/include/connect4_msgs/connect4_msgs
[4.038s] -- Up-to-date: /home/danie/connect4_ros/install/connect4_msgs/include/connect4_msgs/connect4_msgs/msg
[4.038s] -- Up-to-date: /home/danie/connect4_ros/install/connect4_msgs/include/connect4_msgs/connect4_msgs/msg/detail
[4.038s] -- Up-to-date: /home/danie/connect4_ros/install/connect4_msgs/include/connect4_msgs/connect4_msgs/msg/detail/board_state__rosidl_typesupport_fastrtps_cpp.hpp
[4.038s] -- Up-to-date: /home/danie/connect4_ros/install/connect4_msgs/include/connect4_msgs/connect4_msgs/msg/detail/dds_fastrtps
[4.038s] -- Up-to-date: /home/danie/connect4_ros/install/connect4_msgs/include/connect4_msgs/connect4_msgs/msg/detail/winner__rosidl_typesupport_fastrtps_cpp.hpp
[4.038s] -- Up-to-date: /home/danie/connect4_ros/install/connect4_msgs/include/connect4_msgs/connect4_msgs/msg/rosidl_typesupport_fastrtps_cpp__visibility_control.h
[4.038s] -- Up-to-date: /home/danie/connect4_ros/install/connect4_msgs/include/connect4_msgs/connect4_msgs/action
[4.038s] -- Up-to-date: /home/danie/connect4_ros/install/connect4_msgs/include/connect4_msgs/connect4_msgs/action/detail
[4.039s] -- Up-to-date: /home/danie/connect4_ros/install/connect4_msgs/include/connect4_msgs/connect4_msgs/action/detail/dds_fastrtps
[4.039s] -- Up-to-date: /home/danie/connect4_ros/install/connect4_msgs/include/connect4_msgs/connect4_msgs/action/detail/reset_board__rosidl_typesupport_fastrtps_cpp.hpp
[4.039s] -- Up-to-date: /home/danie/connect4_ros/install/connect4_msgs/include/connect4_msgs/connect4_msgs/action/detail/deliver_block__rosidl_typesupport_fastrtps_cpp.hpp
[4.040s] -- Installing: /home/danie/connect4_ros/install/connect4_msgs/lib/libconnect4_msgs__rosidl_typesupport_fastrtps_cpp.so
[4.041s] -- Set non-toolchain portion of runtime path of "/home/danie/connect4_ros/install/connect4_msgs/lib/libconnect4_msgs__rosidl_typesupport_fastrtps_cpp.so" to ""
[4.041s] -- Up-to-date: /home/danie/connect4_ros/install/connect4_msgs/include/connect4_msgs/connect4_msgs
[4.041s] -- Up-to-date: /home/danie/connect4_ros/install/connect4_msgs/include/connect4_msgs/connect4_msgs/msg
[4.041s] -- Up-to-date: /home/danie/connect4_ros/install/connect4_msgs/include/connect4_msgs/connect4_msgs/msg/detail
[4.041s] -- Up-to-date: /home/danie/connect4_ros/install/connect4_msgs/include/connect4_msgs/connect4_msgs/msg/detail/board_state__rosidl_typesupport_introspection_cpp.hpp
[4.041s] -- Up-to-date: /home/danie/connect4_ros/install/connect4_msgs/include/connect4_msgs/connect4_msgs/msg/detail/winner__type_support.cpp
[4.041s] -- Up-to-date: /home/danie/connect4_ros/install/connect4_msgs/include/connect4_msgs/connect4_msgs/msg/detail/winner__rosidl_typesupport_introspection_cpp.hpp
[4.042s] -- Up-to-date: /home/danie/connect4_ros/install/connect4_msgs/include/connect4_msgs/connect4_msgs/msg/detail/board_state__type_support.cpp
[4.042s] -- Up-to-date: /home/danie/connect4_ros/install/connect4_msgs/include/connect4_msgs/connect4_msgs/action
[4.042s] -- Up-to-date: /home/danie/connect4_ros/install/connect4_msgs/include/connect4_msgs/connect4_msgs/action/detail
[4.042s] -- Up-to-date: /home/danie/connect4_ros/install/connect4_msgs/include/connect4_msgs/connect4_msgs/action/detail/reset_board__type_support.cpp
[4.042s] -- Up-to-date: /home/danie/connect4_ros/install/connect4_msgs/include/connect4_msgs/connect4_msgs/action/detail/deliver_block__type_support.cpp
[4.042s] -- Up-to-date: /home/danie/connect4_ros/install/connect4_msgs/include/connect4_msgs/connect4_msgs/action/detail/deliver_block__rosidl_typesupport_introspection_cpp.hpp
[4.042s] -- Up-to-date: /home/danie/connect4_ros/install/connect4_msgs/include/connect4_msgs/connect4_msgs/action/detail/reset_board__rosidl_typesupport_introspection_cpp.hpp
[4.043s] -- Installing: /home/danie/connect4_ros/install/connect4_msgs/lib/libconnect4_msgs__rosidl_typesupport_introspection_cpp.so
[4.043s] -- Set non-toolchain portion of runtime path of "/home/danie/connect4_ros/install/connect4_msgs/lib/libconnect4_msgs__rosidl_typesupport_introspection_cpp.so" to ""
[4.044s] -- Installing: /home/danie/connect4_ros/install/connect4_msgs/lib/libconnect4_msgs__rosidl_typesupport_cpp.so
[4.045s] -- Set non-toolchain portion of runtime path of "/home/danie/connect4_ros/install/connect4_msgs/lib/libconnect4_msgs__rosidl_typesupport_cpp.so" to ""
[4.045s] -- Up-to-date: /home/danie/connect4_ros/install/connect4_msgs/share/connect4_msgs/environment/pythonpath.sh
[4.045s] -- Up-to-date: /home/danie/connect4_ros/install/connect4_msgs/share/connect4_msgs/environment/pythonpath.dsv
[4.045s] -- Up-to-date: /home/danie/connect4_ros/install/connect4_msgs/lib/python3.12/site-packages/connect4_msgs-0.0.0-py3.12.egg-info
[4.045s] -- Installing: /home/danie/connect4_ros/install/connect4_msgs/lib/python3.12/site-packages/connect4_msgs-0.0.0-py3.12.egg-info/PKG-INFO
[4.045s] -- Installing: /home/danie/connect4_ros/install/connect4_msgs/lib/python3.12/site-packages/connect4_msgs-0.0.0-py3.12.egg-info/SOURCES.txt
[4.045s] -- Installing: /home/danie/connect4_ros/install/connect4_msgs/lib/python3.12/site-packages/connect4_msgs-0.0.0-py3.12.egg-info/dependency_links.txt
[4.045s] -- Installing: /home/danie/connect4_ros/install/connect4_msgs/lib/python3.12/site-packages/connect4_msgs-0.0.0-py3.12.egg-info/top_level.txt
[4.045s] -- Up-to-date: /home/danie/connect4_ros/install/connect4_msgs/lib/python3.12/site-packages/connect4_msgs
[4.045s] -- Installing: /home/danie/connect4_ros/install/connect4_msgs/lib/python3.12/site-packages/connect4_msgs/connect4_msgs_s__rosidl_typesupport_introspection_c.so
[4.046s] -- Up-to-date: /home/danie/connect4_ros/install/connect4_msgs/lib/python3.12/site-packages/connect4_msgs/_connect4_msgs_s.ep.rosidl_typesupport_c.c
[4.046s] -- Up-to-date: /home/danie/connect4_ros/install/connect4_msgs/lib/python3.12/site-packages/connect4_msgs/msg
[4.046s] -- Up-to-date: /home/danie/connect4_ros/install/connect4_msgs/lib/python3.12/site-packages/connect4_msgs/msg/_board_state_s.c
[4.046s] -- Up-to-date: /home/danie/connect4_ros/install/connect4_msgs/lib/python3.12/site-packages/connect4_msgs/msg/_board_state.py
[4.046s] -- Up-to-date: /home/danie/connect4_ros/install/connect4_msgs/lib/python3.12/site-packages/connect4_msgs/msg/_winner.py
[4.046s] -- Up-to-date: /home/danie/connect4_ros/install/connect4_msgs/lib/python3.12/site-packages/connect4_msgs/msg/__init__.py
[4.047s] -- Up-to-date: /home/danie/connect4_ros/install/connect4_msgs/lib/python3.12/site-packages/connect4_msgs/msg/_winner_s.c
[4.047s] -- Up-to-date: /home/danie/connect4_ros/install/connect4_msgs/lib/python3.12/site-packages/connect4_msgs/action
[4.047s] -- Up-to-date: /home/danie/connect4_ros/install/connect4_msgs/lib/python3.12/site-packages/connect4_msgs/action/_reset_board.py
[4.047s] -- Up-to-date: /home/danie/connect4_ros/install/connect4_msgs/lib/python3.12/site-packages/connect4_msgs/action/_deliver_block.py
[4.047s] -- Up-to-date: /home/danie/connect4_ros/install/connect4_msgs/lib/python3.12/site-packages/connect4_msgs/action/_deliver_block_s.c
[4.047s] -- Up-to-date: /home/danie/connect4_ros/install/connect4_msgs/lib/python3.12/site-packages/connect4_msgs/action/_reset_board_s.c
[4.047s] -- Up-to-date: /home/danie/connect4_ros/install/connect4_msgs/lib/python3.12/site-packages/connect4_msgs/action/__init__.py
[4.047s] -- Up-to-date: /home/danie/connect4_ros/install/connect4_msgs/lib/python3.12/site-packages/connect4_msgs/_connect4_msgs_s.ep.rosidl_typesupport_fastrtps_c.c
[4.047s] -- Up-to-date: /home/danie/connect4_ros/install/connect4_msgs/lib/python3.12/site-packages/connect4_msgs/_connect4_msgs_s.ep.rosidl_typesupport_introspection_c.c
[4.047s] -- Installing: /home/danie/connect4_ros/install/connect4_msgs/lib/python3.12/site-packages/connect4_msgs/connect4_msgs_s__rosidl_typesupport_fastrtps_c.so
[4.047s] -- Up-to-date: /home/danie/connect4_ros/install/connect4_msgs/lib/python3.12/site-packages/connect4_msgs/__init__.py
[4.047s] -- Installing: /home/danie/connect4_ros/install/connect4_msgs/lib/python3.12/site-packages/connect4_msgs/connect4_msgs_s__rosidl_typesupport_c.so
[4.083s] Listing '/home/danie/connect4_ros/install/connect4_msgs/lib/python3.12/site-packages/connect4_msgs'...
[4.083s] Listing '/home/danie/connect4_ros/install/connect4_msgs/lib/python3.12/site-packages/connect4_msgs/action'...
[4.083s] Listing '/home/danie/connect4_ros/install/connect4_msgs/lib/python3.12/site-packages/connect4_msgs/msg'...
[4.088s] -- Installing: /home/danie/connect4_ros/install/connect4_msgs/lib/python3.12/site-packages/connect4_msgs/connect4_msgs_s__rosidl_typesupport_fastrtps_c.so
[4.088s] -- Set non-toolchain portion of runtime path of "/home/danie/connect4_ros/install/connect4_msgs/lib/python3.12/site-packages/connect4_msgs/connect4_msgs_s__rosidl_typesupport_fastrtps_c.so" to ""
[4.088s] -- Installing: /home/danie/connect4_ros/install/connect4_msgs/lib/python3.12/site-packages/connect4_msgs/connect4_msgs_s__rosidl_typesupport_introspection_c.so
[4.089s] -- Set non-toolchain portion of runtime path of "/home/danie/connect4_ros/install/connect4_msgs/lib/python3.12/site-packages/connect4_msgs/connect4_msgs_s__rosidl_typesupport_introspection_c.so" to ""
[4.089s] -- Installing: /home/danie/connect4_ros/install/connect4_msgs/lib/python3.12/site-packages/connect4_msgs/connect4_msgs_s__rosidl_typesupport_c.so
[4.089s] -- Set non-toolchain portion of runtime path of "/home/danie/connect4_ros/install/connect4_msgs/lib/python3.12/site-packages/connect4_msgs/connect4_msgs_s__rosidl_typesupport_c.so" to ""
[4.091s] -- Installing: /home/danie/connect4_ros/install/connect4_msgs/lib/libconnect4_msgs__rosidl_generator_py.so
[4.091s] -- Set non-toolchain portion of runtime path of "/home/danie/connect4_ros/install/connect4_msgs/lib/libconnect4_msgs__rosidl_generator_py.so" to ""
[4.091s] -- Up-to-date: /home/danie/connect4_ros/install/connect4_msgs/share/connect4_msgs/msg/BoardState.idl
[4.092s] -- Up-to-date: /home/danie/connect4_ros/install/connect4_msgs/share/connect4_msgs/msg/Winner.idl
[4.092s] -- Up-to-date: /home/danie/connect4_ros/install/connect4_msgs/share/connect4_msgs/action/DeliverBlock.idl
[4.092s] -- Up-to-date: /home/danie/connect4_ros/install/connect4_msgs/share/connect4_msgs/action/ResetBoard.idl
[4.092s] -- Up-to-date: /home/danie/connect4_ros/install/connect4_msgs/share/connect4_msgs/msg/BoardState.msg
[4.092s] -- Up-to-date: /home/danie/connect4_ros/install/connect4_msgs/share/connect4_msgs/msg/Winner.msg
[4.092s] -- Up-to-date: /home/danie/connect4_ros/install/connect4_msgs/share/connect4_msgs/action/DeliverBlock.action
[4.092s] -- Up-to-date: /home/danie/connect4_ros/install/connect4_msgs/share/connect4_msgs/action/ResetBoard.action
[4.093s] -- Up-to-date: /home/danie/connect4_ros/install/connect4_msgs/share/ament_index/resource_index/package_run_dependencies/connect4_msgs
[4.093s] -- Up-to-date: /home/danie/connect4_ros/install/connect4_msgs/share/ament_index/resource_index/parent_prefix_path/connect4_msgs
[4.093s] -- Up-to-date: /home/danie/connect4_ros/install/connect4_msgs/share/connect4_msgs/environment/ament_prefix_path.sh
[4.093s] -- Up-to-date: /home/danie/connect4_ros/install/connect4_msgs/share/connect4_msgs/environment/ament_prefix_path.dsv
[4.093s] -- Up-to-date: /home/danie/connect4_ros/install/connect4_msgs/share/connect4_msgs/environment/path.sh
[4.093s] -- Up-to-date: /home/danie/connect4_ros/install/connect4_msgs/share/connect4_msgs/environment/path.dsv
[4.093s] -- Up-to-date: /home/danie/connect4_ros/install/connect4_msgs/share/connect4_msgs/local_setup.bash
[4.093s] -- Up-to-date: /home/danie/connect4_ros/install/connect4_msgs/share/connect4_msgs/local_setup.sh
[4.093s] -- Up-to-date: /home/danie/connect4_ros/install/connect4_msgs/share/connect4_msgs/local_setup.zsh
[4.093s] -- Up-to-date: /home/danie/connect4_ros/install/connect4_msgs/share/connect4_msgs/local_setup.dsv
[4.093s] -- Installing: /home/danie/connect4_ros/install/connect4_msgs/share/connect4_msgs/package.dsv
[4.093s] -- Up-to-date: /home/danie/connect4_ros/install/connect4_msgs/share/ament_index/resource_index/packages/connect4_msgs
[4.094s] -- Up-to-date: /home/danie/connect4_ros/install/connect4_msgs/share/connect4_msgs/cmake/export_connect4_msgs__rosidl_generator_cExport.cmake
[4.094s] -- Up-to-date: /home/danie/connect4_ros/install/connect4_msgs/share/connect4_msgs/cmake/export_connect4_msgs__rosidl_generator_cExport-noconfig.cmake
[4.095s] -- Up-to-date: /home/danie/connect4_ros/install/connect4_msgs/share/connect4_msgs/cmake/export_connect4_msgs__rosidl_typesupport_fastrtps_cExport.cmake
[4.095s] -- Up-to-date: /home/danie/connect4_ros/install/connect4_msgs/share/connect4_msgs/cmake/export_connect4_msgs__rosidl_typesupport_fastrtps_cExport-noconfig.cmake
[4.096s] -- Up-to-date: /home/danie/connect4_ros/install/connect4_msgs/share/connect4_msgs/cmake/connect4_msgs__rosidl_typesupport_introspection_cExport.cmake
[4.096s] -- Up-to-date: /home/danie/connect4_ros/install/connect4_msgs/share/connect4_msgs/cmake/connect4_msgs__rosidl_typesupport_introspection_cExport-noconfig.cmake
[4.096s] -- Up-to-date: /home/danie/connect4_ros/install/connect4_msgs/share/connect4_msgs/cmake/connect4_msgs__rosidl_typesupport_cExport.cmake
[4.096s] -- Up-to-date: /home/danie/connect4_ros/install/connect4_msgs/share/connect4_msgs/cmake/connect4_msgs__rosidl_typesupport_cExport-noconfig.cmake
[4.097s] -- Up-to-date: /home/danie/connect4_ros/install/connect4_msgs/share/connect4_msgs/cmake/export_connect4_msgs__rosidl_generator_cppExport.cmake
[4.098s] -- Up-to-date: /home/danie/connect4_ros/install/connect4_msgs/share/connect4_msgs/cmake/export_connect4_msgs__rosidl_typesupport_fastrtps_cppExport.cmake
[4.098s] -- Up-to-date: /home/danie/connect4_ros/install/connect4_msgs/share/connect4_msgs/cmake/export_connect4_msgs__rosidl_typesupport_fastrtps_cppExport-noconfig.cmake
[4.098s] -- Up-to-date: /home/danie/connect4_ros/install/connect4_msgs/share/connect4_msgs/cmake/connect4_msgs__rosidl_typesupport_introspection_cppExport.cmake
[4.098s] -- Up-to-date: /home/danie/connect4_ros/install/connect4_msgs/share/connect4_msgs/cmake/connect4_msgs__rosidl_typesupport_introspection_cppExport-noconfig.cmake
[4.099s] -- Up-to-date: /home/danie/connect4_ros/install/connect4_msgs/share/connect4_msgs/cmake/connect4_msgs__rosidl_typesupport_cppExport.cmake
[4.099s] -- Up-to-date: /home/danie/connect4_ros/install/connect4_msgs/share/connect4_msgs/cmake/connect4_msgs__rosidl_typesupport_cppExport-noconfig.cmake
[4.100s] -- Up-to-date: /home/danie/connect4_ros/install/connect4_msgs/share/connect4_msgs/cmake/export_connect4_msgs__rosidl_generator_pyExport.cmake
[4.100s] -- Up-to-date: /home/danie/connect4_ros/install/connect4_msgs/share/connect4_msgs/cmake/export_connect4_msgs__rosidl_generator_pyExport-noconfig.cmake
[4.100s] -- Up-to-date: /home/danie/connect4_ros/install/connect4_msgs/share/connect4_msgs/cmake/rosidl_cmake-extras.cmake
[4.100s] -- Up-to-date: /home/danie/connect4_ros/install/connect4_msgs/share/connect4_msgs/cmake/ament_cmake_export_dependencies-extras.cmake
[4.100s] -- Up-to-date: /home/danie/connect4_ros/install/connect4_msgs/share/connect4_msgs/cmake/ament_cmake_export_include_directories-extras.cmake
[4.100s] -- Up-to-date: /home/danie/connect4_ros/install/connect4_msgs/share/connect4_msgs/cmake/ament_cmake_export_libraries-extras.cmake
[4.101s] -- Up-to-date: /home/danie/connect4_ros/install/connect4_msgs/share/connect4_msgs/cmake/ament_cmake_export_targets-extras.cmake
[4.101s] -- Up-to-date: /home/danie/connect4_ros/install/connect4_msgs/share/connect4_msgs/cmake/rosidl_cmake_export_typesupport_targets-extras.cmake
[4.101s] -- Up-to-date: /home/danie/connect4_ros/install/connect4_msgs/share/connect4_msgs/cmake/rosidl_cmake_export_typesupport_libraries-extras.cmake
[4.101s] -- Up-to-date: /home/danie/connect4_ros/install/connect4_msgs/share/connect4_msgs/cmake/connect4_msgsConfig.cmake
[4.101s] -- Up-to-date: /home/danie/connect4_ros/install/connect4_msgs/share/connect4_msgs/cmake/connect4_msgsConfig-version.cmake
[4.101s] -- Up-to-date: /home/danie/connect4_ros/install/connect4_msgs/share/connect4_msgs/package.xml
[4.102s] Invoked command in '/home/danie/connect4_ros/build/connect4_msgs' returned '0': CMAKE_PREFIX_PATH=${CMAKE_PREFIX_PATH}:/home/danie/ros2_ws/install/py_pubsub:/opt/ros/kilted /usr/bin/cmake --install /home/danie/connect4_ros/build/connect4_msgs
