running egg_info
creating ../../build/connect4_game/connect4_game.egg-info
writing ../../build/connect4_game/connect4_game.egg-info/PKG-INFO
writing dependency_links to ../../build/connect4_game/connect4_game.egg-info/dependency_links.txt
writing entry points to ../../build/connect4_game/connect4_game.egg-info/entry_points.txt
writing requirements to ../../build/connect4_game/connect4_game.egg-info/requires.txt
writing top-level names to ../../build/connect4_game/connect4_game.egg-info/top_level.txt
writing manifest file '../../build/connect4_game/connect4_game.egg-info/SOURCES.txt'
reading manifest file '../../build/connect4_game/connect4_game.egg-info/SOURCES.txt'
writing manifest file '../../build/connect4_game/connect4_game.egg-info/SOURCES.txt'
running build
running build_py
creating /home/danie/connect4_ros/build/connect4_game/build
creating /home/danie/connect4_ros/build/connect4_game/build/lib
creating /home/danie/connect4_ros/build/connect4_game/build/lib/connect4_game
copying connect4_game/__init__.py -> /home/danie/connect4_ros/build/connect4_game/build/lib/connect4_game
copying connect4_game/referee_node.py -> /home/danie/connect4_ros/build/connect4_game/build/lib/connect4_game
copying connect4_game/demo_driver_node.py -> /home/danie/connect4_ros/build/connect4_game/build/lib/connect4_game
copying connect4_game/py.typed -> /home/danie/connect4_ros/build/connect4_game/build/lib/connect4_game
running install
running install_lib
creating /home/danie/connect4_ros/install/connect4_game/lib/python3.12/site-packages/connect4_game
copying /home/danie/connect4_ros/build/connect4_game/build/lib/connect4_game/py.typed -> /home/danie/connect4_ros/install/connect4_game/lib/python3.12/site-packages/connect4_game
copying /home/danie/connect4_ros/build/connect4_game/build/lib/connect4_game/__init__.py -> /home/danie/connect4_ros/install/connect4_game/lib/python3.12/site-packages/connect4_game
copying /home/danie/connect4_ros/build/connect4_game/build/lib/connect4_game/referee_node.py -> /home/danie/connect4_ros/install/connect4_game/lib/python3.12/site-packages/connect4_game
copying /home/danie/connect4_ros/build/connect4_game/build/lib/connect4_game/demo_driver_node.py -> /home/danie/connect4_ros/install/connect4_game/lib/python3.12/site-packages/connect4_game
byte-compiling /home/danie/connect4_ros/install/connect4_game/lib/python3.12/site-packages/connect4_game/__init__.py to __init__.cpython-312.pyc
byte-compiling /home/danie/connect4_ros/install/connect4_game/lib/python3.12/site-packages/connect4_game/referee_node.py to referee_node.cpython-312.pyc
byte-compiling /home/danie/connect4_ros/install/connect4_game/lib/python3.12/site-packages/connect4_game/demo_driver_node.py to demo_driver_node.cpython-312.pyc
running install_data
creating /home/danie/connect4_ros/install/connect4_game/share/ament_index
creating /home/danie/connect4_ros/install/connect4_game/share/ament_index/resource_index
creating /home/danie/connect4_ros/install/connect4_game/share/ament_index/resource_index/packages
copying resource/connect4_game -> /home/danie/connect4_ros/install/connect4_game/share/ament_index/resource_index/packages
copying package.xml -> /home/danie/connect4_ros/install/connect4_game/share/connect4_game
running install_egg_info
Copying ../../build/connect4_game/connect4_game.egg-info to /home/danie/connect4_ros/install/connect4_game/lib/python3.12/site-packages/connect4_game-0.0.0-py3.12.egg-info
running install_scripts
Installing demo_driver_node script to /home/danie/connect4_ros/install/connect4_game/lib/connect4_game
Installing referee_node script to /home/danie/connect4_ros/install/connect4_game/lib/connect4_game
writing list of installed files to '/home/danie/connect4_ros/build/connect4_game/install.log'
