running egg_info
writing ../../build/connect4_turtlebotnav/connect4_turtlebotnav.egg-info/PKG-INFO
writing dependency_links to ../../build/connect4_turtlebotnav/connect4_turtlebotnav.egg-info/dependency_links.txt
writing entry points to ../../build/connect4_turtlebotnav/connect4_turtlebotnav.egg-info/entry_points.txt
writing requirements to ../../build/connect4_turtlebotnav/connect4_turtlebotnav.egg-info/requires.txt
writing top-level names to ../../build/connect4_turtlebotnav/connect4_turtlebotnav.egg-info/top_level.txt
reading manifest file '../../build/connect4_turtlebotnav/connect4_turtlebotnav.egg-info/SOURCES.txt'
writing manifest file '../../build/connect4_turtlebotnav/connect4_turtlebotnav.egg-info/SOURCES.txt'
running build
running build_py
copying connect4_turtlebotnav/__init__.py -> /home/hrilab/connect4_ros/build/connect4_turtlebotnav/build/lib/connect4_turtlebotnav
copying connect4_turtlebotnav/block_delivery_node.py -> /home/hrilab/connect4_ros/build/connect4_turtlebotnav/build/lib/connect4_turtlebotnav
copying connect4_turtlebotnav/py.typed -> /home/hrilab/connect4_ros/build/connect4_turtlebotnav/build/lib/connect4_turtlebotnav
running install
running install_lib
copying /home/hrilab/connect4_ros/build/connect4_turtlebotnav/build/lib/connect4_turtlebotnav/block_delivery_node.py -> /home/hrilab/connect4_ros/install/connect4_turtlebotnav/lib/python3.10/site-packages/connect4_turtlebotnav
byte-compiling /home/hrilab/connect4_ros/install/connect4_turtlebotnav/lib/python3.10/site-packages/connect4_turtlebotnav/block_delivery_node.py to block_delivery_node.cpython-310.pyc
running install_data
copying resource/connect4_turtlebotnav -> /home/hrilab/connect4_ros/install/connect4_turtlebotnav/share/ament_index/resource_index/packages
copying package.xml -> /home/hrilab/connect4_ros/install/connect4_turtlebotnav/share/connect4_turtlebotnav
running install_egg_info
removing '/home/hrilab/connect4_ros/install/connect4_turtlebotnav/lib/python3.10/site-packages/connect4_turtlebotnav-0.0.0-py3.10.egg-info' (and everything under it)
Copying ../../build/connect4_turtlebotnav/connect4_turtlebotnav.egg-info to /home/hrilab/connect4_ros/install/connect4_turtlebotnav/lib/python3.10/site-packages/connect4_turtlebotnav-0.0.0-py3.10.egg-info
running install_scripts
Installing block_delivery_node script to /home/hrilab/connect4_ros/install/connect4_turtlebotnav/lib/connect4_turtlebotnav
writing list of installed files to '/home/hrilab/connect4_ros/build/connect4_turtlebotnav/install.log'
