[1.041s] Invoking command in '/home/hrilab/connect4_ros/src/connect4_turtlebotnav': AMENT_PREFIX_PATH=/home/hrilab/connect4_ros/install/connect4_msgs:${AMENT_PREFIX_PATH} CMAKE_PREFIX_PATH=/home/hrilab/connect4_ros/install/connect4_msgs CONDA_PROMPT_MODIFIER=(base) LD_LIBRARY_PATH=/home/hrilab/connect4_ros/install/connect4_msgs/lib:${LD_LIBRARY_PATH} PYTHONPATH=/home/hrilab/connect4_ros/build/connect4_turtlebotnav/prefix_override:/usr/lib/python3/dist-packages/colcon_core/task/python/colcon_distutils_commands:/home/hrilab/connect4_ros/install/connect4_turtlebotnav/lib/python3.10/site-packages:/home/hrilab/connect4_ros/install/connect4_msgs/local/lib/python3.10/dist-packages:${PYTHONPATH} /usr/bin/python3 -W ignore:setup.py install is deprecated -W ignore:easy_install command is deprecated setup.py egg_info --egg-base ../../build/connect4_turtlebotnav build --build-base /home/hrilab/connect4_ros/build/connect4_turtlebotnav/build install --record /home/hrilab/connect4_ros/build/connect4_turtlebotnav/install.log --single-version-externally-managed install_data
[1.366s] running egg_info
[1.390s] writing ../../build/connect4_turtlebotnav/connect4_turtlebotnav.egg-info/PKG-INFO
[1.391s] writing dependency_links to ../../build/connect4_turtlebotnav/connect4_turtlebotnav.egg-info/dependency_links.txt
[1.391s] writing entry points to ../../build/connect4_turtlebotnav/connect4_turtlebotnav.egg-info/entry_points.txt
[1.391s] writing requirements to ../../build/connect4_turtlebotnav/connect4_turtlebotnav.egg-info/requires.txt
[1.391s] writing top-level names to ../../build/connect4_turtlebotnav/connect4_turtlebotnav.egg-info/top_level.txt
[1.444s] reading manifest file '../../build/connect4_turtlebotnav/connect4_turtlebotnav.egg-info/SOURCES.txt'
[1.446s] writing manifest file '../../build/connect4_turtlebotnav/connect4_turtlebotnav.egg-info/SOURCES.txt'
[1.446s] running build
[1.446s] running build_py
[1.446s] copying connect4_turtlebotnav/__init__.py -> /home/hrilab/connect4_ros/build/connect4_turtlebotnav/build/lib/connect4_turtlebotnav
[1.446s] copying connect4_turtlebotnav/block_delivery_node.py -> /home/hrilab/connect4_ros/build/connect4_turtlebotnav/build/lib/connect4_turtlebotnav
[1.446s] copying connect4_turtlebotnav/py.typed -> /home/hrilab/connect4_ros/build/connect4_turtlebotnav/build/lib/connect4_turtlebotnav
[1.447s] running install
[1.451s] running install_lib
[1.476s] copying /home/hrilab/connect4_ros/build/connect4_turtlebotnav/build/lib/connect4_turtlebotnav/block_delivery_node.py -> /home/hrilab/connect4_ros/install/connect4_turtlebotnav/lib/python3.10/site-packages/connect4_turtlebotnav
[1.477s] byte-compiling /home/hrilab/connect4_ros/install/connect4_turtlebotnav/lib/python3.10/site-packages/connect4_turtlebotnav/block_delivery_node.py to block_delivery_node.cpython-310.pyc
[1.478s] running install_data
[1.478s] copying resource/connect4_turtlebotnav -> /home/hrilab/connect4_ros/install/connect4_turtlebotnav/share/ament_index/resource_index/packages
[1.479s] copying package.xml -> /home/hrilab/connect4_ros/install/connect4_turtlebotnav/share/connect4_turtlebotnav
[1.479s] running install_egg_info
[1.506s] removing '/home/hrilab/connect4_ros/install/connect4_turtlebotnav/lib/python3.10/site-packages/connect4_turtlebotnav-0.0.0-py3.10.egg-info' (and everything under it)
[1.506s] Copying ../../build/connect4_turtlebotnav/connect4_turtlebotnav.egg-info to /home/hrilab/connect4_ros/install/connect4_turtlebotnav/lib/python3.10/site-packages/connect4_turtlebotnav-0.0.0-py3.10.egg-info
[1.507s] running install_scripts
[1.704s] Installing block_delivery_node script to /home/hrilab/connect4_ros/install/connect4_turtlebotnav/lib/connect4_turtlebotnav
[1.704s] writing list of installed files to '/home/hrilab/connect4_ros/build/connect4_turtlebotnav/install.log'
[1.736s] Invoked command in '/home/hrilab/connect4_ros/src/connect4_turtlebotnav' returned '0': AMENT_PREFIX_PATH=/home/hrilab/connect4_ros/install/connect4_msgs:${AMENT_PREFIX_PATH} CMAKE_PREFIX_PATH=/home/hrilab/connect4_ros/install/connect4_msgs CONDA_PROMPT_MODIFIER=(base) LD_LIBRARY_PATH=/home/hrilab/connect4_ros/install/connect4_msgs/lib:${LD_LIBRARY_PATH} PYTHONPATH=/home/hrilab/connect4_ros/build/connect4_turtlebotnav/prefix_override:/usr/lib/python3/dist-packages/colcon_core/task/python/colcon_distutils_commands:/home/hrilab/connect4_ros/install/connect4_turtlebotnav/lib/python3.10/site-packages:/home/hrilab/connect4_ros/install/connect4_msgs/local/lib/python3.10/dist-packages:${PYTHONPATH} /usr/bin/python3 -W ignore:setup.py install is deprecated -W ignore:easy_install command is deprecated setup.py egg_info --egg-base ../../build/connect4_turtlebotnav build --build-base /home/hrilab/connect4_ros/build/connect4_turtlebotnav/build install --record /home/hrilab/connect4_ros/build/connect4_turtlebotnav/install.log --single-version-externally-managed install_data
