-- The C compiler identification is GNU 11.4.0
-- The CXX compiler identification is GNU 11.4.0
-- Detecting C compiler ABI info
-- Detecting C compiler ABI info - done
-- Check for working C compiler: /usr/bin/cc - skipped
-- Detecting C compile features
-- Detecting C compile features - done
-- Detecting CXX compiler ABI info
-- Detecting CXX compiler ABI info - done
-- Check for working CXX compiler: /usr/bin/c++ - skipped
-- Detecting CXX compile features
-- Detecting CXX compile features - done
-- Found ament_cmake: 1.3.14 (/opt/ros/humble/share/ament_cmake/cmake)
-- Found Python3: /usr/bin/python3 (found version "3.10.12") found components: Interpreter 
-- Found rosidl_default_generators: 1.2.1 (/opt/ros/humble/share/rosidl_default_generators/cmake)
-- Using all available rosidl_typesupport_c: rosidl_typesupport_fastrtps_c;rosidl_typesupport_introspection_c
-- Found rosidl_adapter: 3.1.8 (/opt/ros/humble/share/rosidl_adapter/cmake)
-- Using all available rosidl_typesupport_cpp: rosidl_typesupport_fastrtps_cpp;rosidl_typesupport_introspection_cpp
-- Found rosidl_default_runtime: 1.2.1 (/opt/ros/humble/share/rosidl_default_runtime/cmake)
-- Found builtin_interfaces: 1.2.2 (/opt/ros/humble/share/builtin_interfaces/cmake)
-- Found action_msgs: 1.2.2 (/opt/ros/humble/share/action_msgs/cmake)
-- Found ament_cmake_ros: 0.10.0 (/opt/ros/humble/share/ament_cmake_ros/cmake)
-- Using all available rosidl_typesupport_c: rosidl_typesupport_fastrtps_c;rosidl_typesupport_introspection_c
-- Using all available rosidl_typesupport_cpp: rosidl_typesupport_fastrtps_cpp;rosidl_typesupport_introspection_cpp
-- Found PythonInterp: /usr/bin/python3 (found suitable version "3.10.12", minimum required is "3.6") 
-- Found python_cmake_module: 0.10.0 (/opt/ros/humble/share/python_cmake_module/cmake)
-- Found PythonLibs: /usr/lib/x86_64-linux-gnu/libpython3.10.so (found suitable version "3.10.12", minimum required is "3.5") 
-- Using PYTHON_EXECUTABLE: /usr/bin/python3
-- Using PYTHON_INCLUDE_DIRS: /usr/include/python3.10
-- Using PYTHON_LIBRARIES: /usr/lib/x86_64-linux-gnu/libpython3.10.so
-- Found PythonExtra: .so  
-- Found ament_lint_auto: 0.12.15 (/opt/ros/humble/share/ament_lint_auto/cmake)
-- Added test 'lint_cmake' to check CMake code style
-- Added test 'xmllint' to check XML markup files
-- Configuring done
-- Generating done
-- Build files have been written to: /home/hrilab/connect4_ros/build/connect4_msgs
[  1%] Generating C code for ROS interfaces
[  3%] Generating Rust code for ROS interfaces
[  5%] Generating C++ code for ROS interfaces
[  5%] Built target ament_cmake_python_copy_connect4_msgs
running egg_info
creating connect4_msgs.egg-info
writing connect4_msgs.egg-info/PKG-INFO
writing dependency_links to connect4_msgs.egg-info/dependency_links.txt
writing top-level names to connect4_msgs.egg-info/top_level.txt
writing manifest file 'connect4_msgs.egg-info/SOURCES.txt'
[  5%] Built target connect4_msgs__rs
reading manifest file 'connect4_msgs.egg-info/SOURCES.txt'
writing manifest file 'connect4_msgs.egg-info/SOURCES.txt'
[  5%] Built target ament_cmake_python_build_connect4_msgs_egg
[  8%] Building C object CMakeFiles/connect4_msgs__rosidl_generator_c.dir/rosidl_generator_c/connect4_msgs/msg/detail/board_state__functions.c.o
[  8%] Building C object CMakeFiles/connect4_msgs__rosidl_generator_c.dir/rosidl_generator_c/connect4_msgs/action/detail/reset_board__functions.c.o
[ 12%] Building C object CMakeFiles/connect4_msgs__rosidl_generator_c.dir/rosidl_generator_c/connect4_msgs/action/detail/deliver_block__functions.c.o
[ 12%] Building C object CMakeFiles/connect4_msgs__rosidl_generator_c.dir/rosidl_generator_c/connect4_msgs/msg/detail/winner__functions.c.o
[ 12%] Built target connect4_msgs__cpp
[ 16%] Generating C++ introspection for ROS interfaces
[ 16%] Generating C++ type support for eProsima Fast-RTPS
[ 17%] Generating C++ type support dispatch for ROS interfaces
[ 19%] Linking C shared library libconnect4_msgs__rosidl_generator_c.so
[ 19%] Built target connect4_msgs__rosidl_generator_c
[ 21%] Generating C type support dispatch for ROS interfaces
[ 23%] Generating C introspection for ROS interfaces
[ 25%] Generating C type support for eProsima Fast-RTPS
[ 30%] Building CXX object CMakeFiles/connect4_msgs__rosidl_typesupport_cpp.dir/rosidl_typesupport_cpp/connect4_msgs/msg/winner__type_support.cpp.o
[ 30%] Building CXX object CMakeFiles/connect4_msgs__rosidl_typesupport_cpp.dir/rosidl_typesupport_cpp/connect4_msgs/msg/board_state__type_support.cpp.o
[ 30%] Building CXX object CMakeFiles/connect4_msgs__rosidl_typesupport_cpp.dir/rosidl_typesupport_cpp/connect4_msgs/action/reset_board__type_support.cpp.o
[ 32%] Building CXX object CMakeFiles/connect4_msgs__rosidl_typesupport_cpp.dir/rosidl_typesupport_cpp/connect4_msgs/action/deliver_block__type_support.cpp.o
[ 33%] Building CXX object CMakeFiles/connect4_msgs__rosidl_typesupport_introspection_cpp.dir/rosidl_typesupport_introspection_cpp/connect4_msgs/msg/detail/winner__type_support.cpp.o
[ 35%] Building CXX object CMakeFiles/connect4_msgs__rosidl_typesupport_introspection_cpp.dir/rosidl_typesupport_introspection_cpp/connect4_msgs/msg/detail/board_state__type_support.cpp.o
[ 37%] Building CXX object CMakeFiles/connect4_msgs__rosidl_typesupport_introspection_cpp.dir/rosidl_typesupport_introspection_cpp/connect4_msgs/action/detail/reset_board__type_support.cpp.o
[ 39%] Building CXX object CMakeFiles/connect4_msgs__rosidl_typesupport_introspection_cpp.dir/rosidl_typesupport_introspection_cpp/connect4_msgs/action/detail/deliver_block__type_support.cpp.o
[ 41%] Building CXX object CMakeFiles/connect4_msgs__rosidl_typesupport_c.dir/rosidl_typesupport_c/connect4_msgs/msg/board_state__type_support.cpp.o
[ 42%] Building CXX object CMakeFiles/connect4_msgs__rosidl_typesupport_c.dir/rosidl_typesupport_c/connect4_msgs/msg/winner__type_support.cpp.o
[ 44%] Building CXX object CMakeFiles/connect4_msgs__rosidl_typesupport_c.dir/rosidl_typesupport_c/connect4_msgs/action/deliver_block__type_support.cpp.o
[ 46%] Building CXX object CMakeFiles/connect4_msgs__rosidl_typesupport_c.dir/rosidl_typesupport_c/connect4_msgs/action/reset_board__type_support.cpp.o
[ 48%] Linking CXX shared library libconnect4_msgs__rosidl_typesupport_c.so
[ 50%] Building CXX object CMakeFiles/connect4_msgs__rosidl_typesupport_fastrtps_cpp.dir/rosidl_typesupport_fastrtps_cpp/connect4_msgs/msg/detail/dds_fastrtps/board_state__type_support.cpp.o
[ 51%] Building CXX object CMakeFiles/connect4_msgs__rosidl_typesupport_fastrtps_cpp.dir/rosidl_typesupport_fastrtps_cpp/connect4_msgs/msg/detail/dds_fastrtps/winner__type_support.cpp.o
[ 53%] Building CXX object CMakeFiles/connect4_msgs__rosidl_typesupport_fastrtps_cpp.dir/rosidl_typesupport_fastrtps_cpp/connect4_msgs/action/detail/dds_fastrtps/deliver_block__type_support.cpp.o
[ 53%] Built target connect4_msgs__rosidl_typesupport_c
[ 55%] Building CXX object CMakeFiles/connect4_msgs__rosidl_typesupport_fastrtps_cpp.dir/rosidl_typesupport_fastrtps_cpp/connect4_msgs/action/detail/dds_fastrtps/reset_board__type_support.cpp.o
[ 57%] Building C object CMakeFiles/connect4_msgs__rosidl_typesupport_introspection_c.dir/rosidl_typesupport_introspection_c/connect4_msgs/msg/detail/board_state__type_support.c.o
[ 58%] Building CXX object CMakeFiles/connect4_msgs__rosidl_typesupport_fastrtps_c.dir/rosidl_typesupport_fastrtps_c/connect4_msgs/msg/detail/board_state__type_support_c.cpp.o
[ 60%] Building C object CMakeFiles/connect4_msgs__rosidl_typesupport_introspection_c.dir/rosidl_typesupport_introspection_c/connect4_msgs/msg/detail/winner__type_support.c.o
[ 62%] Building CXX object CMakeFiles/connect4_msgs__rosidl_typesupport_fastrtps_c.dir/rosidl_typesupport_fastrtps_c/connect4_msgs/msg/detail/winner__type_support_c.cpp.o
[ 64%] Building C object CMakeFiles/connect4_msgs__rosidl_typesupport_introspection_c.dir/rosidl_typesupport_introspection_c/connect4_msgs/action/detail/deliver_block__type_support.c.o
[ 66%] Building C object CMakeFiles/connect4_msgs__rosidl_typesupport_introspection_c.dir/rosidl_typesupport_introspection_c/connect4_msgs/action/detail/reset_board__type_support.c.o
[ 67%] Building CXX object CMakeFiles/connect4_msgs__rosidl_typesupport_fastrtps_c.dir/rosidl_typesupport_fastrtps_c/connect4_msgs/action/detail/deliver_block__type_support_c.cpp.o
[ 69%] Linking CXX shared library libconnect4_msgs__rosidl_typesupport_cpp.so
[ 71%] Building CXX object CMakeFiles/connect4_msgs__rosidl_typesupport_fastrtps_c.dir/rosidl_typesupport_fastrtps_c/connect4_msgs/action/detail/reset_board__type_support_c.cpp.o
[ 73%] Linking C shared library libconnect4_msgs__rosidl_typesupport_introspection_c.so
[ 73%] Built target connect4_msgs__rosidl_typesupport_cpp
[ 73%] Built target connect4_msgs__rosidl_typesupport_introspection_c
[ 75%] Linking CXX shared library libconnect4_msgs__rosidl_typesupport_introspection_cpp.so
[ 75%] Built target connect4_msgs__rosidl_typesupport_introspection_cpp
[ 76%] Linking CXX shared library libconnect4_msgs__rosidl_typesupport_fastrtps_c.so
[ 78%] Linking CXX shared library libconnect4_msgs__rosidl_typesupport_fastrtps_cpp.so
[ 78%] Built target connect4_msgs__rosidl_typesupport_fastrtps_c
[ 78%] Built target connect4_msgs__rosidl_typesupport_fastrtps_cpp
[ 78%] Built target connect4_msgs
[ 80%] Generating Python code for ROS interfaces
[ 80%] Built target connect4_msgs__py
[ 85%] Building C object CMakeFiles/connect4_msgs__rosidl_generator_py.dir/rosidl_generator_py/connect4_msgs/msg/_winner_s.c.o
[ 85%] Building C object CMakeFiles/connect4_msgs__rosidl_generator_py.dir/rosidl_generator_py/connect4_msgs/action/_reset_board_s.c.o
[ 85%] Building C object CMakeFiles/connect4_msgs__rosidl_generator_py.dir/rosidl_generator_py/connect4_msgs/msg/_board_state_s.c.o
[ 87%] Building C object CMakeFiles/connect4_msgs__rosidl_generator_py.dir/rosidl_generator_py/connect4_msgs/action/_deliver_block_s.c.o
[ 89%] Linking C shared library rosidl_generator_py/connect4_msgs/libconnect4_msgs__rosidl_generator_py.so
[ 89%] Built target connect4_msgs__rosidl_generator_py
[ 92%] Building C object CMakeFiles/connect4_msgs__rosidl_typesupport_c__pyext.dir/rosidl_generator_py/connect4_msgs/_connect4_msgs_s.ep.rosidl_typesupport_c.c.o
[ 92%] Building C object CMakeFiles/connect4_msgs__rosidl_typesupport_fastrtps_c__pyext.dir/rosidl_generator_py/connect4_msgs/_connect4_msgs_s.ep.rosidl_typesupport_fastrtps_c.c.o
[ 94%] Building C object CMakeFiles/connect4_msgs__rosidl_typesupport_introspection_c__pyext.dir/rosidl_generator_py/connect4_msgs/_connect4_msgs_s.ep.rosidl_typesupport_introspection_c.c.o
[ 96%] Linking C shared library rosidl_generator_py/connect4_msgs/connect4_msgs_s__rosidl_typesupport_c.cpython-310-x86_64-linux-gnu.so
[ 98%] Linking C shared library rosidl_generator_py/connect4_msgs/connect4_msgs_s__rosidl_typesupport_introspection_c.cpython-310-x86_64-linux-gnu.so
[100%] Linking C shared library rosidl_generator_py/connect4_msgs/connect4_msgs_s__rosidl_typesupport_fastrtps_c.cpython-310-x86_64-linux-gnu.so
[100%] Built target connect4_msgs__rosidl_typesupport_c__pyext
[100%] Built target connect4_msgs__rosidl_typesupport_introspection_c__pyext
[100%] Built target connect4_msgs__rosidl_typesupport_fastrtps_c__pyext
-- Install configuration: ""
-- Installing: /home/hrilab/connect4_ros/install/connect4_msgs/share/ament_index/resource_index/rosidl_interfaces/connect4_msgs
-- Installing: /home/hrilab/connect4_ros/install/connect4_msgs/include/connect4_msgs/connect4_msgs
-- Installing: /home/hrilab/connect4_ros/install/connect4_msgs/include/connect4_msgs/connect4_msgs/action
-- Installing: /home/hrilab/connect4_ros/install/connect4_msgs/include/connect4_msgs/connect4_msgs/action/reset_board.h
-- Installing: /home/hrilab/connect4_ros/install/connect4_msgs/include/connect4_msgs/connect4_msgs/action/deliver_block.h
-- Installing: /home/hrilab/connect4_ros/install/connect4_msgs/include/connect4_msgs/connect4_msgs/action/detail
-- Installing: /home/hrilab/connect4_ros/install/connect4_msgs/include/connect4_msgs/connect4_msgs/action/detail/deliver_block__functions.h
-- Installing: /home/hrilab/connect4_ros/install/connect4_msgs/include/connect4_msgs/connect4_msgs/action/detail/deliver_block__struct.h
-- Installing: /home/hrilab/connect4_ros/install/connect4_msgs/include/connect4_msgs/connect4_msgs/action/detail/reset_board__functions.c
-- Installing: /home/hrilab/connect4_ros/install/connect4_msgs/include/connect4_msgs/connect4_msgs/action/detail/deliver_block__type_support.h
-- Installing: /home/hrilab/connect4_ros/install/connect4_msgs/include/connect4_msgs/connect4_msgs/action/detail/reset_board__functions.h
-- Installing: /home/hrilab/connect4_ros/install/connect4_msgs/include/connect4_msgs/connect4_msgs/action/detail/deliver_block__functions.c
-- Installing: /home/hrilab/connect4_ros/install/connect4_msgs/include/connect4_msgs/connect4_msgs/action/detail/reset_board__struct.h
-- Installing: /home/hrilab/connect4_ros/install/connect4_msgs/include/connect4_msgs/connect4_msgs/action/detail/reset_board__type_support.h
-- Installing: /home/hrilab/connect4_ros/install/connect4_msgs/include/connect4_msgs/connect4_msgs/msg
-- Installing: /home/hrilab/connect4_ros/install/connect4_msgs/include/connect4_msgs/connect4_msgs/msg/board_state.h
-- Installing: /home/hrilab/connect4_ros/install/connect4_msgs/include/connect4_msgs/connect4_msgs/msg/winner.h
-- Installing: /home/hrilab/connect4_ros/install/connect4_msgs/include/connect4_msgs/connect4_msgs/msg/rosidl_generator_c__visibility_control.h
-- Installing: /home/hrilab/connect4_ros/install/connect4_msgs/include/connect4_msgs/connect4_msgs/msg/detail
-- Installing: /home/hrilab/connect4_ros/install/connect4_msgs/include/connect4_msgs/connect4_msgs/msg/detail/board_state__functions.c
-- Installing: /home/hrilab/connect4_ros/install/connect4_msgs/include/connect4_msgs/connect4_msgs/msg/detail/board_state__functions.h
-- Installing: /home/hrilab/connect4_ros/install/connect4_msgs/include/connect4_msgs/connect4_msgs/msg/detail/winner__functions.h
-- Installing: /home/hrilab/connect4_ros/install/connect4_msgs/include/connect4_msgs/connect4_msgs/msg/detail/winner__functions.c
-- Installing: /home/hrilab/connect4_ros/install/connect4_msgs/include/connect4_msgs/connect4_msgs/msg/detail/board_state__type_support.h
-- Installing: /home/hrilab/connect4_ros/install/connect4_msgs/include/connect4_msgs/connect4_msgs/msg/detail/winner__type_support.h
-- Installing: /home/hrilab/connect4_ros/install/connect4_msgs/include/connect4_msgs/connect4_msgs/msg/detail/board_state__struct.h
-- Installing: /home/hrilab/connect4_ros/install/connect4_msgs/include/connect4_msgs/connect4_msgs/msg/detail/winner__struct.h
-- Installing: /home/hrilab/connect4_ros/install/connect4_msgs/share/connect4_msgs/environment/library_path.sh
-- Installing: /home/hrilab/connect4_ros/install/connect4_msgs/share/connect4_msgs/environment/library_path.dsv
-- Installing: /home/hrilab/connect4_ros/install/connect4_msgs/lib/libconnect4_msgs__rosidl_generator_c.so
-- Set runtime path of "/home/hrilab/connect4_ros/install/connect4_msgs/lib/libconnect4_msgs__rosidl_generator_c.so" to ""
-- Up-to-date: /home/hrilab/connect4_ros/install/connect4_msgs/include/connect4_msgs/connect4_msgs
-- Up-to-date: /home/hrilab/connect4_ros/install/connect4_msgs/include/connect4_msgs/connect4_msgs/action
-- Up-to-date: /home/hrilab/connect4_ros/install/connect4_msgs/include/connect4_msgs/connect4_msgs/action/detail
-- Installing: /home/hrilab/connect4_ros/install/connect4_msgs/include/connect4_msgs/connect4_msgs/action/detail/reset_board__rosidl_typesupport_fastrtps_c.h
-- Installing: /home/hrilab/connect4_ros/install/connect4_msgs/include/connect4_msgs/connect4_msgs/action/detail/deliver_block__rosidl_typesupport_fastrtps_c.h
-- Up-to-date: /home/hrilab/connect4_ros/install/connect4_msgs/include/connect4_msgs/connect4_msgs/msg
-- Installing: /home/hrilab/connect4_ros/install/connect4_msgs/include/connect4_msgs/connect4_msgs/msg/rosidl_typesupport_fastrtps_c__visibility_control.h
-- Up-to-date: /home/hrilab/connect4_ros/install/connect4_msgs/include/connect4_msgs/connect4_msgs/msg/detail
-- Installing: /home/hrilab/connect4_ros/install/connect4_msgs/include/connect4_msgs/connect4_msgs/msg/detail/winner__rosidl_typesupport_fastrtps_c.h
-- Installing: /home/hrilab/connect4_ros/install/connect4_msgs/include/connect4_msgs/connect4_msgs/msg/detail/board_state__rosidl_typesupport_fastrtps_c.h
-- Installing: /home/hrilab/connect4_ros/install/connect4_msgs/lib/libconnect4_msgs__rosidl_typesupport_fastrtps_c.so
-- Set runtime path of "/home/hrilab/connect4_ros/install/connect4_msgs/lib/libconnect4_msgs__rosidl_typesupport_fastrtps_c.so" to ""
-- Up-to-date: /home/hrilab/connect4_ros/install/connect4_msgs/include/connect4_msgs/connect4_msgs
-- Up-to-date: /home/hrilab/connect4_ros/install/connect4_msgs/include/connect4_msgs/connect4_msgs/action
-- Up-to-date: /home/hrilab/connect4_ros/install/connect4_msgs/include/connect4_msgs/connect4_msgs/action/detail
-- Installing: /home/hrilab/connect4_ros/install/connect4_msgs/include/connect4_msgs/connect4_msgs/action/detail/reset_board__type_support.c
-- Installing: /home/hrilab/connect4_ros/install/connect4_msgs/include/connect4_msgs/connect4_msgs/action/detail/reset_board__rosidl_typesupport_introspection_c.h
-- Installing: /home/hrilab/connect4_ros/install/connect4_msgs/include/connect4_msgs/connect4_msgs/action/detail/deliver_block__type_support.c
-- Installing: /home/hrilab/connect4_ros/install/connect4_msgs/include/connect4_msgs/connect4_msgs/action/detail/deliver_block__rosidl_typesupport_introspection_c.h
-- Up-to-date: /home/hrilab/connect4_ros/install/connect4_msgs/include/connect4_msgs/connect4_msgs/msg
-- Installing: /home/hrilab/connect4_ros/install/connect4_msgs/include/connect4_msgs/connect4_msgs/msg/rosidl_typesupport_introspection_c__visibility_control.h
-- Up-to-date: /home/hrilab/connect4_ros/install/connect4_msgs/include/connect4_msgs/connect4_msgs/msg/detail
-- Installing: /home/hrilab/connect4_ros/install/connect4_msgs/include/connect4_msgs/connect4_msgs/msg/detail/winner__type_support.c
-- Installing: /home/hrilab/connect4_ros/install/connect4_msgs/include/connect4_msgs/connect4_msgs/msg/detail/board_state__type_support.c
-- Installing: /home/hrilab/connect4_ros/install/connect4_msgs/include/connect4_msgs/connect4_msgs/msg/detail/board_state__rosidl_typesupport_introspection_c.h
-- Installing: /home/hrilab/connect4_ros/install/connect4_msgs/include/connect4_msgs/connect4_msgs/msg/detail/winner__rosidl_typesupport_introspection_c.h
-- Installing: /home/hrilab/connect4_ros/install/connect4_msgs/lib/libconnect4_msgs__rosidl_typesupport_introspection_c.so
-- Set runtime path of "/home/hrilab/connect4_ros/install/connect4_msgs/lib/libconnect4_msgs__rosidl_typesupport_introspection_c.so" to ""
-- Installing: /home/hrilab/connect4_ros/install/connect4_msgs/lib/libconnect4_msgs__rosidl_typesupport_c.so
-- Set runtime path of "/home/hrilab/connect4_ros/install/connect4_msgs/lib/libconnect4_msgs__rosidl_typesupport_c.so" to ""
-- Up-to-date: /home/hrilab/connect4_ros/install/connect4_msgs/include/connect4_msgs/connect4_msgs
-- Up-to-date: /home/hrilab/connect4_ros/install/connect4_msgs/include/connect4_msgs/connect4_msgs/action
-- Installing: /home/hrilab/connect4_ros/install/connect4_msgs/include/connect4_msgs/connect4_msgs/action/reset_board.hpp
-- Installing: /home/hrilab/connect4_ros/install/connect4_msgs/include/connect4_msgs/connect4_msgs/action/deliver_block.hpp
-- Up-to-date: /home/hrilab/connect4_ros/install/connect4_msgs/include/connect4_msgs/connect4_msgs/action/detail
-- Installing: /home/hrilab/connect4_ros/install/connect4_msgs/include/connect4_msgs/connect4_msgs/action/detail/deliver_block__type_support.hpp
-- Installing: /home/hrilab/connect4_ros/install/connect4_msgs/include/connect4_msgs/connect4_msgs/action/detail/reset_board__struct.hpp
-- Installing: /home/hrilab/connect4_ros/install/connect4_msgs/include/connect4_msgs/connect4_msgs/action/detail/reset_board__builder.hpp
-- Installing: /home/hrilab/connect4_ros/install/connect4_msgs/include/connect4_msgs/connect4_msgs/action/detail/reset_board__traits.hpp
-- Installing: /home/hrilab/connect4_ros/install/connect4_msgs/include/connect4_msgs/connect4_msgs/action/detail/reset_board__type_support.hpp
-- Installing: /home/hrilab/connect4_ros/install/connect4_msgs/include/connect4_msgs/connect4_msgs/action/detail/deliver_block__builder.hpp
-- Installing: /home/hrilab/connect4_ros/install/connect4_msgs/include/connect4_msgs/connect4_msgs/action/detail/deliver_block__struct.hpp
-- Installing: /home/hrilab/connect4_ros/install/connect4_msgs/include/connect4_msgs/connect4_msgs/action/detail/deliver_block__traits.hpp
-- Up-to-date: /home/hrilab/connect4_ros/install/connect4_msgs/include/connect4_msgs/connect4_msgs/msg
-- Installing: /home/hrilab/connect4_ros/install/connect4_msgs/include/connect4_msgs/connect4_msgs/msg/board_state.hpp
-- Installing: /home/hrilab/connect4_ros/install/connect4_msgs/include/connect4_msgs/connect4_msgs/msg/winner.hpp
-- Up-to-date: /home/hrilab/connect4_ros/install/connect4_msgs/include/connect4_msgs/connect4_msgs/msg/detail
-- Installing: /home/hrilab/connect4_ros/install/connect4_msgs/include/connect4_msgs/connect4_msgs/msg/detail/board_state__struct.hpp
-- Installing: /home/hrilab/connect4_ros/install/connect4_msgs/include/connect4_msgs/connect4_msgs/msg/detail/winner__type_support.hpp
-- Installing: /home/hrilab/connect4_ros/install/connect4_msgs/include/connect4_msgs/connect4_msgs/msg/detail/winner__struct.hpp
-- Installing: /home/hrilab/connect4_ros/install/connect4_msgs/include/connect4_msgs/connect4_msgs/msg/detail/winner__traits.hpp
-- Installing: /home/hrilab/connect4_ros/install/connect4_msgs/include/connect4_msgs/connect4_msgs/msg/detail/board_state__type_support.hpp
-- Installing: /home/hrilab/connect4_ros/install/connect4_msgs/include/connect4_msgs/connect4_msgs/msg/detail/winner__builder.hpp
-- Installing: /home/hrilab/connect4_ros/install/connect4_msgs/include/connect4_msgs/connect4_msgs/msg/detail/board_state__builder.hpp
-- Installing: /home/hrilab/connect4_ros/install/connect4_msgs/include/connect4_msgs/connect4_msgs/msg/detail/board_state__traits.hpp
-- Installing: /home/hrilab/connect4_ros/install/connect4_msgs/include/connect4_msgs/connect4_msgs/msg/rosidl_generator_cpp__visibility_control.hpp
-- Up-to-date: /home/hrilab/connect4_ros/install/connect4_msgs/include/connect4_msgs/connect4_msgs
-- Up-to-date: /home/hrilab/connect4_ros/install/connect4_msgs/include/connect4_msgs/connect4_msgs/action
-- Up-to-date: /home/hrilab/connect4_ros/install/connect4_msgs/include/connect4_msgs/connect4_msgs/action/detail
-- Installing: /home/hrilab/connect4_ros/install/connect4_msgs/include/connect4_msgs/connect4_msgs/action/detail/deliver_block__rosidl_typesupport_fastrtps_cpp.hpp
-- Installing: /home/hrilab/connect4_ros/install/connect4_msgs/include/connect4_msgs/connect4_msgs/action/detail/reset_board__rosidl_typesupport_fastrtps_cpp.hpp
-- Installing: /home/hrilab/connect4_ros/install/connect4_msgs/include/connect4_msgs/connect4_msgs/action/detail/dds_fastrtps
-- Up-to-date: /home/hrilab/connect4_ros/install/connect4_msgs/include/connect4_msgs/connect4_msgs/msg
-- Installing: /home/hrilab/connect4_ros/install/connect4_msgs/include/connect4_msgs/connect4_msgs/msg/rosidl_typesupport_fastrtps_cpp__visibility_control.h
-- Up-to-date: /home/hrilab/connect4_ros/install/connect4_msgs/include/connect4_msgs/connect4_msgs/msg/detail
-- Installing: /home/hrilab/connect4_ros/install/connect4_msgs/include/connect4_msgs/connect4_msgs/msg/detail/winner__rosidl_typesupport_fastrtps_cpp.hpp
-- Installing: /home/hrilab/connect4_ros/install/connect4_msgs/include/connect4_msgs/connect4_msgs/msg/detail/dds_fastrtps
-- Installing: /home/hrilab/connect4_ros/install/connect4_msgs/include/connect4_msgs/connect4_msgs/msg/detail/board_state__rosidl_typesupport_fastrtps_cpp.hpp
-- Installing: /home/hrilab/connect4_ros/install/connect4_msgs/lib/libconnect4_msgs__rosidl_typesupport_fastrtps_cpp.so
-- Set runtime path of "/home/hrilab/connect4_ros/install/connect4_msgs/lib/libconnect4_msgs__rosidl_typesupport_fastrtps_cpp.so" to ""
-- Up-to-date: /home/hrilab/connect4_ros/install/connect4_msgs/include/connect4_msgs/connect4_msgs
-- Up-to-date: /home/hrilab/connect4_ros/install/connect4_msgs/include/connect4_msgs/connect4_msgs/action
-- Up-to-date: /home/hrilab/connect4_ros/install/connect4_msgs/include/connect4_msgs/connect4_msgs/action/detail
-- Installing: /home/hrilab/connect4_ros/install/connect4_msgs/include/connect4_msgs/connect4_msgs/action/detail/reset_board__type_support.cpp
-- Installing: /home/hrilab/connect4_ros/install/connect4_msgs/include/connect4_msgs/connect4_msgs/action/detail/deliver_block__rosidl_typesupport_introspection_cpp.hpp
-- Installing: /home/hrilab/connect4_ros/install/connect4_msgs/include/connect4_msgs/connect4_msgs/action/detail/deliver_block__type_support.cpp
-- Installing: /home/hrilab/connect4_ros/install/connect4_msgs/include/connect4_msgs/connect4_msgs/action/detail/reset_board__rosidl_typesupport_introspection_cpp.hpp
-- Up-to-date: /home/hrilab/connect4_ros/install/connect4_msgs/include/connect4_msgs/connect4_msgs/msg
-- Up-to-date: /home/hrilab/connect4_ros/install/connect4_msgs/include/connect4_msgs/connect4_msgs/msg/detail
-- Installing: /home/hrilab/connect4_ros/install/connect4_msgs/include/connect4_msgs/connect4_msgs/msg/detail/winner__rosidl_typesupport_introspection_cpp.hpp
-- Installing: /home/hrilab/connect4_ros/install/connect4_msgs/include/connect4_msgs/connect4_msgs/msg/detail/winner__type_support.cpp
-- Installing: /home/hrilab/connect4_ros/install/connect4_msgs/include/connect4_msgs/connect4_msgs/msg/detail/board_state__type_support.cpp
-- Installing: /home/hrilab/connect4_ros/install/connect4_msgs/include/connect4_msgs/connect4_msgs/msg/detail/board_state__rosidl_typesupport_introspection_cpp.hpp
-- Installing: /home/hrilab/connect4_ros/install/connect4_msgs/lib/libconnect4_msgs__rosidl_typesupport_introspection_cpp.so
-- Set runtime path of "/home/hrilab/connect4_ros/install/connect4_msgs/lib/libconnect4_msgs__rosidl_typesupport_introspection_cpp.so" to ""
-- Installing: /home/hrilab/connect4_ros/install/connect4_msgs/lib/libconnect4_msgs__rosidl_typesupport_cpp.so
-- Set runtime path of "/home/hrilab/connect4_ros/install/connect4_msgs/lib/libconnect4_msgs__rosidl_typesupport_cpp.so" to ""
-- Installing: /home/hrilab/connect4_ros/install/connect4_msgs/share/connect4_msgs/environment/pythonpath.sh
-- Installing: /home/hrilab/connect4_ros/install/connect4_msgs/share/connect4_msgs/environment/pythonpath.dsv
-- Installing: /home/hrilab/connect4_ros/install/connect4_msgs/local/lib/python3.10/dist-packages/connect4_msgs-0.0.0-py3.10.egg-info
-- Installing: /home/hrilab/connect4_ros/install/connect4_msgs/local/lib/python3.10/dist-packages/connect4_msgs-0.0.0-py3.10.egg-info/top_level.txt
-- Installing: /home/hrilab/connect4_ros/install/connect4_msgs/local/lib/python3.10/dist-packages/connect4_msgs-0.0.0-py3.10.egg-info/SOURCES.txt
-- Installing: /home/hrilab/connect4_ros/install/connect4_msgs/local/lib/python3.10/dist-packages/connect4_msgs-0.0.0-py3.10.egg-info/PKG-INFO
-- Installing: /home/hrilab/connect4_ros/install/connect4_msgs/local/lib/python3.10/dist-packages/connect4_msgs-0.0.0-py3.10.egg-info/dependency_links.txt
-- Installing: /home/hrilab/connect4_ros/install/connect4_msgs/local/lib/python3.10/dist-packages/connect4_msgs
-- Installing: /home/hrilab/connect4_ros/install/connect4_msgs/local/lib/python3.10/dist-packages/connect4_msgs/__init__.py
-- Installing: /home/hrilab/connect4_ros/install/connect4_msgs/local/lib/python3.10/dist-packages/connect4_msgs/libconnect4_msgs__rosidl_generator_py.so
-- Installing: /home/hrilab/connect4_ros/install/connect4_msgs/local/lib/python3.10/dist-packages/connect4_msgs/connect4_msgs_s__rosidl_typesupport_introspection_c.cpython-310-x86_64-linux-gnu.so
-- Installing: /home/hrilab/connect4_ros/install/connect4_msgs/local/lib/python3.10/dist-packages/connect4_msgs/_connect4_msgs_s.ep.rosidl_typesupport_c.c
-- Installing: /home/hrilab/connect4_ros/install/connect4_msgs/local/lib/python3.10/dist-packages/connect4_msgs/action
-- Installing: /home/hrilab/connect4_ros/install/connect4_msgs/local/lib/python3.10/dist-packages/connect4_msgs/action/_deliver_block.py
-- Installing: /home/hrilab/connect4_ros/install/connect4_msgs/local/lib/python3.10/dist-packages/connect4_msgs/action/__init__.py
-- Installing: /home/hrilab/connect4_ros/install/connect4_msgs/local/lib/python3.10/dist-packages/connect4_msgs/action/_deliver_block_s.c
-- Installing: /home/hrilab/connect4_ros/install/connect4_msgs/local/lib/python3.10/dist-packages/connect4_msgs/action/_reset_board.py
-- Installing: /home/hrilab/connect4_ros/install/connect4_msgs/local/lib/python3.10/dist-packages/connect4_msgs/action/_reset_board_s.c
-- Installing: /home/hrilab/connect4_ros/install/connect4_msgs/local/lib/python3.10/dist-packages/connect4_msgs/_connect4_msgs_s.ep.rosidl_typesupport_fastrtps_c.c
-- Installing: /home/hrilab/connect4_ros/install/connect4_msgs/local/lib/python3.10/dist-packages/connect4_msgs/_connect4_msgs_s.ep.rosidl_typesupport_introspection_c.c
-- Installing: /home/hrilab/connect4_ros/install/connect4_msgs/local/lib/python3.10/dist-packages/connect4_msgs/connect4_msgs_s__rosidl_typesupport_fastrtps_c.cpython-310-x86_64-linux-gnu.so
-- Installing: /home/hrilab/connect4_ros/install/connect4_msgs/local/lib/python3.10/dist-packages/connect4_msgs/connect4_msgs_s__rosidl_typesupport_c.cpython-310-x86_64-linux-gnu.so
-- Installing: /home/hrilab/connect4_ros/install/connect4_msgs/local/lib/python3.10/dist-packages/connect4_msgs/msg
-- Installing: /home/hrilab/connect4_ros/install/connect4_msgs/local/lib/python3.10/dist-packages/connect4_msgs/msg/__init__.py
-- Installing: /home/hrilab/connect4_ros/install/connect4_msgs/local/lib/python3.10/dist-packages/connect4_msgs/msg/_board_state.py
-- Installing: /home/hrilab/connect4_ros/install/connect4_msgs/local/lib/python3.10/dist-packages/connect4_msgs/msg/_winner_s.c
-- Installing: /home/hrilab/connect4_ros/install/connect4_msgs/local/lib/python3.10/dist-packages/connect4_msgs/msg/_board_state_s.c
-- Installing: /home/hrilab/connect4_ros/install/connect4_msgs/local/lib/python3.10/dist-packages/connect4_msgs/msg/_winner.py
Listing '/home/hrilab/connect4_ros/install/connect4_msgs/local/lib/python3.10/dist-packages/connect4_msgs'...
Compiling '/home/hrilab/connect4_ros/install/connect4_msgs/local/lib/python3.10/dist-packages/connect4_msgs/__init__.py'...
Listing '/home/hrilab/connect4_ros/install/connect4_msgs/local/lib/python3.10/dist-packages/connect4_msgs/action'...
Compiling '/home/hrilab/connect4_ros/install/connect4_msgs/local/lib/python3.10/dist-packages/connect4_msgs/action/__init__.py'...
Compiling '/home/hrilab/connect4_ros/install/connect4_msgs/local/lib/python3.10/dist-packages/connect4_msgs/action/_deliver_block.py'...
Compiling '/home/hrilab/connect4_ros/install/connect4_msgs/local/lib/python3.10/dist-packages/connect4_msgs/action/_reset_board.py'...
Listing '/home/hrilab/connect4_ros/install/connect4_msgs/local/lib/python3.10/dist-packages/connect4_msgs/msg'...
Compiling '/home/hrilab/connect4_ros/install/connect4_msgs/local/lib/python3.10/dist-packages/connect4_msgs/msg/__init__.py'...
Compiling '/home/hrilab/connect4_ros/install/connect4_msgs/local/lib/python3.10/dist-packages/connect4_msgs/msg/_board_state.py'...
Compiling '/home/hrilab/connect4_ros/install/connect4_msgs/local/lib/python3.10/dist-packages/connect4_msgs/msg/_winner.py'...
-- Installing: /home/hrilab/connect4_ros/install/connect4_msgs/local/lib/python3.10/dist-packages/connect4_msgs/connect4_msgs_s__rosidl_typesupport_fastrtps_c.cpython-310-x86_64-linux-gnu.so
-- Set runtime path of "/home/hrilab/connect4_ros/install/connect4_msgs/local/lib/python3.10/dist-packages/connect4_msgs/connect4_msgs_s__rosidl_typesupport_fastrtps_c.cpython-310-x86_64-linux-gnu.so" to ""
-- Installing: /home/hrilab/connect4_ros/install/connect4_msgs/local/lib/python3.10/dist-packages/connect4_msgs/connect4_msgs_s__rosidl_typesupport_introspection_c.cpython-310-x86_64-linux-gnu.so
-- Set runtime path of "/home/hrilab/connect4_ros/install/connect4_msgs/local/lib/python3.10/dist-packages/connect4_msgs/connect4_msgs_s__rosidl_typesupport_introspection_c.cpython-310-x86_64-linux-gnu.so" to ""
-- Installing: /home/hrilab/connect4_ros/install/connect4_msgs/local/lib/python3.10/dist-packages/connect4_msgs/connect4_msgs_s__rosidl_typesupport_c.cpython-310-x86_64-linux-gnu.so
-- Set runtime path of "/home/hrilab/connect4_ros/install/connect4_msgs/local/lib/python3.10/dist-packages/connect4_msgs/connect4_msgs_s__rosidl_typesupport_c.cpython-310-x86_64-linux-gnu.so" to ""
-- Installing: /home/hrilab/connect4_ros/install/connect4_msgs/lib/libconnect4_msgs__rosidl_generator_py.so
-- Set runtime path of "/home/hrilab/connect4_ros/install/connect4_msgs/lib/libconnect4_msgs__rosidl_generator_py.so" to ""
-- Installing: /home/hrilab/connect4_ros/install/connect4_msgs/share/ament_index/resource_index/rust_packages/connect4_msgs
-- Installing: /home/hrilab/connect4_ros/install/connect4_msgs/share/connect4_msgs/rust
-- Installing: /home/hrilab/connect4_ros/install/connect4_msgs/share/connect4_msgs/rust/Cargo.toml
-- Installing: /home/hrilab/connect4_ros/install/connect4_msgs/share/connect4_msgs/rust/src
-- Installing: /home/hrilab/connect4_ros/install/connect4_msgs/share/connect4_msgs/rust/src/msg.rs
-- Installing: /home/hrilab/connect4_ros/install/connect4_msgs/share/connect4_msgs/rust/src/lib.rs
-- Installing: /home/hrilab/connect4_ros/install/connect4_msgs/share/connect4_msgs/rust/src/action
-- Installing: /home/hrilab/connect4_ros/install/connect4_msgs/share/connect4_msgs/rust/src/action/rmw.rs
-- Installing: /home/hrilab/connect4_ros/install/connect4_msgs/share/connect4_msgs/rust/src/action.rs
-- Installing: /home/hrilab/connect4_ros/install/connect4_msgs/share/connect4_msgs/rust/src/msg
-- Installing: /home/hrilab/connect4_ros/install/connect4_msgs/share/connect4_msgs/rust/src/msg/rmw.rs
-- Installing: /home/hrilab/connect4_ros/install/connect4_msgs/share/connect4_msgs/rust/build.rs
-- Installing: /home/hrilab/connect4_ros/install/connect4_msgs/share/connect4_msgs/msg/BoardState.idl
-- Installing: /home/hrilab/connect4_ros/install/connect4_msgs/share/connect4_msgs/msg/Winner.idl
-- Installing: /home/hrilab/connect4_ros/install/connect4_msgs/share/connect4_msgs/action/DeliverBlock.idl
-- Installing: /home/hrilab/connect4_ros/install/connect4_msgs/share/connect4_msgs/action/ResetBoard.idl
-- Installing: /home/hrilab/connect4_ros/install/connect4_msgs/share/connect4_msgs/msg/BoardState.msg
-- Installing: /home/hrilab/connect4_ros/install/connect4_msgs/share/connect4_msgs/msg/Winner.msg
-- Installing: /home/hrilab/connect4_ros/install/connect4_msgs/share/connect4_msgs/action/DeliverBlock.action
-- Installing: /home/hrilab/connect4_ros/install/connect4_msgs/share/connect4_msgs/action/ResetBoard.action
-- Installing: /home/hrilab/connect4_ros/install/connect4_msgs/share/ament_index/resource_index/package_run_dependencies/connect4_msgs
-- Installing: /home/hrilab/connect4_ros/install/connect4_msgs/share/ament_index/resource_index/parent_prefix_path/connect4_msgs
-- Installing: /home/hrilab/connect4_ros/install/connect4_msgs/share/connect4_msgs/environment/ament_prefix_path.sh
-- Installing: /home/hrilab/connect4_ros/install/connect4_msgs/share/connect4_msgs/environment/ament_prefix_path.dsv
-- Installing: /home/hrilab/connect4_ros/install/connect4_msgs/share/connect4_msgs/environment/path.sh
-- Installing: /home/hrilab/connect4_ros/install/connect4_msgs/share/connect4_msgs/environment/path.dsv
-- Installing: /home/hrilab/connect4_ros/install/connect4_msgs/share/connect4_msgs/local_setup.bash
-- Installing: /home/hrilab/connect4_ros/install/connect4_msgs/share/connect4_msgs/local_setup.sh
-- Installing: /home/hrilab/connect4_ros/install/connect4_msgs/share/connect4_msgs/local_setup.zsh
-- Installing: /home/hrilab/connect4_ros/install/connect4_msgs/share/connect4_msgs/local_setup.dsv
-- Installing: /home/hrilab/connect4_ros/install/connect4_msgs/share/connect4_msgs/package.dsv
-- Installing: /home/hrilab/connect4_ros/install/connect4_msgs/share/ament_index/resource_index/packages/connect4_msgs
-- Installing: /home/hrilab/connect4_ros/install/connect4_msgs/share/connect4_msgs/cmake/export_connect4_msgs__rosidl_generator_cExport.cmake
-- Installing: /home/hrilab/connect4_ros/install/connect4_msgs/share/connect4_msgs/cmake/export_connect4_msgs__rosidl_generator_cExport-noconfig.cmake
-- Installing: /home/hrilab/connect4_ros/install/connect4_msgs/share/connect4_msgs/cmake/export_connect4_msgs__rosidl_typesupport_fastrtps_cExport.cmake
-- Installing: /home/hrilab/connect4_ros/install/connect4_msgs/share/connect4_msgs/cmake/export_connect4_msgs__rosidl_typesupport_fastrtps_cExport-noconfig.cmake
-- Installing: /home/hrilab/connect4_ros/install/connect4_msgs/share/connect4_msgs/cmake/connect4_msgs__rosidl_typesupport_introspection_cExport.cmake
-- Installing: /home/hrilab/connect4_ros/install/connect4_msgs/share/connect4_msgs/cmake/connect4_msgs__rosidl_typesupport_introspection_cExport-noconfig.cmake
-- Installing: /home/hrilab/connect4_ros/install/connect4_msgs/share/connect4_msgs/cmake/connect4_msgs__rosidl_typesupport_cExport.cmake
-- Installing: /home/hrilab/connect4_ros/install/connect4_msgs/share/connect4_msgs/cmake/connect4_msgs__rosidl_typesupport_cExport-noconfig.cmake
-- Installing: /home/hrilab/connect4_ros/install/connect4_msgs/share/connect4_msgs/cmake/export_connect4_msgs__rosidl_generator_cppExport.cmake
-- Installing: /home/hrilab/connect4_ros/install/connect4_msgs/share/connect4_msgs/cmake/export_connect4_msgs__rosidl_typesupport_fastrtps_cppExport.cmake
-- Installing: /home/hrilab/connect4_ros/install/connect4_msgs/share/connect4_msgs/cmake/export_connect4_msgs__rosidl_typesupport_fastrtps_cppExport-noconfig.cmake
-- Installing: /home/hrilab/connect4_ros/install/connect4_msgs/share/connect4_msgs/cmake/connect4_msgs__rosidl_typesupport_introspection_cppExport.cmake
-- Installing: /home/hrilab/connect4_ros/install/connect4_msgs/share/connect4_msgs/cmake/connect4_msgs__rosidl_typesupport_introspection_cppExport-noconfig.cmake
-- Installing: /home/hrilab/connect4_ros/install/connect4_msgs/share/connect4_msgs/cmake/connect4_msgs__rosidl_typesupport_cppExport.cmake
-- Installing: /home/hrilab/connect4_ros/install/connect4_msgs/share/connect4_msgs/cmake/connect4_msgs__rosidl_typesupport_cppExport-noconfig.cmake
-- Installing: /home/hrilab/connect4_ros/install/connect4_msgs/share/connect4_msgs/cmake/export_connect4_msgs__rosidl_generator_pyExport.cmake
-- Installing: /home/hrilab/connect4_ros/install/connect4_msgs/share/connect4_msgs/cmake/export_connect4_msgs__rosidl_generator_pyExport-noconfig.cmake
-- Installing: /home/hrilab/connect4_ros/install/connect4_msgs/share/connect4_msgs/cmake/rosidl_cmake-extras.cmake
-- Installing: /home/hrilab/connect4_ros/install/connect4_msgs/share/connect4_msgs/cmake/ament_cmake_export_dependencies-extras.cmake
-- Installing: /home/hrilab/connect4_ros/install/connect4_msgs/share/connect4_msgs/cmake/ament_cmake_export_include_directories-extras.cmake
-- Installing: /home/hrilab/connect4_ros/install/connect4_msgs/share/connect4_msgs/cmake/ament_cmake_export_libraries-extras.cmake
-- Installing: /home/hrilab/connect4_ros/install/connect4_msgs/share/connect4_msgs/cmake/ament_cmake_export_targets-extras.cmake
-- Installing: /home/hrilab/connect4_ros/install/connect4_msgs/share/connect4_msgs/cmake/rosidl_cmake_export_typesupport_targets-extras.cmake
-- Installing: /home/hrilab/connect4_ros/install/connect4_msgs/share/connect4_msgs/cmake/rosidl_cmake_export_typesupport_libraries-extras.cmake
-- Installing: /home/hrilab/connect4_ros/install/connect4_msgs/share/connect4_msgs/cmake/connect4_msgsConfig.cmake
-- Installing: /home/hrilab/connect4_ros/install/connect4_msgs/share/connect4_msgs/cmake/connect4_msgsConfig-version.cmake
-- Installing: /home/hrilab/connect4_ros/install/connect4_msgs/share/connect4_msgs/package.xml
