[0.011s] Invoking command in '/home/hrilab/connect4_ros/build/connect4_msgs': CMAKE_PREFIX_PATH=/opt/ros/humble CONDA_PROMPT_MODIFIER=(base) /usr/bin/cmake /home/hrilab/connect4_ros/src/connect4_msgs -DCMAKE_INSTALL_PREFIX=/home/hrilab/connect4_ros/install/connect4_msgs
[0.072s] -- The C compiler identification is GNU 11.4.0
[0.140s] -- The CXX compiler identification is GNU 11.4.0
[0.151s] -- Detecting C compiler ABI info
[0.273s] -- Detecting C compiler ABI info - done
[0.284s] -- Check for working C compiler: /usr/bin/cc - skipped
[0.284s] -- Detecting C compile features
[0.285s] -- Detecting C compile features - done
[0.289s] -- Detecting CXX compiler ABI info
[0.396s] -- Detecting CXX compiler ABI info - done
[0.421s] -- Check for working CXX compiler: /usr/bin/c++ - skipped
[0.422s] -- Detecting CXX compile features
[0.423s] -- Detecting CXX compile features - done
[0.430s] -- Found ament_cmake: 1.3.14 (/opt/ros/humble/share/ament_cmake/cmake)
[0.895s] -- Found Python3: /usr/bin/python3 (found version "3.10.12") found components: Interpreter 
[1.053s] -- Found rosidl_default_generators: 1.2.1 (/opt/ros/humble/share/rosidl_default_generators/cmake)
[1.060s] -- Using all available rosidl_typesupport_c: rosidl_typesupport_fastrtps_c;rosidl_typesupport_introspection_c
[1.076s] -- Found rosidl_adapter: 3.1.8 (/opt/ros/humble/share/rosidl_adapter/cmake)
[1.136s] -- Using all available rosidl_typesupport_cpp: rosidl_typesupport_fastrtps_cpp;rosidl_typesupport_introspection_cpp
[1.180s] -- Found rosidl_default_runtime: 1.2.1 (/opt/ros/humble/share/rosidl_default_runtime/cmake)
[1.183s] -- Found builtin_interfaces: 1.2.2 (/opt/ros/humble/share/builtin_interfaces/cmake)
[1.195s] -- Found action_msgs: 1.2.2 (/opt/ros/humble/share/action_msgs/cmake)
[1.653s] -- Found ament_cmake_ros: 0.10.0 (/opt/ros/humble/share/ament_cmake_ros/cmake)
[1.970s] -- Using all available rosidl_typesupport_c: rosidl_typesupport_fastrtps_c;rosidl_typesupport_introspection_c
[2.354s] -- Using all available rosidl_typesupport_cpp: rosidl_typesupport_fastrtps_cpp;rosidl_typesupport_introspection_cpp
[2.386s] -- Found PythonInterp: /usr/bin/python3 (found suitable version "3.10.12", minimum required is "3.6") 
[2.388s] -- Found python_cmake_module: 0.10.0 (/opt/ros/humble/share/python_cmake_module/cmake)
[2.448s] -- Found PythonLibs: /usr/lib/x86_64-linux-gnu/libpython3.10.so (found suitable version "3.10.12", minimum required is "3.5") 
[2.449s] -- Using PYTHON_EXECUTABLE: /usr/bin/python3
[2.449s] -- Using PYTHON_INCLUDE_DIRS: /usr/include/python3.10
[2.449s] -- Using PYTHON_LIBRARIES: /usr/lib/x86_64-linux-gnu/libpython3.10.so
[2.479s] -- Found PythonExtra: .so  
[2.664s] -- Found ament_lint_auto: 0.12.15 (/opt/ros/humble/share/ament_lint_auto/cmake)
[2.703s] -- Added test 'lint_cmake' to check CMake code style
[2.705s] -- Added test 'xmllint' to check XML markup files
[2.710s] -- Configuring done
[2.772s] -- Generating done
[2.788s] -- Build files have been written to: /home/hrilab/connect4_ros/build/connect4_msgs
[2.800s] Invoked command in '/home/hrilab/connect4_ros/build/connect4_msgs' returned '0': CMAKE_PREFIX_PATH=/opt/ros/humble CONDA_PROMPT_MODIFIER=(base) /usr/bin/cmake /home/hrilab/connect4_ros/src/connect4_msgs -DCMAKE_INSTALL_PREFIX=/home/hrilab/connect4_ros/install/connect4_msgs
[2.804s] Invoking command in '/home/hrilab/connect4_ros/build/connect4_msgs': CMAKE_PREFIX_PATH=/opt/ros/humble CONDA_PROMPT_MODIFIER=(base) /usr/bin/cmake --build /home/hrilab/connect4_ros/build/connect4_msgs -- -j12 -l12
[2.854s] [  1%] Generating C code for ROS interfaces
[2.864s] [  3%] Generating Rust code for ROS interfaces
[2.864s] [  5%] Generating C++ code for ROS interfaces
[2.874s] [  5%] Built target ament_cmake_python_copy_connect4_msgs
[3.190s] running egg_info
[3.219s] creating connect4_msgs.egg-info
[3.219s] writing connect4_msgs.egg-info/PKG-INFO
[3.219s] writing dependency_links to connect4_msgs.egg-info/dependency_links.txt
[3.220s] writing top-level names to connect4_msgs.egg-info/top_level.txt
[3.220s] writing manifest file 'connect4_msgs.egg-info/SOURCES.txt'
[3.253s] [  5%] Built target connect4_msgs__rs
[3.306s] reading manifest file 'connect4_msgs.egg-info/SOURCES.txt'
[3.307s] writing manifest file 'connect4_msgs.egg-info/SOURCES.txt'
[3.342s] [  5%] Built target ament_cmake_python_build_connect4_msgs_egg
[3.768s] [  8%] Building C object CMakeFiles/connect4_msgs__rosidl_generator_c.dir/rosidl_generator_c/connect4_msgs/msg/detail/board_state__functions.c.o
[3.768s] [  8%] Building C object CMakeFiles/connect4_msgs__rosidl_generator_c.dir/rosidl_generator_c/connect4_msgs/action/detail/reset_board__functions.c.o
[3.769s] [ 12%] Building C object CMakeFiles/connect4_msgs__rosidl_generator_c.dir/rosidl_generator_c/connect4_msgs/action/detail/deliver_block__functions.c.o
[3.769s] [ 12%] Building C object CMakeFiles/connect4_msgs__rosidl_generator_c.dir/rosidl_generator_c/connect4_msgs/msg/detail/winner__functions.c.o
[3.772s] [ 12%] Built target connect4_msgs__cpp
[3.782s] [ 16%] Generating C++ introspection for ROS interfaces
[3.783s] [ 16%] Generating C++ type support for eProsima Fast-RTPS
[3.786s] [ 17%] Generating C++ type support dispatch for ROS interfaces
[3.942s] [ 19%] Linking C shared library libconnect4_msgs__rosidl_generator_c.so
[3.985s] [ 19%] Built target connect4_msgs__rosidl_generator_c
[3.996s] [ 21%] Generating C type support dispatch for ROS interfaces
[3.996s] [ 23%] Generating C introspection for ROS interfaces
[3.996s] [ 25%] Generating C type support for eProsima Fast-RTPS
[4.359s] [ 30%] Building CXX object CMakeFiles/connect4_msgs__rosidl_typesupport_cpp.dir/rosidl_typesupport_cpp/connect4_msgs/msg/winner__type_support.cpp.o
[4.359s] [ 30%] Building CXX object CMakeFiles/connect4_msgs__rosidl_typesupport_cpp.dir/rosidl_typesupport_cpp/connect4_msgs/msg/board_state__type_support.cpp.o
[4.359s] [ 30%] Building CXX object CMakeFiles/connect4_msgs__rosidl_typesupport_cpp.dir/rosidl_typesupport_cpp/connect4_msgs/action/reset_board__type_support.cpp.o
[4.359s] [ 32%] Building CXX object CMakeFiles/connect4_msgs__rosidl_typesupport_cpp.dir/rosidl_typesupport_cpp/connect4_msgs/action/deliver_block__type_support.cpp.o
[4.482s] [ 33%] Building CXX object CMakeFiles/connect4_msgs__rosidl_typesupport_introspection_cpp.dir/rosidl_typesupport_introspection_cpp/connect4_msgs/msg/detail/winner__type_support.cpp.o
[4.484s] [ 35%] Building CXX object CMakeFiles/connect4_msgs__rosidl_typesupport_introspection_cpp.dir/rosidl_typesupport_introspection_cpp/connect4_msgs/msg/detail/board_state__type_support.cpp.o
[4.492s] [ 37%] Building CXX object CMakeFiles/connect4_msgs__rosidl_typesupport_introspection_cpp.dir/rosidl_typesupport_introspection_cpp/connect4_msgs/action/detail/reset_board__type_support.cpp.o
[4.497s] [ 39%] Building CXX object CMakeFiles/connect4_msgs__rosidl_typesupport_introspection_cpp.dir/rosidl_typesupport_introspection_cpp/connect4_msgs/action/detail/deliver_block__type_support.cpp.o
[4.651s] [ 41%] Building CXX object CMakeFiles/connect4_msgs__rosidl_typesupport_c.dir/rosidl_typesupport_c/connect4_msgs/msg/board_state__type_support.cpp.o
[4.696s] [ 42%] Building CXX object CMakeFiles/connect4_msgs__rosidl_typesupport_c.dir/rosidl_typesupport_c/connect4_msgs/msg/winner__type_support.cpp.o
[4.745s] [ 44%] Building CXX object CMakeFiles/connect4_msgs__rosidl_typesupport_c.dir/rosidl_typesupport_c/connect4_msgs/action/deliver_block__type_support.cpp.o
[4.830s] [ 46%] Building CXX object CMakeFiles/connect4_msgs__rosidl_typesupport_c.dir/rosidl_typesupport_c/connect4_msgs/action/reset_board__type_support.cpp.o
[4.921s] [ 48%] Linking CXX shared library libconnect4_msgs__rosidl_typesupport_c.so
[4.944s] [ 50%] Building CXX object CMakeFiles/connect4_msgs__rosidl_typesupport_fastrtps_cpp.dir/rosidl_typesupport_fastrtps_cpp/connect4_msgs/msg/detail/dds_fastrtps/board_state__type_support.cpp.o
[4.948s] [ 51%] Building CXX object CMakeFiles/connect4_msgs__rosidl_typesupport_fastrtps_cpp.dir/rosidl_typesupport_fastrtps_cpp/connect4_msgs/msg/detail/dds_fastrtps/winner__type_support.cpp.o
[4.996s] [ 53%] Building CXX object CMakeFiles/connect4_msgs__rosidl_typesupport_fastrtps_cpp.dir/rosidl_typesupport_fastrtps_cpp/connect4_msgs/action/detail/dds_fastrtps/deliver_block__type_support.cpp.o
[5.011s] [ 53%] Built target connect4_msgs__rosidl_typesupport_c
[5.097s] [ 55%] Building CXX object CMakeFiles/connect4_msgs__rosidl_typesupport_fastrtps_cpp.dir/rosidl_typesupport_fastrtps_cpp/connect4_msgs/action/detail/dds_fastrtps/reset_board__type_support.cpp.o
[5.124s] [ 57%] Building C object CMakeFiles/connect4_msgs__rosidl_typesupport_introspection_c.dir/rosidl_typesupport_introspection_c/connect4_msgs/msg/detail/board_state__type_support.c.o
[5.136s] [ 58%] Building CXX object CMakeFiles/connect4_msgs__rosidl_typesupport_fastrtps_c.dir/rosidl_typesupport_fastrtps_c/connect4_msgs/msg/detail/board_state__type_support_c.cpp.o
[5.199s] [ 60%] Building C object CMakeFiles/connect4_msgs__rosidl_typesupport_introspection_c.dir/rosidl_typesupport_introspection_c/connect4_msgs/msg/detail/winner__type_support.c.o
[5.262s] [ 62%] Building CXX object CMakeFiles/connect4_msgs__rosidl_typesupport_fastrtps_c.dir/rosidl_typesupport_fastrtps_c/connect4_msgs/msg/detail/winner__type_support_c.cpp.o
[5.267s] [ 64%] Building C object CMakeFiles/connect4_msgs__rosidl_typesupport_introspection_c.dir/rosidl_typesupport_introspection_c/connect4_msgs/action/detail/deliver_block__type_support.c.o
[5.276s] [ 66%] Building C object CMakeFiles/connect4_msgs__rosidl_typesupport_introspection_c.dir/rosidl_typesupport_introspection_c/connect4_msgs/action/detail/reset_board__type_support.c.o
[5.325s] [ 67%] Building CXX object CMakeFiles/connect4_msgs__rosidl_typesupport_fastrtps_c.dir/rosidl_typesupport_fastrtps_c/connect4_msgs/action/detail/deliver_block__type_support_c.cpp.o
[5.329s] [ 69%] Linking CXX shared library libconnect4_msgs__rosidl_typesupport_cpp.so
[5.361s] [ 71%] Building CXX object CMakeFiles/connect4_msgs__rosidl_typesupport_fastrtps_c.dir/rosidl_typesupport_fastrtps_c/connect4_msgs/action/detail/reset_board__type_support_c.cpp.o
[5.381s] [ 73%] Linking C shared library libconnect4_msgs__rosidl_typesupport_introspection_c.so
[5.431s] [ 73%] Built target connect4_msgs__rosidl_typesupport_cpp
[5.457s] [ 73%] Built target connect4_msgs__rosidl_typesupport_introspection_c
[5.704s] [ 75%] Linking CXX shared library libconnect4_msgs__rosidl_typesupport_introspection_cpp.so
[5.802s] [ 75%] Built target connect4_msgs__rosidl_typesupport_introspection_cpp
[5.957s] [ 76%] Linking CXX shared library libconnect4_msgs__rosidl_typesupport_fastrtps_c.so
[6.041s] [ 78%] Linking CXX shared library libconnect4_msgs__rosidl_typesupport_fastrtps_cpp.so
[6.042s] [ 78%] Built target connect4_msgs__rosidl_typesupport_fastrtps_c
[6.124s] [ 78%] Built target connect4_msgs__rosidl_typesupport_fastrtps_cpp
[6.149s] [ 78%] Built target connect4_msgs
[6.173s] [ 80%] Generating Python code for ROS interfaces
[7.734s] [ 80%] Built target connect4_msgs__py
[7.755s] [ 85%] Building C object CMakeFiles/connect4_msgs__rosidl_generator_py.dir/rosidl_generator_py/connect4_msgs/msg/_winner_s.c.o
[7.756s] [ 85%] Building C object CMakeFiles/connect4_msgs__rosidl_generator_py.dir/rosidl_generator_py/connect4_msgs/action/_reset_board_s.c.o
[7.756s] [ 85%] Building C object CMakeFiles/connect4_msgs__rosidl_generator_py.dir/rosidl_generator_py/connect4_msgs/msg/_board_state_s.c.o
[7.756s] [ 87%] Building C object CMakeFiles/connect4_msgs__rosidl_generator_py.dir/rosidl_generator_py/connect4_msgs/action/_deliver_block_s.c.o
[8.573s] [ 89%] Linking C shared library rosidl_generator_py/connect4_msgs/libconnect4_msgs__rosidl_generator_py.so
[8.630s] [ 89%] Built target connect4_msgs__rosidl_generator_py
[8.653s] [ 92%] Building C object CMakeFiles/connect4_msgs__rosidl_typesupport_c__pyext.dir/rosidl_generator_py/connect4_msgs/_connect4_msgs_s.ep.rosidl_typesupport_c.c.o
[8.653s] [ 92%] Building C object CMakeFiles/connect4_msgs__rosidl_typesupport_fastrtps_c__pyext.dir/rosidl_generator_py/connect4_msgs/_connect4_msgs_s.ep.rosidl_typesupport_fastrtps_c.c.o
[8.654s] [ 94%] Building C object CMakeFiles/connect4_msgs__rosidl_typesupport_introspection_c__pyext.dir/rosidl_generator_py/connect4_msgs/_connect4_msgs_s.ep.rosidl_typesupport_introspection_c.c.o
[8.828s] [ 96%] Linking C shared library rosidl_generator_py/connect4_msgs/connect4_msgs_s__rosidl_typesupport_c.cpython-310-x86_64-linux-gnu.so
[8.828s] [ 98%] Linking C shared library rosidl_generator_py/connect4_msgs/connect4_msgs_s__rosidl_typesupport_introspection_c.cpython-310-x86_64-linux-gnu.so
[8.853s] [100%] Linking C shared library rosidl_generator_py/connect4_msgs/connect4_msgs_s__rosidl_typesupport_fastrtps_c.cpython-310-x86_64-linux-gnu.so
[8.880s] [100%] Built target connect4_msgs__rosidl_typesupport_c__pyext
[8.880s] [100%] Built target connect4_msgs__rosidl_typesupport_introspection_c__pyext
[8.908s] [100%] Built target connect4_msgs__rosidl_typesupport_fastrtps_c__pyext
[8.928s] Invoked command in '/home/hrilab/connect4_ros/build/connect4_msgs' returned '0': CMAKE_PREFIX_PATH=/opt/ros/humble CONDA_PROMPT_MODIFIER=(base) /usr/bin/cmake --build /home/hrilab/connect4_ros/build/connect4_msgs -- -j12 -l12
[8.941s] Invoking command in '/home/hrilab/connect4_ros/build/connect4_msgs': CMAKE_PREFIX_PATH=/opt/ros/humble CONDA_PROMPT_MODIFIER=(base) /usr/bin/cmake --install /home/hrilab/connect4_ros/build/connect4_msgs
[8.952s] -- Install configuration: ""
[8.952s] -- Installing: /home/hrilab/connect4_ros/install/connect4_msgs/share/ament_index/resource_index/rosidl_interfaces/connect4_msgs
[8.953s] -- Installing: /home/hrilab/connect4_ros/install/connect4_msgs/include/connect4_msgs/connect4_msgs
[8.953s] -- Installing: /home/hrilab/connect4_ros/install/connect4_msgs/include/connect4_msgs/connect4_msgs/action
[8.953s] -- Installing: /home/hrilab/connect4_ros/install/connect4_msgs/include/connect4_msgs/connect4_msgs/action/reset_board.h
[8.953s] -- Installing: /home/hrilab/connect4_ros/install/connect4_msgs/include/connect4_msgs/connect4_msgs/action/deliver_block.h
[8.953s] -- Installing: /home/hrilab/connect4_ros/install/connect4_msgs/include/connect4_msgs/connect4_msgs/action/detail
[8.954s] -- Installing: /home/hrilab/connect4_ros/install/connect4_msgs/include/connect4_msgs/connect4_msgs/action/detail/deliver_block__functions.h
[8.954s] -- Installing: /home/hrilab/connect4_ros/install/connect4_msgs/include/connect4_msgs/connect4_msgs/action/detail/deliver_block__struct.h
[8.954s] -- Installing: /home/hrilab/connect4_ros/install/connect4_msgs/include/connect4_msgs/connect4_msgs/action/detail/reset_board__functions.c
[8.955s] -- Installing: /home/hrilab/connect4_ros/install/connect4_msgs/include/connect4_msgs/connect4_msgs/action/detail/deliver_block__type_support.h
[8.955s] -- Installing: /home/hrilab/connect4_ros/install/connect4_msgs/include/connect4_msgs/connect4_msgs/action/detail/reset_board__functions.h
[8.955s] -- Installing: /home/hrilab/connect4_ros/install/connect4_msgs/include/connect4_msgs/connect4_msgs/action/detail/deliver_block__functions.c
[8.955s] -- Installing: /home/hrilab/connect4_ros/install/connect4_msgs/include/connect4_msgs/connect4_msgs/action/detail/reset_board__struct.h
[8.956s] -- Installing: /home/hrilab/connect4_ros/install/connect4_msgs/include/connect4_msgs/connect4_msgs/action/detail/reset_board__type_support.h
[8.956s] -- Installing: /home/hrilab/connect4_ros/install/connect4_msgs/include/connect4_msgs/connect4_msgs/msg
[8.956s] -- Installing: /home/hrilab/connect4_ros/install/connect4_msgs/include/connect4_msgs/connect4_msgs/msg/board_state.h
[8.956s] -- Installing: /home/hrilab/connect4_ros/install/connect4_msgs/include/connect4_msgs/connect4_msgs/msg/winner.h
[8.956s] -- Installing: /home/hrilab/connect4_ros/install/connect4_msgs/include/connect4_msgs/connect4_msgs/msg/rosidl_generator_c__visibility_control.h
[8.956s] -- Installing: /home/hrilab/connect4_ros/install/connect4_msgs/include/connect4_msgs/connect4_msgs/msg/detail
[8.956s] -- Installing: /home/hrilab/connect4_ros/install/connect4_msgs/include/connect4_msgs/connect4_msgs/msg/detail/board_state__functions.c
[8.956s] -- Installing: /home/hrilab/connect4_ros/install/connect4_msgs/include/connect4_msgs/connect4_msgs/msg/detail/board_state__functions.h
[8.956s] -- Installing: /home/hrilab/connect4_ros/install/connect4_msgs/include/connect4_msgs/connect4_msgs/msg/detail/winner__functions.h
[8.956s] -- Installing: /home/hrilab/connect4_ros/install/connect4_msgs/include/connect4_msgs/connect4_msgs/msg/detail/winner__functions.c
[8.956s] -- Installing: /home/hrilab/connect4_ros/install/connect4_msgs/include/connect4_msgs/connect4_msgs/msg/detail/board_state__type_support.h
[8.957s] -- Installing: /home/hrilab/connect4_ros/install/connect4_msgs/include/connect4_msgs/connect4_msgs/msg/detail/winner__type_support.h
[8.957s] -- Installing: /home/hrilab/connect4_ros/install/connect4_msgs/include/connect4_msgs/connect4_msgs/msg/detail/board_state__struct.h
[8.957s] -- Installing: /home/hrilab/connect4_ros/install/connect4_msgs/include/connect4_msgs/connect4_msgs/msg/detail/winner__struct.h
[8.957s] -- Installing: /home/hrilab/connect4_ros/install/connect4_msgs/share/connect4_msgs/environment/library_path.sh
[8.957s] -- Installing: /home/hrilab/connect4_ros/install/connect4_msgs/share/connect4_msgs/environment/library_path.dsv
[8.957s] -- Installing: /home/hrilab/connect4_ros/install/connect4_msgs/lib/libconnect4_msgs__rosidl_generator_c.so
[8.957s] -- Set runtime path of "/home/hrilab/connect4_ros/install/connect4_msgs/lib/libconnect4_msgs__rosidl_generator_c.so" to ""
[8.957s] -- Up-to-date: /home/hrilab/connect4_ros/install/connect4_msgs/include/connect4_msgs/connect4_msgs
[8.957s] -- Up-to-date: /home/hrilab/connect4_ros/install/connect4_msgs/include/connect4_msgs/connect4_msgs/action
[8.957s] -- Up-to-date: /home/hrilab/connect4_ros/install/connect4_msgs/include/connect4_msgs/connect4_msgs/action/detail
[8.957s] -- Installing: /home/hrilab/connect4_ros/install/connect4_msgs/include/connect4_msgs/connect4_msgs/action/detail/reset_board__rosidl_typesupport_fastrtps_c.h
[8.957s] -- Installing: /home/hrilab/connect4_ros/install/connect4_msgs/include/connect4_msgs/connect4_msgs/action/detail/deliver_block__rosidl_typesupport_fastrtps_c.h
[8.957s] -- Up-to-date: /home/hrilab/connect4_ros/install/connect4_msgs/include/connect4_msgs/connect4_msgs/msg
[8.958s] -- Installing: /home/hrilab/connect4_ros/install/connect4_msgs/include/connect4_msgs/connect4_msgs/msg/rosidl_typesupport_fastrtps_c__visibility_control.h
[8.958s] -- Up-to-date: /home/hrilab/connect4_ros/install/connect4_msgs/include/connect4_msgs/connect4_msgs/msg/detail
[8.958s] -- Installing: /home/hrilab/connect4_ros/install/connect4_msgs/include/connect4_msgs/connect4_msgs/msg/detail/winner__rosidl_typesupport_fastrtps_c.h
[8.958s] -- Installing: /home/hrilab/connect4_ros/install/connect4_msgs/include/connect4_msgs/connect4_msgs/msg/detail/board_state__rosidl_typesupport_fastrtps_c.h
[8.958s] -- Installing: /home/hrilab/connect4_ros/install/connect4_msgs/lib/libconnect4_msgs__rosidl_typesupport_fastrtps_c.so
[8.958s] -- Set runtime path of "/home/hrilab/connect4_ros/install/connect4_msgs/lib/libconnect4_msgs__rosidl_typesupport_fastrtps_c.so" to ""
[8.959s] -- Up-to-date: /home/hrilab/connect4_ros/install/connect4_msgs/include/connect4_msgs/connect4_msgs
[8.959s] -- Up-to-date: /home/hrilab/connect4_ros/install/connect4_msgs/include/connect4_msgs/connect4_msgs/action
[8.959s] -- Up-to-date: /home/hrilab/connect4_ros/install/connect4_msgs/include/connect4_msgs/connect4_msgs/action/detail
[8.959s] -- Installing: /home/hrilab/connect4_ros/install/connect4_msgs/include/connect4_msgs/connect4_msgs/action/detail/reset_board__type_support.c
[8.959s] -- Installing: /home/hrilab/connect4_ros/install/connect4_msgs/include/connect4_msgs/connect4_msgs/action/detail/reset_board__rosidl_typesupport_introspection_c.h
[8.959s] -- Installing: /home/hrilab/connect4_ros/install/connect4_msgs/include/connect4_msgs/connect4_msgs/action/detail/deliver_block__type_support.c
[8.959s] -- Installing: /home/hrilab/connect4_ros/install/connect4_msgs/include/connect4_msgs/connect4_msgs/action/detail/deliver_block__rosidl_typesupport_introspection_c.h
[8.959s] -- Up-to-date: /home/hrilab/connect4_ros/install/connect4_msgs/include/connect4_msgs/connect4_msgs/msg
[8.959s] -- Installing: /home/hrilab/connect4_ros/install/connect4_msgs/include/connect4_msgs/connect4_msgs/msg/rosidl_typesupport_introspection_c__visibility_control.h
[8.959s] -- Up-to-date: /home/hrilab/connect4_ros/install/connect4_msgs/include/connect4_msgs/connect4_msgs/msg/detail
[8.959s] -- Installing: /home/hrilab/connect4_ros/install/connect4_msgs/include/connect4_msgs/connect4_msgs/msg/detail/winner__type_support.c
[8.959s] -- Installing: /home/hrilab/connect4_ros/install/connect4_msgs/include/connect4_msgs/connect4_msgs/msg/detail/board_state__type_support.c
[8.960s] -- Installing: /home/hrilab/connect4_ros/install/connect4_msgs/include/connect4_msgs/connect4_msgs/msg/detail/board_state__rosidl_typesupport_introspection_c.h
[8.960s] -- Installing: /home/hrilab/connect4_ros/install/connect4_msgs/include/connect4_msgs/connect4_msgs/msg/detail/winner__rosidl_typesupport_introspection_c.h
[8.960s] -- Installing: /home/hrilab/connect4_ros/install/connect4_msgs/lib/libconnect4_msgs__rosidl_typesupport_introspection_c.so
[8.960s] -- Set runtime path of "/home/hrilab/connect4_ros/install/connect4_msgs/lib/libconnect4_msgs__rosidl_typesupport_introspection_c.so" to ""
[8.960s] -- Installing: /home/hrilab/connect4_ros/install/connect4_msgs/lib/libconnect4_msgs__rosidl_typesupport_c.so
[8.960s] -- Set runtime path of "/home/hrilab/connect4_ros/install/connect4_msgs/lib/libconnect4_msgs__rosidl_typesupport_c.so" to ""
[8.960s] -- Up-to-date: /home/hrilab/connect4_ros/install/connect4_msgs/include/connect4_msgs/connect4_msgs
[8.960s] -- Up-to-date: /home/hrilab/connect4_ros/install/connect4_msgs/include/connect4_msgs/connect4_msgs/action
[8.960s] -- Installing: /home/hrilab/connect4_ros/install/connect4_msgs/include/connect4_msgs/connect4_msgs/action/reset_board.hpp
[8.961s] -- Installing: /home/hrilab/connect4_ros/install/connect4_msgs/include/connect4_msgs/connect4_msgs/action/deliver_block.hpp
[8.961s] -- Up-to-date: /home/hrilab/connect4_ros/install/connect4_msgs/include/connect4_msgs/connect4_msgs/action/detail
[8.961s] -- Installing: /home/hrilab/connect4_ros/install/connect4_msgs/include/connect4_msgs/connect4_msgs/action/detail/deliver_block__type_support.hpp
[8.961s] -- Installing: /home/hrilab/connect4_ros/install/connect4_msgs/include/connect4_msgs/connect4_msgs/action/detail/reset_board__struct.hpp
[8.961s] -- Installing: /home/hrilab/connect4_ros/install/connect4_msgs/include/connect4_msgs/connect4_msgs/action/detail/reset_board__builder.hpp
[8.961s] -- Installing: /home/hrilab/connect4_ros/install/connect4_msgs/include/connect4_msgs/connect4_msgs/action/detail/reset_board__traits.hpp
[8.961s] -- Installing: /home/hrilab/connect4_ros/install/connect4_msgs/include/connect4_msgs/connect4_msgs/action/detail/reset_board__type_support.hpp
[8.961s] -- Installing: /home/hrilab/connect4_ros/install/connect4_msgs/include/connect4_msgs/connect4_msgs/action/detail/deliver_block__builder.hpp
[8.962s] -- Installing: /home/hrilab/connect4_ros/install/connect4_msgs/include/connect4_msgs/connect4_msgs/action/detail/deliver_block__struct.hpp
[8.962s] -- Installing: /home/hrilab/connect4_ros/install/connect4_msgs/include/connect4_msgs/connect4_msgs/action/detail/deliver_block__traits.hpp
[8.962s] -- Up-to-date: /home/hrilab/connect4_ros/install/connect4_msgs/include/connect4_msgs/connect4_msgs/msg
[8.962s] -- Installing: /home/hrilab/connect4_ros/install/connect4_msgs/include/connect4_msgs/connect4_msgs/msg/board_state.hpp
[8.962s] -- Installing: /home/hrilab/connect4_ros/install/connect4_msgs/include/connect4_msgs/connect4_msgs/msg/winner.hpp
[8.962s] -- Up-to-date: /home/hrilab/connect4_ros/install/connect4_msgs/include/connect4_msgs/connect4_msgs/msg/detail
[8.962s] -- Installing: /home/hrilab/connect4_ros/install/connect4_msgs/include/connect4_msgs/connect4_msgs/msg/detail/board_state__struct.hpp
[8.962s] -- Installing: /home/hrilab/connect4_ros/install/connect4_msgs/include/connect4_msgs/connect4_msgs/msg/detail/winner__type_support.hpp
[8.963s] -- Installing: /home/hrilab/connect4_ros/install/connect4_msgs/include/connect4_msgs/connect4_msgs/msg/detail/winner__struct.hpp
[8.963s] -- Installing: /home/hrilab/connect4_ros/install/connect4_msgs/include/connect4_msgs/connect4_msgs/msg/detail/winner__traits.hpp
[8.963s] -- Installing: /home/hrilab/connect4_ros/install/connect4_msgs/include/connect4_msgs/connect4_msgs/msg/detail/board_state__type_support.hpp
[8.963s] -- Installing: /home/hrilab/connect4_ros/install/connect4_msgs/include/connect4_msgs/connect4_msgs/msg/detail/winner__builder.hpp
[8.963s] -- Installing: /home/hrilab/connect4_ros/install/connect4_msgs/include/connect4_msgs/connect4_msgs/msg/detail/board_state__builder.hpp
[8.963s] -- Installing: /home/hrilab/connect4_ros/install/connect4_msgs/include/connect4_msgs/connect4_msgs/msg/detail/board_state__traits.hpp
[8.964s] -- Installing: /home/hrilab/connect4_ros/install/connect4_msgs/include/connect4_msgs/connect4_msgs/msg/rosidl_generator_cpp__visibility_control.hpp
[8.964s] -- Up-to-date: /home/hrilab/connect4_ros/install/connect4_msgs/include/connect4_msgs/connect4_msgs
[8.964s] -- Up-to-date: /home/hrilab/connect4_ros/install/connect4_msgs/include/connect4_msgs/connect4_msgs/action
[8.964s] -- Up-to-date: /home/hrilab/connect4_ros/install/connect4_msgs/include/connect4_msgs/connect4_msgs/action/detail
[8.964s] -- Installing: /home/hrilab/connect4_ros/install/connect4_msgs/include/connect4_msgs/connect4_msgs/action/detail/deliver_block__rosidl_typesupport_fastrtps_cpp.hpp
[8.964s] -- Installing: /home/hrilab/connect4_ros/install/connect4_msgs/include/connect4_msgs/connect4_msgs/action/detail/reset_board__rosidl_typesupport_fastrtps_cpp.hpp
[8.964s] -- Installing: /home/hrilab/connect4_ros/install/connect4_msgs/include/connect4_msgs/connect4_msgs/action/detail/dds_fastrtps
[8.964s] -- Up-to-date: /home/hrilab/connect4_ros/install/connect4_msgs/include/connect4_msgs/connect4_msgs/msg
[8.964s] -- Installing: /home/hrilab/connect4_ros/install/connect4_msgs/include/connect4_msgs/connect4_msgs/msg/rosidl_typesupport_fastrtps_cpp__visibility_control.h
[8.964s] -- Up-to-date: /home/hrilab/connect4_ros/install/connect4_msgs/include/connect4_msgs/connect4_msgs/msg/detail
[8.964s] -- Installing: /home/hrilab/connect4_ros/install/connect4_msgs/include/connect4_msgs/connect4_msgs/msg/detail/winner__rosidl_typesupport_fastrtps_cpp.hpp
[8.964s] -- Installing: /home/hrilab/connect4_ros/install/connect4_msgs/include/connect4_msgs/connect4_msgs/msg/detail/dds_fastrtps
[8.964s] -- Installing: /home/hrilab/connect4_ros/install/connect4_msgs/include/connect4_msgs/connect4_msgs/msg/detail/board_state__rosidl_typesupport_fastrtps_cpp.hpp
[8.965s] -- Installing: /home/hrilab/connect4_ros/install/connect4_msgs/lib/libconnect4_msgs__rosidl_typesupport_fastrtps_cpp.so
[8.965s] -- Set runtime path of "/home/hrilab/connect4_ros/install/connect4_msgs/lib/libconnect4_msgs__rosidl_typesupport_fastrtps_cpp.so" to ""
[8.965s] -- Up-to-date: /home/hrilab/connect4_ros/install/connect4_msgs/include/connect4_msgs/connect4_msgs
[8.966s] -- Up-to-date: /home/hrilab/connect4_ros/install/connect4_msgs/include/connect4_msgs/connect4_msgs/action
[8.966s] -- Up-to-date: /home/hrilab/connect4_ros/install/connect4_msgs/include/connect4_msgs/connect4_msgs/action/detail
[8.966s] -- Installing: /home/hrilab/connect4_ros/install/connect4_msgs/include/connect4_msgs/connect4_msgs/action/detail/reset_board__type_support.cpp
[8.967s] -- Installing: /home/hrilab/connect4_ros/install/connect4_msgs/include/connect4_msgs/connect4_msgs/action/detail/deliver_block__rosidl_typesupport_introspection_cpp.hpp
[8.967s] -- Installing: /home/hrilab/connect4_ros/install/connect4_msgs/include/connect4_msgs/connect4_msgs/action/detail/deliver_block__type_support.cpp
[8.967s] -- Installing: /home/hrilab/connect4_ros/install/connect4_msgs/include/connect4_msgs/connect4_msgs/action/detail/reset_board__rosidl_typesupport_introspection_cpp.hpp
[8.967s] -- Up-to-date: /home/hrilab/connect4_ros/install/connect4_msgs/include/connect4_msgs/connect4_msgs/msg
[8.967s] -- Up-to-date: /home/hrilab/connect4_ros/install/connect4_msgs/include/connect4_msgs/connect4_msgs/msg/detail
[8.967s] -- Installing: /home/hrilab/connect4_ros/install/connect4_msgs/include/connect4_msgs/connect4_msgs/msg/detail/winner__rosidl_typesupport_introspection_cpp.hpp
[8.968s] -- Installing: /home/hrilab/connect4_ros/install/connect4_msgs/include/connect4_msgs/connect4_msgs/msg/detail/winner__type_support.cpp
[8.968s] -- Installing: /home/hrilab/connect4_ros/install/connect4_msgs/include/connect4_msgs/connect4_msgs/msg/detail/board_state__type_support.cpp
[8.968s] -- Installing: /home/hrilab/connect4_ros/install/connect4_msgs/include/connect4_msgs/connect4_msgs/msg/detail/board_state__rosidl_typesupport_introspection_cpp.hpp
[8.968s] -- Installing: /home/hrilab/connect4_ros/install/connect4_msgs/lib/libconnect4_msgs__rosidl_typesupport_introspection_cpp.so
[8.968s] -- Set runtime path of "/home/hrilab/connect4_ros/install/connect4_msgs/lib/libconnect4_msgs__rosidl_typesupport_introspection_cpp.so" to ""
[8.969s] -- Installing: /home/hrilab/connect4_ros/install/connect4_msgs/lib/libconnect4_msgs__rosidl_typesupport_cpp.so
[8.969s] -- Set runtime path of "/home/hrilab/connect4_ros/install/connect4_msgs/lib/libconnect4_msgs__rosidl_typesupport_cpp.so" to ""
[8.969s] -- Installing: /home/hrilab/connect4_ros/install/connect4_msgs/share/connect4_msgs/environment/pythonpath.sh
[8.969s] -- Installing: /home/hrilab/connect4_ros/install/connect4_msgs/share/connect4_msgs/environment/pythonpath.dsv
[8.970s] -- Installing: /home/hrilab/connect4_ros/install/connect4_msgs/local/lib/python3.10/dist-packages/connect4_msgs-0.0.0-py3.10.egg-info
[8.970s] -- Installing: /home/hrilab/connect4_ros/install/connect4_msgs/local/lib/python3.10/dist-packages/connect4_msgs-0.0.0-py3.10.egg-info/top_level.txt
[8.970s] -- Installing: /home/hrilab/connect4_ros/install/connect4_msgs/local/lib/python3.10/dist-packages/connect4_msgs-0.0.0-py3.10.egg-info/SOURCES.txt
[8.970s] -- Installing: /home/hrilab/connect4_ros/install/connect4_msgs/local/lib/python3.10/dist-packages/connect4_msgs-0.0.0-py3.10.egg-info/PKG-INFO
[8.970s] -- Installing: /home/hrilab/connect4_ros/install/connect4_msgs/local/lib/python3.10/dist-packages/connect4_msgs-0.0.0-py3.10.egg-info/dependency_links.txt
[8.971s] -- Installing: /home/hrilab/connect4_ros/install/connect4_msgs/local/lib/python3.10/dist-packages/connect4_msgs
[8.971s] -- Installing: /home/hrilab/connect4_ros/install/connect4_msgs/local/lib/python3.10/dist-packages/connect4_msgs/__init__.py
[8.971s] -- Installing: /home/hrilab/connect4_ros/install/connect4_msgs/local/lib/python3.10/dist-packages/connect4_msgs/libconnect4_msgs__rosidl_generator_py.so
[8.972s] -- Installing: /home/hrilab/connect4_ros/install/connect4_msgs/local/lib/python3.10/dist-packages/connect4_msgs/connect4_msgs_s__rosidl_typesupport_introspection_c.cpython-310-x86_64-linux-gnu.so
[8.972s] -- Installing: /home/hrilab/connect4_ros/install/connect4_msgs/local/lib/python3.10/dist-packages/connect4_msgs/_connect4_msgs_s.ep.rosidl_typesupport_c.c
[8.972s] -- Installing: /home/hrilab/connect4_ros/install/connect4_msgs/local/lib/python3.10/dist-packages/connect4_msgs/action
[8.972s] -- Installing: /home/hrilab/connect4_ros/install/connect4_msgs/local/lib/python3.10/dist-packages/connect4_msgs/action/_deliver_block.py
[8.972s] -- Installing: /home/hrilab/connect4_ros/install/connect4_msgs/local/lib/python3.10/dist-packages/connect4_msgs/action/__init__.py
[8.973s] -- Installing: /home/hrilab/connect4_ros/install/connect4_msgs/local/lib/python3.10/dist-packages/connect4_msgs/action/_deliver_block_s.c
[8.973s] -- Installing: /home/hrilab/connect4_ros/install/connect4_msgs/local/lib/python3.10/dist-packages/connect4_msgs/action/_reset_board.py
[8.973s] -- Installing: /home/hrilab/connect4_ros/install/connect4_msgs/local/lib/python3.10/dist-packages/connect4_msgs/action/_reset_board_s.c
[8.973s] -- Installing: /home/hrilab/connect4_ros/install/connect4_msgs/local/lib/python3.10/dist-packages/connect4_msgs/_connect4_msgs_s.ep.rosidl_typesupport_fastrtps_c.c
[8.974s] -- Installing: /home/hrilab/connect4_ros/install/connect4_msgs/local/lib/python3.10/dist-packages/connect4_msgs/_connect4_msgs_s.ep.rosidl_typesupport_introspection_c.c
[8.974s] -- Installing: /home/hrilab/connect4_ros/install/connect4_msgs/local/lib/python3.10/dist-packages/connect4_msgs/connect4_msgs_s__rosidl_typesupport_fastrtps_c.cpython-310-x86_64-linux-gnu.so
[8.974s] -- Installing: /home/hrilab/connect4_ros/install/connect4_msgs/local/lib/python3.10/dist-packages/connect4_msgs/connect4_msgs_s__rosidl_typesupport_c.cpython-310-x86_64-linux-gnu.so
[8.974s] -- Installing: /home/hrilab/connect4_ros/install/connect4_msgs/local/lib/python3.10/dist-packages/connect4_msgs/msg
[8.974s] -- Installing: /home/hrilab/connect4_ros/install/connect4_msgs/local/lib/python3.10/dist-packages/connect4_msgs/msg/__init__.py
[8.975s] -- Installing: /home/hrilab/connect4_ros/install/connect4_msgs/local/lib/python3.10/dist-packages/connect4_msgs/msg/_board_state.py
[8.975s] -- Installing: /home/hrilab/connect4_ros/install/connect4_msgs/local/lib/python3.10/dist-packages/connect4_msgs/msg/_winner_s.c
[8.975s] -- Installing: /home/hrilab/connect4_ros/install/connect4_msgs/local/lib/python3.10/dist-packages/connect4_msgs/msg/_board_state_s.c
[8.975s] -- Installing: /home/hrilab/connect4_ros/install/connect4_msgs/local/lib/python3.10/dist-packages/connect4_msgs/msg/_winner.py
[9.055s] Listing '/home/hrilab/connect4_ros/install/connect4_msgs/local/lib/python3.10/dist-packages/connect4_msgs'...
[9.056s] Compiling '/home/hrilab/connect4_ros/install/connect4_msgs/local/lib/python3.10/dist-packages/connect4_msgs/__init__.py'...
[9.056s] Listing '/home/hrilab/connect4_ros/install/connect4_msgs/local/lib/python3.10/dist-packages/connect4_msgs/action'...
[9.056s] Compiling '/home/hrilab/connect4_ros/install/connect4_msgs/local/lib/python3.10/dist-packages/connect4_msgs/action/__init__.py'...
[9.056s] Compiling '/home/hrilab/connect4_ros/install/connect4_msgs/local/lib/python3.10/dist-packages/connect4_msgs/action/_deliver_block.py'...
[9.056s] Compiling '/home/hrilab/connect4_ros/install/connect4_msgs/local/lib/python3.10/dist-packages/connect4_msgs/action/_reset_board.py'...
[9.056s] Listing '/home/hrilab/connect4_ros/install/connect4_msgs/local/lib/python3.10/dist-packages/connect4_msgs/msg'...
[9.056s] Compiling '/home/hrilab/connect4_ros/install/connect4_msgs/local/lib/python3.10/dist-packages/connect4_msgs/msg/__init__.py'...
[9.056s] Compiling '/home/hrilab/connect4_ros/install/connect4_msgs/local/lib/python3.10/dist-packages/connect4_msgs/msg/_board_state.py'...
[9.056s] Compiling '/home/hrilab/connect4_ros/install/connect4_msgs/local/lib/python3.10/dist-packages/connect4_msgs/msg/_winner.py'...
[9.063s] -- Installing: /home/hrilab/connect4_ros/install/connect4_msgs/local/lib/python3.10/dist-packages/connect4_msgs/connect4_msgs_s__rosidl_typesupport_fastrtps_c.cpython-310-x86_64-linux-gnu.so
[9.063s] -- Set runtime path of "/home/hrilab/connect4_ros/install/connect4_msgs/local/lib/python3.10/dist-packages/connect4_msgs/connect4_msgs_s__rosidl_typesupport_fastrtps_c.cpython-310-x86_64-linux-gnu.so" to ""
[9.063s] -- Installing: /home/hrilab/connect4_ros/install/connect4_msgs/local/lib/python3.10/dist-packages/connect4_msgs/connect4_msgs_s__rosidl_typesupport_introspection_c.cpython-310-x86_64-linux-gnu.so
[9.064s] -- Set runtime path of "/home/hrilab/connect4_ros/install/connect4_msgs/local/lib/python3.10/dist-packages/connect4_msgs/connect4_msgs_s__rosidl_typesupport_introspection_c.cpython-310-x86_64-linux-gnu.so" to ""
[9.064s] -- Installing: /home/hrilab/connect4_ros/install/connect4_msgs/local/lib/python3.10/dist-packages/connect4_msgs/connect4_msgs_s__rosidl_typesupport_c.cpython-310-x86_64-linux-gnu.so
[9.065s] -- Set runtime path of "/home/hrilab/connect4_ros/install/connect4_msgs/local/lib/python3.10/dist-packages/connect4_msgs/connect4_msgs_s__rosidl_typesupport_c.cpython-310-x86_64-linux-gnu.so" to ""
[9.065s] -- Installing: /home/hrilab/connect4_ros/install/connect4_msgs/lib/libconnect4_msgs__rosidl_generator_py.so
[9.065s] -- Set runtime path of "/home/hrilab/connect4_ros/install/connect4_msgs/lib/libconnect4_msgs__rosidl_generator_py.so" to ""
[9.066s] -- Installing: /home/hrilab/connect4_ros/install/connect4_msgs/share/ament_index/resource_index/rust_packages/connect4_msgs
[9.066s] -- Installing: /home/hrilab/connect4_ros/install/connect4_msgs/share/connect4_msgs/rust
[9.066s] -- Installing: /home/hrilab/connect4_ros/install/connect4_msgs/share/connect4_msgs/rust/Cargo.toml
[9.066s] -- Installing: /home/hrilab/connect4_ros/install/connect4_msgs/share/connect4_msgs/rust/src
[9.067s] -- Installing: /home/hrilab/connect4_ros/install/connect4_msgs/share/connect4_msgs/rust/src/msg.rs
[9.067s] -- Installing: /home/hrilab/connect4_ros/install/connect4_msgs/share/connect4_msgs/rust/src/lib.rs
[9.067s] -- Installing: /home/hrilab/connect4_ros/install/connect4_msgs/share/connect4_msgs/rust/src/action
[9.067s] -- Installing: /home/hrilab/connect4_ros/install/connect4_msgs/share/connect4_msgs/rust/src/action/rmw.rs
[9.067s] -- Installing: /home/hrilab/connect4_ros/install/connect4_msgs/share/connect4_msgs/rust/src/action.rs
[9.068s] -- Installing: /home/hrilab/connect4_ros/install/connect4_msgs/share/connect4_msgs/rust/src/msg
[9.068s] -- Installing: /home/hrilab/connect4_ros/install/connect4_msgs/share/connect4_msgs/rust/src/msg/rmw.rs
[9.068s] -- Installing: /home/hrilab/connect4_ros/install/connect4_msgs/share/connect4_msgs/rust/build.rs
[9.068s] -- Installing: /home/hrilab/connect4_ros/install/connect4_msgs/share/connect4_msgs/msg/BoardState.idl
[9.069s] -- Installing: /home/hrilab/connect4_ros/install/connect4_msgs/share/connect4_msgs/msg/Winner.idl
[9.069s] -- Installing: /home/hrilab/connect4_ros/install/connect4_msgs/share/connect4_msgs/action/DeliverBlock.idl
[9.069s] -- Installing: /home/hrilab/connect4_ros/install/connect4_msgs/share/connect4_msgs/action/ResetBoard.idl
[9.069s] -- Installing: /home/hrilab/connect4_ros/install/connect4_msgs/share/connect4_msgs/msg/BoardState.msg
[9.069s] -- Installing: /home/hrilab/connect4_ros/install/connect4_msgs/share/connect4_msgs/msg/Winner.msg
[9.070s] -- Installing: /home/hrilab/connect4_ros/install/connect4_msgs/share/connect4_msgs/action/DeliverBlock.action
[9.070s] -- Installing: /home/hrilab/connect4_ros/install/connect4_msgs/share/connect4_msgs/action/ResetBoard.action
[9.070s] -- Installing: /home/hrilab/connect4_ros/install/connect4_msgs/share/ament_index/resource_index/package_run_dependencies/connect4_msgs
[9.070s] -- Installing: /home/hrilab/connect4_ros/install/connect4_msgs/share/ament_index/resource_index/parent_prefix_path/connect4_msgs
[9.071s] -- Installing: /home/hrilab/connect4_ros/install/connect4_msgs/share/connect4_msgs/environment/ament_prefix_path.sh
[9.071s] -- Installing: /home/hrilab/connect4_ros/install/connect4_msgs/share/connect4_msgs/environment/ament_prefix_path.dsv
[9.071s] -- Installing: /home/hrilab/connect4_ros/install/connect4_msgs/share/connect4_msgs/environment/path.sh
[9.071s] -- Installing: /home/hrilab/connect4_ros/install/connect4_msgs/share/connect4_msgs/environment/path.dsv
[9.071s] -- Installing: /home/hrilab/connect4_ros/install/connect4_msgs/share/connect4_msgs/local_setup.bash
[9.072s] -- Installing: /home/hrilab/connect4_ros/install/connect4_msgs/share/connect4_msgs/local_setup.sh
[9.072s] -- Installing: /home/hrilab/connect4_ros/install/connect4_msgs/share/connect4_msgs/local_setup.zsh
[9.072s] -- Installing: /home/hrilab/connect4_ros/install/connect4_msgs/share/connect4_msgs/local_setup.dsv
[9.072s] -- Installing: /home/hrilab/connect4_ros/install/connect4_msgs/share/connect4_msgs/package.dsv
[9.072s] -- Installing: /home/hrilab/connect4_ros/install/connect4_msgs/share/ament_index/resource_index/packages/connect4_msgs
[9.073s] -- Installing: /home/hrilab/connect4_ros/install/connect4_msgs/share/connect4_msgs/cmake/export_connect4_msgs__rosidl_generator_cExport.cmake
[9.073s] -- Installing: /home/hrilab/connect4_ros/install/connect4_msgs/share/connect4_msgs/cmake/export_connect4_msgs__rosidl_generator_cExport-noconfig.cmake
[9.073s] -- Installing: /home/hrilab/connect4_ros/install/connect4_msgs/share/connect4_msgs/cmake/export_connect4_msgs__rosidl_typesupport_fastrtps_cExport.cmake
[9.073s] -- Installing: /home/hrilab/connect4_ros/install/connect4_msgs/share/connect4_msgs/cmake/export_connect4_msgs__rosidl_typesupport_fastrtps_cExport-noconfig.cmake
[9.073s] -- Installing: /home/hrilab/connect4_ros/install/connect4_msgs/share/connect4_msgs/cmake/connect4_msgs__rosidl_typesupport_introspection_cExport.cmake
[9.074s] -- Installing: /home/hrilab/connect4_ros/install/connect4_msgs/share/connect4_msgs/cmake/connect4_msgs__rosidl_typesupport_introspection_cExport-noconfig.cmake
[9.074s] -- Installing: /home/hrilab/connect4_ros/install/connect4_msgs/share/connect4_msgs/cmake/connect4_msgs__rosidl_typesupport_cExport.cmake
[9.074s] -- Installing: /home/hrilab/connect4_ros/install/connect4_msgs/share/connect4_msgs/cmake/connect4_msgs__rosidl_typesupport_cExport-noconfig.cmake
[9.074s] -- Installing: /home/hrilab/connect4_ros/install/connect4_msgs/share/connect4_msgs/cmake/export_connect4_msgs__rosidl_generator_cppExport.cmake
[9.074s] -- Installing: /home/hrilab/connect4_ros/install/connect4_msgs/share/connect4_msgs/cmake/export_connect4_msgs__rosidl_typesupport_fastrtps_cppExport.cmake
[9.075s] -- Installing: /home/hrilab/connect4_ros/install/connect4_msgs/share/connect4_msgs/cmake/export_connect4_msgs__rosidl_typesupport_fastrtps_cppExport-noconfig.cmake
[9.075s] -- Installing: /home/hrilab/connect4_ros/install/connect4_msgs/share/connect4_msgs/cmake/connect4_msgs__rosidl_typesupport_introspection_cppExport.cmake
[9.075s] -- Installing: /home/hrilab/connect4_ros/install/connect4_msgs/share/connect4_msgs/cmake/connect4_msgs__rosidl_typesupport_introspection_cppExport-noconfig.cmake
[9.075s] -- Installing: /home/hrilab/connect4_ros/install/connect4_msgs/share/connect4_msgs/cmake/connect4_msgs__rosidl_typesupport_cppExport.cmake
[9.076s] -- Installing: /home/hrilab/connect4_ros/install/connect4_msgs/share/connect4_msgs/cmake/connect4_msgs__rosidl_typesupport_cppExport-noconfig.cmake
[9.076s] -- Installing: /home/hrilab/connect4_ros/install/connect4_msgs/share/connect4_msgs/cmake/export_connect4_msgs__rosidl_generator_pyExport.cmake
[9.076s] -- Installing: /home/hrilab/connect4_ros/install/connect4_msgs/share/connect4_msgs/cmake/export_connect4_msgs__rosidl_generator_pyExport-noconfig.cmake
[9.077s] -- Installing: /home/hrilab/connect4_ros/install/connect4_msgs/share/connect4_msgs/cmake/rosidl_cmake-extras.cmake
[9.077s] -- Installing: /home/hrilab/connect4_ros/install/connect4_msgs/share/connect4_msgs/cmake/ament_cmake_export_dependencies-extras.cmake
[9.077s] -- Installing: /home/hrilab/connect4_ros/install/connect4_msgs/share/connect4_msgs/cmake/ament_cmake_export_include_directories-extras.cmake
[9.077s] -- Installing: /home/hrilab/connect4_ros/install/connect4_msgs/share/connect4_msgs/cmake/ament_cmake_export_libraries-extras.cmake
[9.078s] -- Installing: /home/hrilab/connect4_ros/install/connect4_msgs/share/connect4_msgs/cmake/ament_cmake_export_targets-extras.cmake
[9.078s] -- Installing: /home/hrilab/connect4_ros/install/connect4_msgs/share/connect4_msgs/cmake/rosidl_cmake_export_typesupport_targets-extras.cmake
[9.078s] -- Installing: /home/hrilab/connect4_ros/install/connect4_msgs/share/connect4_msgs/cmake/rosidl_cmake_export_typesupport_libraries-extras.cmake
[9.078s] -- Installing: /home/hrilab/connect4_ros/install/connect4_msgs/share/connect4_msgs/cmake/connect4_msgsConfig.cmake
[9.078s] -- Installing: /home/hrilab/connect4_ros/install/connect4_msgs/share/connect4_msgs/cmake/connect4_msgsConfig-version.cmake
[9.078s] -- Installing: /home/hrilab/connect4_ros/install/connect4_msgs/share/connect4_msgs/package.xml
[9.081s] Invoked command in '/home/hrilab/connect4_ros/build/connect4_msgs' returned '0': CMAKE_PREFIX_PATH=/opt/ros/humble CONDA_PROMPT_MODIFIER=(base) /usr/bin/cmake --install /home/hrilab/connect4_ros/build/connect4_msgs
