[1.959s] Invoking command in '/home/hrilab/connect4_ros/src/connect4_manip': AMENT_PREFIX_PATH=/home/hrilab/connect4_ros/install/connect4_msgs:${AMENT_PREFIX_PATH} CMAKE_PREFIX_PATH=/home/hrilab/connect4_ros/install/connect4_msgs CONDA_PROMPT_MODIFIER=(base) LD_LIBRARY_PATH=/home/hrilab/connect4_ros/install/connect4_msgs/lib:${LD_LIBRARY_PATH} PYTHONPATH=/home/hrilab/connect4_ros/build/connect4_manip/prefix_override:/usr/lib/python3/dist-packages/colcon_core/task/python/colcon_distutils_commands:/home/hrilab/connect4_ros/install/connect4_manip/lib/python3.10/site-packages:/home/hrilab/connect4_ros/install/connect4_msgs/local/lib/python3.10/dist-packages:${PYTHONPATH} /usr/bin/python3 -W ignore:setup.py install is deprecated -W ignore:easy_install command is deprecated setup.py egg_info --egg-base ../../build/connect4_manip build --build-base /home/hrilab/connect4_ros/build/connect4_manip/build install --record /home/hrilab/connect4_ros/build/connect4_manip/install.log --single-version-externally-managed install_data
[2.333s] running egg_info
[2.357s] creating ../../build/connect4_manip/connect4_manip.egg-info
[2.357s] writing ../../build/connect4_manip/connect4_manip.egg-info/PKG-INFO
[2.357s] writing dependency_links to ../../build/connect4_manip/connect4_manip.egg-info/dependency_links.txt
[2.358s] writing entry points to ../../build/connect4_manip/connect4_manip.egg-info/entry_points.txt
[2.358s] writing requirements to ../../build/connect4_manip/connect4_manip.egg-info/requires.txt
[2.358s] writing top-level names to ../../build/connect4_manip/connect4_manip.egg-info/top_level.txt
[2.358s] writing manifest file '../../build/connect4_manip/connect4_manip.egg-info/SOURCES.txt'
[2.410s] reading manifest file '../../build/connect4_manip/connect4_manip.egg-info/SOURCES.txt'
[2.411s] writing manifest file '../../build/connect4_manip/connect4_manip.egg-info/SOURCES.txt'
[2.411s] running build
[2.411s] running build_py
[2.412s] creating /home/hrilab/connect4_ros/build/connect4_manip/build/lib/connect4_manip
[2.412s] copying connect4_manip/__init__.py -> /home/hrilab/connect4_ros/build/connect4_manip/build/lib/connect4_manip
[2.412s] copying connect4_manip/arm_manip_node.py -> /home/hrilab/connect4_ros/build/connect4_manip/build/lib/connect4_manip
[2.412s] copying connect4_manip/py.typed -> /home/hrilab/connect4_ros/build/connect4_manip/build/lib/connect4_manip
[2.413s] running install
[2.418s] running install_lib
[2.445s] creating /home/hrilab/connect4_ros/install/connect4_manip/lib/python3.10/site-packages/connect4_manip
[2.445s] copying /home/hrilab/connect4_ros/build/connect4_manip/build/lib/connect4_manip/__init__.py -> /home/hrilab/connect4_ros/install/connect4_manip/lib/python3.10/site-packages/connect4_manip
[2.446s] copying /home/hrilab/connect4_ros/build/connect4_manip/build/lib/connect4_manip/arm_manip_node.py -> /home/hrilab/connect4_ros/install/connect4_manip/lib/python3.10/site-packages/connect4_manip
[2.446s] copying /home/hrilab/connect4_ros/build/connect4_manip/build/lib/connect4_manip/py.typed -> /home/hrilab/connect4_ros/install/connect4_manip/lib/python3.10/site-packages/connect4_manip
[2.446s] byte-compiling /home/hrilab/connect4_ros/install/connect4_manip/lib/python3.10/site-packages/connect4_manip/__init__.py to __init__.cpython-310.pyc
[2.447s] byte-compiling /home/hrilab/connect4_ros/install/connect4_manip/lib/python3.10/site-packages/connect4_manip/arm_manip_node.py to arm_manip_node.cpython-310.pyc
[2.449s] running install_data
[2.449s] creating /home/hrilab/connect4_ros/install/connect4_manip/share/ament_index/resource_index/packages
[2.449s] copying resource/connect4_manip -> /home/hrilab/connect4_ros/install/connect4_manip/share/ament_index/resource_index/packages
[2.450s] copying package.xml -> /home/hrilab/connect4_ros/install/connect4_manip/share/connect4_manip
[2.450s] running install_egg_info
[2.476s] Copying ../../build/connect4_manip/connect4_manip.egg-info to /home/hrilab/connect4_ros/install/connect4_manip/lib/python3.10/site-packages/connect4_manip-0.0.0-py3.10.egg-info
[2.477s] running install_scripts
[2.688s] Installing arm_manip_node script to /home/hrilab/connect4_ros/install/connect4_manip/lib/connect4_manip
[2.688s] writing list of installed files to '/home/hrilab/connect4_ros/build/connect4_manip/install.log'
[2.706s] Invoked command in '/home/hrilab/connect4_ros/src/connect4_manip' returned '0': AMENT_PREFIX_PATH=/home/hrilab/connect4_ros/install/connect4_msgs:${AMENT_PREFIX_PATH} CMAKE_PREFIX_PATH=/home/hrilab/connect4_ros/install/connect4_msgs CONDA_PROMPT_MODIFIER=(base) LD_LIBRARY_PATH=/home/hrilab/connect4_ros/install/connect4_msgs/lib:${LD_LIBRARY_PATH} PYTHONPATH=/home/hrilab/connect4_ros/build/connect4_manip/prefix_override:/usr/lib/python3/dist-packages/colcon_core/task/python/colcon_distutils_commands:/home/hrilab/connect4_ros/install/connect4_manip/lib/python3.10/site-packages:/home/hrilab/connect4_ros/install/connect4_msgs/local/lib/python3.10/dist-packages:${PYTHONPATH} /usr/bin/python3 -W ignore:setup.py install is deprecated -W ignore:easy_install command is deprecated setup.py egg_info --egg-base ../../build/connect4_manip build --build-base /home/hrilab/connect4_ros/build/connect4_manip/build install --record /home/hrilab/connect4_ros/build/connect4_manip/install.log --single-version-externally-managed install_data
