running egg_info
creating ../../build/connect4_launch/connect4_launch.egg-info
writing ../../build/connect4_launch/connect4_launch.egg-info/PKG-INFO
writing dependency_links to ../../build/connect4_launch/connect4_launch.egg-info/dependency_links.txt
writing requirements to ../../build/connect4_launch/connect4_launch.egg-info/requires.txt
writing top-level names to ../../build/connect4_launch/connect4_launch.egg-info/top_level.txt
writing manifest file '../../build/connect4_launch/connect4_launch.egg-info/SOURCES.txt'
reading manifest file '../../build/connect4_launch/connect4_launch.egg-info/SOURCES.txt'
writing manifest file '../../build/connect4_launch/connect4_launch.egg-info/SOURCES.txt'
running build
running build_py
creating /home/hrilab/connect4_ros/build/connect4_launch/build/lib/connect4_launch
copying connect4_launch/__init__.py -> /home/hrilab/connect4_ros/build/connect4_launch/build/lib/connect4_launch
copying connect4_launch/py.typed -> /home/hrilab/connect4_ros/build/connect4_launch/build/lib/connect4_launch
running install
running install_lib
creating /home/hrilab/connect4_ros/install/connect4_launch/lib/python3.10/site-packages/connect4_launch
copying /home/hrilab/connect4_ros/build/connect4_launch/build/lib/connect4_launch/__init__.py -> /home/hrilab/connect4_ros/install/connect4_launch/lib/python3.10/site-packages/connect4_launch
copying /home/hrilab/connect4_ros/build/connect4_launch/build/lib/connect4_launch/py.typed -> /home/hrilab/connect4_ros/install/connect4_launch/lib/python3.10/site-packages/connect4_launch
byte-compiling /home/hrilab/connect4_ros/install/connect4_launch/lib/python3.10/site-packages/connect4_launch/__init__.py to __init__.cpython-310.pyc
running install_data
creating /home/hrilab/connect4_ros/install/connect4_launch/share/ament_index/resource_index/packages
copying resource/connect4_launch -> /home/hrilab/connect4_ros/install/connect4_launch/share/ament_index/resource_index/packages
copying package.xml -> /home/hrilab/connect4_ros/install/connect4_launch/share/connect4_launch
creating /home/hrilab/connect4_ros/install/connect4_launch/share/connect4_launch/launch
copying launch/connect4_test.launch.py -> /home/hrilab/connect4_ros/install/connect4_launch/share/connect4_launch/launch
copying launch/connect4_launch.launch.py -> /home/hrilab/connect4_ros/install/connect4_launch/share/connect4_launch/launch
running install_egg_info
Copying ../../build/connect4_launch/connect4_launch.egg-info to /home/hrilab/connect4_ros/install/connect4_launch/lib/python3.10/site-packages/connect4_launch-0.0.0-py3.10.egg-info
running install_scripts
writing list of installed files to '/home/hrilab/connect4_ros/build/connect4_launch/install.log'
