[0.997s] Invoking command in '/home/hrilab/connect4_ros/src/connect4_launch': AMENT_PREFIX_PATH=/home/hrilab/connect4_ros/install/connect4_turtlebotnav:/home/hrilab/connect4_ros/install/connect4_perception:/home/hrilab/connect4_ros/install/connect4_manip:/home/hrilab/connect4_ros/install/connect4_game:/home/hrilab/connect4_ros/install/connect4_msgs:${AMENT_PREFIX_PATH} CMAKE_PREFIX_PATH=/home/hrilab/connect4_ros/install/connect4_msgs CONDA_PROMPT_MODIFIER=(base) LD_LIBRARY_PATH=/home/hrilab/connect4_ros/install/connect4_msgs/lib:${LD_LIBRARY_PATH} PYTHONPATH=/home/hrilab/connect4_ros/build/connect4_launch/prefix_override:/usr/lib/python3/dist-packages/colcon_core/task/python/colcon_distutils_commands:/home/hrilab/connect4_ros/install/connect4_launch/lib/python3.10/site-packages:/home/hrilab/connect4_ros/install/connect4_turtlebotnav/lib/python3.10/site-packages:/home/hrilab/connect4_ros/install/connect4_perception/lib/python3.10/site-packages:/home/hrilab/connect4_ros/install/connect4_manip/lib/python3.10/site-packages:/home/hrilab/connect4_ros/install/connect4_game/lib/python3.10/site-packages:/home/hrilab/connect4_ros/install/connect4_msgs/local/lib/python3.10/dist-packages:${PYTHONPATH} /usr/bin/python3 -W ignore:setup.py install is deprecated -W ignore:easy_install command is deprecated setup.py egg_info --egg-base ../../build/connect4_launch build --build-base /home/hrilab/connect4_ros/build/connect4_launch/build install --record /home/hrilab/connect4_ros/build/connect4_launch/install.log --single-version-externally-managed install_data
[1.340s] running egg_info
[1.364s] creating ../../build/connect4_launch/connect4_launch.egg-info
[1.364s] writing ../../build/connect4_launch/connect4_launch.egg-info/PKG-INFO
[1.364s] writing dependency_links to ../../build/connect4_launch/connect4_launch.egg-info/dependency_links.txt
[1.365s] writing requirements to ../../build/connect4_launch/connect4_launch.egg-info/requires.txt
[1.365s] writing top-level names to ../../build/connect4_launch/connect4_launch.egg-info/top_level.txt
[1.365s] writing manifest file '../../build/connect4_launch/connect4_launch.egg-info/SOURCES.txt'
[1.417s] reading manifest file '../../build/connect4_launch/connect4_launch.egg-info/SOURCES.txt'
[1.418s] writing manifest file '../../build/connect4_launch/connect4_launch.egg-info/SOURCES.txt'
[1.419s] running build
[1.419s] running build_py
[1.419s] creating /home/hrilab/connect4_ros/build/connect4_launch/build/lib/connect4_launch
[1.419s] copying connect4_launch/__init__.py -> /home/hrilab/connect4_ros/build/connect4_launch/build/lib/connect4_launch
[1.420s] copying connect4_launch/py.typed -> /home/hrilab/connect4_ros/build/connect4_launch/build/lib/connect4_launch
[1.420s] running install
[1.424s] running install_lib
[1.450s] creating /home/hrilab/connect4_ros/install/connect4_launch/lib/python3.10/site-packages/connect4_launch
[1.450s] copying /home/hrilab/connect4_ros/build/connect4_launch/build/lib/connect4_launch/__init__.py -> /home/hrilab/connect4_ros/install/connect4_launch/lib/python3.10/site-packages/connect4_launch
[1.450s] copying /home/hrilab/connect4_ros/build/connect4_launch/build/lib/connect4_launch/py.typed -> /home/hrilab/connect4_ros/install/connect4_launch/lib/python3.10/site-packages/connect4_launch
[1.451s] byte-compiling /home/hrilab/connect4_ros/install/connect4_launch/lib/python3.10/site-packages/connect4_launch/__init__.py to __init__.cpython-310.pyc
[1.452s] running install_data
[1.452s] creating /home/hrilab/connect4_ros/install/connect4_launch/share/ament_index/resource_index/packages
[1.452s] copying resource/connect4_launch -> /home/hrilab/connect4_ros/install/connect4_launch/share/ament_index/resource_index/packages
[1.453s] copying package.xml -> /home/hrilab/connect4_ros/install/connect4_launch/share/connect4_launch
[1.453s] creating /home/hrilab/connect4_ros/install/connect4_launch/share/connect4_launch/launch
[1.453s] copying launch/connect4_test.launch.py -> /home/hrilab/connect4_ros/install/connect4_launch/share/connect4_launch/launch
[1.454s] copying launch/connect4_launch.launch.py -> /home/hrilab/connect4_ros/install/connect4_launch/share/connect4_launch/launch
[1.454s] running install_egg_info
[1.480s] Copying ../../build/connect4_launch/connect4_launch.egg-info to /home/hrilab/connect4_ros/install/connect4_launch/lib/python3.10/site-packages/connect4_launch-0.0.0-py3.10.egg-info
[1.481s] running install_scripts
[1.678s] writing list of installed files to '/home/hrilab/connect4_ros/build/connect4_launch/install.log'
[1.707s] Invoked command in '/home/hrilab/connect4_ros/src/connect4_launch' returned '0': AMENT_PREFIX_PATH=/home/hrilab/connect4_ros/install/connect4_turtlebotnav:/home/hrilab/connect4_ros/install/connect4_perception:/home/hrilab/connect4_ros/install/connect4_manip:/home/hrilab/connect4_ros/install/connect4_game:/home/hrilab/connect4_ros/install/connect4_msgs:${AMENT_PREFIX_PATH} CMAKE_PREFIX_PATH=/home/hrilab/connect4_ros/install/connect4_msgs CONDA_PROMPT_MODIFIER=(base) LD_LIBRARY_PATH=/home/hrilab/connect4_ros/install/connect4_msgs/lib:${LD_LIBRARY_PATH} PYTHONPATH=/home/hrilab/connect4_ros/build/connect4_launch/prefix_override:/usr/lib/python3/dist-packages/colcon_core/task/python/colcon_distutils_commands:/home/hrilab/connect4_ros/install/connect4_launch/lib/python3.10/site-packages:/home/hrilab/connect4_ros/install/connect4_turtlebotnav/lib/python3.10/site-packages:/home/hrilab/connect4_ros/install/connect4_perception/lib/python3.10/site-packages:/home/hrilab/connect4_ros/install/connect4_manip/lib/python3.10/site-packages:/home/hrilab/connect4_ros/install/connect4_game/lib/python3.10/site-packages:/home/hrilab/connect4_ros/install/connect4_msgs/local/lib/python3.10/dist-packages:${PYTHONPATH} /usr/bin/python3 -W ignore:setup.py install is deprecated -W ignore:easy_install command is deprecated setup.py egg_info --egg-base ../../build/connect4_launch build --build-base /home/hrilab/connect4_ros/build/connect4_launch/build install --record /home/hrilab/connect4_ros/build/connect4_launch/install.log --single-version-externally-managed install_data
