[2.186s] Invoking command in '/home/danie/connect4_ros/src/connect4_turtlebotnav': PYTHONPATH=/home/danie/connect4_ros/build/connect4_turtlebotnav/prefix_override:/usr/lib/python3/dist-packages/colcon_core/task/python/colcon_distutils_commands:/home/danie/connect4_ros/install/connect4_turtlebotnav/lib/python3.12/site-packages:/home/danie/connect4_ros/install/connect4_msgs/lib/python3.12/site-packages:/home/danie/connect4_ros/install/connect4_turtlebotnav/lib/python3.12/site-packages:/home/danie/connect4_ros/install/connect4_perception/lib/python3.12/site-packages:/home/danie/connect4_ros/install/connect4_manip/lib/python3.12/site-packages:/home/danie/connect4_ros/install/connect4_game/lib/python3.12/site-packages:/home/danie/ros2_ws/install/track_mean/lib/python3.12/site-packages:/home/danie/ros2_ws/install/py_pubsub/lib/python3.12/site-packages:/home/danie/ros2_ws/install/custom_action_interfaces/lib/python3.12/site-packages:/home/danie/ros2_ws/install/compute_stats/lib/python3.12/site-packages:/home/danie/ros2_ws/install/action_hw/lib/python3.12/site-packages:/opt/ros/kilted/lib/python3.12/site-packages:/opt/ros/kilted/lib/python3.12/site-packages /usr/bin/python3 -W ignore:setup.py install is deprecated -W ignore:easy_install command is deprecated setup.py egg_info --egg-base ../../build/connect4_turtlebotnav build --build-base /home/danie/connect4_ros/build/connect4_turtlebotnav/build install --record /home/danie/connect4_ros/build/connect4_turtlebotnav/install.log --single-version-externally-managed install_data
[2.506s] running egg_info
[2.528s] writing ../../build/connect4_turtlebotnav/connect4_turtlebotnav.egg-info/PKG-INFO
[2.528s] writing dependency_links to ../../build/connect4_turtlebotnav/connect4_turtlebotnav.egg-info/dependency_links.txt
[2.529s] writing entry points to ../../build/connect4_turtlebotnav/connect4_turtlebotnav.egg-info/entry_points.txt
[2.529s] writing requirements to ../../build/connect4_turtlebotnav/connect4_turtlebotnav.egg-info/requires.txt
[2.529s] writing top-level names to ../../build/connect4_turtlebotnav/connect4_turtlebotnav.egg-info/top_level.txt
[2.597s] reading manifest file '../../build/connect4_turtlebotnav/connect4_turtlebotnav.egg-info/SOURCES.txt'
[2.599s] writing manifest file '../../build/connect4_turtlebotnav/connect4_turtlebotnav.egg-info/SOURCES.txt'
[2.599s] running build
[2.599s] running build_py
[2.599s] running install
[2.604s] running install_lib
[2.631s] running install_data
[2.631s] running install_egg_info
[2.663s] removing '/home/danie/connect4_ros/install/connect4_turtlebotnav/lib/python3.12/site-packages/connect4_turtlebotnav-0.0.0-py3.12.egg-info' (and everything under it)
[2.663s] Copying ../../build/connect4_turtlebotnav/connect4_turtlebotnav.egg-info to /home/danie/connect4_ros/install/connect4_turtlebotnav/lib/python3.12/site-packages/connect4_turtlebotnav-0.0.0-py3.12.egg-info
[2.664s] running install_scripts
[2.824s] Installing block_delivery_node script to /home/danie/connect4_ros/install/connect4_turtlebotnav/lib/connect4_turtlebotnav
[2.824s] writing list of installed files to '/home/danie/connect4_ros/build/connect4_turtlebotnav/install.log'
[2.855s] Invoked command in '/home/danie/connect4_ros/src/connect4_turtlebotnav' returned '0': PYTHONPATH=/home/danie/connect4_ros/build/connect4_turtlebotnav/prefix_override:/usr/lib/python3/dist-packages/colcon_core/task/python/colcon_distutils_commands:/home/danie/connect4_ros/install/connect4_turtlebotnav/lib/python3.12/site-packages:/home/danie/connect4_ros/install/connect4_msgs/lib/python3.12/site-packages:/home/danie/connect4_ros/install/connect4_turtlebotnav/lib/python3.12/site-packages:/home/danie/connect4_ros/install/connect4_perception/lib/python3.12/site-packages:/home/danie/connect4_ros/install/connect4_manip/lib/python3.12/site-packages:/home/danie/connect4_ros/install/connect4_game/lib/python3.12/site-packages:/home/danie/ros2_ws/install/track_mean/lib/python3.12/site-packages:/home/danie/ros2_ws/install/py_pubsub/lib/python3.12/site-packages:/home/danie/ros2_ws/install/custom_action_interfaces/lib/python3.12/site-packages:/home/danie/ros2_ws/install/compute_stats/lib/python3.12/site-packages:/home/danie/ros2_ws/install/action_hw/lib/python3.12/site-packages:/opt/ros/kilted/lib/python3.12/site-packages:/opt/ros/kilted/lib/python3.12/site-packages /usr/bin/python3 -W ignore:setup.py install is deprecated -W ignore:easy_install command is deprecated setup.py egg_info --egg-base ../../build/connect4_turtlebotnav build --build-base /home/danie/connect4_ros/build/connect4_turtlebotnav/build install --record /home/danie/connect4_ros/build/connect4_turtlebotnav/install.log --single-version-externally-managed install_data
