running egg_info
writing ../../build/connect4_perception/connect4_perception.egg-info/PKG-INFO
writing dependency_links to ../../build/connect4_perception/connect4_perception.egg-info/dependency_links.txt
writing entry points to ../../build/connect4_perception/connect4_perception.egg-info/entry_points.txt
writing requirements to ../../build/connect4_perception/connect4_perception.egg-info/requires.txt
writing top-level names to ../../build/connect4_perception/connect4_perception.egg-info/top_level.txt
reading manifest file '../../build/connect4_perception/connect4_perception.egg-info/SOURCES.txt'
writing manifest file '../../build/connect4_perception/connect4_perception.egg-info/SOURCES.txt'
running build
running build_py
copying connect4_perception/board_perception_node.py -> /home/danie/connect4_ros/build/connect4_perception/build/lib/connect4_perception
running install
running install_lib
copying /home/danie/connect4_ros/build/connect4_perception/build/lib/connect4_perception/board_perception_node.py -> /home/danie/connect4_ros/install/connect4_perception/lib/python3.12/site-packages/connect4_perception
byte-compiling /home/danie/connect4_ros/install/connect4_perception/lib/python3.12/site-packages/connect4_perception/board_perception_node.py to board_perception_node.cpython-312.pyc
running install_data
running install_egg_info
removing '/home/danie/connect4_ros/install/connect4_perception/lib/python3.12/site-packages/connect4_perception-0.0.0-py3.12.egg-info' (and everything under it)
Copying ../../build/connect4_perception/connect4_perception.egg-info to /home/danie/connect4_ros/install/connect4_perception/lib/python3.12/site-packages/connect4_perception-0.0.0-py3.12.egg-info
running install_scripts
Installing board_perception_node script to /home/danie/connect4_ros/install/connect4_perception/lib/connect4_perception
writing list of installed files to '/home/danie/connect4_ros/build/connect4_perception/install.log'
