[2.197s] Invoking command in '/home/danie/connect4_ros/src/connect4_perception': PYTHONPATH=/home/danie/connect4_ros/build/connect4_perception/prefix_override:/usr/lib/python3/dist-packages/colcon_core/task/python/colcon_distutils_commands:/home/danie/connect4_ros/install/connect4_perception/lib/python3.12/site-packages:/home/danie/connect4_ros/install/connect4_msgs/lib/python3.12/site-packages:/home/danie/connect4_ros/install/connect4_turtlebotnav/lib/python3.12/site-packages:/home/danie/connect4_ros/install/connect4_perception/lib/python3.12/site-packages:/home/danie/connect4_ros/install/connect4_manip/lib/python3.12/site-packages:/home/danie/connect4_ros/install/connect4_game/lib/python3.12/site-packages:/home/danie/ros2_ws/install/track_mean/lib/python3.12/site-packages:/home/danie/ros2_ws/install/py_pubsub/lib/python3.12/site-packages:/home/danie/ros2_ws/install/custom_action_interfaces/lib/python3.12/site-packages:/home/danie/ros2_ws/install/compute_stats/lib/python3.12/site-packages:/home/danie/ros2_ws/install/action_hw/lib/python3.12/site-packages:/opt/ros/kilted/lib/python3.12/site-packages:/opt/ros/kilted/lib/python3.12/site-packages /usr/bin/python3 -W ignore:setup.py install is deprecated -W ignore:easy_install command is deprecated setup.py egg_info --egg-base ../../build/connect4_perception build --build-base /home/danie/connect4_ros/build/connect4_perception/build install --record /home/danie/connect4_ros/build/connect4_perception/install.log --single-version-externally-managed install_data
[2.541s] running egg_info
[2.579s] writing ../../build/connect4_perception/connect4_perception.egg-info/PKG-INFO
[2.579s] writing dependency_links to ../../build/connect4_perception/connect4_perception.egg-info/dependency_links.txt
[2.579s] writing entry points to ../../build/connect4_perception/connect4_perception.egg-info/entry_points.txt
[2.579s] writing requirements to ../../build/connect4_perception/connect4_perception.egg-info/requires.txt
[2.579s] writing top-level names to ../../build/connect4_perception/connect4_perception.egg-info/top_level.txt
[2.633s] reading manifest file '../../build/connect4_perception/connect4_perception.egg-info/SOURCES.txt'
[2.634s] writing manifest file '../../build/connect4_perception/connect4_perception.egg-info/SOURCES.txt'
[2.634s] running build
[2.634s] running build_py
[2.634s] copying connect4_perception/board_perception_node.py -> /home/danie/connect4_ros/build/connect4_perception/build/lib/connect4_perception
[2.635s] running install
[2.642s] running install_lib
[2.667s] copying /home/danie/connect4_ros/build/connect4_perception/build/lib/connect4_perception/board_perception_node.py -> /home/danie/connect4_ros/install/connect4_perception/lib/python3.12/site-packages/connect4_perception
[2.667s] byte-compiling /home/danie/connect4_ros/install/connect4_perception/lib/python3.12/site-packages/connect4_perception/board_perception_node.py to board_perception_node.cpython-312.pyc
[2.668s] running install_data
[2.668s] running install_egg_info
[2.692s] removing '/home/danie/connect4_ros/install/connect4_perception/lib/python3.12/site-packages/connect4_perception-0.0.0-py3.12.egg-info' (and everything under it)
[2.692s] Copying ../../build/connect4_perception/connect4_perception.egg-info to /home/danie/connect4_ros/install/connect4_perception/lib/python3.12/site-packages/connect4_perception-0.0.0-py3.12.egg-info
[2.694s] running install_scripts
[2.848s] Installing board_perception_node script to /home/danie/connect4_ros/install/connect4_perception/lib/connect4_perception
[2.849s] writing list of installed files to '/home/danie/connect4_ros/build/connect4_perception/install.log'
[2.882s] Invoked command in '/home/danie/connect4_ros/src/connect4_perception' returned '0': PYTHONPATH=/home/danie/connect4_ros/build/connect4_perception/prefix_override:/usr/lib/python3/dist-packages/colcon_core/task/python/colcon_distutils_commands:/home/danie/connect4_ros/install/connect4_perception/lib/python3.12/site-packages:/home/danie/connect4_ros/install/connect4_msgs/lib/python3.12/site-packages:/home/danie/connect4_ros/install/connect4_turtlebotnav/lib/python3.12/site-packages:/home/danie/connect4_ros/install/connect4_perception/lib/python3.12/site-packages:/home/danie/connect4_ros/install/connect4_manip/lib/python3.12/site-packages:/home/danie/connect4_ros/install/connect4_game/lib/python3.12/site-packages:/home/danie/ros2_ws/install/track_mean/lib/python3.12/site-packages:/home/danie/ros2_ws/install/py_pubsub/lib/python3.12/site-packages:/home/danie/ros2_ws/install/custom_action_interfaces/lib/python3.12/site-packages:/home/danie/ros2_ws/install/compute_stats/lib/python3.12/site-packages:/home/danie/ros2_ws/install/action_hw/lib/python3.12/site-packages:/opt/ros/kilted/lib/python3.12/site-packages:/opt/ros/kilted/lib/python3.12/site-packages /usr/bin/python3 -W ignore:setup.py install is deprecated -W ignore:easy_install command is deprecated setup.py egg_info --egg-base ../../build/connect4_perception build --build-base /home/danie/connect4_ros/build/connect4_perception/build install --record /home/danie/connect4_ros/build/connect4_perception/install.log --single-version-externally-managed install_data
